2019-06-21 07:36:49,094 ----------------------------------------------------------------------------------------------------
2019-06-21 07:36:49,095 Evaluation method: MICRO_F1_SCORE
2019-06-21 07:36:49,213 ----------------------------------------------------------------------------------------------------
2019-06-21 07:36:50,438 epoch 1 - iter 0/143 - loss 0.41280234
2019-06-21 07:37:02,728 epoch 1 - iter 14/143 - loss 0.73326507
2019-06-21 07:37:14,638 epoch 1 - iter 28/143 - loss 0.73645762
2019-06-21 07:37:29,628 epoch 1 - iter 42/143 - loss 0.76540984
2019-06-21 07:37:43,574 epoch 1 - iter 56/143 - loss 0.76393898
2019-06-21 07:37:56,198 epoch 1 - iter 70/143 - loss 0.76160703
2019-06-21 07:38:07,883 epoch 1 - iter 84/143 - loss 0.75998019
2019-06-21 07:38:19,356 epoch 1 - iter 98/143 - loss 0.75793673
2019-06-21 07:38:33,689 epoch 1 - iter 112/143 - loss 0.76211651
2019-06-21 07:38:45,380 epoch 1 - iter 126/143 - loss 0.77083215
2019-06-21 07:38:56,505 epoch 1 - iter 140/143 - loss 0.76869154
2019-06-21 07:38:57,849 ----------------------------------------------------------------------------------------------------
2019-06-21 07:38:57,849 EPOCH 1 done: loss 0.7649 - lr 0.1000 - bad epochs 0
2019-06-21 07:39:23,109 TEST : loss 0.9198189377784729 - score 0.8806
2019-06-21 07:39:25,952 ----------------------------------------------------------------------------------------------------
2019-06-21 07:39:27,375 epoch 2 - iter 0/143 - loss 1.41443920
2019-06-21 07:39:40,406 epoch 2 - iter 14/143 - loss 0.88992070
2019-06-21 07:39:53,214 epoch 2 - iter 28/143 - loss 0.77345664
2019-06-21 07:40:07,463 epoch 2 - iter 42/143 - loss 0.73051008
2019-06-21 07:40:19,553 epoch 2 - iter 56/143 - loss 0.73107876
2019-06-21 07:40:31,826 epoch 2 - iter 70/143 - loss 0.73950799
2019-06-21 07:40:43,942 epoch 2 - iter 84/143 - loss 0.76095846
2019-06-21 07:40:55,312 epoch 2 - iter 98/143 - loss 0.76372627
2019-06-21 07:41:07,806 epoch 2 - iter 112/143 - loss 0.74479604
2019-06-21 07:41:21,742 epoch 2 - iter 126/143 - loss 0.73417753
2019-06-21 07:41:33,700 epoch 2 - iter 140/143 - loss 0.74607239
2019-06-21 07:41:34,931 ----------------------------------------------------------------------------------------------------
2019-06-21 07:41:34,932 EPOCH 2 done: loss 0.7462 - lr 0.1000 - bad epochs 0
2019-06-21 07:42:00,073 TEST : loss 1.0151562690734863 - score 0.8674
2019-06-21 07:42:02,983 ----------------------------------------------------------------------------------------------------
2019-06-21 07:42:04,352 epoch 3 - iter 0/143 - loss 0.87799501
2019-06-21 07:42:17,303 epoch 3 - iter 14/143 - loss 0.74923344
2019-06-21 07:42:28,936 epoch 3 - iter 28/143 - loss 0.74732456
2019-06-21 07:42:40,882 epoch 3 - iter 42/143 - loss 0.77063637
2019-06-21 07:42:57,295 epoch 3 - iter 56/143 - loss 0.76357588
2019-06-21 07:43:10,536 epoch 3 - iter 70/143 - loss 0.79591443
2019-06-21 07:43:22,816 epoch 3 - iter 84/143 - loss 0.80417847
2019-06-21 07:43:34,615 epoch 3 - iter 98/143 - loss 0.79486691
2019-06-21 07:43:46,747 epoch 3 - iter 112/143 - loss 0.79586081
2019-06-21 07:44:00,846 epoch 3 - iter 126/143 - loss 0.80302560
2019-06-21 07:44:12,884 epoch 3 - iter 140/143 - loss 0.80376503
2019-06-21 07:44:14,014 ----------------------------------------------------------------------------------------------------
2019-06-21 07:44:14,017 EPOCH 3 done: loss 0.8016 - lr 0.1000 - bad epochs 0
2019-06-21 07:44:39,331 TEST : loss 0.9559909105300903 - score 0.8694
2019-06-21 07:44:42,236 ----------------------------------------------------------------------------------------------------
2019-06-21 07:44:43,566 epoch 4 - iter 0/143 - loss 0.58765590
2019-06-21 07:44:56,442 epoch 4 - iter 14/143 - loss 0.83112542
2019-06-21 07:45:08,667 epoch 4 - iter 28/143 - loss 0.83023910
2019-06-21 07:45:21,278 epoch 4 - iter 42/143 - loss 0.85952043
2019-06-21 07:45:35,251 epoch 4 - iter 56/143 - loss 0.80894833
2019-06-21 07:45:47,370 epoch 4 - iter 70/143 - loss 0.82144264
2019-06-21 07:45:59,453 epoch 4 - iter 84/143 - loss 0.80224079
2019-06-21 07:46:11,275 epoch 4 - iter 98/143 - loss 0.79938930
2019-06-21 07:46:23,234 epoch 4 - iter 112/143 - loss 0.79926494
2019-06-21 07:46:37,247 epoch 4 - iter 126/143 - loss 0.79306193
2019-06-21 07:46:51,076 epoch 4 - iter 140/143 - loss 0.77927697
2019-06-21 07:46:52,469 ----------------------------------------------------------------------------------------------------
2019-06-21 07:46:52,469 EPOCH 4 done: loss 0.7760 - lr 0.1000 - bad epochs 1
2019-06-21 07:47:18,173 TEST : loss 0.9698539972305298 - score 0.8765
2019-06-21 07:47:21,111 ----------------------------------------------------------------------------------------------------
2019-06-21 07:47:22,801 epoch 5 - iter 0/143 - loss 0.53560436
2019-06-21 07:47:34,870 epoch 5 - iter 14/143 - loss 0.66414718
2019-06-21 07:47:47,432 epoch 5 - iter 28/143 - loss 0.69080455
2019-06-21 07:47:59,064 epoch 5 - iter 42/143 - loss 0.69015742
2019-06-21 07:48:11,088 epoch 5 - iter 56/143 - loss 0.67598594
2019-06-21 07:48:25,304 epoch 5 - iter 70/143 - loss 0.69128119
2019-06-21 07:48:37,222 epoch 5 - iter 84/143 - loss 0.73230873
2019-06-21 07:48:49,316 epoch 5 - iter 98/143 - loss 0.75140624
2019-06-21 07:49:00,673 epoch 5 - iter 112/143 - loss 0.73740726
2019-06-21 07:49:13,155 epoch 5 - iter 126/143 - loss 0.75413053
2019-06-21 07:49:27,608 epoch 5 - iter 140/143 - loss 0.76514124
2019-06-21 07:49:28,905 ----------------------------------------------------------------------------------------------------
2019-06-21 07:49:28,906 EPOCH 5 done: loss 0.7634 - lr 0.1000 - bad epochs 2
2019-06-21 07:49:53,995 TEST : loss 1.015775203704834 - score 0.8743
2019-06-21 07:49:56,905 ----------------------------------------------------------------------------------------------------
2019-06-21 07:49:58,423 epoch 6 - iter 0/143 - loss 0.34406400
2019-06-21 07:50:10,538 epoch 6 - iter 14/143 - loss 0.66165349
2019-06-21 07:50:24,921 epoch 6 - iter 28/143 - loss 0.71289224
2019-06-21 07:50:37,111 epoch 6 - iter 42/143 - loss 0.71737094
2019-06-21 07:50:49,139 epoch 6 - iter 56/143 - loss 0.71393809
2019-06-21 07:51:04,233 epoch 6 - iter 70/143 - loss 0.73157798
2019-06-21 07:51:15,978 epoch 6 - iter 84/143 - loss 0.70134604
2019-06-21 07:51:28,345 epoch 6 - iter 98/143 - loss 0.68862741
2019-06-21 07:51:40,250 epoch 6 - iter 112/143 - loss 0.70344472
2019-06-21 07:51:52,042 epoch 6 - iter 126/143 - loss 0.70811783
2019-06-21 07:52:04,080 epoch 6 - iter 140/143 - loss 0.69407605
2019-06-21 07:52:05,463 ----------------------------------------------------------------------------------------------------
2019-06-21 07:52:05,464 EPOCH 6 done: loss 0.6950 - lr 0.1000 - bad epochs 3
2019-06-21 07:52:32,629 TEST : loss 1.0023517608642578 - score 0.8673
2019-06-21 07:52:35,537 ----------------------------------------------------------------------------------------------------
2019-06-21 07:52:37,219 epoch 7 - iter 0/143 - loss 1.43130541
2019-06-21 07:52:50,992 epoch 7 - iter 14/143 - loss 0.75654047
2019-06-21 07:53:03,049 epoch 7 - iter 28/143 - loss 0.76158481
2019-06-21 07:53:16,002 epoch 7 - iter 42/143 - loss 0.72847018
2019-06-21 07:53:28,812 epoch 7 - iter 56/143 - loss 0.70318563
2019-06-21 07:53:40,531 epoch 7 - iter 70/143 - loss 0.71324251
2019-06-21 07:53:54,762 epoch 7 - iter 84/143 - loss 0.70690949
2019-06-21 07:54:06,913 epoch 7 - iter 98/143 - loss 0.70307602
2019-06-21 07:54:19,918 epoch 7 - iter 112/143 - loss 0.70231802
2019-06-21 07:54:31,364 epoch 7 - iter 126/143 - loss 0.70548386
2019-06-21 07:54:44,055 epoch 7 - iter 140/143 - loss 0.70927666
2019-06-21 07:54:45,271 ----------------------------------------------------------------------------------------------------
2019-06-21 07:54:45,271 EPOCH 7 done: loss 0.7066 - lr 0.1000 - bad epochs 0
2019-06-21 07:55:12,486 TEST : loss 1.0163817405700684 - score 0.8722
2019-06-21 07:55:15,408 ----------------------------------------------------------------------------------------------------
2019-06-21 07:55:17,120 epoch 8 - iter 0/143 - loss 1.13987970
2019-06-21 07:55:30,784 epoch 8 - iter 14/143 - loss 0.64123499
2019-06-21 07:55:43,742 epoch 8 - iter 28/143 - loss 0.71257772
2019-06-21 07:55:55,935 epoch 8 - iter 42/143 - loss 0.69725400
2019-06-21 07:56:09,736 epoch 8 - iter 56/143 - loss 0.69867420
2019-06-21 07:56:22,106 epoch 8 - iter 70/143 - loss 0.70670134
2019-06-21 07:56:36,856 epoch 8 - iter 84/143 - loss 0.70913481
2019-06-21 07:56:49,104 epoch 8 - iter 98/143 - loss 0.71753221
2019-06-21 07:57:01,313 epoch 8 - iter 112/143 - loss 0.72368180
2019-06-21 07:57:12,917 epoch 8 - iter 126/143 - loss 0.71948529
2019-06-21 07:57:24,827 epoch 8 - iter 140/143 - loss 0.73426726
2019-06-21 07:57:26,213 ----------------------------------------------------------------------------------------------------
2019-06-21 07:57:26,214 EPOCH 8 done: loss 0.7434 - lr 0.1000 - bad epochs 1
2019-06-21 07:57:53,140 TEST : loss 1.0095514059066772 - score 0.8706
2019-06-21 07:57:56,089 ----------------------------------------------------------------------------------------------------
2019-06-21 07:57:57,986 epoch 9 - iter 0/143 - loss 1.00397968
2019-06-21 07:58:12,952 epoch 9 - iter 14/143 - loss 0.87870318
2019-06-21 07:58:25,843 epoch 9 - iter 28/143 - loss 0.85443969
2019-06-21 07:58:38,505 epoch 9 - iter 42/143 - loss 0.83824183
2019-06-21 07:58:50,688 epoch 9 - iter 56/143 - loss 0.80494046
2019-06-21 07:59:02,445 epoch 9 - iter 70/143 - loss 0.78075726
2019-06-21 07:59:14,664 epoch 9 - iter 84/143 - loss 0.80310743
2019-06-21 07:59:28,651 epoch 9 - iter 98/143 - loss 0.78923647
2019-06-21 07:59:41,470 epoch 9 - iter 112/143 - loss 0.79433868
2019-06-21 07:59:52,768 epoch 9 - iter 126/143 - loss 0.79155133
2019-06-21 08:00:04,373 epoch 9 - iter 140/143 - loss 0.78490065
2019-06-21 08:00:05,705 ----------------------------------------------------------------------------------------------------
2019-06-21 08:00:05,705 EPOCH 9 done: loss 0.7825 - lr 0.1000 - bad epochs 2
2019-06-21 08:00:32,319 TEST : loss 1.056301236152649 - score 0.8757
2019-06-21 08:00:35,251 ----------------------------------------------------------------------------------------------------
2019-06-21 08:00:36,803 epoch 10 - iter 0/143 - loss 0.67441165
2019-06-21 08:00:49,607 epoch 10 - iter 14/143 - loss 0.76662852
2019-06-21 08:01:03,425 epoch 10 - iter 28/143 - loss 0.69229696
2019-06-21 08:01:15,707 epoch 10 - iter 42/143 - loss 0.74961964
2019-06-21 08:01:28,998 epoch 10 - iter 56/143 - loss 0.70868890
2019-06-21 08:01:42,009 epoch 10 - iter 70/143 - loss 0.71622301
2019-06-21 08:01:53,389 epoch 10 - iter 84/143 - loss 0.72253420
2019-06-21 08:02:07,801 epoch 10 - iter 98/143 - loss 0.71849812
2019-06-21 08:02:19,996 epoch 10 - iter 112/143 - loss 0.73274670
2019-06-21 08:02:31,444 epoch 10 - iter 126/143 - loss 0.73282015
2019-06-21 08:02:44,028 epoch 10 - iter 140/143 - loss 0.72212101
2019-06-21 08:02:45,542 ----------------------------------------------------------------------------------------------------
2019-06-21 08:02:45,544 EPOCH 10 done: loss 0.7198 - lr 0.1000 - bad epochs 3
2019-06-21 08:03:11,593 TEST : loss 1.070237636566162 - score 0.8653
2019-06-21 08:03:14,540 ----------------------------------------------------------------------------------------------------
2019-06-21 08:03:16,275 epoch 11 - iter 0/143 - loss 0.86818004
2019-06-21 08:03:29,269 epoch 11 - iter 14/143 - loss 0.66353389
2019-06-21 08:03:43,098 epoch 11 - iter 28/143 - loss 0.70388937
2019-06-21 08:03:56,376 epoch 11 - iter 42/143 - loss 0.67456918
2019-06-21 08:04:08,690 epoch 11 - iter 56/143 - loss 0.68096882
2019-06-21 08:04:20,639 epoch 11 - iter 70/143 - loss 0.67398890
2019-06-21 08:04:33,341 epoch 11 - iter 84/143 - loss 0.66551625
2019-06-21 08:04:45,598 epoch 11 - iter 98/143 - loss 0.67768126
2019-06-21 08:05:00,145 epoch 11 - iter 112/143 - loss 0.67676130
2019-06-21 08:05:11,932 epoch 11 - iter 126/143 - loss 0.67060258
2019-06-21 08:05:23,455 epoch 11 - iter 140/143 - loss 0.66514209
2019-06-21 08:05:24,753 ----------------------------------------------------------------------------------------------------
2019-06-21 08:05:24,755 EPOCH 11 done: loss 0.6675 - lr 0.0500 - bad epochs 0
2019-06-21 08:05:51,135 TEST : loss 1.0526632070541382 - score 0.8725
2019-06-21 08:05:54,102 ----------------------------------------------------------------------------------------------------
2019-06-21 08:05:56,032 epoch 12 - iter 0/143 - loss 1.01011455
2019-06-21 08:06:08,194 epoch 12 - iter 14/143 - loss 0.64793534
2019-06-21 08:06:20,940 epoch 12 - iter 28/143 - loss 0.63493489
2019-06-21 08:06:34,790 epoch 12 - iter 42/143 - loss 0.65451693
2019-06-21 08:06:48,815 epoch 12 - iter 56/143 - loss 0.64440676
2019-06-21 08:07:01,864 epoch 12 - iter 70/143 - loss 0.66774167
2019-06-21 08:07:13,740 epoch 12 - iter 84/143 - loss 0.68959064
2019-06-21 08:07:25,553 epoch 12 - iter 98/143 - loss 0.68311037
2019-06-21 08:07:39,940 epoch 12 - iter 112/143 - loss 0.68518092
2019-06-21 08:07:52,106 epoch 12 - iter 126/143 - loss 0.67707852
2019-06-21 08:08:05,857 epoch 12 - iter 140/143 - loss 0.68070181
2019-06-21 08:08:07,266 ----------------------------------------------------------------------------------------------------
2019-06-21 08:08:07,267 EPOCH 12 done: loss 0.6791 - lr 0.0500 - bad epochs 0
2019-06-21 08:08:32,951 TEST : loss 1.0437941551208496 - score 0.8779
2019-06-21 08:08:35,891 ----------------------------------------------------------------------------------------------------
2019-06-21 08:08:37,621 epoch 13 - iter 0/143 - loss 1.12028480
2019-06-21 08:08:50,467 epoch 13 - iter 14/143 - loss 0.70052988
2019-06-21 08:09:03,350 epoch 13 - iter 28/143 - loss 0.68000665
2019-06-21 08:09:17,817 epoch 13 - iter 42/143 - loss 0.65364548
2019-06-21 08:09:30,700 epoch 13 - iter 56/143 - loss 0.66527204
2019-06-21 08:09:43,120 epoch 13 - iter 70/143 - loss 0.68351369
2019-06-21 08:09:55,428 epoch 13 - iter 84/143 - loss 0.68303432
2019-06-21 08:10:07,444 epoch 13 - iter 98/143 - loss 0.68932572
2019-06-21 08:10:18,487 epoch 13 - iter 112/143 - loss 0.68318977
2019-06-21 08:10:33,404 epoch 13 - iter 126/143 - loss 0.67620044
2019-06-21 08:10:45,115 epoch 13 - iter 140/143 - loss 0.67686768
2019-06-21 08:10:46,462 ----------------------------------------------------------------------------------------------------
2019-06-21 08:10:46,463 EPOCH 13 done: loss 0.6845 - lr 0.0500 - bad epochs 1
2019-06-21 08:11:12,625 TEST : loss 1.0547049045562744 - score 0.8745
2019-06-21 08:11:15,544 ----------------------------------------------------------------------------------------------------
2019-06-21 08:11:17,270 epoch 14 - iter 0/143 - loss 0.64252114
2019-06-21 08:11:29,882 epoch 14 - iter 14/143 - loss 0.65714955
2019-06-21 08:11:43,299 epoch 14 - iter 28/143 - loss 0.63617890
2019-06-21 08:11:55,916 epoch 14 - iter 42/143 - loss 0.59590955
2019-06-21 08:12:10,984 epoch 14 - iter 56/143 - loss 0.62857436
2019-06-21 08:12:23,265 epoch 14 - iter 70/143 - loss 0.62559822
2019-06-21 08:12:34,838 epoch 14 - iter 84/143 - loss 0.63507182
2019-06-21 08:12:46,522 epoch 14 - iter 98/143 - loss 0.62905237
2019-06-21 08:12:58,693 epoch 14 - iter 112/143 - loss 0.63416286
2019-06-21 08:13:11,867 epoch 14 - iter 126/143 - loss 0.62383932
2019-06-21 08:13:24,765 epoch 14 - iter 140/143 - loss 0.63269376
2019-06-21 08:13:25,958 ----------------------------------------------------------------------------------------------------
2019-06-21 08:13:25,959 EPOCH 14 done: loss 0.6319 - lr 0.0500 - bad epochs 2
2019-06-21 08:13:51,176 TEST : loss 1.1197155714035034 - score 0.8651
2019-06-21 08:13:54,131 ----------------------------------------------------------------------------------------------------
2019-06-21 08:13:55,931 epoch 15 - iter 0/143 - loss 0.40008807
2019-06-21 08:14:08,185 epoch 15 - iter 14/143 - loss 0.62848931
2019-06-21 08:14:20,838 epoch 15 - iter 28/143 - loss 0.62399495
2019-06-21 08:14:33,110 epoch 15 - iter 42/143 - loss 0.65681419
2019-06-21 08:14:45,106 epoch 15 - iter 56/143 - loss 0.63694691
2019-06-21 08:15:00,215 epoch 15 - iter 70/143 - loss 0.66274587
2019-06-21 08:15:12,750 epoch 15 - iter 84/143 - loss 0.62768051
2019-06-21 08:15:24,182 epoch 15 - iter 98/143 - loss 0.63528754
2019-06-21 08:15:37,319 epoch 15 - iter 112/143 - loss 0.64458713
2019-06-21 08:15:51,104 epoch 15 - iter 126/143 - loss 0.64825862
2019-06-21 08:16:05,265 epoch 15 - iter 140/143 - loss 0.66245800
2019-06-21 08:16:06,574 ----------------------------------------------------------------------------------------------------
2019-06-21 08:16:06,575 EPOCH 15 done: loss 0.6610 - lr 0.0500 - bad epochs 0
2019-06-21 08:16:32,040 TEST : loss 1.0426145792007446 - score 0.8778
2019-06-21 08:16:34,976 ----------------------------------------------------------------------------------------------------
2019-06-21 08:16:36,802 epoch 16 - iter 0/143 - loss 0.51950073
2019-06-21 08:16:50,132 epoch 16 - iter 14/143 - loss 0.64501520
2019-06-21 08:17:01,961 epoch 16 - iter 28/143 - loss 0.60575132
2019-06-21 08:17:14,664 epoch 16 - iter 42/143 - loss 0.62468393
2019-06-21 08:17:27,509 epoch 16 - iter 56/143 - loss 0.64122228
2019-06-21 08:17:41,626 epoch 16 - iter 70/143 - loss 0.62214786
2019-06-21 08:17:53,579 epoch 16 - iter 84/143 - loss 0.61301274
2019-06-21 08:18:05,087 epoch 16 - iter 98/143 - loss 0.62976533
2019-06-21 08:18:17,201 epoch 16 - iter 112/143 - loss 0.62298403
2019-06-21 08:18:29,035 epoch 16 - iter 126/143 - loss 0.62500222
2019-06-21 08:18:43,230 epoch 16 - iter 140/143 - loss 0.63034042
2019-06-21 08:18:44,855 ----------------------------------------------------------------------------------------------------
2019-06-21 08:18:44,858 EPOCH 16 done: loss 0.6332 - lr 0.0500 - bad epochs 1
2019-06-21 08:19:09,977 TEST : loss 1.0335431098937988 - score 0.88
2019-06-21 08:19:12,915 ----------------------------------------------------------------------------------------------------
2019-06-21 08:19:14,514 epoch 17 - iter 0/143 - loss 0.52308130
2019-06-21 08:19:27,061 epoch 17 - iter 14/143 - loss 0.58163654
2019-06-21 08:19:39,936 epoch 17 - iter 28/143 - loss 0.63129181
2019-06-21 08:19:53,120 epoch 17 - iter 42/143 - loss 0.66953960
2019-06-21 08:20:05,779 epoch 17 - iter 56/143 - loss 0.66669939
2019-06-21 08:20:20,165 epoch 17 - iter 70/143 - loss 0.63480264
2019-06-21 08:20:32,059 epoch 17 - iter 84/143 - loss 0.61685630
2019-06-21 08:20:44,315 epoch 17 - iter 98/143 - loss 0.63457573
2019-06-21 08:20:56,285 epoch 17 - iter 112/143 - loss 0.63424903
2019-06-21 08:21:08,169 epoch 17 - iter 126/143 - loss 0.63700973
2019-06-21 08:21:23,393 epoch 17 - iter 140/143 - loss 0.64395323
2019-06-21 08:21:24,788 ----------------------------------------------------------------------------------------------------
2019-06-21 08:21:24,789 EPOCH 17 done: loss 0.6424 - lr 0.0500 - bad epochs 2
2019-06-21 08:21:50,440 TEST : loss 1.0436526536941528 - score 0.8776
2019-06-21 08:21:53,383 ----------------------------------------------------------------------------------------------------
2019-06-21 08:21:55,189 epoch 18 - iter 0/143 - loss 0.77817464
2019-06-21 08:22:07,605 epoch 18 - iter 14/143 - loss 0.53614615
2019-06-21 08:22:20,088 epoch 18 - iter 28/143 - loss 0.59306752
2019-06-21 08:22:32,719 epoch 18 - iter 42/143 - loss 0.67424388
2019-06-21 08:22:44,766 epoch 18 - iter 56/143 - loss 0.68092358
2019-06-21 08:22:56,366 epoch 18 - iter 70/143 - loss 0.67179472
2019-06-21 08:23:12,283 epoch 18 - iter 84/143 - loss 0.66359508
2019-06-21 08:23:23,654 epoch 18 - iter 98/143 - loss 0.66192099
2019-06-21 08:23:35,518 epoch 18 - iter 112/143 - loss 0.66697622
2019-06-21 08:23:47,063 epoch 18 - iter 126/143 - loss 0.65573222
2019-06-21 08:23:59,549 epoch 18 - iter 140/143 - loss 0.65780813
2019-06-21 08:24:01,027 ----------------------------------------------------------------------------------------------------
2019-06-21 08:24:01,028 EPOCH 18 done: loss 0.6569 - lr 0.0500 - bad epochs 3
2019-06-21 08:24:28,097 TEST : loss 1.0555784702301025 - score 0.8795
2019-06-21 08:24:31,072 ----------------------------------------------------------------------------------------------------
2019-06-21 08:24:32,822 epoch 19 - iter 0/143 - loss 0.88409543
2019-06-21 08:24:46,779 epoch 19 - iter 14/143 - loss 0.62602894
2019-06-21 08:24:58,752 epoch 19 - iter 28/143 - loss 0.61325479
2019-06-21 08:25:11,622 epoch 19 - iter 42/143 - loss 0.58755270
2019-06-21 08:25:24,169 epoch 19 - iter 56/143 - loss 0.58767809
2019-06-21 08:25:36,715 epoch 19 - iter 70/143 - loss 0.59982551
2019-06-21 08:25:51,118 epoch 19 - iter 84/143 - loss 0.60776913
2019-06-21 08:26:04,050 epoch 19 - iter 98/143 - loss 0.60338644
2019-06-21 08:26:16,269 epoch 19 - iter 112/143 - loss 0.59775683
2019-06-21 08:26:28,138 epoch 19 - iter 126/143 - loss 0.60215119
2019-06-21 08:26:39,498 epoch 19 - iter 140/143 - loss 0.60820507
2019-06-21 08:26:41,189 ----------------------------------------------------------------------------------------------------
2019-06-21 08:26:41,190 EPOCH 19 done: loss 0.6143 - lr 0.0250 - bad epochs 0
2019-06-21 08:27:08,881 TEST : loss 1.0641263723373413 - score 0.8817
2019-06-21 08:27:11,830 ----------------------------------------------------------------------------------------------------
2019-06-21 08:27:13,577 epoch 20 - iter 0/143 - loss 0.53679049
2019-06-21 08:27:27,590 epoch 20 - iter 14/143 - loss 0.63826229
2019-06-21 08:27:40,003 epoch 20 - iter 28/143 - loss 0.61697237
2019-06-21 08:27:52,739 epoch 20 - iter 42/143 - loss 0.58828857
2019-06-21 08:28:05,347 epoch 20 - iter 56/143 - loss 0.58519201
2019-06-21 08:28:18,652 epoch 20 - iter 70/143 - loss 0.58137205
2019-06-21 08:28:33,559 epoch 20 - iter 84/143 - loss 0.58917753
2019-06-21 08:28:45,114 epoch 20 - iter 98/143 - loss 0.59554694
2019-06-21 08:28:56,756 epoch 20 - iter 112/143 - loss 0.59908854
2019-06-21 08:29:08,191 epoch 20 - iter 126/143 - loss 0.59875282
2019-06-21 08:29:20,274 epoch 20 - iter 140/143 - loss 0.61970864
2019-06-21 08:29:21,668 ----------------------------------------------------------------------------------------------------
2019-06-21 08:29:21,669 EPOCH 20 done: loss 0.6134 - lr 0.0250 - bad epochs 0
2019-06-21 08:29:49,090 TEST : loss 1.07059645652771 - score 0.8786
2019-06-21 08:29:52,096 ----------------------------------------------------------------------------------------------------
2019-06-21 08:29:53,997 epoch 21 - iter 0/143 - loss 0.81114268
2019-06-21 08:30:07,636 epoch 21 - iter 14/143 - loss 0.57466548
2019-06-21 08:30:19,550 epoch 21 - iter 28/143 - loss 0.52506233
2019-06-21 08:30:34,294 epoch 21 - iter 42/143 - loss 0.58509257
2019-06-21 08:30:46,682 epoch 21 - iter 56/143 - loss 0.57572405
2019-06-21 08:31:00,149 epoch 21 - iter 70/143 - loss 0.59642622
2019-06-21 08:31:13,802 epoch 21 - iter 84/143 - loss 0.59667014
2019-06-21 08:31:25,753 epoch 21 - iter 98/143 - loss 0.57430172
2019-06-21 08:31:38,476 epoch 21 - iter 112/143 - loss 0.59867592
2019-06-21 08:31:50,492 epoch 21 - iter 126/143 - loss 0.59745159
2019-06-21 08:32:02,298 epoch 21 - iter 140/143 - loss 0.60619809
2019-06-21 08:32:03,495 ----------------------------------------------------------------------------------------------------
2019-06-21 08:32:03,496 EPOCH 21 done: loss 0.6064 - lr 0.0250 - bad epochs 0
2019-06-21 08:32:30,759 TEST : loss 1.0744762420654297 - score 0.8806
2019-06-21 08:32:33,754 ----------------------------------------------------------------------------------------------------
2019-06-21 08:32:36,025 epoch 22 - iter 0/143 - loss 0.59802723
2019-06-21 08:32:50,797 epoch 22 - iter 14/143 - loss 0.68121444
2019-06-21 08:33:02,713 epoch 22 - iter 28/143 - loss 0.64527075
2019-06-21 08:33:15,239 epoch 22 - iter 42/143 - loss 0.57983718
2019-06-21 08:33:27,669 epoch 22 - iter 56/143 - loss 0.60684540
2019-06-21 08:33:40,844 epoch 22 - iter 70/143 - loss 0.61673121
2019-06-21 08:33:55,339 epoch 22 - iter 84/143 - loss 0.63680938
2019-06-21 08:34:07,759 epoch 22 - iter 98/143 - loss 0.62867652
2019-06-21 08:34:19,865 epoch 22 - iter 112/143 - loss 0.63887103
2019-06-21 08:34:32,077 epoch 22 - iter 126/143 - loss 0.64111582
2019-06-21 08:34:44,092 epoch 22 - iter 140/143 - loss 0.63457644
2019-06-21 08:34:45,298 ----------------------------------------------------------------------------------------------------
2019-06-21 08:34:45,298 EPOCH 22 done: loss 0.6375 - lr 0.0250 - bad epochs 0
2019-06-21 08:35:12,806 TEST : loss 1.0738316774368286 - score 0.8793
2019-06-21 08:35:15,781 ----------------------------------------------------------------------------------------------------
2019-06-21 08:35:17,587 epoch 23 - iter 0/143 - loss 0.66977811
2019-06-21 08:35:32,032 epoch 23 - iter 14/143 - loss 0.65748328
2019-06-21 08:35:45,828 epoch 23 - iter 28/143 - loss 0.59153154
2019-06-21 08:35:58,472 epoch 23 - iter 42/143 - loss 0.61386297
2019-06-21 08:36:11,319 epoch 23 - iter 56/143 - loss 0.62540673
2019-06-21 08:36:23,543 epoch 23 - iter 70/143 - loss 0.62395422
2019-06-21 08:36:39,042 epoch 23 - iter 84/143 - loss 0.62990304
2019-06-21 08:36:51,244 epoch 23 - iter 98/143 - loss 0.62829870
2019-06-21 08:37:03,500 epoch 23 - iter 112/143 - loss 0.61061071
2019-06-21 08:37:15,424 epoch 23 - iter 126/143 - loss 0.61550597
2019-06-21 08:37:27,170 epoch 23 - iter 140/143 - loss 0.60219352
2019-06-21 08:37:28,461 ----------------------------------------------------------------------------------------------------
2019-06-21 08:37:28,462 EPOCH 23 done: loss 0.6066 - lr 0.0250 - bad epochs 1
2019-06-21 08:37:55,602 TEST : loss 1.0779889822006226 - score 0.8794
2019-06-21 08:37:58,637 ----------------------------------------------------------------------------------------------------
2019-06-21 08:38:00,625 epoch 24 - iter 0/143 - loss 0.21100235
2019-06-21 08:38:15,582 epoch 24 - iter 14/143 - loss 0.46277250
2019-06-21 08:38:27,845 epoch 24 - iter 28/143 - loss 0.46568131
2019-06-21 08:38:40,391 epoch 24 - iter 42/143 - loss 0.53396497
2019-06-21 08:38:53,164 epoch 24 - iter 56/143 - loss 0.55050405
2019-06-21 08:39:05,673 epoch 24 - iter 70/143 - loss 0.57614398
2019-06-21 08:39:19,250 epoch 24 - iter 84/143 - loss 0.57072215
2019-06-21 08:39:33,005 epoch 24 - iter 98/143 - loss 0.55965933
2019-06-21 08:39:44,556 epoch 24 - iter 112/143 - loss 0.55831692
2019-06-21 08:39:56,519 epoch 24 - iter 126/143 - loss 0.56299328
2019-06-21 08:40:09,231 epoch 24 - iter 140/143 - loss 0.57272722
2019-06-21 08:40:10,616 ----------------------------------------------------------------------------------------------------
2019-06-21 08:40:10,618 EPOCH 24 done: loss 0.5758 - lr 0.0250 - bad epochs 2
2019-06-21 08:40:37,740 TEST : loss 1.075150966644287 - score 0.88
2019-06-21 08:40:40,765 ----------------------------------------------------------------------------------------------------
2019-06-21 08:40:42,818 epoch 25 - iter 0/143 - loss 0.66720653
2019-06-21 08:40:55,737 epoch 25 - iter 14/143 - loss 0.62624301
2019-06-21 08:41:09,740 epoch 25 - iter 28/143 - loss 0.61013126
2019-06-21 08:41:21,591 epoch 25 - iter 42/143 - loss 0.57217593
2019-06-21 08:41:33,843 epoch 25 - iter 56/143 - loss 0.58697146
2019-06-21 08:41:46,626 epoch 25 - iter 70/143 - loss 0.59376981
2019-06-21 08:41:58,515 epoch 25 - iter 84/143 - loss 0.58674658
2019-06-21 08:42:13,382 epoch 25 - iter 98/143 - loss 0.59091425
2019-06-21 08:42:26,274 epoch 25 - iter 112/143 - loss 0.58713536
2019-06-21 08:42:38,324 epoch 25 - iter 126/143 - loss 0.58674633
2019-06-21 08:42:49,610 epoch 25 - iter 140/143 - loss 0.59330275
2019-06-21 08:42:50,843 ----------------------------------------------------------------------------------------------------
2019-06-21 08:42:50,843 EPOCH 25 done: loss 0.6012 - lr 0.0250 - bad epochs 0
2019-06-21 08:43:17,924 TEST : loss 1.0524559020996094 - score 0.882
2019-06-21 08:43:20,943 ----------------------------------------------------------------------------------------------------
2019-06-21 08:43:23,047 epoch 26 - iter 0/143 - loss 0.46364141
2019-06-21 08:43:36,873 epoch 26 - iter 14/143 - loss 0.58814853
2019-06-21 08:43:51,315 epoch 26 - iter 28/143 - loss 0.58673827
2019-06-21 08:44:04,027 epoch 26 - iter 42/143 - loss 0.54412462
2019-06-21 08:44:16,494 epoch 26 - iter 56/143 - loss 0.59776381
2019-06-21 08:44:28,699 epoch 26 - iter 70/143 - loss 0.59664080
2019-06-21 08:44:41,902 epoch 26 - iter 84/143 - loss 0.59820251
2019-06-21 08:44:56,318 epoch 26 - iter 98/143 - loss 0.59879175
2019-06-21 08:45:08,328 epoch 26 - iter 112/143 - loss 0.59181837
2019-06-21 08:45:20,526 epoch 26 - iter 126/143 - loss 0.59694144
2019-06-21 08:45:31,413 epoch 26 - iter 140/143 - loss 0.59736310
2019-06-21 08:45:32,968 ----------------------------------------------------------------------------------------------------
2019-06-21 08:45:32,972 EPOCH 26 done: loss 0.6002 - lr 0.0250 - bad epochs 1
2019-06-21 08:45:59,443 TEST : loss 1.0811232328414917 - score 0.8772
2019-06-21 08:46:02,402 ----------------------------------------------------------------------------------------------------
2019-06-21 08:46:04,043 epoch 27 - iter 0/143 - loss 0.59459591
2019-06-21 08:46:16,801 epoch 27 - iter 14/143 - loss 0.60456187
2019-06-21 08:46:29,431 epoch 27 - iter 28/143 - loss 0.59626251
2019-06-21 08:46:43,446 epoch 27 - iter 42/143 - loss 0.58227871
2019-06-21 08:46:57,319 epoch 27 - iter 56/143 - loss 0.58081743
2019-06-21 08:47:09,394 epoch 27 - iter 70/143 - loss 0.59140417
2019-06-21 08:47:21,900 epoch 27 - iter 84/143 - loss 0.58478040
2019-06-21 08:47:34,765 epoch 27 - iter 98/143 - loss 0.58482426
2019-06-21 08:47:50,337 epoch 27 - iter 112/143 - loss 0.58999336
2019-06-21 08:48:02,006 epoch 27 - iter 126/143 - loss 0.59589727
2019-06-21 08:48:13,180 epoch 27 - iter 140/143 - loss 0.60008995
2019-06-21 08:48:14,666 ----------------------------------------------------------------------------------------------------
2019-06-21 08:48:14,669 EPOCH 27 done: loss 0.5986 - lr 0.0250 - bad epochs 2
2019-06-21 08:48:41,122 TEST : loss 1.0791219472885132 - score 0.8818
2019-06-21 08:48:44,091 ----------------------------------------------------------------------------------------------------
2019-06-21 08:48:45,885 epoch 28 - iter 0/143 - loss 0.31263745
2019-06-21 08:48:58,873 epoch 28 - iter 14/143 - loss 0.54575960
2019-06-21 08:49:12,255 epoch 28 - iter 28/143 - loss 0.54057472
2019-06-21 08:49:27,534 epoch 28 - iter 42/143 - loss 0.54559621
2019-06-21 08:49:40,172 epoch 28 - iter 56/143 - loss 0.56642542
2019-06-21 08:49:51,777 epoch 28 - iter 70/143 - loss 0.59243617
2019-06-21 08:50:04,010 epoch 28 - iter 84/143 - loss 0.57918058
2019-06-21 08:50:15,745 epoch 28 - iter 98/143 - loss 0.58290198
2019-06-21 08:50:30,495 epoch 28 - iter 112/143 - loss 0.58779108
2019-06-21 08:50:42,940 epoch 28 - iter 126/143 - loss 0.58790843
2019-06-21 08:50:54,241 epoch 28 - iter 140/143 - loss 0.58747962
2019-06-21 08:50:55,561 ----------------------------------------------------------------------------------------------------
2019-06-21 08:50:55,564 EPOCH 28 done: loss 0.5865 - lr 0.0250 - bad epochs 3
2019-06-21 08:51:22,439 TEST : loss 1.075879693031311 - score 0.8824
2019-06-21 08:51:25,455 ----------------------------------------------------------------------------------------------------
2019-06-21 08:51:27,266 epoch 29 - iter 0/143 - loss 0.22952306
2019-06-21 08:51:41,998 epoch 29 - iter 14/143 - loss 0.55443169
2019-06-21 08:51:57,266 epoch 29 - iter 28/143 - loss 0.58596645
2019-06-21 08:52:10,185 epoch 29 - iter 42/143 - loss 0.60891236
2019-06-21 08:52:22,729 epoch 29 - iter 56/143 - loss 0.61197217
2019-06-21 08:52:35,014 epoch 29 - iter 70/143 - loss 0.62098717
2019-06-21 08:52:46,754 epoch 29 - iter 84/143 - loss 0.60767398
2019-06-21 08:53:01,340 epoch 29 - iter 98/143 - loss 0.59835477
2019-06-21 08:53:12,959 epoch 29 - iter 112/143 - loss 0.60440750
2019-06-21 08:53:24,859 epoch 29 - iter 126/143 - loss 0.60142150
2019-06-21 08:53:38,934 epoch 29 - iter 140/143 - loss 0.59619416
2019-06-21 08:53:40,527 ----------------------------------------------------------------------------------------------------
2019-06-21 08:53:40,528 EPOCH 29 done: loss 0.5948 - lr 0.0125 - bad epochs 0
2019-06-21 08:54:07,275 TEST : loss 1.0854041576385498 - score 0.882
2019-06-21 08:54:10,289 ----------------------------------------------------------------------------------------------------
2019-06-21 08:54:12,455 epoch 30 - iter 0/143 - loss 0.23877549
2019-06-21 08:54:27,091 epoch 30 - iter 14/143 - loss 0.65240740
2019-06-21 08:54:40,034 epoch 30 - iter 28/143 - loss 0.62986693
2019-06-21 08:54:54,047 epoch 30 - iter 42/143 - loss 0.65306854
2019-06-21 08:55:06,590 epoch 30 - iter 56/143 - loss 0.63619460
2019-06-21 08:55:19,119 epoch 30 - iter 70/143 - loss 0.61818698
2019-06-21 08:55:31,441 epoch 30 - iter 84/143 - loss 0.59774751
2019-06-21 08:55:44,518 epoch 30 - iter 98/143 - loss 0.59788979
2019-06-21 08:55:59,029 epoch 30 - iter 112/143 - loss 0.59634820
2019-06-21 08:56:12,654 epoch 30 - iter 126/143 - loss 0.60447446
2019-06-21 08:56:24,964 epoch 30 - iter 140/143 - loss 0.61077478
2019-06-21 08:56:26,312 ----------------------------------------------------------------------------------------------------
2019-06-21 08:56:26,313 EPOCH 30 done: loss 0.6113 - lr 0.0125 - bad epochs 1
2019-06-21 08:56:52,437 TEST : loss 1.0699042081832886 - score 0.8818
2019-06-21 08:56:55,448 ----------------------------------------------------------------------------------------------------
2019-06-21 08:56:57,321 epoch 31 - iter 0/143 - loss 1.22471142
2019-06-21 08:57:10,716 epoch 31 - iter 14/143 - loss 0.65177117
2019-06-21 08:57:24,606 epoch 31 - iter 28/143 - loss 0.59508060
2019-06-21 08:57:40,646 epoch 31 - iter 42/143 - loss 0.60632398
2019-06-21 08:57:53,114 epoch 31 - iter 56/143 - loss 0.58745264
2019-06-21 08:58:05,905 epoch 31 - iter 70/143 - loss 0.60499702
2019-06-21 08:58:17,532 epoch 31 - iter 84/143 - loss 0.61837476
2019-06-21 08:58:29,926 epoch 31 - iter 98/143 - loss 0.60986186
2019-06-21 08:58:41,929 epoch 31 - iter 112/143 - loss 0.60598400
2019-06-21 08:58:55,919 epoch 31 - iter 126/143 - loss 0.60245521
2019-06-21 08:59:07,816 epoch 31 - iter 140/143 - loss 0.59755235
2019-06-21 08:59:09,187 ----------------------------------------------------------------------------------------------------
2019-06-21 08:59:09,190 EPOCH 31 done: loss 0.5934 - lr 0.0125 - bad epochs 2
2019-06-21 08:59:35,218 TEST : loss 1.0775538682937622 - score 0.8801
2019-06-21 08:59:38,285 ----------------------------------------------------------------------------------------------------
2019-06-21 08:59:40,408 epoch 32 - iter 0/143 - loss 0.77078342
2019-06-21 08:59:52,448 epoch 32 - iter 14/143 - loss 0.53691062
2019-06-21 09:00:04,447 epoch 32 - iter 28/143 - loss 0.53202981
2019-06-21 09:00:16,655 epoch 32 - iter 42/143 - loss 0.52961936
2019-06-21 09:00:31,283 epoch 32 - iter 56/143 - loss 0.52320430
2019-06-21 09:00:44,399 epoch 32 - iter 70/143 - loss 0.54682725
2019-06-21 09:00:56,648 epoch 32 - iter 84/143 - loss 0.56090088
2019-06-21 09:01:08,851 epoch 32 - iter 98/143 - loss 0.56460658
2019-06-21 09:01:21,533 epoch 32 - iter 112/143 - loss 0.55435739
2019-06-21 09:01:36,181 epoch 32 - iter 126/143 - loss 0.55821574
2019-06-21 09:01:47,893 epoch 32 - iter 140/143 - loss 0.55980820
2019-06-21 09:01:49,305 ----------------------------------------------------------------------------------------------------
2019-06-21 09:01:49,306 EPOCH 32 done: loss 0.5576 - lr 0.0125 - bad epochs 3
2019-06-21 09:02:15,449 TEST : loss 1.0674861669540405 - score 0.8818
2019-06-21 09:02:18,508 ----------------------------------------------------------------------------------------------------
2019-06-21 09:02:20,631 epoch 33 - iter 0/143 - loss 1.05089760
2019-06-21 09:02:33,702 epoch 33 - iter 14/143 - loss 0.55163071
2019-06-21 09:02:46,206 epoch 33 - iter 28/143 - loss 0.61965586
2019-06-21 09:02:58,616 epoch 33 - iter 42/143 - loss 0.56663914
2019-06-21 09:03:13,429 epoch 33 - iter 56/143 - loss 0.57327426
2019-06-21 09:03:26,038 epoch 33 - iter 70/143 - loss 0.59084232
2019-06-21 09:03:38,855 epoch 33 - iter 84/143 - loss 0.57369186
2019-06-21 09:03:50,721 epoch 33 - iter 98/143 - loss 0.55785938
2019-06-21 09:04:03,465 epoch 33 - iter 112/143 - loss 0.57132692
2019-06-21 09:04:18,732 epoch 33 - iter 126/143 - loss 0.58878549
2019-06-21 09:04:30,807 epoch 33 - iter 140/143 - loss 0.60383893
2019-06-21 09:04:32,125 ----------------------------------------------------------------------------------------------------
2019-06-21 09:04:32,128 EPOCH 33 done: loss 0.5992 - lr 0.0125 - bad epochs 0
2019-06-21 09:04:58,131 TEST : loss 1.083356261253357 - score 0.8809
2019-06-21 09:05:01,170 ----------------------------------------------------------------------------------------------------
2019-06-21 09:05:03,085 epoch 34 - iter 0/143 - loss 0.34540772
2019-06-21 09:05:15,639 epoch 34 - iter 14/143 - loss 0.65746626
2019-06-21 09:05:28,177 epoch 34 - iter 28/143 - loss 0.64485197
2019-06-21 09:05:40,190 epoch 34 - iter 42/143 - loss 0.61220865
2019-06-21 09:05:51,921 epoch 34 - iter 56/143 - loss 0.60061465
2019-06-21 09:06:06,999 epoch 34 - iter 70/143 - loss 0.62719906
2019-06-21 09:06:18,970 epoch 34 - iter 84/143 - loss 0.60665434
2019-06-21 09:06:32,177 epoch 34 - iter 98/143 - loss 0.61082887
2019-06-21 09:06:45,037 epoch 34 - iter 112/143 - loss 0.60466311
2019-06-21 09:06:57,425 epoch 34 - iter 126/143 - loss 0.60139685
2019-06-21 09:07:11,883 epoch 34 - iter 140/143 - loss 0.61334914
2019-06-21 09:07:13,070 ----------------------------------------------------------------------------------------------------
2019-06-21 09:07:13,071 EPOCH 34 done: loss 0.6092 - lr 0.0125 - bad epochs 1
2019-06-21 09:07:38,313 TEST : loss 1.0995503664016724 - score 0.8795
2019-06-21 09:07:41,432 ----------------------------------------------------------------------------------------------------
2019-06-21 09:07:43,475 epoch 35 - iter 0/143 - loss 0.58448005
2019-06-21 09:07:56,074 epoch 35 - iter 14/143 - loss 0.52569216
2019-06-21 09:08:09,216 epoch 35 - iter 28/143 - loss 0.53559076
2019-06-21 09:08:22,291 epoch 35 - iter 42/143 - loss 0.56132391
2019-06-21 09:08:35,000 epoch 35 - iter 56/143 - loss 0.53949046
2019-06-21 09:08:49,405 epoch 35 - iter 70/143 - loss 0.54990069
2019-06-21 09:09:01,398 epoch 35 - iter 84/143 - loss 0.57702161
2019-06-21 09:09:13,469 epoch 35 - iter 98/143 - loss 0.56277218
2019-06-21 09:09:25,662 epoch 35 - iter 112/143 - loss 0.56516855
2019-06-21 09:09:36,967 epoch 35 - iter 126/143 - loss 0.56468765
2019-06-21 09:09:51,443 epoch 35 - iter 140/143 - loss 0.56793016
2019-06-21 09:09:52,719 ----------------------------------------------------------------------------------------------------
2019-06-21 09:09:52,721 EPOCH 35 done: loss 0.5789 - lr 0.0125 - bad epochs 2
2019-06-21 09:10:18,140 TEST : loss 1.0983480215072632 - score 0.8778
2019-06-21 09:10:21,193 ----------------------------------------------------------------------------------------------------
2019-06-21 09:10:23,419 epoch 36 - iter 0/143 - loss 0.95735407
2019-06-21 09:10:35,807 epoch 36 - iter 14/143 - loss 0.52304285
2019-06-21 09:10:48,217 epoch 36 - iter 28/143 - loss 0.56761722
2019-06-21 09:11:00,827 epoch 36 - iter 42/143 - loss 0.55013562
2019-06-21 09:11:13,311 epoch 36 - iter 56/143 - loss 0.57008617
2019-06-21 09:11:25,792 epoch 36 - iter 70/143 - loss 0.56911670
2019-06-21 09:11:40,875 epoch 36 - iter 84/143 - loss 0.58351229
2019-06-21 09:11:53,398 epoch 36 - iter 98/143 - loss 0.57908607
2019-06-21 09:12:05,367 epoch 36 - iter 112/143 - loss 0.59364306
2019-06-21 09:12:17,918 epoch 36 - iter 126/143 - loss 0.59826165
2019-06-21 09:12:32,272 epoch 36 - iter 140/143 - loss 0.59295906
2019-06-21 09:12:33,763 ----------------------------------------------------------------------------------------------------
2019-06-21 09:12:33,765 EPOCH 36 done: loss 0.5972 - lr 0.0125 - bad epochs 3
2019-06-21 09:12:58,397 TEST : loss 1.0663230419158936 - score 0.8835
2019-06-21 09:13:01,484 ----------------------------------------------------------------------------------------------------
2019-06-21 09:13:04,912 epoch 37 - iter 0/143 - loss 0.54687905
2019-06-21 09:13:17,560 epoch 37 - iter 14/143 - loss 0.54582489
2019-06-21 09:13:29,865 epoch 37 - iter 28/143 - loss 0.60666752
2019-06-21 09:13:42,271 epoch 37 - iter 42/143 - loss 0.55907059
2019-06-21 09:13:55,143 epoch 37 - iter 56/143 - loss 0.56260393
2019-06-21 09:14:07,712 epoch 37 - iter 70/143 - loss 0.57175028
2019-06-21 09:14:21,527 epoch 37 - iter 84/143 - loss 0.58315928
2019-06-21 09:14:33,932 epoch 37 - iter 98/143 - loss 0.58121725
2019-06-21 09:14:46,533 epoch 37 - iter 112/143 - loss 0.57591463
2019-06-21 09:14:57,927 epoch 37 - iter 126/143 - loss 0.56818233
2019-06-21 09:15:10,562 epoch 37 - iter 140/143 - loss 0.56293185
2019-06-21 09:15:12,042 ----------------------------------------------------------------------------------------------------
2019-06-21 09:15:12,044 EPOCH 37 done: loss 0.5606 - lr 0.0063 - bad epochs 0
2019-06-21 09:15:39,276 TEST : loss 1.08632493019104 - score 0.8816
2019-06-21 09:15:42,367 ----------------------------------------------------------------------------------------------------
2019-06-21 09:15:44,545 epoch 38 - iter 0/143 - loss 0.56085801
2019-06-21 09:15:59,898 epoch 38 - iter 14/143 - loss 0.64355105
2019-06-21 09:16:11,974 epoch 38 - iter 28/143 - loss 0.60168362
2019-06-21 09:16:24,753 epoch 38 - iter 42/143 - loss 0.58794168
2019-06-21 09:16:37,018 epoch 38 - iter 56/143 - loss 0.56406737
2019-06-21 09:16:48,770 epoch 38 - iter 70/143 - loss 0.59741813
2019-06-21 09:17:00,553 epoch 38 - iter 84/143 - loss 0.58146248
2019-06-21 09:17:15,189 epoch 38 - iter 98/143 - loss 0.58012930
2019-06-21 09:17:27,557 epoch 38 - iter 112/143 - loss 0.58285741
2019-06-21 09:17:39,332 epoch 38 - iter 126/143 - loss 0.57296656
2019-06-21 09:17:51,173 epoch 38 - iter 140/143 - loss 0.56846248
2019-06-21 09:17:52,892 ----------------------------------------------------------------------------------------------------
2019-06-21 09:17:52,894 EPOCH 38 done: loss 0.5686 - lr 0.0063 - bad epochs 1
2019-06-21 09:18:19,742 TEST : loss 1.0913697481155396 - score 0.8804
2019-06-21 09:18:22,841 ----------------------------------------------------------------------------------------------------
2019-06-21 09:18:24,642 epoch 39 - iter 0/143 - loss 0.62317586
2019-06-21 09:18:37,683 epoch 39 - iter 14/143 - loss 0.49169001
2019-06-21 09:18:52,729 epoch 39 - iter 28/143 - loss 0.53697603
2019-06-21 09:19:05,512 epoch 39 - iter 42/143 - loss 0.53532416
2019-06-21 09:19:17,751 epoch 39 - iter 56/143 - loss 0.54880268
2019-06-21 09:19:29,874 epoch 39 - iter 70/143 - loss 0.54858783
2019-06-21 09:19:43,119 epoch 39 - iter 84/143 - loss 0.55569865
2019-06-21 09:19:57,823 epoch 39 - iter 98/143 - loss 0.55742494
2019-06-21 09:20:10,134 epoch 39 - iter 112/143 - loss 0.54597672
2019-06-21 09:20:22,910 epoch 39 - iter 126/143 - loss 0.54816290
2019-06-21 09:20:34,708 epoch 39 - iter 140/143 - loss 0.55644966
2019-06-21 09:20:36,082 ----------------------------------------------------------------------------------------------------
2019-06-21 09:20:36,082 EPOCH 39 done: loss 0.5621 - lr 0.0063 - bad epochs 2
2019-06-21 09:21:02,747 TEST : loss 1.095958948135376 - score 0.8802
2019-06-21 09:21:05,784 ----------------------------------------------------------------------------------------------------
2019-06-21 09:21:07,691 epoch 40 - iter 0/143 - loss 0.60955787
2019-06-21 09:21:20,399 epoch 40 - iter 14/143 - loss 0.58189088
2019-06-21 09:21:36,390 epoch 40 - iter 28/143 - loss 0.56016274
2019-06-21 09:21:50,653 epoch 40 - iter 42/143 - loss 0.56741123
2019-06-21 09:22:03,906 epoch 40 - iter 56/143 - loss 0.55879419
2019-06-21 09:22:17,283 epoch 40 - iter 70/143 - loss 0.58050150
2019-06-21 09:22:29,211 epoch 40 - iter 84/143 - loss 0.56679937
2019-06-21 09:22:45,162 epoch 40 - iter 98/143 - loss 0.56890377
2019-06-21 09:22:58,301 epoch 40 - iter 112/143 - loss 0.57859772
2019-06-21 09:23:10,575 epoch 40 - iter 126/143 - loss 0.57983326
2019-06-21 09:23:22,493 epoch 40 - iter 140/143 - loss 0.57530838
2019-06-21 09:23:24,146 ----------------------------------------------------------------------------------------------------
2019-06-21 09:23:24,148 EPOCH 40 done: loss 0.5756 - lr 0.0063 - bad epochs 3
2019-06-21 09:23:50,763 TEST : loss 1.0863211154937744 - score 0.8803
2019-06-21 09:23:53,882 ----------------------------------------------------------------------------------------------------
2019-06-21 09:23:55,905 epoch 41 - iter 0/143 - loss 0.77165747
2019-06-21 09:24:09,212 epoch 41 - iter 14/143 - loss 0.71872732
2019-06-21 09:24:22,169 epoch 41 - iter 28/143 - loss 0.66289978
2019-06-21 09:24:36,950 epoch 41 - iter 42/143 - loss 0.64557755
2019-06-21 09:24:48,873 epoch 41 - iter 56/143 - loss 0.60481597
2019-06-21 09:25:01,298 epoch 41 - iter 70/143 - loss 0.59089961
2019-06-21 09:25:13,840 epoch 41 - iter 84/143 - loss 0.59619980
2019-06-21 09:25:26,564 epoch 41 - iter 98/143 - loss 0.58655727
2019-06-21 09:25:41,706 epoch 41 - iter 112/143 - loss 0.58695209
2019-06-21 09:25:53,117 epoch 41 - iter 126/143 - loss 0.57167006
2019-06-21 09:26:05,400 epoch 41 - iter 140/143 - loss 0.57780988
2019-06-21 09:26:06,840 ----------------------------------------------------------------------------------------------------
2019-06-21 09:26:06,844 EPOCH 41 done: loss 0.5756 - lr 0.0031 - bad epochs 0
2019-06-21 09:26:33,316 TEST : loss 1.0837061405181885 - score 0.8803
2019-06-21 09:26:36,364 ----------------------------------------------------------------------------------------------------
2019-06-21 09:26:38,094 epoch 42 - iter 0/143 - loss 0.27786660
2019-06-21 09:26:50,507 epoch 42 - iter 14/143 - loss 0.67204589
2019-06-21 09:27:02,899 epoch 42 - iter 28/143 - loss 0.65780269
2019-06-21 09:27:16,867 epoch 42 - iter 42/143 - loss 0.59033641
2019-06-21 09:27:29,560 epoch 42 - iter 56/143 - loss 0.59851655
2019-06-21 09:27:41,113 epoch 42 - iter 70/143 - loss 0.59546818
2019-06-21 09:27:53,102 epoch 42 - iter 84/143 - loss 0.60396952
2019-06-21 09:28:05,697 epoch 42 - iter 98/143 - loss 0.61481223
2019-06-21 09:28:21,232 epoch 42 - iter 112/143 - loss 0.60508851
2019-06-21 09:28:33,473 epoch 42 - iter 126/143 - loss 0.60091588
2019-06-21 09:28:46,220 epoch 42 - iter 140/143 - loss 0.59099211
2019-06-21 09:28:48,047 ----------------------------------------------------------------------------------------------------
2019-06-21 09:28:48,051 EPOCH 42 done: loss 0.5866 - lr 0.0031 - bad epochs 1
2019-06-21 09:29:15,251 TEST : loss 1.0835769176483154 - score 0.8807
2019-06-21 09:29:18,363 ----------------------------------------------------------------------------------------------------
2019-06-21 09:29:20,456 epoch 43 - iter 0/143 - loss 0.38135004
2019-06-21 09:29:35,014 epoch 43 - iter 14/143 - loss 0.52343845
2019-06-21 09:29:48,302 epoch 43 - iter 28/143 - loss 0.55500724
2019-06-21 09:30:02,029 epoch 43 - iter 42/143 - loss 0.59640544
2019-06-21 09:30:16,716 epoch 43 - iter 56/143 - loss 0.61327712
2019-06-21 09:30:29,451 epoch 43 - iter 70/143 - loss 0.60279029
2019-06-21 09:30:41,206 epoch 43 - iter 84/143 - loss 0.59199915
2019-06-21 09:30:53,816 epoch 43 - iter 98/143 - loss 0.59132338
2019-06-21 09:31:06,102 epoch 43 - iter 112/143 - loss 0.59559115
2019-06-21 09:31:20,857 epoch 43 - iter 126/143 - loss 0.61210375
2019-06-21 09:31:32,711 epoch 43 - iter 140/143 - loss 0.61580665
2019-06-21 09:31:34,204 ----------------------------------------------------------------------------------------------------
2019-06-21 09:31:34,205 EPOCH 43 done: loss 0.6232 - lr 0.0031 - bad epochs 2
2019-06-21 09:32:00,732 TEST : loss 1.0867141485214233 - score 0.8814
2019-06-21 09:32:03,768 ----------------------------------------------------------------------------------------------------
2019-06-21 09:32:05,758 epoch 44 - iter 0/143 - loss 1.09595585
2019-06-21 09:32:18,364 epoch 44 - iter 14/143 - loss 0.65554677
2019-06-21 09:32:32,487 epoch 44 - iter 28/143 - loss 0.61078222
2019-06-21 09:32:44,763 epoch 44 - iter 42/143 - loss 0.56481040
2019-06-21 09:33:00,684 epoch 44 - iter 56/143 - loss 0.55043739
2019-06-21 09:33:12,811 epoch 44 - iter 70/143 - loss 0.58482430
2019-06-21 09:33:24,829 epoch 44 - iter 84/143 - loss 0.60616119
2019-06-21 09:33:36,867 epoch 44 - iter 98/143 - loss 0.60351539
2019-06-21 09:33:49,266 epoch 44 - iter 112/143 - loss 0.60981833
2019-06-21 09:34:04,270 epoch 44 - iter 126/143 - loss 0.60705190
2019-06-21 09:34:17,229 epoch 44 - iter 140/143 - loss 0.59518473
2019-06-21 09:34:18,720 ----------------------------------------------------------------------------------------------------
2019-06-21 09:34:18,724 EPOCH 44 done: loss 0.5939 - lr 0.0031 - bad epochs 3
2019-06-21 09:34:44,974 TEST : loss 1.0946464538574219 - score 0.8806
2019-06-21 09:34:48,000 ----------------------------------------------------------------------------------------------------
2019-06-21 09:34:50,164 epoch 45 - iter 0/143 - loss 0.21299195
2019-06-21 09:35:04,104 epoch 45 - iter 14/143 - loss 0.61063919
2019-06-21 09:35:17,440 epoch 45 - iter 28/143 - loss 0.55502297
2019-06-21 09:35:29,381 epoch 45 - iter 42/143 - loss 0.55442182
2019-06-21 09:35:43,928 epoch 45 - iter 56/143 - loss 0.60912154
2019-06-21 09:35:57,237 epoch 45 - iter 70/143 - loss 0.60971282
2019-06-21 09:36:09,055 epoch 45 - iter 84/143 - loss 0.58577629
2019-06-21 09:36:21,376 epoch 45 - iter 98/143 - loss 0.60109120
2019-06-21 09:36:33,890 epoch 45 - iter 112/143 - loss 0.59028217
2019-06-21 09:36:47,689 epoch 45 - iter 126/143 - loss 0.59880051
2019-06-21 09:37:00,336 epoch 45 - iter 140/143 - loss 0.59743041
2019-06-21 09:37:01,723 ----------------------------------------------------------------------------------------------------
2019-06-21 09:37:01,724 EPOCH 45 done: loss 0.5978 - lr 0.0016 - bad epochs 0
2019-06-21 09:37:27,589 TEST : loss 1.0900709629058838 - score 0.8814
2019-06-21 09:37:30,647 ----------------------------------------------------------------------------------------------------
2019-06-21 09:37:32,867 epoch 46 - iter 0/143 - loss 0.88735509
2019-06-21 09:37:46,080 epoch 46 - iter 14/143 - loss 0.53284898
2019-06-21 09:37:58,380 epoch 46 - iter 28/143 - loss 0.51916841
2019-06-21 09:38:10,173 epoch 46 - iter 42/143 - loss 0.51919557
2019-06-21 09:38:22,492 epoch 46 - iter 56/143 - loss 0.50532100
2019-06-21 09:38:37,737 epoch 46 - iter 70/143 - loss 0.51030946
2019-06-21 09:38:50,347 epoch 46 - iter 84/143 - loss 0.52041699
2019-06-21 09:39:02,103 epoch 46 - iter 98/143 - loss 0.51366641
2019-06-21 09:39:14,835 epoch 46 - iter 112/143 - loss 0.51712715
2019-06-21 09:39:29,207 epoch 46 - iter 126/143 - loss 0.52812157
2019-06-21 09:39:44,624 epoch 46 - iter 140/143 - loss 0.53675600
2019-06-21 09:39:46,012 ----------------------------------------------------------------------------------------------------
2019-06-21 09:39:46,013 EPOCH 46 done: loss 0.5408 - lr 0.0016 - bad epochs 1
2019-06-21 09:40:12,459 TEST : loss 1.091968059539795 - score 0.8814
2019-06-21 09:40:15,543 ----------------------------------------------------------------------------------------------------
2019-06-21 09:40:17,506 epoch 47 - iter 0/143 - loss 0.44735146
2019-06-21 09:40:30,383 epoch 47 - iter 14/143 - loss 0.61743260
2019-06-21 09:40:42,655 epoch 47 - iter 28/143 - loss 0.58994945
2019-06-21 09:40:55,683 epoch 47 - iter 42/143 - loss 0.58064914
2019-06-21 09:41:08,093 epoch 47 - iter 56/143 - loss 0.55748760
2019-06-21 09:41:22,703 epoch 47 - iter 70/143 - loss 0.55218100
2019-06-21 09:41:35,563 epoch 47 - iter 84/143 - loss 0.55531776
2019-06-21 09:41:47,596 epoch 47 - iter 98/143 - loss 0.57820471
2019-06-21 09:42:00,319 epoch 47 - iter 112/143 - loss 0.59157299
2019-06-21 09:42:12,386 epoch 47 - iter 126/143 - loss 0.58939040
2019-06-21 09:42:26,584 epoch 47 - iter 140/143 - loss 0.57467210
2019-06-21 09:42:28,383 ----------------------------------------------------------------------------------------------------
2019-06-21 09:42:28,386 EPOCH 47 done: loss 0.5722 - lr 0.0016 - bad epochs 0
2019-06-21 09:42:54,578 TEST : loss 1.0923504829406738 - score 0.8815
2019-06-21 09:42:57,608 ----------------------------------------------------------------------------------------------------
2019-06-21 09:42:59,751 epoch 48 - iter 0/143 - loss 0.51064610
2019-06-21 09:43:12,946 epoch 48 - iter 14/143 - loss 0.59048248
2019-06-21 09:43:25,160 epoch 48 - iter 28/143 - loss 0.63271909
2019-06-21 09:43:37,682 epoch 48 - iter 42/143 - loss 0.63909778
2019-06-21 09:43:49,287 epoch 48 - iter 56/143 - loss 0.61751768
2019-06-21 09:44:02,390 epoch 48 - iter 70/143 - loss 0.59951066
2019-06-21 09:44:18,269 epoch 48 - iter 84/143 - loss 0.60615235
2019-06-21 09:44:30,634 epoch 48 - iter 98/143 - loss 0.60374194
2019-06-21 09:44:42,890 epoch 48 - iter 112/143 - loss 0.59308351
2019-06-21 09:44:55,115 epoch 48 - iter 126/143 - loss 0.59251723
2019-06-21 09:45:07,223 epoch 48 - iter 140/143 - loss 0.57974144
2019-06-21 09:45:08,649 ----------------------------------------------------------------------------------------------------
2019-06-21 09:45:08,650 EPOCH 48 done: loss 0.5851 - lr 0.0016 - bad epochs 1
2019-06-21 09:45:36,571 TEST : loss 1.0951082706451416 - score 0.8807
2019-06-21 09:45:39,654 ----------------------------------------------------------------------------------------------------
2019-06-21 09:45:41,790 epoch 49 - iter 0/143 - loss 0.56088114
2019-06-21 09:45:56,805 epoch 49 - iter 14/143 - loss 0.61517779
2019-06-21 09:46:09,025 epoch 49 - iter 28/143 - loss 0.64794083
2019-06-21 09:46:21,845 epoch 49 - iter 42/143 - loss 0.59117628
2019-06-21 09:46:34,043 epoch 49 - iter 56/143 - loss 0.59590370
2019-06-21 09:46:47,256 epoch 49 - iter 70/143 - loss 0.61365802
2019-06-21 09:47:03,364 epoch 49 - iter 84/143 - loss 0.60175442
2019-06-21 09:47:16,163 epoch 49 - iter 98/143 - loss 0.59739645
2019-06-21 09:47:28,537 epoch 49 - iter 112/143 - loss 0.59419009
2019-06-21 09:47:40,873 epoch 49 - iter 126/143 - loss 0.58964179
2019-06-21 09:47:53,271 epoch 49 - iter 140/143 - loss 0.58311995
2019-06-21 09:47:55,038 ----------------------------------------------------------------------------------------------------
2019-06-21 09:47:55,038 EPOCH 49 done: loss 0.5879 - lr 0.0016 - bad epochs 2
2019-06-21 09:48:22,425 TEST : loss 1.0918570756912231 - score 0.8815
2019-06-21 09:48:25,505 ----------------------------------------------------------------------------------------------------
2019-06-21 09:48:27,913 epoch 50 - iter 0/143 - loss 1.04621172
2019-06-21 09:48:43,897 epoch 50 - iter 14/143 - loss 0.65453449
2019-06-21 09:48:56,719 epoch 50 - iter 28/143 - loss 0.65360839
2019-06-21 09:49:08,820 epoch 50 - iter 42/143 - loss 0.60060388
2019-06-21 09:49:20,581 epoch 50 - iter 56/143 - loss 0.58595644
2019-06-21 09:49:32,323 epoch 50 - iter 70/143 - loss 0.59080223
2019-06-21 09:49:48,272 epoch 50 - iter 84/143 - loss 0.58046247
2019-06-21 09:50:00,942 epoch 50 - iter 98/143 - loss 0.57330694
2019-06-21 09:50:12,931 epoch 50 - iter 112/143 - loss 0.57521003
2019-06-21 09:50:24,963 epoch 50 - iter 126/143 - loss 0.58059198
2019-06-21 09:50:36,097 epoch 50 - iter 140/143 - loss 0.57077505
2019-06-21 09:50:37,528 ----------------------------------------------------------------------------------------------------
2019-06-21 09:50:37,528 EPOCH 50 done: loss 0.5682 - lr 0.0016 - bad epochs 3
2019-06-21 09:51:04,853 TEST : loss 1.0894198417663574 - score 0.8821
2019-06-21 09:51:07,913 ----------------------------------------------------------------------------------------------------
2019-06-21 09:51:09,864 epoch 51 - iter 0/143 - loss 0.27451420
2019-06-21 09:51:23,264 epoch 51 - iter 14/143 - loss 0.62956324
2019-06-21 09:51:37,304 epoch 51 - iter 28/143 - loss 0.54542854
2019-06-21 09:51:49,250 epoch 51 - iter 42/143 - loss 0.55194758
2019-06-21 09:52:02,820 epoch 51 - iter 56/143 - loss 0.52444313
2019-06-21 09:52:13,922 epoch 51 - iter 70/143 - loss 0.52365964
2019-06-21 09:52:26,398 epoch 51 - iter 84/143 - loss 0.51250060
2019-06-21 09:52:40,900 epoch 51 - iter 98/143 - loss 0.53686301
2019-06-21 09:52:53,386 epoch 51 - iter 112/143 - loss 0.55564399
2019-06-21 09:53:05,643 epoch 51 - iter 126/143 - loss 0.55825010
2019-06-21 09:53:18,540 epoch 51 - iter 140/143 - loss 0.56919045
2019-06-21 09:53:20,048 ----------------------------------------------------------------------------------------------------
2019-06-21 09:53:20,051 EPOCH 51 done: loss 0.5707 - lr 0.0008 - bad epochs 0
2019-06-21 09:53:47,459 TEST : loss 1.0915745496749878 - score 0.8817
2019-06-21 09:53:50,543 ----------------------------------------------------------------------------------------------------
2019-06-21 09:53:53,090 epoch 52 - iter 0/143 - loss 0.68372273
2019-06-21 09:54:08,382 epoch 52 - iter 14/143 - loss 0.59032358
2019-06-21 09:54:23,732 epoch 52 - iter 28/143 - loss 0.58498016
2019-06-21 09:54:36,533 epoch 52 - iter 42/143 - loss 0.54697966
2019-06-21 09:54:49,120 epoch 52 - iter 56/143 - loss 0.54340354
2019-06-21 09:55:01,969 epoch 52 - iter 70/143 - loss 0.53754796
2019-06-21 09:55:14,514 epoch 52 - iter 84/143 - loss 0.53629706
2019-06-21 09:55:28,753 epoch 52 - iter 98/143 - loss 0.52628905
2019-06-21 09:55:40,005 epoch 52 - iter 112/143 - loss 0.53853118
2019-06-21 09:55:52,558 epoch 52 - iter 126/143 - loss 0.53784602
2019-06-21 09:56:06,079 epoch 52 - iter 140/143 - loss 0.53066740
2019-06-21 09:56:07,596 ----------------------------------------------------------------------------------------------------
2019-06-21 09:56:07,600 EPOCH 52 done: loss 0.5260 - lr 0.0008 - bad epochs 1
2019-06-21 09:56:34,895 TEST : loss 1.091095209121704 - score 0.882
2019-06-21 09:56:37,990 ----------------------------------------------------------------------------------------------------
2019-06-21 09:56:40,374 epoch 53 - iter 0/143 - loss 0.37039304
2019-06-21 09:56:53,873 epoch 53 - iter 14/143 - loss 0.60805791
2019-06-21 09:57:06,414 epoch 53 - iter 28/143 - loss 0.60439822
2019-06-21 09:57:20,380 epoch 53 - iter 42/143 - loss 0.54911826
2019-06-21 09:57:34,071 epoch 53 - iter 56/143 - loss 0.54716805
2019-06-21 09:57:48,069 epoch 53 - iter 70/143 - loss 0.54740289
2019-06-21 09:58:01,371 epoch 53 - iter 84/143 - loss 0.53992834
2019-06-21 09:58:13,267 epoch 53 - iter 98/143 - loss 0.54979382
2019-06-21 09:58:28,339 epoch 53 - iter 112/143 - loss 0.57091189
2019-06-21 09:58:40,500 epoch 53 - iter 126/143 - loss 0.56825733
2019-06-21 09:58:52,109 epoch 53 - iter 140/143 - loss 0.56538546
2019-06-21 09:58:53,634 ----------------------------------------------------------------------------------------------------
2019-06-21 09:58:53,637 EPOCH 53 done: loss 0.5647 - lr 0.0008 - bad epochs 0
2019-06-21 09:59:20,791 TEST : loss 1.089634656906128 - score 0.8824
2019-06-21 09:59:23,907 ----------------------------------------------------------------------------------------------------
2019-06-21 09:59:26,422 epoch 54 - iter 0/143 - loss 0.41236615
2019-06-21 09:59:39,496 epoch 54 - iter 14/143 - loss 0.50959285
2019-06-21 09:59:51,773 epoch 54 - iter 28/143 - loss 0.60103953
2019-06-21 10:00:05,807 epoch 54 - iter 42/143 - loss 0.57090012
2019-06-21 10:00:18,678 epoch 54 - iter 56/143 - loss 0.59359441
2019-06-21 10:00:30,518 epoch 54 - iter 70/143 - loss 0.59025276
2019-06-21 10:00:43,078 epoch 54 - iter 84/143 - loss 0.57588020
2019-06-21 10:00:55,143 epoch 54 - iter 98/143 - loss 0.56999105
2019-06-21 10:01:09,656 epoch 54 - iter 112/143 - loss 0.56049021
2019-06-21 10:01:21,509 epoch 54 - iter 126/143 - loss 0.54623709
2019-06-21 10:01:33,760 epoch 54 - iter 140/143 - loss 0.54875300
2019-06-21 10:01:35,242 ----------------------------------------------------------------------------------------------------
2019-06-21 10:01:35,244 EPOCH 54 done: loss 0.5465 - lr 0.0008 - bad epochs 1
2019-06-21 10:02:02,309 TEST : loss 1.088706612586975 - score 0.8823
2019-06-21 10:02:05,362 ----------------------------------------------------------------------------------------------------
2019-06-21 10:02:07,646 epoch 55 - iter 0/143 - loss 0.81465459
2019-06-21 10:02:21,345 epoch 55 - iter 14/143 - loss 0.59103754
2019-06-21 10:02:33,107 epoch 55 - iter 28/143 - loss 0.59140384
2019-06-21 10:02:44,261 epoch 55 - iter 42/143 - loss 0.57514871
2019-06-21 10:02:58,927 epoch 55 - iter 56/143 - loss 0.59837411
2019-06-21 10:03:12,167 epoch 55 - iter 70/143 - loss 0.58105170
2019-06-21 10:03:24,682 epoch 55 - iter 84/143 - loss 0.56872177
2019-06-21 10:03:37,408 epoch 55 - iter 98/143 - loss 0.57305568
2019-06-21 10:03:50,925 epoch 55 - iter 112/143 - loss 0.56770437
2019-06-21 10:04:05,080 epoch 55 - iter 126/143 - loss 0.57553412
2019-06-21 10:04:18,696 epoch 55 - iter 140/143 - loss 0.58331998
2019-06-21 10:04:20,035 ----------------------------------------------------------------------------------------------------
2019-06-21 10:04:20,038 EPOCH 55 done: loss 0.5834 - lr 0.0008 - bad epochs 2
2019-06-21 10:04:46,460 TEST : loss 1.0880753993988037 - score 0.8818
2019-06-21 10:04:49,603 ----------------------------------------------------------------------------------------------------
2019-06-21 10:04:51,700 epoch 56 - iter 0/143 - loss 0.97190714
2019-06-21 10:05:05,863 epoch 56 - iter 14/143 - loss 0.70828842
2019-06-21 10:05:18,799 epoch 56 - iter 28/143 - loss 0.65764526
2019-06-21 10:05:30,863 epoch 56 - iter 42/143 - loss 0.62750269
2019-06-21 10:05:45,704 epoch 56 - iter 56/143 - loss 0.61030863
2019-06-21 10:05:58,216 epoch 56 - iter 70/143 - loss 0.57340562
2019-06-21 10:06:11,279 epoch 56 - iter 84/143 - loss 0.56499375
2019-06-21 10:06:23,174 epoch 56 - iter 98/143 - loss 0.58312940
2019-06-21 10:06:35,182 epoch 56 - iter 112/143 - loss 0.59093044
2019-06-21 10:06:47,780 epoch 56 - iter 126/143 - loss 0.59392235
2019-06-21 10:07:01,922 epoch 56 - iter 140/143 - loss 0.60284033
2019-06-21 10:07:03,269 ----------------------------------------------------------------------------------------------------
2019-06-21 10:07:03,272 EPOCH 56 done: loss 0.5998 - lr 0.0008 - bad epochs 3
2019-06-21 10:07:30,137 TEST : loss 1.0892579555511475 - score 0.882
2019-06-21 10:07:33,237 ----------------------------------------------------------------------------------------------------
2019-06-21 10:07:35,634 epoch 57 - iter 0/143 - loss 0.39366567
2019-06-21 10:07:48,785 epoch 57 - iter 14/143 - loss 0.43965425
2019-06-21 10:08:01,639 epoch 57 - iter 28/143 - loss 0.42007441
2019-06-21 10:08:14,397 epoch 57 - iter 42/143 - loss 0.45949197
2019-06-21 10:08:27,884 epoch 57 - iter 56/143 - loss 0.49959036
2019-06-21 10:08:44,324 epoch 57 - iter 70/143 - loss 0.51725838
2019-06-21 10:08:56,848 epoch 57 - iter 84/143 - loss 0.51863245
2019-06-21 10:09:09,184 epoch 57 - iter 98/143 - loss 0.52306450
2019-06-21 10:09:21,207 epoch 57 - iter 112/143 - loss 0.51834989
2019-06-21 10:09:33,239 epoch 57 - iter 126/143 - loss 0.52004032
2019-06-21 10:09:47,473 epoch 57 - iter 140/143 - loss 0.51888147
2019-06-21 10:09:48,828 ----------------------------------------------------------------------------------------------------
2019-06-21 10:09:48,830 EPOCH 57 done: loss 0.5183 - lr 0.0004 - bad epochs 0
2019-06-21 10:10:15,325 TEST : loss 1.0891461372375488 - score 0.8818
2019-06-21 10:10:18,374 ----------------------------------------------------------------------------------------------------
2019-06-21 10:10:20,876 epoch 58 - iter 0/143 - loss 0.62114835
2019-06-21 10:10:36,009 epoch 58 - iter 14/143 - loss 0.48637694
2019-06-21 10:10:48,855 epoch 58 - iter 28/143 - loss 0.50045167
2019-06-21 10:11:00,928 epoch 58 - iter 42/143 - loss 0.53733816
2019-06-21 10:11:12,896 epoch 58 - iter 56/143 - loss 0.53890802
2019-06-21 10:11:27,056 epoch 58 - iter 70/143 - loss 0.54515063
2019-06-21 10:11:38,832 epoch 58 - iter 84/143 - loss 0.54434544
2019-06-21 10:11:51,410 epoch 58 - iter 98/143 - loss 0.54482856
2019-06-21 10:12:03,446 epoch 58 - iter 112/143 - loss 0.55454123
2019-06-21 10:12:15,764 epoch 58 - iter 126/143 - loss 0.55635928
2019-06-21 10:12:30,293 epoch 58 - iter 140/143 - loss 0.56696191
2019-06-21 10:12:31,946 ----------------------------------------------------------------------------------------------------
2019-06-21 10:12:31,949 EPOCH 58 done: loss 0.5668 - lr 0.0004 - bad epochs 0
2019-06-21 10:12:56,537 TEST : loss 1.0903031826019287 - score 0.8818
2019-06-21 10:12:59,634 ----------------------------------------------------------------------------------------------------
2019-06-21 10:13:03,726 epoch 59 - iter 0/143 - loss 0.18218553
2019-06-21 10:13:16,261 epoch 59 - iter 14/143 - loss 0.57558663
2019-06-21 10:13:28,135 epoch 59 - iter 28/143 - loss 0.62961468
2019-06-21 10:13:40,298 epoch 59 - iter 42/143 - loss 0.65234547
2019-06-21 10:13:53,378 epoch 59 - iter 56/143 - loss 0.62861424
2019-06-21 10:14:06,003 epoch 59 - iter 70/143 - loss 0.62128290
2019-06-21 10:14:20,860 epoch 59 - iter 84/143 - loss 0.62289865
2019-06-21 10:14:33,302 epoch 59 - iter 98/143 - loss 0.61904889
2019-06-21 10:14:45,334 epoch 59 - iter 112/143 - loss 0.61253689
2019-06-21 10:14:57,674 epoch 59 - iter 126/143 - loss 0.62896258
2019-06-21 10:15:09,966 epoch 59 - iter 140/143 - loss 0.61663600
2019-06-21 10:15:11,240 ----------------------------------------------------------------------------------------------------
2019-06-21 10:15:11,241 EPOCH 59 done: loss 0.6195 - lr 0.0004 - bad epochs 1
2019-06-21 10:15:38,902 TEST : loss 1.090206265449524 - score 0.8815
2019-06-21 10:15:41,991 ----------------------------------------------------------------------------------------------------
2019-06-21 10:15:44,296 epoch 60 - iter 0/143 - loss 0.51137948
2019-06-21 10:15:59,004 epoch 60 - iter 14/143 - loss 0.50021948
2019-06-21 10:16:11,980 epoch 60 - iter 28/143 - loss 0.52942749
2019-06-21 10:16:24,890 epoch 60 - iter 42/143 - loss 0.55313903
2019-06-21 10:16:38,038 epoch 60 - iter 56/143 - loss 0.56408708
2019-06-21 10:16:50,077 epoch 60 - iter 70/143 - loss 0.56900509
2019-06-21 10:17:04,874 epoch 60 - iter 84/143 - loss 0.56832090
2019-06-21 10:17:17,377 epoch 60 - iter 98/143 - loss 0.60554476
2019-06-21 10:17:28,879 epoch 60 - iter 112/143 - loss 0.61116161
2019-06-21 10:17:40,633 epoch 60 - iter 126/143 - loss 0.60236834
2019-06-21 10:17:52,782 epoch 60 - iter 140/143 - loss 0.60620599
2019-06-21 10:17:54,245 ----------------------------------------------------------------------------------------------------
2019-06-21 10:17:54,247 EPOCH 60 done: loss 0.6016 - lr 0.0004 - bad epochs 2
2019-06-21 10:18:22,481 TEST : loss 1.0898443460464478 - score 0.8816
2019-06-21 10:18:25,563 ----------------------------------------------------------------------------------------------------
2019-06-21 10:18:27,828 epoch 61 - iter 0/143 - loss 0.79460454
2019-06-21 10:18:42,464 epoch 61 - iter 14/143 - loss 0.46744912
2019-06-21 10:18:55,889 epoch 61 - iter 28/143 - loss 0.45565113
2019-06-21 10:19:08,348 epoch 61 - iter 42/143 - loss 0.48272026
2019-06-21 10:19:21,426 epoch 61 - iter 56/143 - loss 0.54506214
2019-06-21 10:19:33,517 epoch 61 - iter 70/143 - loss 0.52822101
2019-06-21 10:19:47,328 epoch 61 - iter 84/143 - loss 0.52222915
2019-06-21 10:19:59,503 epoch 61 - iter 98/143 - loss 0.53239932
2019-06-21 10:20:11,127 epoch 61 - iter 112/143 - loss 0.52965127
2019-06-21 10:20:23,091 epoch 61 - iter 126/143 - loss 0.52837050
2019-06-21 10:20:34,734 epoch 61 - iter 140/143 - loss 0.53271190
2019-06-21 10:20:36,034 ----------------------------------------------------------------------------------------------------
2019-06-21 10:20:36,036 EPOCH 61 done: loss 0.5325 - lr 0.0004 - bad epochs 3
2019-06-21 10:21:04,478 TEST : loss 1.088943362236023 - score 0.8816
2019-06-21 10:21:07,576 ----------------------------------------------------------------------------------------------------
2019-06-21 10:21:10,238 epoch 62 - iter 0/143 - loss 0.68047738
2019-06-21 10:21:24,564 epoch 62 - iter 14/143 - loss 0.53053893
2019-06-21 10:21:36,889 epoch 62 - iter 28/143 - loss 0.54796105
2019-06-21 10:21:49,085 epoch 62 - iter 42/143 - loss 0.56659437
2019-06-21 10:22:01,157 epoch 62 - iter 56/143 - loss 0.57139331
2019-06-21 10:22:13,173 epoch 62 - iter 70/143 - loss 0.55177017
2019-06-21 10:22:28,129 epoch 62 - iter 84/143 - loss 0.54939797
2019-06-21 10:22:39,995 epoch 62 - iter 98/143 - loss 0.54513523
2019-06-21 10:22:52,112 epoch 62 - iter 112/143 - loss 0.55441943
2019-06-21 10:23:04,878 epoch 62 - iter 126/143 - loss 0.53950543
2019-06-21 10:23:17,213 epoch 62 - iter 140/143 - loss 0.53455932
2019-06-21 10:23:18,580 ----------------------------------------------------------------------------------------------------
2019-06-21 10:23:18,582 EPOCH 62 done: loss 0.5303 - lr 0.0002 - bad epochs 0
2019-06-21 10:23:47,071 TEST : loss 1.0893938541412354 - score 0.8816
2019-06-21 10:23:50,167 ----------------------------------------------------------------------------------------------------
2019-06-21 10:23:52,706 epoch 63 - iter 0/143 - loss 0.30696464
2019-06-21 10:24:06,760 epoch 63 - iter 14/143 - loss 0.61629282
2019-06-21 10:24:19,136 epoch 63 - iter 28/143 - loss 0.57683120
2019-06-21 10:24:31,542 epoch 63 - iter 42/143 - loss 0.56785444
2019-06-21 10:24:44,639 epoch 63 - iter 56/143 - loss 0.56480048
2019-06-21 10:24:58,443 epoch 63 - iter 70/143 - loss 0.54025157
2019-06-21 10:25:13,632 epoch 63 - iter 84/143 - loss 0.55100862
2019-06-21 10:25:25,916 epoch 63 - iter 98/143 - loss 0.55641647
2019-06-21 10:25:37,897 epoch 63 - iter 112/143 - loss 0.53469267
2019-06-21 10:25:51,029 epoch 63 - iter 126/143 - loss 0.53521152
2019-06-21 10:26:03,363 epoch 63 - iter 140/143 - loss 0.53843775
2019-06-21 10:26:04,955 ----------------------------------------------------------------------------------------------------
2019-06-21 10:26:04,958 EPOCH 63 done: loss 0.5408 - lr 0.0002 - bad epochs 1
2019-06-21 10:26:33,065 TEST : loss 1.090072751045227 - score 0.8814
2019-06-21 10:26:36,110 ----------------------------------------------------------------------------------------------------
2019-06-21 10:26:38,366 epoch 64 - iter 0/143 - loss 1.06996274
2019-06-21 10:26:52,769 epoch 64 - iter 14/143 - loss 0.63475181
2019-06-21 10:27:05,731 epoch 64 - iter 28/143 - loss 0.61287151
2019-06-21 10:27:18,547 epoch 64 - iter 42/143 - loss 0.58769641
2019-06-21 10:27:30,757 epoch 64 - iter 56/143 - loss 0.59545239
2019-06-21 10:27:42,587 epoch 64 - iter 70/143 - loss 0.57755747
2019-06-21 10:27:54,873 epoch 64 - iter 84/143 - loss 0.56113628
2019-06-21 10:28:11,247 epoch 64 - iter 98/143 - loss 0.56200170
2019-06-21 10:28:22,956 epoch 64 - iter 112/143 - loss 0.55276494
2019-06-21 10:28:35,133 epoch 64 - iter 126/143 - loss 0.56226305
2019-06-21 10:28:46,813 epoch 64 - iter 140/143 - loss 0.55161135
2019-06-21 10:28:48,397 ----------------------------------------------------------------------------------------------------
2019-06-21 10:28:48,399 EPOCH 64 done: loss 0.5591 - lr 0.0002 - bad epochs 2
2019-06-21 10:29:16,153 TEST : loss 1.0897983312606812 - score 0.8814
2019-06-21 10:29:19,252 ----------------------------------------------------------------------------------------------------
2019-06-21 10:29:21,301 epoch 65 - iter 0/143 - loss 0.63152027
2019-06-21 10:29:34,833 epoch 65 - iter 14/143 - loss 0.53276820
2019-06-21 10:29:50,542 epoch 65 - iter 28/143 - loss 0.57735083
2019-06-21 10:30:03,207 epoch 65 - iter 42/143 - loss 0.56621310
2019-06-21 10:30:15,680 epoch 65 - iter 56/143 - loss 0.58292045
2019-06-21 10:30:27,984 epoch 65 - iter 70/143 - loss 0.56752500
2019-06-21 10:30:41,656 epoch 65 - iter 84/143 - loss 0.57155534
2019-06-21 10:30:57,066 epoch 65 - iter 98/143 - loss 0.57488226
2019-06-21 10:31:09,294 epoch 65 - iter 112/143 - loss 0.58260627
2019-06-21 10:31:21,416 epoch 65 - iter 126/143 - loss 0.57984512
2019-06-21 10:31:34,238 epoch 65 - iter 140/143 - loss 0.56994736
2019-06-21 10:31:35,994 ----------------------------------------------------------------------------------------------------
2019-06-21 10:31:35,995 EPOCH 65 done: loss 0.5741 - lr 0.0002 - bad epochs 3
2019-06-21 10:32:03,846 TEST : loss 1.0894831418991089 - score 0.8814
2019-06-21 10:32:06,955 ----------------------------------------------------------------------------------------------------
2019-06-21 10:32:06,955 ----------------------------------------------------------------------------------------------------
2019-06-21 10:32:06,955 learning rate too small - quitting training!
2019-06-21 10:32:06,955 ----------------------------------------------------------------------------------------------------
2019-06-21 10:32:09,745 ----------------------------------------------------------------------------------------------------
2019-06-21 10:32:09,746 Testing using best model ...
2019-06-21 10:32:36,450 0.8775	0.8854	0.8814
2019-06-21 10:32:36,451 
MICRO_AVG: acc 0.788 - f1-score 0.8814
MACRO_AVG: acc 0.788 - f1-score 0.8814
ITEM       tp: 2829 - fp: 395 - fn: 366 - tn: 2829 - precision: 0.8775 - recall: 0.8854 - accuracy: 0.7880 - f1-score: 0.8814
2019-06-21 10:32:36,451 ----------------------------------------------------------------------------------------------------
