2019-06-20 15:46:10,533 ----------------------------------------------------------------------------------------------------
2019-06-20 15:46:10,533 Evaluation method: MICRO_F1_SCORE
2019-06-20 15:46:10,607 ----------------------------------------------------------------------------------------------------
2019-06-20 15:46:11,044 epoch 1 - iter 0/143 - loss 1.01619577
2019-06-20 15:46:15,910 epoch 1 - iter 14/143 - loss 1.34397759
2019-06-20 15:46:20,516 epoch 1 - iter 28/143 - loss 1.19749001
2019-06-20 15:46:24,860 epoch 1 - iter 42/143 - loss 1.17487002
2019-06-20 15:46:29,666 epoch 1 - iter 56/143 - loss 1.14513017
2019-06-20 15:46:35,161 epoch 1 - iter 70/143 - loss 1.15601041
2019-06-20 15:46:39,609 epoch 1 - iter 84/143 - loss 1.19243028
2019-06-20 15:46:44,192 epoch 1 - iter 98/143 - loss 1.18686497
2019-06-20 15:46:48,787 epoch 1 - iter 112/143 - loss 1.19419845
2019-06-20 15:46:53,513 epoch 1 - iter 126/143 - loss 1.18995786
2019-06-20 15:46:57,856 epoch 1 - iter 140/143 - loss 1.20719478
2019-06-20 15:46:58,679 ----------------------------------------------------------------------------------------------------
2019-06-20 15:46:58,680 EPOCH 1 done: loss 1.2142 - lr 0.1000 - bad epochs 0
2019-06-20 15:47:12,650 TEST : loss 1.313015341758728 - score 0.8195
2019-06-20 15:47:15,103 ----------------------------------------------------------------------------------------------------
2019-06-20 15:47:15,542 epoch 2 - iter 0/143 - loss 0.82635832
2019-06-20 15:47:20,523 epoch 2 - iter 14/143 - loss 1.19210482
2019-06-20 15:47:26,003 epoch 2 - iter 28/143 - loss 1.19140819
2019-06-20 15:47:30,756 epoch 2 - iter 42/143 - loss 1.22132331
2019-06-20 15:47:35,146 epoch 2 - iter 56/143 - loss 1.17767338
2019-06-20 15:47:39,776 epoch 2 - iter 70/143 - loss 1.19058405
2019-06-20 15:47:44,364 epoch 2 - iter 84/143 - loss 1.18289145
2019-06-20 15:47:48,972 epoch 2 - iter 98/143 - loss 1.18054679
2019-06-20 15:47:54,245 epoch 2 - iter 112/143 - loss 1.19427360
2019-06-20 15:47:59,197 epoch 2 - iter 126/143 - loss 1.22283481
2019-06-20 15:48:03,891 epoch 2 - iter 140/143 - loss 1.23167909
2019-06-20 15:48:04,498 ----------------------------------------------------------------------------------------------------
2019-06-20 15:48:04,498 EPOCH 2 done: loss 1.2289 - lr 0.1000 - bad epochs 0
2019-06-20 15:48:18,293 TEST : loss 1.2379175424575806 - score 0.8392
2019-06-20 15:48:21,029 ----------------------------------------------------------------------------------------------------
2019-06-20 15:48:21,489 epoch 3 - iter 0/143 - loss 1.17128825
2019-06-20 15:48:26,508 epoch 3 - iter 14/143 - loss 1.38492477
2019-06-20 15:48:31,419 epoch 3 - iter 28/143 - loss 1.36232414
2019-06-20 15:48:35,947 epoch 3 - iter 42/143 - loss 1.32351995
2019-06-20 15:48:41,754 epoch 3 - iter 56/143 - loss 1.29416934
2019-06-20 15:48:46,455 epoch 3 - iter 70/143 - loss 1.27009812
2019-06-20 15:48:50,800 epoch 3 - iter 84/143 - loss 1.26465941
2019-06-20 15:48:55,107 epoch 3 - iter 98/143 - loss 1.25030924
2019-06-20 15:49:00,137 epoch 3 - iter 112/143 - loss 1.25241562
2019-06-20 15:49:04,403 epoch 3 - iter 126/143 - loss 1.25865328
2019-06-20 15:49:10,379 epoch 3 - iter 140/143 - loss 1.26045015
2019-06-20 15:49:11,008 ----------------------------------------------------------------------------------------------------
2019-06-20 15:49:11,008 EPOCH 3 done: loss 1.2625 - lr 0.1000 - bad epochs 1
2019-06-20 15:49:23,747 TEST : loss 1.4653666019439697 - score 0.8007
2019-06-20 15:49:26,518 ----------------------------------------------------------------------------------------------------
2019-06-20 15:49:27,031 epoch 4 - iter 0/143 - loss 0.83550525
2019-06-20 15:49:33,211 epoch 4 - iter 14/143 - loss 1.19721385
2019-06-20 15:49:37,644 epoch 4 - iter 28/143 - loss 1.28799909
2019-06-20 15:49:42,196 epoch 4 - iter 42/143 - loss 1.32235003
2019-06-20 15:49:46,860 epoch 4 - iter 56/143 - loss 1.28031623
2019-06-20 15:49:51,671 epoch 4 - iter 70/143 - loss 1.26060526
2019-06-20 15:49:56,896 epoch 4 - iter 84/143 - loss 1.28324330
2019-06-20 15:50:01,637 epoch 4 - iter 98/143 - loss 1.28787233
2019-06-20 15:50:06,278 epoch 4 - iter 112/143 - loss 1.26580923
2019-06-20 15:50:10,782 epoch 4 - iter 126/143 - loss 1.26297807
2019-06-20 15:50:15,545 epoch 4 - iter 140/143 - loss 1.25188637
2019-06-20 15:50:16,198 ----------------------------------------------------------------------------------------------------
2019-06-20 15:50:16,199 EPOCH 4 done: loss 1.2492 - lr 0.1000 - bad epochs 2
2019-06-20 15:50:30,120 TEST : loss 1.4569936990737915 - score 0.809
2019-06-20 15:50:32,902 ----------------------------------------------------------------------------------------------------
2019-06-20 15:50:33,335 epoch 5 - iter 0/143 - loss 1.61698437
2019-06-20 15:50:38,214 epoch 5 - iter 14/143 - loss 1.30920000
2019-06-20 15:50:43,204 epoch 5 - iter 28/143 - loss 1.23237048
2019-06-20 15:50:48,815 epoch 5 - iter 42/143 - loss 1.26341945
2019-06-20 15:50:52,957 epoch 5 - iter 56/143 - loss 1.28273848
2019-06-20 15:50:57,666 epoch 5 - iter 70/143 - loss 1.25919265
2019-06-20 15:51:02,077 epoch 5 - iter 84/143 - loss 1.23462718
2019-06-20 15:51:06,477 epoch 5 - iter 98/143 - loss 1.20742048
2019-06-20 15:51:11,478 epoch 5 - iter 112/143 - loss 1.21024779
2019-06-20 15:51:17,133 epoch 5 - iter 126/143 - loss 1.20177433
2019-06-20 15:51:21,979 epoch 5 - iter 140/143 - loss 1.22447988
2019-06-20 15:51:22,516 ----------------------------------------------------------------------------------------------------
2019-06-20 15:51:22,517 EPOCH 5 done: loss 1.2201 - lr 0.1000 - bad epochs 3
2019-06-20 15:51:36,396 TEST : loss 1.4592559337615967 - score 0.8226
2019-06-20 15:51:39,172 ----------------------------------------------------------------------------------------------------
2019-06-20 15:51:39,748 epoch 6 - iter 0/143 - loss 1.03739679
2019-06-20 15:51:43,681 epoch 6 - iter 14/143 - loss 1.05036576
2019-06-20 15:51:47,565 epoch 6 - iter 28/143 - loss 1.06395525
2019-06-20 15:51:52,194 epoch 6 - iter 42/143 - loss 1.07470919
2019-06-20 15:51:56,968 epoch 6 - iter 56/143 - loss 1.08912129
2019-06-20 15:52:01,579 epoch 6 - iter 70/143 - loss 1.10553472
2019-06-20 15:52:07,827 epoch 6 - iter 84/143 - loss 1.11739611
2019-06-20 15:52:13,142 epoch 6 - iter 98/143 - loss 1.12304792
2019-06-20 15:52:17,428 epoch 6 - iter 112/143 - loss 1.14849259
2019-06-20 15:52:22,227 epoch 6 - iter 126/143 - loss 1.14550841
2019-06-20 15:52:27,063 epoch 6 - iter 140/143 - loss 1.15068612
2019-06-20 15:52:27,487 ----------------------------------------------------------------------------------------------------
2019-06-20 15:52:27,488 EPOCH 6 done: loss 1.1474 - lr 0.0500 - bad epochs 0
2019-06-20 15:52:41,476 TEST : loss 1.3168717622756958 - score 0.835
2019-06-20 15:52:44,499 ----------------------------------------------------------------------------------------------------
2019-06-20 15:52:44,992 epoch 7 - iter 0/143 - loss 1.64392352
2019-06-20 15:52:49,724 epoch 7 - iter 14/143 - loss 1.16329606
2019-06-20 15:52:54,666 epoch 7 - iter 28/143 - loss 1.23244127
2019-06-20 15:53:00,405 epoch 7 - iter 42/143 - loss 1.26309256
2019-06-20 15:53:05,277 epoch 7 - iter 56/143 - loss 1.29238409
2019-06-20 15:53:09,859 epoch 7 - iter 70/143 - loss 1.25575239
2019-06-20 15:53:14,661 epoch 7 - iter 84/143 - loss 1.24845358
2019-06-20 15:53:19,321 epoch 7 - iter 98/143 - loss 1.22238744
2019-06-20 15:53:23,728 epoch 7 - iter 112/143 - loss 1.19272739
2019-06-20 15:53:29,911 epoch 7 - iter 126/143 - loss 1.17659115
2019-06-20 15:53:33,928 epoch 7 - iter 140/143 - loss 1.16971486
2019-06-20 15:53:34,364 ----------------------------------------------------------------------------------------------------
2019-06-20 15:53:34,365 EPOCH 7 done: loss 1.1686 - lr 0.0500 - bad epochs 0
2019-06-20 15:53:48,253 TEST : loss 1.3735562562942505 - score 0.8256
2019-06-20 15:53:50,983 ----------------------------------------------------------------------------------------------------
2019-06-20 15:53:51,457 epoch 8 - iter 0/143 - loss 1.40322232
2019-06-20 15:53:55,888 epoch 8 - iter 14/143 - loss 1.15401740
2019-06-20 15:54:00,523 epoch 8 - iter 28/143 - loss 1.25214176
2019-06-20 15:54:05,061 epoch 8 - iter 42/143 - loss 1.26553904
2019-06-20 15:54:09,254 epoch 8 - iter 56/143 - loss 1.26761881
2019-06-20 15:54:14,196 epoch 8 - iter 70/143 - loss 1.21560662
2019-06-20 15:54:19,966 epoch 8 - iter 84/143 - loss 1.19213939
2019-06-20 15:54:25,099 epoch 8 - iter 98/143 - loss 1.21539566
2019-06-20 15:54:29,551 epoch 8 - iter 112/143 - loss 1.20422656
2019-06-20 15:54:34,263 epoch 8 - iter 126/143 - loss 1.17878810
2019-06-20 15:54:38,854 epoch 8 - iter 140/143 - loss 1.17342908
2019-06-20 15:54:39,305 ----------------------------------------------------------------------------------------------------
2019-06-20 15:54:39,306 EPOCH 8 done: loss 1.1661 - lr 0.0500 - bad epochs 1
2019-06-20 15:54:53,319 TEST : loss 1.3965524435043335 - score 0.8285
2019-06-20 15:54:56,076 ----------------------------------------------------------------------------------------------------
2019-06-20 15:54:56,549 epoch 9 - iter 0/143 - loss 1.07287383
2019-06-20 15:55:01,223 epoch 9 - iter 14/143 - loss 1.23901736
2019-06-20 15:55:05,601 epoch 9 - iter 28/143 - loss 1.13303450
2019-06-20 15:55:10,062 epoch 9 - iter 42/143 - loss 1.14359188
2019-06-20 15:55:15,519 epoch 9 - iter 56/143 - loss 1.10452328
2019-06-20 15:55:20,253 epoch 9 - iter 70/143 - loss 1.12188756
2019-06-20 15:55:25,028 epoch 9 - iter 84/143 - loss 1.10810314
2019-06-20 15:55:29,667 epoch 9 - iter 98/143 - loss 1.10029043
2019-06-20 15:55:34,433 epoch 9 - iter 112/143 - loss 1.08915342
2019-06-20 15:55:38,927 epoch 9 - iter 126/143 - loss 1.08184935
2019-06-20 15:55:44,690 epoch 9 - iter 140/143 - loss 1.11303533
2019-06-20 15:55:45,372 ----------------------------------------------------------------------------------------------------
2019-06-20 15:55:45,373 EPOCH 9 done: loss 1.1055 - lr 0.0500 - bad epochs 2
2019-06-20 15:55:59,267 TEST : loss 1.4052679538726807 - score 0.8259
2019-06-20 15:56:02,014 ----------------------------------------------------------------------------------------------------
2019-06-20 15:56:02,749 epoch 10 - iter 0/143 - loss 1.08145285
2019-06-20 15:56:07,467 epoch 10 - iter 14/143 - loss 1.19993999
2019-06-20 15:56:11,812 epoch 10 - iter 28/143 - loss 1.13658386
2019-06-20 15:56:16,242 epoch 10 - iter 42/143 - loss 1.11239555
2019-06-20 15:56:21,172 epoch 10 - iter 56/143 - loss 1.12526845
2019-06-20 15:56:25,849 epoch 10 - iter 70/143 - loss 1.10875128
2019-06-20 15:56:31,739 epoch 10 - iter 84/143 - loss 1.11624671
2019-06-20 15:56:36,417 epoch 10 - iter 98/143 - loss 1.12858266
2019-06-20 15:56:41,487 epoch 10 - iter 112/143 - loss 1.12646353
2019-06-20 15:56:45,731 epoch 10 - iter 126/143 - loss 1.13972022
2019-06-20 15:56:49,855 epoch 10 - iter 140/143 - loss 1.14687114
2019-06-20 15:56:50,372 ----------------------------------------------------------------------------------------------------
2019-06-20 15:56:50,372 EPOCH 10 done: loss 1.1432 - lr 0.0500 - bad epochs 0
2019-06-20 15:57:04,344 TEST : loss 1.3439704179763794 - score 0.8317
2019-06-20 15:57:07,095 ----------------------------------------------------------------------------------------------------
2019-06-20 15:57:07,551 epoch 11 - iter 0/143 - loss 1.09691477
2019-06-20 15:57:12,456 epoch 11 - iter 14/143 - loss 1.11913025
2019-06-20 15:57:17,091 epoch 11 - iter 28/143 - loss 1.12158619
2019-06-20 15:57:22,491 epoch 11 - iter 42/143 - loss 1.12458588
2019-06-20 15:57:26,801 epoch 11 - iter 56/143 - loss 1.14604919
2019-06-20 15:57:31,455 epoch 11 - iter 70/143 - loss 1.14015927
2019-06-20 15:57:36,218 epoch 11 - iter 84/143 - loss 1.13507166
2019-06-20 15:57:41,106 epoch 11 - iter 98/143 - loss 1.11941431
2019-06-20 15:57:45,853 epoch 11 - iter 112/143 - loss 1.10560654
2019-06-20 15:57:51,047 epoch 11 - iter 126/143 - loss 1.10329131
2019-06-20 15:57:56,083 epoch 11 - iter 140/143 - loss 1.11750523
2019-06-20 15:57:56,534 ----------------------------------------------------------------------------------------------------
2019-06-20 15:57:56,535 EPOCH 11 done: loss 1.1140 - lr 0.0500 - bad epochs 1
2019-06-20 15:58:10,444 TEST : loss 1.416176676750183 - score 0.8248
2019-06-20 15:58:13,207 ----------------------------------------------------------------------------------------------------
2019-06-20 15:58:13,813 epoch 12 - iter 0/143 - loss 1.66594887
2019-06-20 15:58:18,136 epoch 12 - iter 14/143 - loss 1.09260786
2019-06-20 15:58:22,990 epoch 12 - iter 28/143 - loss 1.12733506
2019-06-20 15:58:27,931 epoch 12 - iter 42/143 - loss 1.11956682
2019-06-20 15:58:32,453 epoch 12 - iter 56/143 - loss 1.14911707
2019-06-20 15:58:38,242 epoch 12 - iter 70/143 - loss 1.12244580
2019-06-20 15:58:43,084 epoch 12 - iter 84/143 - loss 1.11952614
2019-06-20 15:58:48,224 epoch 12 - iter 98/143 - loss 1.11241026
2019-06-20 15:58:52,650 epoch 12 - iter 112/143 - loss 1.09693107
2019-06-20 15:58:57,062 epoch 12 - iter 126/143 - loss 1.09252636
2019-06-20 15:59:01,726 epoch 12 - iter 140/143 - loss 1.09933334
2019-06-20 15:59:02,353 ----------------------------------------------------------------------------------------------------
2019-06-20 15:59:02,354 EPOCH 12 done: loss 1.1086 - lr 0.0500 - bad epochs 2
2019-06-20 15:59:16,396 TEST : loss 1.485485315322876 - score 0.8138
2019-06-20 15:59:19,138 ----------------------------------------------------------------------------------------------------
2019-06-20 15:59:19,760 epoch 13 - iter 0/143 - loss 1.38387394
2019-06-20 15:59:24,663 epoch 13 - iter 14/143 - loss 1.16320505
2019-06-20 15:59:30,165 epoch 13 - iter 28/143 - loss 1.27763666
2019-06-20 15:59:34,495 epoch 13 - iter 42/143 - loss 1.19983250
2019-06-20 15:59:38,606 epoch 13 - iter 56/143 - loss 1.18247095
2019-06-20 15:59:43,499 epoch 13 - iter 70/143 - loss 1.19251990
2019-06-20 15:59:48,563 epoch 13 - iter 84/143 - loss 1.16092043
2019-06-20 15:59:53,361 epoch 13 - iter 98/143 - loss 1.14612545
2019-06-20 15:59:59,218 epoch 13 - iter 112/143 - loss 1.14309369
2019-06-20 16:00:03,635 epoch 13 - iter 126/143 - loss 1.13644859
2019-06-20 16:00:08,084 epoch 13 - iter 140/143 - loss 1.12309227
2019-06-20 16:00:08,591 ----------------------------------------------------------------------------------------------------
2019-06-20 16:00:08,591 EPOCH 13 done: loss 1.1217 - lr 0.0500 - bad epochs 3
2019-06-20 16:00:22,450 TEST : loss 1.3975030183792114 - score 0.8254
2019-06-20 16:00:25,208 ----------------------------------------------------------------------------------------------------
2019-06-20 16:00:25,769 epoch 14 - iter 0/143 - loss 1.05433512
2019-06-20 16:00:30,064 epoch 14 - iter 14/143 - loss 0.92595738
2019-06-20 16:00:35,025 epoch 14 - iter 28/143 - loss 0.97876401
2019-06-20 16:00:39,914 epoch 14 - iter 42/143 - loss 1.04104204
2019-06-20 16:00:44,704 epoch 14 - iter 56/143 - loss 1.07103240
2019-06-20 16:00:50,392 epoch 14 - iter 70/143 - loss 1.06576725
2019-06-20 16:00:54,935 epoch 14 - iter 84/143 - loss 1.06327474
2019-06-20 16:00:59,282 epoch 14 - iter 98/143 - loss 1.07778239
2019-06-20 16:01:04,213 epoch 14 - iter 112/143 - loss 1.09515827
2019-06-20 16:01:08,753 epoch 14 - iter 126/143 - loss 1.09305111
2019-06-20 16:01:13,763 epoch 14 - iter 140/143 - loss 1.09466835
2019-06-20 16:01:14,294 ----------------------------------------------------------------------------------------------------
2019-06-20 16:01:14,294 EPOCH 14 done: loss 1.0901 - lr 0.0250 - bad epochs 0
2019-06-20 16:01:28,357 TEST : loss 1.4412418603897095 - score 0.8233
2019-06-20 16:01:31,080 ----------------------------------------------------------------------------------------------------
2019-06-20 16:01:31,520 epoch 15 - iter 0/143 - loss 1.79079986
2019-06-20 16:01:36,842 epoch 15 - iter 14/143 - loss 1.04894029
2019-06-20 16:01:42,787 epoch 15 - iter 28/143 - loss 1.04315394
2019-06-20 16:01:47,482 epoch 15 - iter 42/143 - loss 1.00768206
2019-06-20 16:01:51,813 epoch 15 - iter 56/143 - loss 1.05282836
2019-06-20 16:01:56,198 epoch 15 - iter 70/143 - loss 1.05624879
2019-06-20 16:02:00,676 epoch 15 - iter 84/143 - loss 1.08398145
2019-06-20 16:02:05,738 epoch 15 - iter 98/143 - loss 1.07808757
2019-06-20 16:02:11,327 epoch 15 - iter 112/143 - loss 1.09485026
2019-06-20 16:02:16,000 epoch 15 - iter 126/143 - loss 1.07847937
2019-06-20 16:02:20,296 epoch 15 - iter 140/143 - loss 1.06859761
2019-06-20 16:02:21,077 ----------------------------------------------------------------------------------------------------
2019-06-20 16:02:21,077 EPOCH 15 done: loss 1.0684 - lr 0.0250 - bad epochs 0
2019-06-20 16:02:34,992 TEST : loss 1.3966130018234253 - score 0.8327
2019-06-20 16:02:37,788 ----------------------------------------------------------------------------------------------------
2019-06-20 16:02:38,327 epoch 16 - iter 0/143 - loss 0.77214718
2019-06-20 16:02:42,954 epoch 16 - iter 14/143 - loss 0.98711514
2019-06-20 16:02:47,958 epoch 16 - iter 28/143 - loss 1.00497336
2019-06-20 16:02:52,988 epoch 16 - iter 42/143 - loss 1.00088830
2019-06-20 16:02:57,527 epoch 16 - iter 56/143 - loss 1.02331388
2019-06-20 16:03:02,954 epoch 16 - iter 70/143 - loss 1.03389053
2019-06-20 16:03:07,791 epoch 16 - iter 84/143 - loss 1.02575991
2019-06-20 16:03:12,960 epoch 16 - iter 98/143 - loss 1.04998104
2019-06-20 16:03:17,273 epoch 16 - iter 112/143 - loss 1.04497398
2019-06-20 16:03:21,569 epoch 16 - iter 126/143 - loss 1.04071904
2019-06-20 16:03:25,839 epoch 16 - iter 140/143 - loss 1.04650269
2019-06-20 16:03:26,467 ----------------------------------------------------------------------------------------------------
2019-06-20 16:03:26,467 EPOCH 16 done: loss 1.0376 - lr 0.0250 - bad epochs 0
2019-06-20 16:03:40,451 TEST : loss 1.4275118112564087 - score 0.8333
2019-06-20 16:03:43,200 ----------------------------------------------------------------------------------------------------
2019-06-20 16:03:43,675 epoch 17 - iter 0/143 - loss 1.02091599
2019-06-20 16:03:48,463 epoch 17 - iter 14/143 - loss 0.97938928
2019-06-20 16:03:54,125 epoch 17 - iter 28/143 - loss 1.03103683
2019-06-20 16:03:58,937 epoch 17 - iter 42/143 - loss 1.07645225
2019-06-20 16:04:03,729 epoch 17 - iter 56/143 - loss 1.09434291
2019-06-20 16:04:08,026 epoch 17 - iter 70/143 - loss 1.10582798
2019-06-20 16:04:12,378 epoch 17 - iter 84/143 - loss 1.09390435
2019-06-20 16:04:18,504 epoch 17 - iter 98/143 - loss 1.08648027
2019-06-20 16:04:23,376 epoch 17 - iter 112/143 - loss 1.10440748
2019-06-20 16:04:27,787 epoch 17 - iter 126/143 - loss 1.11671447
2019-06-20 16:04:32,455 epoch 17 - iter 140/143 - loss 1.11768412
2019-06-20 16:04:32,953 ----------------------------------------------------------------------------------------------------
2019-06-20 16:04:32,953 EPOCH 17 done: loss 1.1160 - lr 0.0250 - bad epochs 0
2019-06-20 16:04:46,869 TEST : loss 1.4023702144622803 - score 0.8287
2019-06-20 16:04:49,588 ----------------------------------------------------------------------------------------------------
2019-06-20 16:04:50,374 epoch 18 - iter 0/143 - loss 0.85154366
2019-06-20 16:04:55,162 epoch 18 - iter 14/143 - loss 1.11766105
2019-06-20 16:04:59,696 epoch 18 - iter 28/143 - loss 1.12084619
2019-06-20 16:05:04,226 epoch 18 - iter 42/143 - loss 1.09514290
2019-06-20 16:05:09,404 epoch 18 - iter 56/143 - loss 1.09113608
2019-06-20 16:05:15,514 epoch 18 - iter 70/143 - loss 1.06435066
2019-06-20 16:05:20,187 epoch 18 - iter 84/143 - loss 1.04783025
2019-06-20 16:05:24,577 epoch 18 - iter 98/143 - loss 1.03607315
2019-06-20 16:05:29,389 epoch 18 - iter 112/143 - loss 1.04810691
2019-06-20 16:05:34,026 epoch 18 - iter 126/143 - loss 1.05631019
2019-06-20 16:05:38,589 epoch 18 - iter 140/143 - loss 1.05542509
2019-06-20 16:05:39,221 ----------------------------------------------------------------------------------------------------
2019-06-20 16:05:39,221 EPOCH 18 done: loss 1.0514 - lr 0.0250 - bad epochs 1
2019-06-20 16:05:53,287 TEST : loss 1.4521660804748535 - score 0.8214
2019-06-20 16:05:56,040 ----------------------------------------------------------------------------------------------------
2019-06-20 16:05:56,558 epoch 19 - iter 0/143 - loss 0.88527548
2019-06-20 16:06:01,530 epoch 19 - iter 14/143 - loss 1.12195812
2019-06-20 16:06:07,519 epoch 19 - iter 28/143 - loss 1.09124729
2019-06-20 16:06:12,427 epoch 19 - iter 42/143 - loss 1.03692613
2019-06-20 16:06:17,255 epoch 19 - iter 56/143 - loss 1.05111222
2019-06-20 16:06:21,452 epoch 19 - iter 70/143 - loss 1.03963424
2019-06-20 16:06:26,117 epoch 19 - iter 84/143 - loss 1.04004931
2019-06-20 16:06:30,904 epoch 19 - iter 98/143 - loss 1.04452641
2019-06-20 16:06:36,918 epoch 19 - iter 112/143 - loss 1.04815906
2019-06-20 16:06:41,124 epoch 19 - iter 126/143 - loss 1.03799262
2019-06-20 16:06:45,702 epoch 19 - iter 140/143 - loss 1.04489314
2019-06-20 16:06:46,402 ----------------------------------------------------------------------------------------------------
2019-06-20 16:06:46,403 EPOCH 19 done: loss 1.0441 - lr 0.0250 - bad epochs 2
2019-06-20 16:07:00,327 TEST : loss 1.3712784051895142 - score 0.8344
2019-06-20 16:07:03,063 ----------------------------------------------------------------------------------------------------
2019-06-20 16:07:03,623 epoch 20 - iter 0/143 - loss 0.89685857
2019-06-20 16:07:08,404 epoch 20 - iter 14/143 - loss 0.98520358
2019-06-20 16:07:13,462 epoch 20 - iter 28/143 - loss 0.92130329
2019-06-20 16:07:18,125 epoch 20 - iter 42/143 - loss 0.98934999
2019-06-20 16:07:23,309 epoch 20 - iter 56/143 - loss 0.97583961
2019-06-20 16:07:28,071 epoch 20 - iter 70/143 - loss 0.99210115
2019-06-20 16:07:33,217 epoch 20 - iter 84/143 - loss 0.99136038
2019-06-20 16:07:37,771 epoch 20 - iter 98/143 - loss 1.01464674
2019-06-20 16:07:42,725 epoch 20 - iter 112/143 - loss 1.02645722
2019-06-20 16:07:46,918 epoch 20 - iter 126/143 - loss 1.03055235
2019-06-20 16:07:52,255 epoch 20 - iter 140/143 - loss 1.01889358
2019-06-20 16:07:52,720 ----------------------------------------------------------------------------------------------------
2019-06-20 16:07:52,721 EPOCH 20 done: loss 1.0097 - lr 0.0250 - bad epochs 3
2019-06-20 16:08:05,516 TEST : loss 1.4001654386520386 - score 0.832
2019-06-20 16:08:08,283 ----------------------------------------------------------------------------------------------------
2019-06-20 16:08:08,850 epoch 21 - iter 0/143 - loss 1.52481580
2019-06-20 16:08:14,309 epoch 21 - iter 14/143 - loss 1.27079085
2019-06-20 16:08:18,860 epoch 21 - iter 28/143 - loss 1.13086493
2019-06-20 16:08:23,565 epoch 21 - iter 42/143 - loss 1.06322086
2019-06-20 16:08:28,155 epoch 21 - iter 56/143 - loss 1.08292936
2019-06-20 16:08:33,384 epoch 21 - iter 70/143 - loss 1.04954363
2019-06-20 16:08:37,805 epoch 21 - iter 84/143 - loss 1.04080909
2019-06-20 16:08:43,911 epoch 21 - iter 98/143 - loss 1.03656325
2019-06-20 16:08:48,339 epoch 21 - iter 112/143 - loss 1.02290384
2019-06-20 16:08:53,170 epoch 21 - iter 126/143 - loss 1.01835875
2019-06-20 16:08:57,731 epoch 21 - iter 140/143 - loss 1.02858544
2019-06-20 16:08:58,255 ----------------------------------------------------------------------------------------------------
2019-06-20 16:08:58,255 EPOCH 21 done: loss 1.0300 - lr 0.0250 - bad epochs 0
2019-06-20 16:09:12,143 TEST : loss 1.4802056550979614 - score 0.8177
2019-06-20 16:09:14,907 ----------------------------------------------------------------------------------------------------
2019-06-20 16:09:15,371 epoch 22 - iter 0/143 - loss 0.91161680
2019-06-20 16:09:19,805 epoch 22 - iter 14/143 - loss 0.99293500
2019-06-20 16:09:24,835 epoch 22 - iter 28/143 - loss 1.20156700
2019-06-20 16:09:29,587 epoch 22 - iter 42/143 - loss 1.13231018
2019-06-20 16:09:34,736 epoch 22 - iter 56/143 - loss 1.12171729
2019-06-20 16:09:39,290 epoch 22 - iter 70/143 - loss 1.12108659
2019-06-20 16:09:43,294 epoch 22 - iter 84/143 - loss 1.07328198
2019-06-20 16:09:48,080 epoch 22 - iter 98/143 - loss 1.06238900
2019-06-20 16:09:52,857 epoch 22 - iter 112/143 - loss 1.05639583
2019-06-20 16:09:57,583 epoch 22 - iter 126/143 - loss 1.07012874
2019-06-20 16:10:02,910 epoch 22 - iter 140/143 - loss 1.07670402
2019-06-20 16:10:03,468 ----------------------------------------------------------------------------------------------------
2019-06-20 16:10:03,468 EPOCH 22 done: loss 1.0823 - lr 0.0250 - bad epochs 1
2019-06-20 16:10:16,365 TEST : loss 1.5461952686309814 - score 0.8151
2019-06-20 16:10:19,108 ----------------------------------------------------------------------------------------------------
2019-06-20 16:10:20,733 epoch 23 - iter 0/143 - loss 0.84933019
2019-06-20 16:10:25,220 epoch 23 - iter 14/143 - loss 1.07711972
2019-06-20 16:10:29,641 epoch 23 - iter 28/143 - loss 1.14194525
2019-06-20 16:10:34,387 epoch 23 - iter 42/143 - loss 1.12922542
2019-06-20 16:10:39,328 epoch 23 - iter 56/143 - loss 1.11715338
2019-06-20 16:10:43,942 epoch 23 - iter 70/143 - loss 1.07053324
2019-06-20 16:10:48,965 epoch 23 - iter 84/143 - loss 1.06310774
2019-06-20 16:10:54,344 epoch 23 - iter 98/143 - loss 1.07135185
2019-06-20 16:10:58,637 epoch 23 - iter 112/143 - loss 1.08459685
2019-06-20 16:11:03,407 epoch 23 - iter 126/143 - loss 1.07693560
2019-06-20 16:11:08,168 epoch 23 - iter 140/143 - loss 1.06581577
2019-06-20 16:11:08,849 ----------------------------------------------------------------------------------------------------
2019-06-20 16:11:08,850 EPOCH 23 done: loss 1.0602 - lr 0.0250 - bad epochs 2
2019-06-20 16:11:22,833 TEST : loss 1.4995478391647339 - score 0.8172
2019-06-20 16:11:25,583 ----------------------------------------------------------------------------------------------------
2019-06-20 16:11:26,074 epoch 24 - iter 0/143 - loss 0.73990965
2019-06-20 16:11:30,861 epoch 24 - iter 14/143 - loss 0.88497469
2019-06-20 16:11:35,413 epoch 24 - iter 28/143 - loss 0.97209462
2019-06-20 16:11:39,854 epoch 24 - iter 42/143 - loss 0.98613239
2019-06-20 16:11:45,791 epoch 24 - iter 56/143 - loss 1.00349421
2019-06-20 16:11:50,355 epoch 24 - iter 70/143 - loss 1.03832237
2019-06-20 16:11:55,058 epoch 24 - iter 84/143 - loss 1.03677414
2019-06-20 16:11:59,289 epoch 24 - iter 98/143 - loss 1.01485083
2019-06-20 16:12:04,111 epoch 24 - iter 112/143 - loss 1.01170286
2019-06-20 16:12:09,204 epoch 24 - iter 126/143 - loss 1.02946027
2019-06-20 16:12:14,814 epoch 24 - iter 140/143 - loss 1.03915255
2019-06-20 16:12:15,385 ----------------------------------------------------------------------------------------------------
2019-06-20 16:12:15,385 EPOCH 24 done: loss 1.0409 - lr 0.0250 - bad epochs 3
2019-06-20 16:12:28,327 TEST : loss 1.5008080005645752 - score 0.818
2019-06-20 16:12:31,084 ----------------------------------------------------------------------------------------------------
2019-06-20 16:12:31,552 epoch 25 - iter 0/143 - loss 1.12722886
2019-06-20 16:12:37,578 epoch 25 - iter 14/143 - loss 1.03641683
2019-06-20 16:12:41,707 epoch 25 - iter 28/143 - loss 1.07469236
2019-06-20 16:12:45,992 epoch 25 - iter 42/143 - loss 1.02195938
2019-06-20 16:12:50,890 epoch 25 - iter 56/143 - loss 1.02232454
2019-06-20 16:12:56,092 epoch 25 - iter 70/143 - loss 1.03064194
2019-06-20 16:13:00,739 epoch 25 - iter 84/143 - loss 1.03627292
2019-06-20 16:13:06,688 epoch 25 - iter 98/143 - loss 1.03416624
2019-06-20 16:13:11,047 epoch 25 - iter 112/143 - loss 1.03167490
2019-06-20 16:13:15,842 epoch 25 - iter 126/143 - loss 1.03189431
2019-06-20 16:13:20,199 epoch 25 - iter 140/143 - loss 1.02186762
2019-06-20 16:13:20,825 ----------------------------------------------------------------------------------------------------
2019-06-20 16:13:20,826 EPOCH 25 done: loss 1.0257 - lr 0.0125 - bad epochs 0
2019-06-20 16:13:34,758 TEST : loss 1.5043238401412964 - score 0.8183
2019-06-20 16:13:37,790 ----------------------------------------------------------------------------------------------------
2019-06-20 16:13:38,340 epoch 26 - iter 0/143 - loss 0.88334382
2019-06-20 16:13:43,092 epoch 26 - iter 14/143 - loss 1.00852280
2019-06-20 16:13:48,016 epoch 26 - iter 28/143 - loss 0.96999645
2019-06-20 16:13:52,754 epoch 26 - iter 42/143 - loss 0.92943066
2019-06-20 16:13:57,624 epoch 26 - iter 56/143 - loss 0.95915660
2019-06-20 16:14:03,099 epoch 26 - iter 70/143 - loss 0.95986286
2019-06-20 16:14:07,943 epoch 26 - iter 84/143 - loss 0.97922119
2019-06-20 16:14:12,810 epoch 26 - iter 98/143 - loss 0.98557245
2019-06-20 16:14:17,119 epoch 26 - iter 112/143 - loss 0.98969117
2019-06-20 16:14:21,612 epoch 26 - iter 126/143 - loss 0.98716112
2019-06-20 16:14:26,012 epoch 26 - iter 140/143 - loss 0.99721956
2019-06-20 16:14:26,605 ----------------------------------------------------------------------------------------------------
2019-06-20 16:14:26,605 EPOCH 26 done: loss 0.9907 - lr 0.0125 - bad epochs 1
2019-06-20 16:14:40,566 TEST : loss 1.4958642721176147 - score 0.8175
2019-06-20 16:14:43,317 ----------------------------------------------------------------------------------------------------
2019-06-20 16:14:43,838 epoch 27 - iter 0/143 - loss 1.05663192
2019-06-20 16:14:48,451 epoch 27 - iter 14/143 - loss 0.84855752
2019-06-20 16:14:54,748 epoch 27 - iter 28/143 - loss 0.94368135
2019-06-20 16:14:59,309 epoch 27 - iter 42/143 - loss 0.95476859
2019-06-20 16:15:03,899 epoch 27 - iter 56/143 - loss 0.96765651
2019-06-20 16:15:08,593 epoch 27 - iter 70/143 - loss 0.95760314
2019-06-20 16:15:12,977 epoch 27 - iter 84/143 - loss 0.96714405
2019-06-20 16:15:17,376 epoch 27 - iter 98/143 - loss 0.97021908
2019-06-20 16:15:22,756 epoch 27 - iter 112/143 - loss 0.96482148
2019-06-20 16:15:27,628 epoch 27 - iter 126/143 - loss 0.96676756
2019-06-20 16:15:32,029 epoch 27 - iter 140/143 - loss 0.97477642
2019-06-20 16:15:32,454 ----------------------------------------------------------------------------------------------------
2019-06-20 16:15:32,454 EPOCH 27 done: loss 0.9830 - lr 0.0125 - bad epochs 0
2019-06-20 16:15:46,304 TEST : loss 1.4935142993927002 - score 0.818
2019-06-20 16:15:49,034 ----------------------------------------------------------------------------------------------------
2019-06-20 16:15:49,623 epoch 28 - iter 0/143 - loss 0.71404719
2019-06-20 16:15:54,072 epoch 28 - iter 14/143 - loss 1.07707806
2019-06-20 16:15:59,179 epoch 28 - iter 28/143 - loss 1.00557955
2019-06-20 16:16:03,650 epoch 28 - iter 42/143 - loss 0.97465936
2019-06-20 16:16:08,630 epoch 28 - iter 56/143 - loss 0.93409581
2019-06-20 16:16:14,186 epoch 28 - iter 70/143 - loss 0.94583471
2019-06-20 16:16:18,961 epoch 28 - iter 84/143 - loss 0.98101638
2019-06-20 16:16:23,839 epoch 28 - iter 98/143 - loss 1.01252213
2019-06-20 16:16:28,231 epoch 28 - iter 112/143 - loss 1.00518791
2019-06-20 16:16:32,635 epoch 28 - iter 126/143 - loss 1.00676188
2019-06-20 16:16:37,354 epoch 28 - iter 140/143 - loss 1.02319719
2019-06-20 16:16:37,895 ----------------------------------------------------------------------------------------------------
2019-06-20 16:16:37,895 EPOCH 28 done: loss 1.0219 - lr 0.0125 - bad epochs 0
2019-06-20 16:16:51,908 TEST : loss 1.4797855615615845 - score 0.8216
2019-06-20 16:16:54,652 ----------------------------------------------------------------------------------------------------
2019-06-20 16:16:55,109 epoch 29 - iter 0/143 - loss 0.61134458
2019-06-20 16:16:59,497 epoch 29 - iter 14/143 - loss 0.92867284
2019-06-20 16:17:05,271 epoch 29 - iter 28/143 - loss 0.91719070
2019-06-20 16:17:10,099 epoch 29 - iter 42/143 - loss 0.94289804
2019-06-20 16:17:14,567 epoch 29 - iter 56/143 - loss 0.97762899
2019-06-20 16:17:18,955 epoch 29 - iter 70/143 - loss 0.98903866
2019-06-20 16:17:24,126 epoch 29 - iter 84/143 - loss 0.98823238
2019-06-20 16:17:28,459 epoch 29 - iter 98/143 - loss 0.97256793
2019-06-20 16:17:34,090 epoch 29 - iter 112/143 - loss 0.99653428
2019-06-20 16:17:38,253 epoch 29 - iter 126/143 - loss 1.00743017
2019-06-20 16:17:42,592 epoch 29 - iter 140/143 - loss 1.00515833
2019-06-20 16:17:43,222 ----------------------------------------------------------------------------------------------------
2019-06-20 16:17:43,223 EPOCH 29 done: loss 1.0112 - lr 0.0125 - bad epochs 1
2019-06-20 16:17:57,172 TEST : loss 1.518630862236023 - score 0.8196
2019-06-20 16:17:59,884 ----------------------------------------------------------------------------------------------------
2019-06-20 16:18:00,383 epoch 30 - iter 0/143 - loss 0.80134964
2019-06-20 16:18:05,104 epoch 30 - iter 14/143 - loss 1.13278582
2019-06-20 16:18:09,772 epoch 30 - iter 28/143 - loss 1.05676125
2019-06-20 16:18:14,611 epoch 30 - iter 42/143 - loss 1.07401967
2019-06-20 16:18:19,215 epoch 30 - iter 56/143 - loss 1.08818280
2019-06-20 16:18:24,783 epoch 30 - iter 70/143 - loss 1.04960220
2019-06-20 16:18:29,250 epoch 30 - iter 84/143 - loss 1.04488320
2019-06-20 16:18:33,951 epoch 30 - iter 98/143 - loss 1.05849303
2019-06-20 16:18:38,219 epoch 30 - iter 112/143 - loss 1.04225672
2019-06-20 16:18:42,739 epoch 30 - iter 126/143 - loss 1.05124592
2019-06-20 16:18:47,647 epoch 30 - iter 140/143 - loss 1.03929567
2019-06-20 16:18:48,081 ----------------------------------------------------------------------------------------------------
2019-06-20 16:18:48,082 EPOCH 30 done: loss 1.0313 - lr 0.0125 - bad epochs 2
2019-06-20 16:19:01,995 TEST : loss 1.4648888111114502 - score 0.8253
2019-06-20 16:19:04,754 ----------------------------------------------------------------------------------------------------
2019-06-20 16:19:05,296 epoch 31 - iter 0/143 - loss 0.49872065
2019-06-20 16:19:10,808 epoch 31 - iter 14/143 - loss 0.99296073
2019-06-20 16:19:16,307 epoch 31 - iter 28/143 - loss 0.96824240
2019-06-20 16:19:20,739 epoch 31 - iter 42/143 - loss 0.99241557
2019-06-20 16:19:25,281 epoch 31 - iter 56/143 - loss 1.05429950
2019-06-20 16:19:29,474 epoch 31 - iter 70/143 - loss 1.07919027
2019-06-20 16:19:33,629 epoch 31 - iter 84/143 - loss 1.07373780
2019-06-20 16:19:37,964 epoch 31 - iter 98/143 - loss 1.06921870
2019-06-20 16:19:43,630 epoch 31 - iter 112/143 - loss 1.05231226
2019-06-20 16:19:48,497 epoch 31 - iter 126/143 - loss 1.04426224
2019-06-20 16:19:53,407 epoch 31 - iter 140/143 - loss 1.04284195
2019-06-20 16:19:54,270 ----------------------------------------------------------------------------------------------------
2019-06-20 16:19:54,271 EPOCH 31 done: loss 1.0353 - lr 0.0125 - bad epochs 3
2019-06-20 16:20:08,292 TEST : loss 1.4527374505996704 - score 0.8248
2019-06-20 16:20:11,040 ----------------------------------------------------------------------------------------------------
2019-06-20 16:20:11,722 epoch 32 - iter 0/143 - loss 0.62755358
2019-06-20 16:20:16,475 epoch 32 - iter 14/143 - loss 1.06548874
2019-06-20 16:20:21,503 epoch 32 - iter 28/143 - loss 1.07064439
2019-06-20 16:20:26,218 epoch 32 - iter 42/143 - loss 1.02337193
2019-06-20 16:20:31,460 epoch 32 - iter 56/143 - loss 1.02461813
2019-06-20 16:20:36,226 epoch 32 - iter 70/143 - loss 1.02930255
2019-06-20 16:20:41,193 epoch 32 - iter 84/143 - loss 1.03529537
2019-06-20 16:20:45,695 epoch 32 - iter 98/143 - loss 1.01486770
2019-06-20 16:20:50,027 epoch 32 - iter 112/143 - loss 1.01959449
2019-06-20 16:20:54,639 epoch 32 - iter 126/143 - loss 1.01745639
2019-06-20 16:21:00,494 epoch 32 - iter 140/143 - loss 1.03895156
2019-06-20 16:21:01,072 ----------------------------------------------------------------------------------------------------
2019-06-20 16:21:01,073 EPOCH 32 done: loss 1.0371 - lr 0.0063 - bad epochs 0
2019-06-20 16:21:13,867 TEST : loss 1.4937235116958618 - score 0.8204
2019-06-20 16:21:16,604 ----------------------------------------------------------------------------------------------------
2019-06-20 16:21:17,035 epoch 33 - iter 0/143 - loss 1.10558426
2019-06-20 16:21:22,735 epoch 33 - iter 14/143 - loss 0.96177082
2019-06-20 16:21:27,378 epoch 33 - iter 28/143 - loss 0.93910662
2019-06-20 16:21:31,710 epoch 33 - iter 42/143 - loss 0.97578726
2019-06-20 16:21:36,116 epoch 33 - iter 56/143 - loss 0.96471829
2019-06-20 16:21:40,681 epoch 33 - iter 70/143 - loss 0.97698023
2019-06-20 16:21:45,123 epoch 33 - iter 84/143 - loss 0.99203913
2019-06-20 16:21:50,887 epoch 33 - iter 98/143 - loss 0.98326275
2019-06-20 16:21:55,469 epoch 33 - iter 112/143 - loss 0.98157645
2019-06-20 16:22:00,662 epoch 33 - iter 126/143 - loss 0.98499857
2019-06-20 16:22:04,939 epoch 33 - iter 140/143 - loss 0.98492517
2019-06-20 16:22:05,486 ----------------------------------------------------------------------------------------------------
2019-06-20 16:22:05,486 EPOCH 33 done: loss 0.9786 - lr 0.0063 - bad epochs 1
2019-06-20 16:22:19,478 TEST : loss 1.486076831817627 - score 0.8203
2019-06-20 16:22:22,233 ----------------------------------------------------------------------------------------------------
2019-06-20 16:22:22,715 epoch 34 - iter 0/143 - loss 0.92966914
2019-06-20 16:22:27,753 epoch 34 - iter 14/143 - loss 0.86676394
2019-06-20 16:22:32,467 epoch 34 - iter 28/143 - loss 0.95404141
2019-06-20 16:22:37,034 epoch 34 - iter 42/143 - loss 0.96272460
2019-06-20 16:22:43,076 epoch 34 - iter 56/143 - loss 1.01021602
2019-06-20 16:22:47,294 epoch 34 - iter 70/143 - loss 1.04018734
2019-06-20 16:22:52,006 epoch 34 - iter 84/143 - loss 1.01746030
2019-06-20 16:22:56,355 epoch 34 - iter 98/143 - loss 1.02959849
2019-06-20 16:23:01,091 epoch 34 - iter 112/143 - loss 1.02011698
2019-06-20 16:23:05,634 epoch 34 - iter 126/143 - loss 1.02503543
2019-06-20 16:23:09,943 epoch 34 - iter 140/143 - loss 1.01904321
2019-06-20 16:23:10,517 ----------------------------------------------------------------------------------------------------
2019-06-20 16:23:10,518 EPOCH 34 done: loss 1.0203 - lr 0.0063 - bad epochs 0
2019-06-20 16:23:24,568 TEST : loss 1.4776527881622314 - score 0.823
2019-06-20 16:23:27,297 ----------------------------------------------------------------------------------------------------
2019-06-20 16:23:27,793 epoch 35 - iter 0/143 - loss 1.07309818
2019-06-20 16:23:34,187 epoch 35 - iter 14/143 - loss 1.07571478
2019-06-20 16:23:39,189 epoch 35 - iter 28/143 - loss 1.08980411
2019-06-20 16:23:43,960 epoch 35 - iter 42/143 - loss 1.08287165
2019-06-20 16:23:48,183 epoch 35 - iter 56/143 - loss 1.00925957
2019-06-20 16:23:52,748 epoch 35 - iter 70/143 - loss 0.98917527
2019-06-20 16:23:57,160 epoch 35 - iter 84/143 - loss 0.98630068
2019-06-20 16:24:02,536 epoch 35 - iter 98/143 - loss 1.00637927
2019-06-20 16:24:06,818 epoch 35 - iter 112/143 - loss 0.98359680
2019-06-20 16:24:11,881 epoch 35 - iter 126/143 - loss 0.98788894
2019-06-20 16:24:16,530 epoch 35 - iter 140/143 - loss 0.98613493
2019-06-20 16:24:17,021 ----------------------------------------------------------------------------------------------------
2019-06-20 16:24:17,022 EPOCH 35 done: loss 0.9817 - lr 0.0063 - bad epochs 1
2019-06-20 16:24:31,016 TEST : loss 1.4665896892547607 - score 0.8232
2019-06-20 16:24:33,775 ----------------------------------------------------------------------------------------------------
2019-06-20 16:24:34,273 epoch 36 - iter 0/143 - loss 1.08054519
2019-06-20 16:24:39,003 epoch 36 - iter 14/143 - loss 1.04023046
2019-06-20 16:24:43,990 epoch 36 - iter 28/143 - loss 1.01868000
2019-06-20 16:24:48,449 epoch 36 - iter 42/143 - loss 1.04118302
2019-06-20 16:24:54,462 epoch 36 - iter 56/143 - loss 1.04868583
2019-06-20 16:24:58,730 epoch 36 - iter 70/143 - loss 1.01637594
2019-06-20 16:25:02,978 epoch 36 - iter 84/143 - loss 1.00508073
2019-06-20 16:25:07,910 epoch 36 - iter 98/143 - loss 1.01285602
2019-06-20 16:25:12,151 epoch 36 - iter 112/143 - loss 0.99271197
2019-06-20 16:25:16,757 epoch 36 - iter 126/143 - loss 0.99381642
2019-06-20 16:25:22,139 epoch 36 - iter 140/143 - loss 0.98954127
2019-06-20 16:25:22,633 ----------------------------------------------------------------------------------------------------
2019-06-20 16:25:22,634 EPOCH 36 done: loss 0.9854 - lr 0.0063 - bad epochs 2
2019-06-20 16:25:35,537 TEST : loss 1.463810682296753 - score 0.8246
2019-06-20 16:25:38,300 ----------------------------------------------------------------------------------------------------
2019-06-20 16:25:38,806 epoch 37 - iter 0/143 - loss 0.69167042
2019-06-20 16:25:44,331 epoch 37 - iter 14/143 - loss 0.94337458
2019-06-20 16:25:48,973 epoch 37 - iter 28/143 - loss 0.98453097
2019-06-20 16:25:54,079 epoch 37 - iter 42/143 - loss 1.02571632
2019-06-20 16:25:58,795 epoch 37 - iter 56/143 - loss 1.00286745
2019-06-20 16:26:03,478 epoch 37 - iter 70/143 - loss 1.00216622
2019-06-20 16:26:08,220 epoch 37 - iter 84/143 - loss 1.02061998
2019-06-20 16:26:13,912 epoch 37 - iter 98/143 - loss 1.01204024
2019-06-20 16:26:18,536 epoch 37 - iter 112/143 - loss 1.00716809
2019-06-20 16:26:23,059 epoch 37 - iter 126/143 - loss 0.99955752
2019-06-20 16:26:27,828 epoch 37 - iter 140/143 - loss 1.01265241
2019-06-20 16:26:28,389 ----------------------------------------------------------------------------------------------------
2019-06-20 16:26:28,389 EPOCH 37 done: loss 1.0174 - lr 0.0063 - bad epochs 3
2019-06-20 16:26:42,396 TEST : loss 1.4911160469055176 - score 0.8212
2019-06-20 16:26:45,131 ----------------------------------------------------------------------------------------------------
2019-06-20 16:26:45,725 epoch 38 - iter 0/143 - loss 0.88731527
2019-06-20 16:26:50,386 epoch 38 - iter 14/143 - loss 0.88527931
2019-06-20 16:26:55,023 epoch 38 - iter 28/143 - loss 0.94887358
2019-06-20 16:27:01,299 epoch 38 - iter 42/143 - loss 0.99318659
2019-06-20 16:27:05,918 epoch 38 - iter 56/143 - loss 1.00795094
2019-06-20 16:27:10,249 epoch 38 - iter 70/143 - loss 1.01234989
2019-06-20 16:27:14,529 epoch 38 - iter 84/143 - loss 1.03010173
2019-06-20 16:27:18,942 epoch 38 - iter 98/143 - loss 1.02143660
2019-06-20 16:27:23,334 epoch 38 - iter 112/143 - loss 1.01352671
2019-06-20 16:27:29,217 epoch 38 - iter 126/143 - loss 1.00308485
2019-06-20 16:27:33,947 epoch 38 - iter 140/143 - loss 1.00980439
2019-06-20 16:27:34,545 ----------------------------------------------------------------------------------------------------
2019-06-20 16:27:34,546 EPOCH 38 done: loss 1.0087 - lr 0.0031 - bad epochs 0
2019-06-20 16:27:47,335 TEST : loss 1.4837552309036255 - score 0.8221
2019-06-20 16:27:50,143 ----------------------------------------------------------------------------------------------------
2019-06-20 16:27:50,667 epoch 39 - iter 0/143 - loss 0.70815420
2019-06-20 16:27:56,323 epoch 39 - iter 14/143 - loss 0.89917222
2019-06-20 16:28:01,106 epoch 39 - iter 28/143 - loss 0.91655604
2019-06-20 16:28:05,894 epoch 39 - iter 42/143 - loss 0.94004711
2019-06-20 16:28:11,003 epoch 39 - iter 56/143 - loss 0.98239926
2019-06-20 16:28:15,526 epoch 39 - iter 70/143 - loss 0.99774644
2019-06-20 16:28:20,363 epoch 39 - iter 84/143 - loss 0.97463035
2019-06-20 16:28:26,099 epoch 39 - iter 98/143 - loss 0.97478232
2019-06-20 16:28:30,915 epoch 39 - iter 112/143 - loss 0.98622176
2019-06-20 16:28:35,442 epoch 39 - iter 126/143 - loss 0.98633501
2019-06-20 16:28:40,141 epoch 39 - iter 140/143 - loss 0.97465488
2019-06-20 16:28:40,652 ----------------------------------------------------------------------------------------------------
2019-06-20 16:28:40,652 EPOCH 39 done: loss 0.9758 - lr 0.0031 - bad epochs 1
2019-06-20 16:28:54,600 TEST : loss 1.490419626235962 - score 0.8207
2019-06-20 16:28:57,332 ----------------------------------------------------------------------------------------------------
2019-06-20 16:28:57,869 epoch 40 - iter 0/143 - loss 1.02864003
2019-06-20 16:29:02,448 epoch 40 - iter 14/143 - loss 1.12067165
2019-06-20 16:29:07,271 epoch 40 - iter 28/143 - loss 1.08705523
2019-06-20 16:29:12,158 epoch 40 - iter 42/143 - loss 1.08236744
2019-06-20 16:29:17,094 epoch 40 - iter 56/143 - loss 1.07181773
2019-06-20 16:29:23,153 epoch 40 - iter 70/143 - loss 1.06996129
2019-06-20 16:29:27,293 epoch 40 - iter 84/143 - loss 1.08911854
2019-06-20 16:29:31,676 epoch 40 - iter 98/143 - loss 1.07567357
2019-06-20 16:29:36,010 epoch 40 - iter 112/143 - loss 1.07179189
2019-06-20 16:29:40,409 epoch 40 - iter 126/143 - loss 1.04996774
2019-06-20 16:29:45,610 epoch 40 - iter 140/143 - loss 1.05263331
2019-06-20 16:29:46,096 ----------------------------------------------------------------------------------------------------
2019-06-20 16:29:46,097 EPOCH 40 done: loss 1.0509 - lr 0.0031 - bad epochs 0
2019-06-20 16:30:00,010 TEST : loss 1.4925025701522827 - score 0.8218
2019-06-20 16:30:02,760 ----------------------------------------------------------------------------------------------------
2019-06-20 16:30:03,148 epoch 41 - iter 0/143 - loss 0.87683976
2019-06-20 16:30:08,416 epoch 41 - iter 14/143 - loss 1.06164369
2019-06-20 16:30:12,939 epoch 41 - iter 28/143 - loss 1.00282918
2019-06-20 16:30:17,360 epoch 41 - iter 42/143 - loss 0.98715202
2019-06-20 16:30:22,107 epoch 41 - iter 56/143 - loss 0.97034136
2019-06-20 16:30:26,785 epoch 41 - iter 70/143 - loss 1.01514832
2019-06-20 16:30:31,434 epoch 41 - iter 84/143 - loss 0.99521180
2019-06-20 16:30:36,098 epoch 41 - iter 98/143 - loss 0.99404845
2019-06-20 16:30:41,595 epoch 41 - iter 112/143 - loss 1.01529992
2019-06-20 16:30:46,529 epoch 41 - iter 126/143 - loss 1.02641555
2019-06-20 16:30:51,453 epoch 41 - iter 140/143 - loss 1.01736719
2019-06-20 16:30:52,001 ----------------------------------------------------------------------------------------------------
2019-06-20 16:30:52,002 EPOCH 41 done: loss 1.0159 - lr 0.0031 - bad epochs 1
2019-06-20 16:31:05,872 TEST : loss 1.4860236644744873 - score 0.8218
2019-06-20 16:31:08,622 ----------------------------------------------------------------------------------------------------
2019-06-20 16:31:09,115 epoch 42 - iter 0/143 - loss 0.77848101
2019-06-20 16:31:13,828 epoch 42 - iter 14/143 - loss 0.95096796
2019-06-20 16:31:18,406 epoch 42 - iter 28/143 - loss 0.94634721
2019-06-20 16:31:22,819 epoch 42 - iter 42/143 - loss 0.96184391
2019-06-20 16:31:27,833 epoch 42 - iter 56/143 - loss 0.98244386
2019-06-20 16:31:33,398 epoch 42 - iter 70/143 - loss 0.98459355
2019-06-20 16:31:37,614 epoch 42 - iter 84/143 - loss 0.97937682
2019-06-20 16:31:42,350 epoch 42 - iter 98/143 - loss 0.97082873
2019-06-20 16:31:47,299 epoch 42 - iter 112/143 - loss 0.97133184
2019-06-20 16:31:51,675 epoch 42 - iter 126/143 - loss 0.97014510
2019-06-20 16:31:55,887 epoch 42 - iter 140/143 - loss 0.96447771
2019-06-20 16:31:56,353 ----------------------------------------------------------------------------------------------------
2019-06-20 16:31:56,353 EPOCH 42 done: loss 0.9607 - lr 0.0031 - bad epochs 2
2019-06-20 16:32:10,202 TEST : loss 1.4811517000198364 - score 0.8241
2019-06-20 16:32:12,936 ----------------------------------------------------------------------------------------------------
2019-06-20 16:32:13,397 epoch 43 - iter 0/143 - loss 0.68362498
2019-06-20 16:32:18,268 epoch 43 - iter 14/143 - loss 1.05958132
2019-06-20 16:32:23,871 epoch 43 - iter 28/143 - loss 1.02891363
2019-06-20 16:32:29,015 epoch 43 - iter 42/143 - loss 0.98638195
2019-06-20 16:32:34,164 epoch 43 - iter 56/143 - loss 0.96536360
2019-06-20 16:32:38,830 epoch 43 - iter 70/143 - loss 0.95130272
2019-06-20 16:32:43,628 epoch 43 - iter 84/143 - loss 0.97815293
2019-06-20 16:32:48,564 epoch 43 - iter 98/143 - loss 1.00614340
2019-06-20 16:32:54,034 epoch 43 - iter 112/143 - loss 0.99782792
2019-06-20 16:32:58,838 epoch 43 - iter 126/143 - loss 0.99330474
2019-06-20 16:33:03,021 epoch 43 - iter 140/143 - loss 0.99677146
2019-06-20 16:33:03,496 ----------------------------------------------------------------------------------------------------
2019-06-20 16:33:03,496 EPOCH 43 done: loss 0.9937 - lr 0.0031 - bad epochs 0
2019-06-20 16:33:17,465 TEST : loss 1.4806363582611084 - score 0.8238
2019-06-20 16:33:20,208 ----------------------------------------------------------------------------------------------------
2019-06-20 16:33:20,653 epoch 44 - iter 0/143 - loss 0.92225432
2019-06-20 16:33:25,067 epoch 44 - iter 14/143 - loss 0.95819164
2019-06-20 16:33:29,919 epoch 44 - iter 28/143 - loss 0.96228489
2019-06-20 16:33:34,138 epoch 44 - iter 42/143 - loss 0.91359511
2019-06-20 16:33:38,545 epoch 44 - iter 56/143 - loss 0.92155361
2019-06-20 16:33:43,968 epoch 44 - iter 70/143 - loss 0.94927838
2019-06-20 16:33:48,199 epoch 44 - iter 84/143 - loss 0.93697306
2019-06-20 16:33:52,867 epoch 44 - iter 98/143 - loss 0.96579020
2019-06-20 16:33:58,157 epoch 44 - iter 112/143 - loss 0.97856125
2019-06-20 16:34:03,121 epoch 44 - iter 126/143 - loss 0.98020032
2019-06-20 16:34:07,224 epoch 44 - iter 140/143 - loss 0.99806593
2019-06-20 16:34:07,726 ----------------------------------------------------------------------------------------------------
2019-06-20 16:34:07,726 EPOCH 44 done: loss 0.9970 - lr 0.0031 - bad epochs 1
2019-06-20 16:34:21,915 TEST : loss 1.4909905195236206 - score 0.8213
2019-06-20 16:34:24,644 ----------------------------------------------------------------------------------------------------
2019-06-20 16:34:25,180 epoch 45 - iter 0/143 - loss 0.73691058
2019-06-20 16:34:29,676 epoch 45 - iter 14/143 - loss 1.09229643
2019-06-20 16:34:36,026 epoch 45 - iter 28/143 - loss 1.02697504
2019-06-20 16:34:40,155 epoch 45 - iter 42/143 - loss 0.97857970
2019-06-20 16:34:45,016 epoch 45 - iter 56/143 - loss 0.97375633
2019-06-20 16:34:49,650 epoch 45 - iter 70/143 - loss 0.98596576
2019-06-20 16:34:53,933 epoch 45 - iter 84/143 - loss 0.96720042
2019-06-20 16:34:59,555 epoch 45 - iter 98/143 - loss 0.95997927
2019-06-20 16:35:03,699 epoch 45 - iter 112/143 - loss 0.96091522
2019-06-20 16:35:08,326 epoch 45 - iter 126/143 - loss 0.97277494
2019-06-20 16:35:12,881 epoch 45 - iter 140/143 - loss 0.97707814
2019-06-20 16:35:13,480 ----------------------------------------------------------------------------------------------------
2019-06-20 16:35:13,480 EPOCH 45 done: loss 0.9814 - lr 0.0031 - bad epochs 2
2019-06-20 16:35:27,467 TEST : loss 1.491218090057373 - score 0.822
2019-06-20 16:35:30,226 ----------------------------------------------------------------------------------------------------
2019-06-20 16:35:30,975 epoch 46 - iter 0/143 - loss 1.07142258
2019-06-20 16:35:35,440 epoch 46 - iter 14/143 - loss 1.00740702
2019-06-20 16:35:39,951 epoch 46 - iter 28/143 - loss 1.04392644
2019-06-20 16:35:44,696 epoch 46 - iter 42/143 - loss 0.99949147
2019-06-20 16:35:50,553 epoch 46 - iter 56/143 - loss 0.98510498
2019-06-20 16:35:54,764 epoch 46 - iter 70/143 - loss 0.98521959
2019-06-20 16:35:59,807 epoch 46 - iter 84/143 - loss 0.96969341
2019-06-20 16:36:04,148 epoch 46 - iter 98/143 - loss 0.97782815
2019-06-20 16:36:08,463 epoch 46 - iter 112/143 - loss 0.99946795
2019-06-20 16:36:12,671 epoch 46 - iter 126/143 - loss 0.99623250
2019-06-20 16:36:17,811 epoch 46 - iter 140/143 - loss 0.98177746
2019-06-20 16:36:18,290 ----------------------------------------------------------------------------------------------------
2019-06-20 16:36:18,290 EPOCH 46 done: loss 0.9895 - lr 0.0031 - bad epochs 3
2019-06-20 16:36:32,316 TEST : loss 1.4841567277908325 - score 0.8226
2019-06-20 16:36:35,046 ----------------------------------------------------------------------------------------------------
2019-06-20 16:36:35,579 epoch 47 - iter 0/143 - loss 1.47392011
2019-06-20 16:36:40,834 epoch 47 - iter 14/143 - loss 1.06637134
2019-06-20 16:36:46,932 epoch 47 - iter 28/143 - loss 0.96190399
2019-06-20 16:36:51,505 epoch 47 - iter 42/143 - loss 0.97446061
2019-06-20 16:36:56,245 epoch 47 - iter 56/143 - loss 0.97522654
2019-06-20 16:37:00,840 epoch 47 - iter 70/143 - loss 0.96758308
2019-06-20 16:37:05,157 epoch 47 - iter 84/143 - loss 0.97502791
2019-06-20 16:37:09,721 epoch 47 - iter 98/143 - loss 0.97154838
2019-06-20 16:37:15,273 epoch 47 - iter 112/143 - loss 0.98972032
2019-06-20 16:37:19,760 epoch 47 - iter 126/143 - loss 0.96724293
2019-06-20 16:37:24,723 epoch 47 - iter 140/143 - loss 0.97634503
2019-06-20 16:37:25,444 ----------------------------------------------------------------------------------------------------
2019-06-20 16:37:25,445 EPOCH 47 done: loss 0.9786 - lr 0.0016 - bad epochs 0
2019-06-20 16:37:39,429 TEST : loss 1.4906659126281738 - score 0.8218
2019-06-20 16:37:42,196 ----------------------------------------------------------------------------------------------------
2019-06-20 16:37:42,824 epoch 48 - iter 0/143 - loss 0.86041522
2019-06-20 16:37:47,207 epoch 48 - iter 14/143 - loss 0.88202444
2019-06-20 16:37:52,217 epoch 48 - iter 28/143 - loss 0.81552545
2019-06-20 16:37:56,689 epoch 48 - iter 42/143 - loss 0.93650442
2019-06-20 16:38:02,420 epoch 48 - iter 56/143 - loss 0.92980495
2019-06-20 16:38:06,168 epoch 48 - iter 70/143 - loss 0.92022442
2019-06-20 16:38:10,651 epoch 48 - iter 84/143 - loss 0.93205893
2019-06-20 16:38:15,347 epoch 48 - iter 98/143 - loss 0.94505671
2019-06-20 16:38:20,436 epoch 48 - iter 112/143 - loss 0.95982183
2019-06-20 16:38:25,174 epoch 48 - iter 126/143 - loss 0.97228795
2019-06-20 16:38:29,700 epoch 48 - iter 140/143 - loss 0.98417566
2019-06-20 16:38:30,320 ----------------------------------------------------------------------------------------------------
2019-06-20 16:38:30,321 EPOCH 48 done: loss 0.9852 - lr 0.0016 - bad epochs 1
2019-06-20 16:38:44,354 TEST : loss 1.4878822565078735 - score 0.8225
2019-06-20 16:38:47,094 ----------------------------------------------------------------------------------------------------
2019-06-20 16:38:47,621 epoch 49 - iter 0/143 - loss 0.79063761
2019-06-20 16:38:53,221 epoch 49 - iter 14/143 - loss 1.14520707
2019-06-20 16:38:57,876 epoch 49 - iter 28/143 - loss 1.13502173
2019-06-20 16:39:02,403 epoch 49 - iter 42/143 - loss 1.11209182
2019-06-20 16:39:07,184 epoch 49 - iter 56/143 - loss 1.09991312
2019-06-20 16:39:11,777 epoch 49 - iter 70/143 - loss 1.08209986
2019-06-20 16:39:16,170 epoch 49 - iter 84/143 - loss 1.06146296
2019-06-20 16:39:20,608 epoch 49 - iter 98/143 - loss 1.05356656
2019-06-20 16:39:26,216 epoch 49 - iter 112/143 - loss 1.03750351
2019-06-20 16:39:30,613 epoch 49 - iter 126/143 - loss 1.03522566
2019-06-20 16:39:35,080 epoch 49 - iter 140/143 - loss 1.02589345
2019-06-20 16:39:35,742 ----------------------------------------------------------------------------------------------------
2019-06-20 16:39:35,742 EPOCH 49 done: loss 1.0221 - lr 0.0016 - bad epochs 2
2019-06-20 16:39:49,607 TEST : loss 1.4874175786972046 - score 0.8229
2019-06-20 16:39:52,373 ----------------------------------------------------------------------------------------------------
2019-06-20 16:39:52,857 epoch 50 - iter 0/143 - loss 2.18869209
2019-06-20 16:39:57,499 epoch 50 - iter 14/143 - loss 1.20417330
2019-06-20 16:40:02,399 epoch 50 - iter 28/143 - loss 1.09441021
2019-06-20 16:40:06,579 epoch 50 - iter 42/143 - loss 1.04426248
2019-06-20 16:40:11,548 epoch 50 - iter 56/143 - loss 1.07088192
2019-06-20 16:40:17,887 epoch 50 - iter 70/143 - loss 1.07939874
2019-06-20 16:40:22,742 epoch 50 - iter 84/143 - loss 1.07196082
2019-06-20 16:40:27,245 epoch 50 - iter 98/143 - loss 1.06049068
2019-06-20 16:40:31,727 epoch 50 - iter 112/143 - loss 1.03894995
2019-06-20 16:40:36,153 epoch 50 - iter 126/143 - loss 1.03652720
2019-06-20 16:40:40,551 epoch 50 - iter 140/143 - loss 1.03423122
2019-06-20 16:40:41,061 ----------------------------------------------------------------------------------------------------
2019-06-20 16:40:41,062 EPOCH 50 done: loss 1.0355 - lr 0.0016 - bad epochs 3
2019-06-20 16:40:55,070 TEST : loss 1.4844449758529663 - score 0.8234
2019-06-20 16:40:57,810 ----------------------------------------------------------------------------------------------------
2019-06-20 16:40:58,323 epoch 51 - iter 0/143 - loss 1.25781822
2019-06-20 16:41:03,337 epoch 51 - iter 14/143 - loss 1.36768398
2019-06-20 16:41:09,045 epoch 51 - iter 28/143 - loss 1.17530325
2019-06-20 16:41:13,159 epoch 51 - iter 42/143 - loss 1.08806041
2019-06-20 16:41:17,736 epoch 51 - iter 56/143 - loss 1.08691434
2019-06-20 16:41:21,950 epoch 51 - iter 70/143 - loss 1.09257099
2019-06-20 16:41:27,143 epoch 51 - iter 84/143 - loss 1.08523337
2019-06-20 16:41:31,973 epoch 51 - iter 98/143 - loss 1.07861057
2019-06-20 16:41:37,577 epoch 51 - iter 112/143 - loss 1.08972467
2019-06-20 16:41:42,147 epoch 51 - iter 126/143 - loss 1.08065729
2019-06-20 16:41:46,591 epoch 51 - iter 140/143 - loss 1.06903023
2019-06-20 16:41:47,308 ----------------------------------------------------------------------------------------------------
2019-06-20 16:41:47,308 EPOCH 51 done: loss 1.0633 - lr 0.0008 - bad epochs 0
2019-06-20 16:42:01,236 TEST : loss 1.4880001544952393 - score 0.8232
2019-06-20 16:42:04,000 ----------------------------------------------------------------------------------------------------
2019-06-20 16:42:04,520 epoch 52 - iter 0/143 - loss 0.80381131
2019-06-20 16:42:09,642 epoch 52 - iter 14/143 - loss 1.09038038
2019-06-20 16:42:13,855 epoch 52 - iter 28/143 - loss 1.05618553
2019-06-20 16:42:18,716 epoch 52 - iter 42/143 - loss 1.00092072
2019-06-20 16:42:23,747 epoch 52 - iter 56/143 - loss 1.03124514
2019-06-20 16:42:28,606 epoch 52 - iter 70/143 - loss 1.03295858
2019-06-20 16:42:34,052 epoch 52 - iter 84/143 - loss 1.03097312
2019-06-20 16:42:38,366 epoch 52 - iter 98/143 - loss 1.03435433
2019-06-20 16:42:42,355 epoch 52 - iter 112/143 - loss 1.01172865
2019-06-20 16:42:47,564 epoch 52 - iter 126/143 - loss 1.03202327
2019-06-20 16:42:51,906 epoch 52 - iter 140/143 - loss 1.02797231
2019-06-20 16:42:52,421 ----------------------------------------------------------------------------------------------------
2019-06-20 16:42:52,421 EPOCH 52 done: loss 1.0223 - lr 0.0008 - bad epochs 1
2019-06-20 16:43:06,371 TEST : loss 1.4861758947372437 - score 0.8232
2019-06-20 16:43:09,087 ----------------------------------------------------------------------------------------------------
2019-06-20 16:43:09,729 epoch 53 - iter 0/143 - loss 0.92921245
2019-06-20 16:43:14,162 epoch 53 - iter 14/143 - loss 1.00182175
2019-06-20 16:43:18,880 epoch 53 - iter 28/143 - loss 0.93523030
2019-06-20 16:43:24,857 epoch 53 - iter 42/143 - loss 0.93082361
2019-06-20 16:43:29,338 epoch 53 - iter 56/143 - loss 0.90309880
2019-06-20 16:43:34,042 epoch 53 - iter 70/143 - loss 0.93852506
2019-06-20 16:43:38,503 epoch 53 - iter 84/143 - loss 0.94572380
2019-06-20 16:43:42,715 epoch 53 - iter 98/143 - loss 0.93935178
2019-06-20 16:43:47,405 epoch 53 - iter 112/143 - loss 0.94675224
2019-06-20 16:43:53,022 epoch 53 - iter 126/143 - loss 0.95056248
2019-06-20 16:43:57,983 epoch 53 - iter 140/143 - loss 0.95901105
2019-06-20 16:43:58,430 ----------------------------------------------------------------------------------------------------
2019-06-20 16:43:58,430 EPOCH 53 done: loss 0.9585 - lr 0.0008 - bad epochs 2
2019-06-20 16:44:12,290 TEST : loss 1.490077257156372 - score 0.8225
2019-06-20 16:44:15,044 ----------------------------------------------------------------------------------------------------
2019-06-20 16:44:15,531 epoch 54 - iter 0/143 - loss 1.07255244
2019-06-20 16:44:20,727 epoch 54 - iter 14/143 - loss 0.96184258
2019-06-20 16:44:25,629 epoch 54 - iter 28/143 - loss 1.01741184
2019-06-20 16:44:30,270 epoch 54 - iter 42/143 - loss 0.99201614
2019-06-20 16:44:35,074 epoch 54 - iter 56/143 - loss 0.99963194
2019-06-20 16:44:39,599 epoch 54 - iter 70/143 - loss 1.04230737
2019-06-20 16:44:45,180 epoch 54 - iter 84/143 - loss 1.02404603
2019-06-20 16:44:49,815 epoch 54 - iter 98/143 - loss 1.02052320
2019-06-20 16:44:54,624 epoch 54 - iter 112/143 - loss 1.04439973
2019-06-20 16:44:59,110 epoch 54 - iter 126/143 - loss 1.05081335
2019-06-20 16:45:04,230 epoch 54 - iter 140/143 - loss 1.04898322
2019-06-20 16:45:04,756 ----------------------------------------------------------------------------------------------------
2019-06-20 16:45:04,756 EPOCH 54 done: loss 1.0463 - lr 0.0008 - bad epochs 0
2019-06-20 16:45:18,775 TEST : loss 1.4949697256088257 - score 0.8223
2019-06-20 16:45:21,501 ----------------------------------------------------------------------------------------------------
2019-06-20 16:45:21,950 epoch 55 - iter 0/143 - loss 0.56657016
2019-06-20 16:45:27,362 epoch 55 - iter 14/143 - loss 1.07947508
2019-06-20 16:45:33,218 epoch 55 - iter 28/143 - loss 1.08787886
2019-06-20 16:45:37,968 epoch 55 - iter 42/143 - loss 1.10609521
2019-06-20 16:45:42,619 epoch 55 - iter 56/143 - loss 1.07097067
2019-06-20 16:45:46,991 epoch 55 - iter 70/143 - loss 1.07112761
2019-06-20 16:45:51,635 epoch 55 - iter 84/143 - loss 1.05384883
2019-06-20 16:45:56,033 epoch 55 - iter 98/143 - loss 1.03748714
2019-06-20 16:46:00,259 epoch 55 - iter 112/143 - loss 1.01650358
2019-06-20 16:46:05,952 epoch 55 - iter 126/143 - loss 1.00369184
2019-06-20 16:46:10,876 epoch 55 - iter 140/143 - loss 1.00272730
2019-06-20 16:46:11,428 ----------------------------------------------------------------------------------------------------
2019-06-20 16:46:11,429 EPOCH 55 done: loss 1.0037 - lr 0.0008 - bad epochs 1
2019-06-20 16:46:25,328 TEST : loss 1.4870017766952515 - score 0.8224
2019-06-20 16:46:28,087 ----------------------------------------------------------------------------------------------------
2019-06-20 16:46:28,641 epoch 56 - iter 0/143 - loss 0.98134494
2019-06-20 16:46:33,500 epoch 56 - iter 14/143 - loss 1.05141818
2019-06-20 16:46:38,611 epoch 56 - iter 28/143 - loss 1.10680961
2019-06-20 16:46:43,241 epoch 56 - iter 42/143 - loss 1.04223635
2019-06-20 16:46:48,022 epoch 56 - iter 56/143 - loss 1.03182342
2019-06-20 16:46:53,628 epoch 56 - iter 70/143 - loss 1.03921367
2019-06-20 16:46:58,599 epoch 56 - iter 84/143 - loss 1.01003681
2019-06-20 16:47:03,358 epoch 56 - iter 98/143 - loss 1.01167394
2019-06-20 16:47:08,174 epoch 56 - iter 112/143 - loss 1.01873710
2019-06-20 16:47:12,241 epoch 56 - iter 126/143 - loss 1.01214470
2019-06-20 16:47:16,944 epoch 56 - iter 140/143 - loss 1.00422623
2019-06-20 16:47:17,757 ----------------------------------------------------------------------------------------------------
2019-06-20 16:47:17,758 EPOCH 56 done: loss 0.9999 - lr 0.0008 - bad epochs 2
2019-06-20 16:47:31,739 TEST : loss 1.4864447116851807 - score 0.8223
2019-06-20 16:47:34,479 ----------------------------------------------------------------------------------------------------
2019-06-20 16:47:35,099 epoch 57 - iter 0/143 - loss 0.58605194
2019-06-20 16:47:39,350 epoch 57 - iter 14/143 - loss 0.87318720
2019-06-20 16:47:44,197 epoch 57 - iter 28/143 - loss 0.98422161
2019-06-20 16:47:49,980 epoch 57 - iter 42/143 - loss 0.97786291
2019-06-20 16:47:54,413 epoch 57 - iter 56/143 - loss 1.00621721
2019-06-20 16:47:59,222 epoch 57 - iter 70/143 - loss 0.98810919
2019-06-20 16:48:03,872 epoch 57 - iter 84/143 - loss 1.01622455
2019-06-20 16:48:08,701 epoch 57 - iter 98/143 - loss 1.01704407
2019-06-20 16:48:13,672 epoch 57 - iter 112/143 - loss 0.99860773
2019-06-20 16:48:18,995 epoch 57 - iter 126/143 - loss 0.97279585
2019-06-20 16:48:23,270 epoch 57 - iter 140/143 - loss 0.97046357
2019-06-20 16:48:23,774 ----------------------------------------------------------------------------------------------------
2019-06-20 16:48:23,774 EPOCH 57 done: loss 0.9786 - lr 0.0008 - bad epochs 3
2019-06-20 16:48:36,614 TEST : loss 1.4938445091247559 - score 0.8214
2019-06-20 16:48:39,399 ----------------------------------------------------------------------------------------------------
2019-06-20 16:48:39,896 epoch 58 - iter 0/143 - loss 0.98250508
2019-06-20 16:48:45,705 epoch 58 - iter 14/143 - loss 1.06696593
2019-06-20 16:48:50,179 epoch 58 - iter 28/143 - loss 1.07145088
2019-06-20 16:48:54,498 epoch 58 - iter 42/143 - loss 1.07626946
2019-06-20 16:48:59,445 epoch 58 - iter 56/143 - loss 1.06033789
2019-06-20 16:49:04,375 epoch 58 - iter 70/143 - loss 1.04749432
2019-06-20 16:49:08,781 epoch 58 - iter 84/143 - loss 1.05308889
2019-06-20 16:49:14,240 epoch 58 - iter 98/143 - loss 1.05311892
2019-06-20 16:49:19,314 epoch 58 - iter 112/143 - loss 1.03589598
2019-06-20 16:49:23,757 epoch 58 - iter 126/143 - loss 1.01775572
2019-06-20 16:49:28,276 epoch 58 - iter 140/143 - loss 1.02128975
2019-06-20 16:49:28,934 ----------------------------------------------------------------------------------------------------
2019-06-20 16:49:28,934 EPOCH 58 done: loss 1.0168 - lr 0.0004 - bad epochs 0
2019-06-20 16:49:42,977 TEST : loss 1.4940917491912842 - score 0.8216
2019-06-20 16:49:45,743 ----------------------------------------------------------------------------------------------------
2019-06-20 16:49:46,184 epoch 59 - iter 0/143 - loss 1.58429289
2019-06-20 16:49:50,741 epoch 59 - iter 14/143 - loss 0.96502914
2019-06-20 16:49:55,676 epoch 59 - iter 28/143 - loss 0.94571352
2019-06-20 16:50:00,566 epoch 59 - iter 42/143 - loss 0.95113537
2019-06-20 16:50:06,838 epoch 59 - iter 56/143 - loss 0.96422561
2019-06-20 16:50:11,817 epoch 59 - iter 70/143 - loss 0.93616745
2019-06-20 16:50:16,193 epoch 59 - iter 84/143 - loss 0.96190570
2019-06-20 16:50:20,207 epoch 59 - iter 98/143 - loss 0.97119819
2019-06-20 16:50:24,604 epoch 59 - iter 112/143 - loss 0.96685940
2019-06-20 16:50:29,105 epoch 59 - iter 126/143 - loss 0.97266542
2019-06-20 16:50:34,557 epoch 59 - iter 140/143 - loss 0.97996128
2019-06-20 16:50:34,960 ----------------------------------------------------------------------------------------------------
2019-06-20 16:50:34,960 EPOCH 59 done: loss 0.9814 - lr 0.0004 - bad epochs 1
2019-06-20 16:50:47,808 TEST : loss 1.494381308555603 - score 0.8216
2019-06-20 16:50:50,592 ----------------------------------------------------------------------------------------------------
2019-06-20 16:50:51,061 epoch 60 - iter 0/143 - loss 1.07278275
2019-06-20 16:50:56,685 epoch 60 - iter 14/143 - loss 0.87138069
2019-06-20 16:51:01,581 epoch 60 - iter 28/143 - loss 0.84595131
2019-06-20 16:51:05,985 epoch 60 - iter 42/143 - loss 0.92691439
2019-06-20 16:51:11,062 epoch 60 - iter 56/143 - loss 0.94741421
2019-06-20 16:51:15,522 epoch 60 - iter 70/143 - loss 0.97232551
2019-06-20 16:51:20,394 epoch 60 - iter 84/143 - loss 0.94274313
2019-06-20 16:51:25,982 epoch 60 - iter 98/143 - loss 0.95994163
2019-06-20 16:51:30,283 epoch 60 - iter 112/143 - loss 0.95705055
2019-06-20 16:51:35,012 epoch 60 - iter 126/143 - loss 0.96817655
2019-06-20 16:51:39,447 epoch 60 - iter 140/143 - loss 0.97768642
2019-06-20 16:51:39,991 ----------------------------------------------------------------------------------------------------
2019-06-20 16:51:39,992 EPOCH 60 done: loss 0.9797 - lr 0.0004 - bad epochs 2
2019-06-20 16:51:53,980 TEST : loss 1.4915707111358643 - score 0.8214
2019-06-20 16:51:56,715 ----------------------------------------------------------------------------------------------------
2019-06-20 16:51:57,263 epoch 61 - iter 0/143 - loss 0.75684643
2019-06-20 16:52:02,113 epoch 61 - iter 14/143 - loss 1.08766396
2019-06-20 16:52:06,622 epoch 61 - iter 28/143 - loss 1.06088800
2019-06-20 16:52:10,660 epoch 61 - iter 42/143 - loss 1.04803603
2019-06-20 16:52:16,303 epoch 61 - iter 56/143 - loss 1.02679874
2019-06-20 16:52:20,907 epoch 61 - iter 70/143 - loss 1.04697794
2019-06-20 16:52:25,616 epoch 61 - iter 84/143 - loss 1.06553398
2019-06-20 16:52:30,430 epoch 61 - iter 98/143 - loss 1.05199907
2019-06-20 16:52:35,103 epoch 61 - iter 112/143 - loss 1.04334681
2019-06-20 16:52:39,893 epoch 61 - iter 126/143 - loss 1.02035469
2019-06-20 16:52:45,398 epoch 61 - iter 140/143 - loss 1.02775577
2019-06-20 16:52:45,919 ----------------------------------------------------------------------------------------------------
2019-06-20 16:52:45,919 EPOCH 61 done: loss 1.0242 - lr 0.0004 - bad epochs 3
2019-06-20 16:52:58,700 TEST : loss 1.490659475326538 - score 0.822
2019-06-20 16:53:01,485 ----------------------------------------------------------------------------------------------------
2019-06-20 16:53:01,958 epoch 62 - iter 0/143 - loss 1.24015927
2019-06-20 16:53:07,891 epoch 62 - iter 14/143 - loss 0.98760368
2019-06-20 16:53:12,486 epoch 62 - iter 28/143 - loss 0.99761987
2019-06-20 16:53:17,176 epoch 62 - iter 42/143 - loss 1.01222813
2019-06-20 16:53:21,693 epoch 62 - iter 56/143 - loss 0.99171184
2019-06-20 16:53:26,094 epoch 62 - iter 70/143 - loss 0.97179381
2019-06-20 16:53:30,558 epoch 62 - iter 84/143 - loss 0.98117135
2019-06-20 16:53:36,759 epoch 62 - iter 98/143 - loss 0.97519432
2019-06-20 16:53:41,165 epoch 62 - iter 112/143 - loss 0.98386846
2019-06-20 16:53:45,653 epoch 62 - iter 126/143 - loss 0.99839376
2019-06-20 16:53:50,892 epoch 62 - iter 140/143 - loss 0.98764989
2019-06-20 16:53:51,437 ----------------------------------------------------------------------------------------------------
2019-06-20 16:53:51,438 EPOCH 62 done: loss 0.9815 - lr 0.0002 - bad epochs 0
2019-06-20 16:54:05,430 TEST : loss 1.4908379316329956 - score 0.8217
2019-06-20 16:54:08,166 ----------------------------------------------------------------------------------------------------
2019-06-20 16:54:08,750 epoch 63 - iter 0/143 - loss 0.77216434
2019-06-20 16:54:13,270 epoch 63 - iter 14/143 - loss 0.92835023
2019-06-20 16:54:17,989 epoch 63 - iter 28/143 - loss 0.91439966
2019-06-20 16:54:22,610 epoch 63 - iter 42/143 - loss 0.93386569
2019-06-20 16:54:28,483 epoch 63 - iter 56/143 - loss 0.90912595
2019-06-20 16:54:33,032 epoch 63 - iter 70/143 - loss 0.92406728
2019-06-20 16:54:37,470 epoch 63 - iter 84/143 - loss 0.93796757
2019-06-20 16:54:41,478 epoch 63 - iter 98/143 - loss 0.93208493
2019-06-20 16:54:46,185 epoch 63 - iter 112/143 - loss 0.93831135
2019-06-20 16:54:51,530 epoch 63 - iter 126/143 - loss 0.95338685
2019-06-20 16:54:57,743 epoch 63 - iter 140/143 - loss 0.96658193
2019-06-20 16:54:58,196 ----------------------------------------------------------------------------------------------------
2019-06-20 16:54:58,197 EPOCH 63 done: loss 0.9609 - lr 0.0002 - bad epochs 1
2019-06-20 16:55:11,025 TEST : loss 1.4893888235092163 - score 0.8227
2019-06-20 16:55:13,820 ----------------------------------------------------------------------------------------------------
2019-06-20 16:55:14,287 epoch 64 - iter 0/143 - loss 2.00035501
2019-06-20 16:55:20,143 epoch 64 - iter 14/143 - loss 1.24211266
2019-06-20 16:55:24,648 epoch 64 - iter 28/143 - loss 1.09178403
2019-06-20 16:55:28,796 epoch 64 - iter 42/143 - loss 1.04758015
2019-06-20 16:55:33,692 epoch 64 - iter 56/143 - loss 0.99598716
2019-06-20 16:55:37,798 epoch 64 - iter 70/143 - loss 0.97563631
2019-06-20 16:55:42,632 epoch 64 - iter 84/143 - loss 0.96801280
2019-06-20 16:55:48,708 epoch 64 - iter 98/143 - loss 0.97744735
2019-06-20 16:55:53,370 epoch 64 - iter 112/143 - loss 0.98442756
2019-06-20 16:55:57,769 epoch 64 - iter 126/143 - loss 0.97366978
2019-06-20 16:56:02,216 epoch 64 - iter 140/143 - loss 0.97405319
2019-06-20 16:56:02,803 ----------------------------------------------------------------------------------------------------
2019-06-20 16:56:02,803 EPOCH 64 done: loss 0.9736 - lr 0.0002 - bad epochs 2
2019-06-20 16:56:16,709 TEST : loss 1.4909615516662598 - score 0.8224
2019-06-20 16:56:19,451 ----------------------------------------------------------------------------------------------------
2019-06-20 16:56:19,976 epoch 65 - iter 0/143 - loss 0.49284410
2019-06-20 16:56:24,835 epoch 65 - iter 14/143 - loss 0.87178671
2019-06-20 16:56:29,452 epoch 65 - iter 28/143 - loss 0.96496590
2019-06-20 16:56:33,868 epoch 65 - iter 42/143 - loss 0.98317104
2019-06-20 16:56:39,624 epoch 65 - iter 56/143 - loss 1.00856233
2019-06-20 16:56:44,332 epoch 65 - iter 70/143 - loss 1.03012701
2019-06-20 16:56:48,752 epoch 65 - iter 84/143 - loss 1.05876965
2019-06-20 16:56:53,575 epoch 65 - iter 98/143 - loss 1.05881716
2019-06-20 16:56:57,849 epoch 65 - iter 112/143 - loss 1.04010025
2019-06-20 16:57:02,632 epoch 65 - iter 126/143 - loss 1.02577198
2019-06-20 16:57:08,826 epoch 65 - iter 140/143 - loss 1.02663702
2019-06-20 16:57:09,267 ----------------------------------------------------------------------------------------------------
2019-06-20 16:57:09,268 EPOCH 65 done: loss 1.0272 - lr 0.0002 - bad epochs 3
2019-06-20 16:57:23,245 TEST : loss 1.4921619892120361 - score 0.8219
2019-06-20 16:57:25,996 ----------------------------------------------------------------------------------------------------
2019-06-20 16:57:25,996 ----------------------------------------------------------------------------------------------------
2019-06-20 16:57:25,996 learning rate too small - quitting training!
2019-06-20 16:57:25,996 ----------------------------------------------------------------------------------------------------
2019-06-20 16:57:28,451 ----------------------------------------------------------------------------------------------------
2019-06-20 16:57:28,451 Testing using best model ...
2019-06-20 16:57:41,259 0.8072	0.8372	0.8219
2019-06-20 16:57:41,259 
MICRO_AVG: acc 0.6977 - f1-score 0.8219
MACRO_AVG: acc 0.6977 - f1-score 0.8219
ITEM       tp: 2675 - fp: 639 - fn: 520 - tn: 2675 - precision: 0.8072 - recall: 0.8372 - accuracy: 0.6977 - f1-score: 0.8219
2019-06-20 16:57:41,259 ----------------------------------------------------------------------------------------------------
