2019-06-21 15:07:25,588 ----------------------------------------------------------------------------------------------------
2019-06-21 15:07:25,589 Evaluation method: MICRO_F1_SCORE
2019-06-21 15:07:25,705 ----------------------------------------------------------------------------------------------------
2019-06-21 15:07:26,940 epoch 1 - iter 0/129 - loss 0.59033990
2019-06-21 15:07:37,200 epoch 1 - iter 12/129 - loss 0.48855889
2019-06-21 15:07:47,272 epoch 1 - iter 24/129 - loss 0.51553059
2019-06-21 15:07:57,538 epoch 1 - iter 36/129 - loss 0.55247178
2019-06-21 15:08:07,896 epoch 1 - iter 48/129 - loss 0.59037770
2019-06-21 15:08:20,468 epoch 1 - iter 60/129 - loss 0.59350377
2019-06-21 15:08:30,989 epoch 1 - iter 72/129 - loss 0.61116237
2019-06-21 15:08:41,285 epoch 1 - iter 84/129 - loss 0.61552204
2019-06-21 15:08:51,528 epoch 1 - iter 96/129 - loss 0.61893481
2019-06-21 15:09:03,334 epoch 1 - iter 108/129 - loss 0.63815383
2019-06-21 15:09:13,862 epoch 1 - iter 120/129 - loss 0.64367654
2019-06-21 15:09:22,241 ----------------------------------------------------------------------------------------------------
2019-06-21 15:09:22,242 EPOCH 1 done: loss 0.6555 - lr 0.1000 - bad epochs 0
2019-06-21 15:09:46,887 TEST : loss 1.0620814561843872 - score 0.8763
2019-06-21 15:09:49,627 ----------------------------------------------------------------------------------------------------
2019-06-21 15:09:50,999 epoch 2 - iter 0/129 - loss 0.85441411
2019-06-21 15:10:02,510 epoch 2 - iter 12/129 - loss 0.63484717
2019-06-21 15:10:13,245 epoch 2 - iter 24/129 - loss 0.60946742
2019-06-21 15:10:23,587 epoch 2 - iter 36/129 - loss 0.60121916
2019-06-21 15:10:34,841 epoch 2 - iter 48/129 - loss 0.60475470
2019-06-21 15:10:45,527 epoch 2 - iter 60/129 - loss 0.63329129
2019-06-21 15:10:58,101 epoch 2 - iter 72/129 - loss 0.63643075
2019-06-21 15:11:08,549 epoch 2 - iter 84/129 - loss 0.63484491
2019-06-21 15:11:18,494 epoch 2 - iter 96/129 - loss 0.64349092
2019-06-21 15:11:28,820 epoch 2 - iter 108/129 - loss 0.63949957
2019-06-21 15:11:39,025 epoch 2 - iter 120/129 - loss 0.64176155
2019-06-21 15:11:44,830 ----------------------------------------------------------------------------------------------------
2019-06-21 15:11:44,830 EPOCH 2 done: loss 0.6340 - lr 0.1000 - bad epochs 0
2019-06-21 15:12:10,739 TEST : loss 1.1264688968658447 - score 0.8769
2019-06-21 15:12:13,589 ----------------------------------------------------------------------------------------------------
2019-06-21 15:12:14,992 epoch 3 - iter 0/129 - loss 1.13081002
2019-06-21 15:12:27,399 epoch 3 - iter 12/129 - loss 0.70315163
2019-06-21 15:12:37,584 epoch 3 - iter 24/129 - loss 0.61095745
2019-06-21 15:12:48,076 epoch 3 - iter 36/129 - loss 0.65557720
2019-06-21 15:12:58,463 epoch 3 - iter 48/129 - loss 0.64215707
2019-06-21 15:13:09,163 epoch 3 - iter 60/129 - loss 0.64012134
2019-06-21 15:13:19,180 epoch 3 - iter 72/129 - loss 0.63535256
2019-06-21 15:13:31,374 epoch 3 - iter 84/129 - loss 0.63172226
2019-06-21 15:13:41,850 epoch 3 - iter 96/129 - loss 0.64354206
2019-06-21 15:13:53,311 epoch 3 - iter 108/129 - loss 0.64463558
2019-06-21 15:14:03,180 epoch 3 - iter 120/129 - loss 0.64221422
2019-06-21 15:14:09,609 ----------------------------------------------------------------------------------------------------
2019-06-21 15:14:09,609 EPOCH 3 done: loss 0.6388 - lr 0.1000 - bad epochs 0
2019-06-21 15:14:35,772 TEST : loss 1.0996798276901245 - score 0.875
2019-06-21 15:14:38,678 ----------------------------------------------------------------------------------------------------
2019-06-21 15:14:40,109 epoch 4 - iter 0/129 - loss 0.56524396
2019-06-21 15:14:49,837 epoch 4 - iter 12/129 - loss 0.68109054
2019-06-21 15:15:01,666 epoch 4 - iter 24/129 - loss 0.60255141
2019-06-21 15:15:12,616 epoch 4 - iter 36/129 - loss 0.66291972
2019-06-21 15:15:22,570 epoch 4 - iter 48/129 - loss 0.67119264
2019-06-21 15:15:33,379 epoch 4 - iter 60/129 - loss 0.65644623
2019-06-21 15:15:43,649 epoch 4 - iter 72/129 - loss 0.65549266
2019-06-21 15:15:53,630 epoch 4 - iter 84/129 - loss 0.64208700
2019-06-21 15:16:06,846 epoch 4 - iter 96/129 - loss 0.65524103
2019-06-21 15:16:18,288 epoch 4 - iter 108/129 - loss 0.65491097
2019-06-21 15:16:28,907 epoch 4 - iter 120/129 - loss 0.64687059
2019-06-21 15:16:35,443 ----------------------------------------------------------------------------------------------------
2019-06-21 15:16:35,444 EPOCH 4 done: loss 0.6450 - lr 0.1000 - bad epochs 1
2019-06-21 15:17:01,133 TEST : loss 1.130474328994751 - score 0.8798
2019-06-21 15:17:04,053 ----------------------------------------------------------------------------------------------------
2019-06-21 15:17:05,833 epoch 5 - iter 0/129 - loss 0.90345603
2019-06-21 15:17:17,170 epoch 5 - iter 12/129 - loss 0.54081140
2019-06-21 15:17:29,419 epoch 5 - iter 24/129 - loss 0.55566057
2019-06-21 15:17:39,810 epoch 5 - iter 36/129 - loss 0.57290108
2019-06-21 15:17:49,976 epoch 5 - iter 48/129 - loss 0.57230429
2019-06-21 15:18:00,613 epoch 5 - iter 60/129 - loss 0.57984960
2019-06-21 15:18:10,699 epoch 5 - iter 72/129 - loss 0.60209945
2019-06-21 15:18:21,295 epoch 5 - iter 84/129 - loss 0.62542820
2019-06-21 15:18:33,501 epoch 5 - iter 96/129 - loss 0.62415426
2019-06-21 15:18:44,318 epoch 5 - iter 108/129 - loss 0.61249326
2019-06-21 15:18:54,967 epoch 5 - iter 120/129 - loss 0.61128268
2019-06-21 15:19:01,022 ----------------------------------------------------------------------------------------------------
2019-06-21 15:19:01,023 EPOCH 5 done: loss 0.5919 - lr 0.1000 - bad epochs 2
2019-06-21 15:19:26,618 TEST : loss 1.2665050029754639 - score 0.8627
2019-06-21 15:19:29,547 ----------------------------------------------------------------------------------------------------
2019-06-21 15:19:31,146 epoch 6 - iter 0/129 - loss 0.58374739
2019-06-21 15:19:42,211 epoch 6 - iter 12/129 - loss 0.55948204
2019-06-21 15:19:53,014 epoch 6 - iter 24/129 - loss 0.58237378
2019-06-21 15:20:05,512 epoch 6 - iter 36/129 - loss 0.61373838
2019-06-21 15:20:16,197 epoch 6 - iter 48/129 - loss 0.61992787
2019-06-21 15:20:26,378 epoch 6 - iter 60/129 - loss 0.61626236
2019-06-21 15:20:37,270 epoch 6 - iter 72/129 - loss 0.64765493
2019-06-21 15:20:47,671 epoch 6 - iter 84/129 - loss 0.62919294
2019-06-21 15:21:00,286 epoch 6 - iter 96/129 - loss 0.64826728
2019-06-21 15:21:10,890 epoch 6 - iter 108/129 - loss 0.65020982
2019-06-21 15:21:20,770 epoch 6 - iter 120/129 - loss 0.63731484
2019-06-21 15:21:26,472 ----------------------------------------------------------------------------------------------------
2019-06-21 15:21:26,472 EPOCH 6 done: loss 0.6377 - lr 0.1000 - bad epochs 0
2019-06-21 15:21:52,217 TEST : loss 1.1517260074615479 - score 0.8761
2019-06-21 15:21:55,069 ----------------------------------------------------------------------------------------------------
2019-06-21 15:21:56,531 epoch 7 - iter 0/129 - loss 0.83255315
2019-06-21 15:22:06,924 epoch 7 - iter 12/129 - loss 0.59547206
2019-06-21 15:22:17,296 epoch 7 - iter 24/129 - loss 0.56796425
2019-06-21 15:22:29,372 epoch 7 - iter 36/129 - loss 0.56318989
2019-06-21 15:22:39,848 epoch 7 - iter 48/129 - loss 0.59622393
2019-06-21 15:22:50,713 epoch 7 - iter 60/129 - loss 0.61723643
2019-06-21 15:23:01,476 epoch 7 - iter 72/129 - loss 0.63667870
2019-06-21 15:23:12,203 epoch 7 - iter 84/129 - loss 0.63434164
2019-06-21 15:23:22,543 epoch 7 - iter 96/129 - loss 0.64065288
2019-06-21 15:23:34,889 epoch 7 - iter 108/129 - loss 0.64256867
2019-06-21 15:23:45,258 epoch 7 - iter 120/129 - loss 0.63470250
2019-06-21 15:23:51,635 ----------------------------------------------------------------------------------------------------
2019-06-21 15:23:51,635 EPOCH 7 done: loss 0.6563 - lr 0.1000 - bad epochs 1
2019-06-21 15:24:17,279 TEST : loss 1.1979862451553345 - score 0.8625
2019-06-21 15:24:20,150 ----------------------------------------------------------------------------------------------------
2019-06-21 15:24:21,598 epoch 8 - iter 0/129 - loss 0.41340208
2019-06-21 15:24:32,982 epoch 8 - iter 12/129 - loss 0.50817655
2019-06-21 15:24:44,613 epoch 8 - iter 24/129 - loss 0.57880398
2019-06-21 15:24:55,417 epoch 8 - iter 36/129 - loss 0.59438807
2019-06-21 15:25:08,607 epoch 8 - iter 48/129 - loss 0.57504421
2019-06-21 15:25:18,742 epoch 8 - iter 60/129 - loss 0.58664009
2019-06-21 15:25:29,042 epoch 8 - iter 72/129 - loss 0.60708278
2019-06-21 15:25:38,998 epoch 8 - iter 84/129 - loss 0.62077238
2019-06-21 15:25:49,602 epoch 8 - iter 96/129 - loss 0.62081003
2019-06-21 15:25:58,934 epoch 8 - iter 108/129 - loss 0.60831802
2019-06-21 15:26:11,023 epoch 8 - iter 120/129 - loss 0.61559793
2019-06-21 15:26:18,971 ----------------------------------------------------------------------------------------------------
2019-06-21 15:26:18,972 EPOCH 8 done: loss 0.6186 - lr 0.1000 - bad epochs 2
2019-06-21 15:26:44,521 TEST : loss 1.1071778535842896 - score 0.8774
2019-06-21 15:26:47,378 ----------------------------------------------------------------------------------------------------
2019-06-21 15:26:49,083 epoch 9 - iter 0/129 - loss 0.66331232
2019-06-21 15:27:00,233 epoch 9 - iter 12/129 - loss 0.53880785
2019-06-21 15:27:11,494 epoch 9 - iter 24/129 - loss 0.61171998
2019-06-21 15:27:22,197 epoch 9 - iter 36/129 - loss 0.66634935
2019-06-21 15:27:33,228 epoch 9 - iter 48/129 - loss 0.65778798
2019-06-21 15:27:45,557 epoch 9 - iter 60/129 - loss 0.63951102
2019-06-21 15:27:55,683 epoch 9 - iter 72/129 - loss 0.64980834
2019-06-21 15:28:05,699 epoch 9 - iter 84/129 - loss 0.63239718
2019-06-21 15:28:15,571 epoch 9 - iter 96/129 - loss 0.62763021
2019-06-21 15:28:26,284 epoch 9 - iter 108/129 - loss 0.62338145
2019-06-21 15:28:36,639 epoch 9 - iter 120/129 - loss 0.63820485
2019-06-21 15:28:45,726 ----------------------------------------------------------------------------------------------------
2019-06-21 15:28:45,727 EPOCH 9 done: loss 0.6427 - lr 0.1000 - bad epochs 3
2019-06-21 15:29:10,638 TEST : loss 1.144633412361145 - score 0.8684
2019-06-21 15:29:13,468 ----------------------------------------------------------------------------------------------------
2019-06-21 15:29:15,039 epoch 10 - iter 0/129 - loss 0.69013405
2019-06-21 15:29:25,749 epoch 10 - iter 12/129 - loss 0.59024099
2019-06-21 15:29:36,546 epoch 10 - iter 24/129 - loss 0.66335098
2019-06-21 15:29:47,388 epoch 10 - iter 36/129 - loss 0.64616622
2019-06-21 15:29:57,721 epoch 10 - iter 48/129 - loss 0.64536362
2019-06-21 15:30:07,913 epoch 10 - iter 60/129 - loss 0.63708952
2019-06-21 15:30:20,814 epoch 10 - iter 72/129 - loss 0.63177091
2019-06-21 15:30:31,150 epoch 10 - iter 84/129 - loss 0.63860676
2019-06-21 15:30:41,453 epoch 10 - iter 96/129 - loss 0.64185558
2019-06-21 15:30:52,180 epoch 10 - iter 108/129 - loss 0.62386735
2019-06-21 15:31:03,305 epoch 10 - iter 120/129 - loss 0.62211954
2019-06-21 15:31:09,766 ----------------------------------------------------------------------------------------------------
2019-06-21 15:31:09,767 EPOCH 10 done: loss 0.6200 - lr 0.0500 - bad epochs 0
2019-06-21 15:31:36,095 TEST : loss 1.1651993989944458 - score 0.8745
2019-06-21 15:31:38,990 ----------------------------------------------------------------------------------------------------
2019-06-21 15:31:40,642 epoch 11 - iter 0/129 - loss 0.61634183
2019-06-21 15:31:53,806 epoch 11 - iter 12/129 - loss 0.67023300
2019-06-21 15:32:04,203 epoch 11 - iter 24/129 - loss 0.59432458
2019-06-21 15:32:15,533 epoch 11 - iter 36/129 - loss 0.60373863
2019-06-21 15:32:26,769 epoch 11 - iter 48/129 - loss 0.57269838
2019-06-21 15:32:37,543 epoch 11 - iter 60/129 - loss 0.56628650
2019-06-21 15:32:50,331 epoch 11 - iter 72/129 - loss 0.55563140
2019-06-21 15:33:00,980 epoch 11 - iter 84/129 - loss 0.54786976
2019-06-21 15:33:10,703 epoch 11 - iter 96/129 - loss 0.58557269
2019-06-21 15:33:20,444 epoch 11 - iter 108/129 - loss 0.59192840
2019-06-21 15:33:30,678 epoch 11 - iter 120/129 - loss 0.57949168
2019-06-21 15:33:36,929 ----------------------------------------------------------------------------------------------------
2019-06-21 15:33:36,930 EPOCH 11 done: loss 0.5758 - lr 0.0500 - bad epochs 1
2019-06-21 15:34:03,586 TEST : loss 1.1360830068588257 - score 0.8786
2019-06-21 15:34:06,490 ----------------------------------------------------------------------------------------------------
2019-06-21 15:34:08,455 epoch 12 - iter 0/129 - loss 0.18853664
2019-06-21 15:34:21,096 epoch 12 - iter 12/129 - loss 0.58313729
2019-06-21 15:34:32,027 epoch 12 - iter 24/129 - loss 0.55964697
2019-06-21 15:34:43,704 epoch 12 - iter 36/129 - loss 0.61194974
2019-06-21 15:34:55,291 epoch 12 - iter 48/129 - loss 0.61452433
2019-06-21 15:35:06,161 epoch 12 - iter 60/129 - loss 0.62172072
2019-06-21 15:35:18,091 epoch 12 - iter 72/129 - loss 0.62255903
2019-06-21 15:35:31,019 epoch 12 - iter 84/129 - loss 0.63225594
2019-06-21 15:35:41,093 epoch 12 - iter 96/129 - loss 0.62629728
2019-06-21 15:35:51,513 epoch 12 - iter 108/129 - loss 0.62117319
2019-06-21 15:36:01,768 epoch 12 - iter 120/129 - loss 0.61686581
2019-06-21 15:36:08,201 ----------------------------------------------------------------------------------------------------
2019-06-21 15:36:08,202 EPOCH 12 done: loss 0.6120 - lr 0.0500 - bad epochs 0
2019-06-21 15:36:35,027 TEST : loss 1.1568347215652466 - score 0.8753
2019-06-21 15:36:37,920 ----------------------------------------------------------------------------------------------------
2019-06-21 15:36:39,597 epoch 13 - iter 0/129 - loss 0.64851046
2019-06-21 15:36:50,787 epoch 13 - iter 12/129 - loss 0.56743493
2019-06-21 15:37:02,547 epoch 13 - iter 24/129 - loss 0.57998329
2019-06-21 15:37:12,653 epoch 13 - iter 36/129 - loss 0.54749762
2019-06-21 15:37:23,127 epoch 13 - iter 48/129 - loss 0.56191791
2019-06-21 15:37:34,897 epoch 13 - iter 60/129 - loss 0.56429815
2019-06-21 15:37:45,794 epoch 13 - iter 72/129 - loss 0.57300659
2019-06-21 15:37:55,955 epoch 13 - iter 84/129 - loss 0.57708930
2019-06-21 15:38:08,769 epoch 13 - iter 96/129 - loss 0.56814978
2019-06-21 15:38:18,683 epoch 13 - iter 108/129 - loss 0.55184510
2019-06-21 15:38:28,909 epoch 13 - iter 120/129 - loss 0.55050170
2019-06-21 15:38:34,875 ----------------------------------------------------------------------------------------------------
2019-06-21 15:38:34,876 EPOCH 13 done: loss 0.5596 - lr 0.0500 - bad epochs 1
2019-06-21 15:39:00,533 TEST : loss 1.1417535543441772 - score 0.8782
2019-06-21 15:39:03,421 ----------------------------------------------------------------------------------------------------
2019-06-21 15:39:04,949 epoch 14 - iter 0/129 - loss 0.44321775
2019-06-21 15:39:16,522 epoch 14 - iter 12/129 - loss 0.61985324
2019-06-21 15:39:26,495 epoch 14 - iter 24/129 - loss 0.56972030
2019-06-21 15:39:39,186 epoch 14 - iter 36/129 - loss 0.55052295
2019-06-21 15:39:51,456 epoch 14 - iter 48/129 - loss 0.53514910
2019-06-21 15:40:02,506 epoch 14 - iter 60/129 - loss 0.53365829
2019-06-21 15:40:12,340 epoch 14 - iter 72/129 - loss 0.51995549
2019-06-21 15:40:23,635 epoch 14 - iter 84/129 - loss 0.52300093
2019-06-21 15:40:33,691 epoch 14 - iter 96/129 - loss 0.52823771
2019-06-21 15:40:46,875 epoch 14 - iter 108/129 - loss 0.53534055
2019-06-21 15:40:56,588 epoch 14 - iter 120/129 - loss 0.53513360
2019-06-21 15:41:02,647 ----------------------------------------------------------------------------------------------------
2019-06-21 15:41:02,647 EPOCH 14 done: loss 0.5439 - lr 0.0500 - bad epochs 0
2019-06-21 15:41:28,586 TEST : loss 1.1929911375045776 - score 0.872
2019-06-21 15:41:31,486 ----------------------------------------------------------------------------------------------------
2019-06-21 15:41:33,401 epoch 15 - iter 0/129 - loss 0.69276452
2019-06-21 15:41:44,616 epoch 15 - iter 12/129 - loss 0.59384733
2019-06-21 15:41:55,535 epoch 15 - iter 24/129 - loss 0.58117447
2019-06-21 15:42:08,111 epoch 15 - iter 36/129 - loss 0.59584523
2019-06-21 15:42:19,798 epoch 15 - iter 48/129 - loss 0.61303505
2019-06-21 15:42:30,327 epoch 15 - iter 60/129 - loss 0.60575353
2019-06-21 15:42:40,263 epoch 15 - iter 72/129 - loss 0.57787218
2019-06-21 15:42:50,694 epoch 15 - iter 84/129 - loss 0.56873005
2019-06-21 15:43:00,970 epoch 15 - iter 96/129 - loss 0.57166542
2019-06-21 15:43:13,661 epoch 15 - iter 108/129 - loss 0.56878510
2019-06-21 15:43:23,523 epoch 15 - iter 120/129 - loss 0.55560520
2019-06-21 15:43:29,581 ----------------------------------------------------------------------------------------------------
2019-06-21 15:43:29,582 EPOCH 15 done: loss 0.5542 - lr 0.0500 - bad epochs 0
2019-06-21 15:43:55,623 TEST : loss 1.2203420400619507 - score 0.8712
2019-06-21 15:43:58,557 ----------------------------------------------------------------------------------------------------
2019-06-21 15:44:00,588 epoch 16 - iter 0/129 - loss 0.39667392
2019-06-21 15:44:12,035 epoch 16 - iter 12/129 - loss 0.44681699
2019-06-21 15:44:22,767 epoch 16 - iter 24/129 - loss 0.47463533
2019-06-21 15:44:34,026 epoch 16 - iter 36/129 - loss 0.49252923
2019-06-21 15:44:46,160 epoch 16 - iter 48/129 - loss 0.47512768
2019-06-21 15:44:56,000 epoch 16 - iter 60/129 - loss 0.50208121
2019-06-21 15:45:06,311 epoch 16 - iter 72/129 - loss 0.52465778
2019-06-21 15:45:16,444 epoch 16 - iter 84/129 - loss 0.54552953
2019-06-21 15:45:26,454 epoch 16 - iter 96/129 - loss 0.54743269
2019-06-21 15:45:39,284 epoch 16 - iter 108/129 - loss 0.54399994
2019-06-21 15:45:50,528 epoch 16 - iter 120/129 - loss 0.54827638
2019-06-21 15:45:56,726 ----------------------------------------------------------------------------------------------------
2019-06-21 15:45:56,727 EPOCH 16 done: loss 0.5515 - lr 0.0500 - bad epochs 1
2019-06-21 15:46:22,765 TEST : loss 1.2335293292999268 - score 0.867
2019-06-21 15:46:25,688 ----------------------------------------------------------------------------------------------------
2019-06-21 15:46:27,496 epoch 17 - iter 0/129 - loss 0.81486964
2019-06-21 15:46:38,698 epoch 17 - iter 12/129 - loss 0.62813842
2019-06-21 15:46:50,122 epoch 17 - iter 24/129 - loss 0.55274250
2019-06-21 15:47:00,218 epoch 17 - iter 36/129 - loss 0.58594806
2019-06-21 15:47:13,548 epoch 17 - iter 48/129 - loss 0.56787838
2019-06-21 15:47:24,260 epoch 17 - iter 60/129 - loss 0.56547735
2019-06-21 15:47:34,312 epoch 17 - iter 72/129 - loss 0.57596570
2019-06-21 15:47:44,363 epoch 17 - iter 84/129 - loss 0.56785278
2019-06-21 15:47:54,785 epoch 17 - iter 96/129 - loss 0.56875859
2019-06-21 15:48:05,251 epoch 17 - iter 108/129 - loss 0.55629317
2019-06-21 15:48:17,411 epoch 17 - iter 120/129 - loss 0.55663014
2019-06-21 15:48:24,350 ----------------------------------------------------------------------------------------------------
2019-06-21 15:48:24,351 EPOCH 17 done: loss 0.5527 - lr 0.0500 - bad epochs 2
2019-06-21 15:48:50,001 TEST : loss 1.1757252216339111 - score 0.8783
2019-06-21 15:48:52,946 ----------------------------------------------------------------------------------------------------
2019-06-21 15:48:54,679 epoch 18 - iter 0/129 - loss 0.40860748
2019-06-21 15:49:05,229 epoch 18 - iter 12/129 - loss 0.45234534
2019-06-21 15:49:16,137 epoch 18 - iter 24/129 - loss 0.46576263
2019-06-21 15:49:26,775 epoch 18 - iter 36/129 - loss 0.51994259
2019-06-21 15:49:37,078 epoch 18 - iter 48/129 - loss 0.55016706
2019-06-21 15:49:49,502 epoch 18 - iter 60/129 - loss 0.52893224
2019-06-21 15:49:59,855 epoch 18 - iter 72/129 - loss 0.54317646
2019-06-21 15:50:11,115 epoch 18 - iter 84/129 - loss 0.55675807
2019-06-21 15:50:21,522 epoch 18 - iter 96/129 - loss 0.53877854
2019-06-21 15:50:32,087 epoch 18 - iter 108/129 - loss 0.55072460
2019-06-21 15:50:44,964 epoch 18 - iter 120/129 - loss 0.55149633
2019-06-21 15:50:50,740 ----------------------------------------------------------------------------------------------------
2019-06-21 15:50:50,741 EPOCH 18 done: loss 0.5621 - lr 0.0500 - bad epochs 3
2019-06-21 15:51:16,344 TEST : loss 1.2120860815048218 - score 0.8726
2019-06-21 15:51:19,184 ----------------------------------------------------------------------------------------------------
2019-06-21 15:51:21,096 epoch 19 - iter 0/129 - loss 0.36693025
2019-06-21 15:51:32,446 epoch 19 - iter 12/129 - loss 0.64552604
2019-06-21 15:51:42,665 epoch 19 - iter 24/129 - loss 0.65030700
2019-06-21 15:51:53,177 epoch 19 - iter 36/129 - loss 0.62218834
2019-06-21 15:52:04,086 epoch 19 - iter 48/129 - loss 0.59484709
2019-06-21 15:52:16,846 epoch 19 - iter 60/129 - loss 0.57655617
2019-06-21 15:52:27,009 epoch 19 - iter 72/129 - loss 0.57568427
2019-06-21 15:52:37,139 epoch 19 - iter 84/129 - loss 0.57229237
2019-06-21 15:52:47,097 epoch 19 - iter 96/129 - loss 0.55605238
2019-06-21 15:52:57,294 epoch 19 - iter 108/129 - loss 0.55077630
2019-06-21 15:53:09,498 epoch 19 - iter 120/129 - loss 0.54099657
2019-06-21 15:53:16,889 ----------------------------------------------------------------------------------------------------
2019-06-21 15:53:16,889 EPOCH 19 done: loss 0.5378 - lr 0.0250 - bad epochs 0
2019-06-21 15:53:42,414 TEST : loss 1.200860619544983 - score 0.8754
2019-06-21 15:53:45,345 ----------------------------------------------------------------------------------------------------
2019-06-21 15:53:47,321 epoch 20 - iter 0/129 - loss 0.45054448
2019-06-21 15:53:59,426 epoch 20 - iter 12/129 - loss 0.49210623
2019-06-21 15:54:09,979 epoch 20 - iter 24/129 - loss 0.45477530
2019-06-21 15:54:20,892 epoch 20 - iter 36/129 - loss 0.54894889
2019-06-21 15:54:30,831 epoch 20 - iter 48/129 - loss 0.53954436
2019-06-21 15:54:41,574 epoch 20 - iter 60/129 - loss 0.52959549
2019-06-21 15:54:54,690 epoch 20 - iter 72/129 - loss 0.53460140
2019-06-21 15:55:05,168 epoch 20 - iter 84/129 - loss 0.53660757
2019-06-21 15:55:15,069 epoch 20 - iter 96/129 - loss 0.52213830
2019-06-21 15:55:25,550 epoch 20 - iter 108/129 - loss 0.52351098
2019-06-21 15:55:35,948 epoch 20 - iter 120/129 - loss 0.52651180
2019-06-21 15:55:42,253 ----------------------------------------------------------------------------------------------------
2019-06-21 15:55:42,254 EPOCH 20 done: loss 0.5167 - lr 0.0250 - bad epochs 0
2019-06-21 15:56:09,509 TEST : loss 1.2094111442565918 - score 0.8777
2019-06-21 15:56:12,408 ----------------------------------------------------------------------------------------------------
2019-06-21 15:56:15,501 epoch 21 - iter 0/129 - loss 0.35130119
2019-06-21 15:56:25,617 epoch 21 - iter 12/129 - loss 0.44181804
2019-06-21 15:56:36,636 epoch 21 - iter 24/129 - loss 0.44060372
2019-06-21 15:56:47,634 epoch 21 - iter 36/129 - loss 0.43971163
2019-06-21 15:56:59,063 epoch 21 - iter 48/129 - loss 0.45716272
2019-06-21 15:57:09,716 epoch 21 - iter 60/129 - loss 0.45674636
2019-06-21 15:57:23,357 epoch 21 - iter 72/129 - loss 0.48206686
2019-06-21 15:57:33,684 epoch 21 - iter 84/129 - loss 0.48904948
2019-06-21 15:57:44,359 epoch 21 - iter 96/129 - loss 0.50906492
2019-06-21 15:57:54,491 epoch 21 - iter 108/129 - loss 0.51734948
2019-06-21 15:58:04,559 epoch 21 - iter 120/129 - loss 0.51589365
2019-06-21 15:58:10,747 ----------------------------------------------------------------------------------------------------
2019-06-21 15:58:10,748 EPOCH 21 done: loss 0.5188 - lr 0.0250 - bad epochs 0
2019-06-21 15:58:37,574 TEST : loss 1.2548872232437134 - score 0.8714
2019-06-21 15:58:40,445 ----------------------------------------------------------------------------------------------------
2019-06-21 15:58:43,517 epoch 22 - iter 0/129 - loss 0.20278716
2019-06-21 15:58:55,330 epoch 22 - iter 12/129 - loss 0.55287590
2019-06-21 15:59:06,073 epoch 22 - iter 24/129 - loss 0.49625559
2019-06-21 15:59:15,740 epoch 22 - iter 36/129 - loss 0.49257672
2019-06-21 15:59:26,601 epoch 22 - iter 48/129 - loss 0.47867163
2019-06-21 15:59:38,025 epoch 22 - iter 60/129 - loss 0.48148689
2019-06-21 15:59:51,317 epoch 22 - iter 72/129 - loss 0.47776619
2019-06-21 16:00:01,971 epoch 22 - iter 84/129 - loss 0.47462666
2019-06-21 16:00:12,414 epoch 22 - iter 96/129 - loss 0.47374652
2019-06-21 16:00:22,166 epoch 22 - iter 108/129 - loss 0.47388559
2019-06-21 16:00:32,949 epoch 22 - iter 120/129 - loss 0.47062611
2019-06-21 16:00:39,188 ----------------------------------------------------------------------------------------------------
2019-06-21 16:00:39,189 EPOCH 22 done: loss 0.4786 - lr 0.0250 - bad epochs 1
2019-06-21 16:01:05,557 TEST : loss 1.2344582080841064 - score 0.8746
2019-06-21 16:01:08,521 ----------------------------------------------------------------------------------------------------
2019-06-21 16:01:10,345 epoch 23 - iter 0/129 - loss 0.20344019
2019-06-21 16:01:22,331 epoch 23 - iter 12/129 - loss 0.57169183
2019-06-21 16:01:33,417 epoch 23 - iter 24/129 - loss 0.51251594
2019-06-21 16:01:44,849 epoch 23 - iter 36/129 - loss 0.49172990
2019-06-21 16:01:55,491 epoch 23 - iter 48/129 - loss 0.51336168
2019-06-21 16:02:06,398 epoch 23 - iter 60/129 - loss 0.56345885
2019-06-21 16:02:16,509 epoch 23 - iter 72/129 - loss 0.54194664
2019-06-21 16:02:29,075 epoch 23 - iter 84/129 - loss 0.54382051
2019-06-21 16:02:39,740 epoch 23 - iter 96/129 - loss 0.53854648
2019-06-21 16:02:50,249 epoch 23 - iter 108/129 - loss 0.53681719
2019-06-21 16:03:00,518 epoch 23 - iter 120/129 - loss 0.54531381
2019-06-21 16:03:07,136 ----------------------------------------------------------------------------------------------------
2019-06-21 16:03:07,137 EPOCH 23 done: loss 0.5341 - lr 0.0250 - bad epochs 0
2019-06-21 16:03:33,500 TEST : loss 1.263059139251709 - score 0.8742
2019-06-21 16:03:36,384 ----------------------------------------------------------------------------------------------------
2019-06-21 16:03:38,156 epoch 24 - iter 0/129 - loss 0.50646532
2019-06-21 16:03:49,903 epoch 24 - iter 12/129 - loss 0.51034131
2019-06-21 16:04:02,735 epoch 24 - iter 24/129 - loss 0.56975030
2019-06-21 16:04:13,164 epoch 24 - iter 36/129 - loss 0.55001525
2019-06-21 16:04:23,048 epoch 24 - iter 48/129 - loss 0.55124492
2019-06-21 16:04:33,793 epoch 24 - iter 60/129 - loss 0.57271101
2019-06-21 16:04:44,637 epoch 24 - iter 72/129 - loss 0.56448175
2019-06-21 16:04:54,819 epoch 24 - iter 84/129 - loss 0.56307649
2019-06-21 16:05:07,141 epoch 24 - iter 96/129 - loss 0.56677423
2019-06-21 16:05:17,330 epoch 24 - iter 108/129 - loss 0.56843037
2019-06-21 16:05:27,124 epoch 24 - iter 120/129 - loss 0.56690147
2019-06-21 16:05:32,916 ----------------------------------------------------------------------------------------------------
2019-06-21 16:05:32,917 EPOCH 24 done: loss 0.5655 - lr 0.0250 - bad epochs 1
2019-06-21 16:05:58,777 TEST : loss 1.2312960624694824 - score 0.8754
2019-06-21 16:06:01,699 ----------------------------------------------------------------------------------------------------
2019-06-21 16:06:03,417 epoch 25 - iter 0/129 - loss 0.74481726
2019-06-21 16:06:14,531 epoch 25 - iter 12/129 - loss 0.44628706
2019-06-21 16:06:25,536 epoch 25 - iter 24/129 - loss 0.41862980
2019-06-21 16:06:38,941 epoch 25 - iter 36/129 - loss 0.42624736
2019-06-21 16:06:50,933 epoch 25 - iter 48/129 - loss 0.44752669
2019-06-21 16:07:01,639 epoch 25 - iter 60/129 - loss 0.47282183
2019-06-21 16:07:11,355 epoch 25 - iter 72/129 - loss 0.47822463
2019-06-21 16:07:21,989 epoch 25 - iter 84/129 - loss 0.48036631
2019-06-21 16:07:32,359 epoch 25 - iter 96/129 - loss 0.48615810
2019-06-21 16:07:44,896 epoch 25 - iter 108/129 - loss 0.48215408
2019-06-21 16:07:54,912 epoch 25 - iter 120/129 - loss 0.48905460
2019-06-21 16:08:00,976 ----------------------------------------------------------------------------------------------------
2019-06-21 16:08:00,977 EPOCH 25 done: loss 0.5004 - lr 0.0250 - bad epochs 2
2019-06-21 16:08:26,765 TEST : loss 1.2175869941711426 - score 0.8807
2019-06-21 16:08:29,664 ----------------------------------------------------------------------------------------------------
2019-06-21 16:08:31,708 epoch 26 - iter 0/129 - loss 0.46152437
2019-06-21 16:08:43,128 epoch 26 - iter 12/129 - loss 0.52448559
2019-06-21 16:08:53,718 epoch 26 - iter 24/129 - loss 0.51922455
2019-06-21 16:09:04,183 epoch 26 - iter 36/129 - loss 0.50851700
2019-06-21 16:09:17,116 epoch 26 - iter 48/129 - loss 0.53167441
2019-06-21 16:09:27,500 epoch 26 - iter 60/129 - loss 0.52229590
2019-06-21 16:09:37,917 epoch 26 - iter 72/129 - loss 0.53650088
2019-06-21 16:09:48,576 epoch 26 - iter 84/129 - loss 0.53427478
2019-06-21 16:09:58,983 epoch 26 - iter 96/129 - loss 0.53839564
2019-06-21 16:10:11,488 epoch 26 - iter 108/129 - loss 0.52910769
2019-06-21 16:10:21,070 epoch 26 - iter 120/129 - loss 0.54039085
2019-06-21 16:10:27,762 ----------------------------------------------------------------------------------------------------
2019-06-21 16:10:27,762 EPOCH 26 done: loss 0.5380 - lr 0.0250 - bad epochs 3
2019-06-21 16:10:53,677 TEST : loss 1.217965841293335 - score 0.8793
2019-06-21 16:10:56,574 ----------------------------------------------------------------------------------------------------
2019-06-21 16:10:58,350 epoch 27 - iter 0/129 - loss 0.27553296
2019-06-21 16:11:09,751 epoch 27 - iter 12/129 - loss 0.65684882
2019-06-21 16:11:20,661 epoch 27 - iter 24/129 - loss 0.63890515
2019-06-21 16:11:31,027 epoch 27 - iter 36/129 - loss 0.62704534
2019-06-21 16:11:42,935 epoch 27 - iter 48/129 - loss 0.60881610
2019-06-21 16:11:55,034 epoch 27 - iter 60/129 - loss 0.57786195
2019-06-21 16:12:05,939 epoch 27 - iter 72/129 - loss 0.59062000
2019-06-21 16:12:16,607 epoch 27 - iter 84/129 - loss 0.57369400
2019-06-21 16:12:26,763 epoch 27 - iter 96/129 - loss 0.57695504
2019-06-21 16:12:37,446 epoch 27 - iter 108/129 - loss 0.55953205
2019-06-21 16:12:49,988 epoch 27 - iter 120/129 - loss 0.54742217
2019-06-21 16:12:56,854 ----------------------------------------------------------------------------------------------------
2019-06-21 16:12:56,854 EPOCH 27 done: loss 0.5631 - lr 0.0125 - bad epochs 0
2019-06-21 16:13:22,799 TEST : loss 1.2360306978225708 - score 0.8737
2019-06-21 16:13:25,744 ----------------------------------------------------------------------------------------------------
2019-06-21 16:13:27,943 epoch 28 - iter 0/129 - loss 0.70255113
2019-06-21 16:13:39,699 epoch 28 - iter 12/129 - loss 0.56123421
2019-06-21 16:13:49,785 epoch 28 - iter 24/129 - loss 0.51731103
2019-06-21 16:13:59,748 epoch 28 - iter 36/129 - loss 0.48772177
2019-06-21 16:14:13,139 epoch 28 - iter 48/129 - loss 0.48233700
2019-06-21 16:14:24,501 epoch 28 - iter 60/129 - loss 0.48249092
2019-06-21 16:14:35,274 epoch 28 - iter 72/129 - loss 0.48313043
2019-06-21 16:14:46,495 epoch 28 - iter 84/129 - loss 0.50806250
2019-06-21 16:14:57,487 epoch 28 - iter 96/129 - loss 0.50740479
2019-06-21 16:15:07,446 epoch 28 - iter 108/129 - loss 0.50933668
2019-06-21 16:15:20,243 epoch 28 - iter 120/129 - loss 0.50633568
2019-06-21 16:15:26,535 ----------------------------------------------------------------------------------------------------
2019-06-21 16:15:26,535 EPOCH 28 done: loss 0.5129 - lr 0.0125 - bad epochs 1
2019-06-21 16:15:52,196 TEST : loss 1.2324968576431274 - score 0.8752
2019-06-21 16:15:55,191 ----------------------------------------------------------------------------------------------------
2019-06-21 16:15:57,543 epoch 29 - iter 0/129 - loss 0.35164452
2019-06-21 16:16:09,053 epoch 29 - iter 12/129 - loss 0.53540005
2019-06-21 16:16:19,793 epoch 29 - iter 24/129 - loss 0.57193875
2019-06-21 16:16:30,457 epoch 29 - iter 36/129 - loss 0.56030313
2019-06-21 16:16:41,337 epoch 29 - iter 48/129 - loss 0.56990329
2019-06-21 16:16:54,245 epoch 29 - iter 60/129 - loss 0.58656236
2019-06-21 16:17:05,016 epoch 29 - iter 72/129 - loss 0.59339975
2019-06-21 16:17:15,574 epoch 29 - iter 84/129 - loss 0.59289195
2019-06-21 16:17:25,360 epoch 29 - iter 96/129 - loss 0.57679348
2019-06-21 16:17:36,520 epoch 29 - iter 108/129 - loss 0.56130083
2019-06-21 16:17:46,492 epoch 29 - iter 120/129 - loss 0.56234542
2019-06-21 16:17:52,480 ----------------------------------------------------------------------------------------------------
2019-06-21 16:17:52,480 EPOCH 29 done: loss 0.5546 - lr 0.0125 - bad epochs 2
2019-06-21 16:18:20,776 TEST : loss 1.2376540899276733 - score 0.8766
2019-06-21 16:18:23,779 ----------------------------------------------------------------------------------------------------
2019-06-21 16:18:26,020 epoch 30 - iter 0/129 - loss 0.41102970
2019-06-21 16:18:36,805 epoch 30 - iter 12/129 - loss 0.48407252
2019-06-21 16:18:47,773 epoch 30 - iter 24/129 - loss 0.47970878
2019-06-21 16:18:58,498 epoch 30 - iter 36/129 - loss 0.45321328
2019-06-21 16:19:09,320 epoch 30 - iter 48/129 - loss 0.46916004
2019-06-21 16:19:20,051 epoch 30 - iter 60/129 - loss 0.48431926
2019-06-21 16:19:32,640 epoch 30 - iter 72/129 - loss 0.49244809
2019-06-21 16:19:43,245 epoch 30 - iter 84/129 - loss 0.49874282
2019-06-21 16:19:54,429 epoch 30 - iter 96/129 - loss 0.49817293
2019-06-21 16:20:04,260 epoch 30 - iter 108/129 - loss 0.50318924
2019-06-21 16:20:14,553 epoch 30 - iter 120/129 - loss 0.52347979
2019-06-21 16:20:20,504 ----------------------------------------------------------------------------------------------------
2019-06-21 16:20:20,504 EPOCH 30 done: loss 0.5158 - lr 0.0125 - bad epochs 3
2019-06-21 16:20:48,871 TEST : loss 1.2305904626846313 - score 0.8756
2019-06-21 16:20:51,830 ----------------------------------------------------------------------------------------------------
2019-06-21 16:20:53,598 epoch 31 - iter 0/129 - loss 0.80396605
2019-06-21 16:21:04,802 epoch 31 - iter 12/129 - loss 0.66469430
2019-06-21 16:21:15,974 epoch 31 - iter 24/129 - loss 0.57147005
2019-06-21 16:21:27,354 epoch 31 - iter 36/129 - loss 0.56589865
2019-06-21 16:21:38,215 epoch 31 - iter 48/129 - loss 0.55440286
2019-06-21 16:21:49,180 epoch 31 - iter 60/129 - loss 0.53579898
2019-06-21 16:22:01,957 epoch 31 - iter 72/129 - loss 0.55475927
2019-06-21 16:22:12,414 epoch 31 - iter 84/129 - loss 0.53382109
2019-06-21 16:22:23,003 epoch 31 - iter 96/129 - loss 0.53779664
2019-06-21 16:22:33,537 epoch 31 - iter 108/129 - loss 0.54410432
2019-06-21 16:22:43,562 epoch 31 - iter 120/129 - loss 0.54609947
2019-06-21 16:22:50,419 ----------------------------------------------------------------------------------------------------
2019-06-21 16:22:50,419 EPOCH 31 done: loss 0.5319 - lr 0.0063 - bad epochs 0
2019-06-21 16:23:17,483 TEST : loss 1.2367823123931885 - score 0.8756
2019-06-21 16:23:20,465 ----------------------------------------------------------------------------------------------------
2019-06-21 16:23:22,366 epoch 32 - iter 0/129 - loss 0.19189847
2019-06-21 16:23:34,765 epoch 32 - iter 12/129 - loss 0.45723078
2019-06-21 16:23:45,439 epoch 32 - iter 24/129 - loss 0.46980123
2019-06-21 16:23:55,537 epoch 32 - iter 36/129 - loss 0.51603897
2019-06-21 16:24:06,765 epoch 32 - iter 48/129 - loss 0.52718799
2019-06-21 16:24:17,575 epoch 32 - iter 60/129 - loss 0.51295196
2019-06-21 16:24:28,868 epoch 32 - iter 72/129 - loss 0.50194042
2019-06-21 16:24:42,279 epoch 32 - iter 84/129 - loss 0.51680165
2019-06-21 16:24:52,688 epoch 32 - iter 96/129 - loss 0.52746956
2019-06-21 16:25:03,640 epoch 32 - iter 108/129 - loss 0.52315523
2019-06-21 16:25:15,602 epoch 32 - iter 120/129 - loss 0.51634384
2019-06-21 16:25:22,445 ----------------------------------------------------------------------------------------------------
2019-06-21 16:25:22,445 EPOCH 32 done: loss 0.5127 - lr 0.0063 - bad epochs 1
2019-06-21 16:25:49,169 TEST : loss 1.2237966060638428 - score 0.8749
2019-06-21 16:25:52,150 ----------------------------------------------------------------------------------------------------
2019-06-21 16:25:54,273 epoch 33 - iter 0/129 - loss 0.19896424
2019-06-21 16:26:06,608 epoch 33 - iter 12/129 - loss 0.46572827
2019-06-21 16:26:18,890 epoch 33 - iter 24/129 - loss 0.48092798
2019-06-21 16:26:29,335 epoch 33 - iter 36/129 - loss 0.49394747
2019-06-21 16:26:39,532 epoch 33 - iter 48/129 - loss 0.51210046
2019-06-21 16:26:50,513 epoch 33 - iter 60/129 - loss 0.48567750
2019-06-21 16:27:01,423 epoch 33 - iter 72/129 - loss 0.50227919
2019-06-21 16:27:13,662 epoch 33 - iter 84/129 - loss 0.50616391
2019-06-21 16:27:24,414 epoch 33 - iter 96/129 - loss 0.49560313
2019-06-21 16:27:35,267 epoch 33 - iter 108/129 - loss 0.52009400
2019-06-21 16:27:46,545 epoch 33 - iter 120/129 - loss 0.52337114
2019-06-21 16:27:52,937 ----------------------------------------------------------------------------------------------------
2019-06-21 16:27:52,937 EPOCH 33 done: loss 0.5159 - lr 0.0063 - bad epochs 2
2019-06-21 16:28:19,448 TEST : loss 1.2340011596679688 - score 0.8753
2019-06-21 16:28:22,457 ----------------------------------------------------------------------------------------------------
2019-06-21 16:28:24,427 epoch 34 - iter 0/129 - loss 0.66170961
2019-06-21 16:28:35,646 epoch 34 - iter 12/129 - loss 0.50320562
2019-06-21 16:28:47,566 epoch 34 - iter 24/129 - loss 0.52118784
2019-06-21 16:28:58,191 epoch 34 - iter 36/129 - loss 0.52163563
2019-06-21 16:29:09,890 epoch 34 - iter 48/129 - loss 0.50942186
2019-06-21 16:29:20,295 epoch 34 - iter 60/129 - loss 0.48094035
2019-06-21 16:29:30,227 epoch 34 - iter 72/129 - loss 0.48863370
2019-06-21 16:29:40,376 epoch 34 - iter 84/129 - loss 0.48233170
2019-06-21 16:29:52,977 epoch 34 - iter 96/129 - loss 0.48937346
2019-06-21 16:30:03,376 epoch 34 - iter 108/129 - loss 0.47838631
2019-06-21 16:30:13,343 epoch 34 - iter 120/129 - loss 0.46962885
2019-06-21 16:30:19,929 ----------------------------------------------------------------------------------------------------
2019-06-21 16:30:19,931 EPOCH 34 done: loss 0.4685 - lr 0.0063 - bad epochs 3
2019-06-21 16:30:47,108 TEST : loss 1.2314928770065308 - score 0.8756
2019-06-21 16:30:50,139 ----------------------------------------------------------------------------------------------------
2019-06-21 16:30:52,257 epoch 35 - iter 0/129 - loss 0.68554974
2019-06-21 16:31:03,779 epoch 35 - iter 12/129 - loss 0.49186304
2019-06-21 16:31:16,528 epoch 35 - iter 24/129 - loss 0.48346130
2019-06-21 16:31:27,273 epoch 35 - iter 36/129 - loss 0.51026031
2019-06-21 16:31:37,878 epoch 35 - iter 48/129 - loss 0.50004216
2019-06-21 16:31:48,948 epoch 35 - iter 60/129 - loss 0.50175239
2019-06-21 16:31:59,669 epoch 35 - iter 72/129 - loss 0.50134632
2019-06-21 16:32:13,182 epoch 35 - iter 84/129 - loss 0.49898009
2019-06-21 16:32:23,829 epoch 35 - iter 96/129 - loss 0.49101743
2019-06-21 16:32:33,720 epoch 35 - iter 108/129 - loss 0.49481215
2019-06-21 16:32:43,803 epoch 35 - iter 120/129 - loss 0.49150700
2019-06-21 16:32:50,082 ----------------------------------------------------------------------------------------------------
2019-06-21 16:32:50,083 EPOCH 35 done: loss 0.4924 - lr 0.0063 - bad epochs 0
2019-06-21 16:33:16,267 TEST : loss 1.2378575801849365 - score 0.8749
2019-06-21 16:33:19,271 ----------------------------------------------------------------------------------------------------
2019-06-21 16:33:21,095 epoch 36 - iter 0/129 - loss 0.40354443
2019-06-21 16:33:32,266 epoch 36 - iter 12/129 - loss 0.45328441
2019-06-21 16:33:44,663 epoch 36 - iter 24/129 - loss 0.49097857
2019-06-21 16:33:55,520 epoch 36 - iter 36/129 - loss 0.49216994
2019-06-21 16:34:05,617 epoch 36 - iter 48/129 - loss 0.48878536
2019-06-21 16:34:16,256 epoch 36 - iter 60/129 - loss 0.50569507
2019-06-21 16:34:26,571 epoch 36 - iter 72/129 - loss 0.52239788
2019-06-21 16:34:37,587 epoch 36 - iter 84/129 - loss 0.54703099
2019-06-21 16:34:50,429 epoch 36 - iter 96/129 - loss 0.53608098
2019-06-21 16:35:00,329 epoch 36 - iter 108/129 - loss 0.53576522
2019-06-21 16:35:10,332 epoch 36 - iter 120/129 - loss 0.52806688
2019-06-21 16:35:16,665 ----------------------------------------------------------------------------------------------------
2019-06-21 16:35:16,666 EPOCH 36 done: loss 0.5233 - lr 0.0063 - bad epochs 1
2019-06-21 16:35:43,108 TEST : loss 1.232914686203003 - score 0.8765
2019-06-21 16:35:46,117 ----------------------------------------------------------------------------------------------------
2019-06-21 16:35:48,344 epoch 37 - iter 0/129 - loss 0.70354605
2019-06-21 16:35:59,987 epoch 37 - iter 12/129 - loss 0.44311265
2019-06-21 16:36:10,714 epoch 37 - iter 24/129 - loss 0.43157963
2019-06-21 16:36:22,893 epoch 37 - iter 36/129 - loss 0.42930010
2019-06-21 16:36:34,377 epoch 37 - iter 48/129 - loss 0.46993423
2019-06-21 16:36:46,153 epoch 37 - iter 60/129 - loss 0.46860691
2019-06-21 16:36:56,282 epoch 37 - iter 72/129 - loss 0.44500602
2019-06-21 16:37:07,376 epoch 37 - iter 84/129 - loss 0.46870151
2019-06-21 16:37:17,860 epoch 37 - iter 96/129 - loss 0.46122184
2019-06-21 16:37:31,408 epoch 37 - iter 108/129 - loss 0.45945435
2019-06-21 16:37:41,571 epoch 37 - iter 120/129 - loss 0.46777557
2019-06-21 16:37:47,994 ----------------------------------------------------------------------------------------------------
2019-06-21 16:37:47,995 EPOCH 37 done: loss 0.4623 - lr 0.0063 - bad epochs 2
2019-06-21 16:38:14,426 TEST : loss 1.2482914924621582 - score 0.8766
2019-06-21 16:38:17,463 ----------------------------------------------------------------------------------------------------
2019-06-21 16:38:19,391 epoch 38 - iter 0/129 - loss 0.29712290
2019-06-21 16:38:30,881 epoch 38 - iter 12/129 - loss 0.53096159
2019-06-21 16:38:41,739 epoch 38 - iter 24/129 - loss 0.49547059
2019-06-21 16:38:55,664 epoch 38 - iter 36/129 - loss 0.49272589
2019-06-21 16:39:06,339 epoch 38 - iter 48/129 - loss 0.49864721
2019-06-21 16:39:16,822 epoch 38 - iter 60/129 - loss 0.49953587
2019-06-21 16:39:26,867 epoch 38 - iter 72/129 - loss 0.48115072
2019-06-21 16:39:37,253 epoch 38 - iter 84/129 - loss 0.49371010
2019-06-21 16:39:47,095 epoch 38 - iter 96/129 - loss 0.51120476
2019-06-21 16:40:00,465 epoch 38 - iter 108/129 - loss 0.50726501
2019-06-21 16:40:10,951 epoch 38 - iter 120/129 - loss 0.50872402
2019-06-21 16:40:17,731 ----------------------------------------------------------------------------------------------------
2019-06-21 16:40:17,733 EPOCH 38 done: loss 0.5164 - lr 0.0063 - bad epochs 0
2019-06-21 16:40:43,901 TEST : loss 1.248175859451294 - score 0.8769
2019-06-21 16:40:46,912 ----------------------------------------------------------------------------------------------------
2019-06-21 16:40:48,943 epoch 39 - iter 0/129 - loss 0.45422220
2019-06-21 16:40:59,928 epoch 39 - iter 12/129 - loss 0.60842305
2019-06-21 16:41:10,153 epoch 39 - iter 24/129 - loss 0.53496850
2019-06-21 16:41:20,200 epoch 39 - iter 36/129 - loss 0.57779533
2019-06-21 16:41:33,629 epoch 39 - iter 48/129 - loss 0.55931010
2019-06-21 16:41:44,080 epoch 39 - iter 60/129 - loss 0.55155773
2019-06-21 16:41:54,546 epoch 39 - iter 72/129 - loss 0.52378694
2019-06-21 16:42:04,825 epoch 39 - iter 84/129 - loss 0.52430523
2019-06-21 16:42:15,541 epoch 39 - iter 96/129 - loss 0.51662603
2019-06-21 16:42:28,191 epoch 39 - iter 108/129 - loss 0.51239961
2019-06-21 16:42:38,681 epoch 39 - iter 120/129 - loss 0.51944958
2019-06-21 16:42:45,031 ----------------------------------------------------------------------------------------------------
2019-06-21 16:42:45,032 EPOCH 39 done: loss 0.5171 - lr 0.0063 - bad epochs 1
2019-06-21 16:43:11,749 TEST : loss 1.2498596906661987 - score 0.8767
2019-06-21 16:43:14,740 ----------------------------------------------------------------------------------------------------
2019-06-21 16:43:16,647 epoch 40 - iter 0/129 - loss 1.08539128
2019-06-21 16:43:27,865 epoch 40 - iter 12/129 - loss 0.60040810
2019-06-21 16:43:39,883 epoch 40 - iter 24/129 - loss 0.57042384
2019-06-21 16:43:50,379 epoch 40 - iter 36/129 - loss 0.52549161
2019-06-21 16:44:03,163 epoch 40 - iter 48/129 - loss 0.50286267
2019-06-21 16:44:13,350 epoch 40 - iter 60/129 - loss 0.50246897
2019-06-21 16:44:24,003 epoch 40 - iter 72/129 - loss 0.51604213
2019-06-21 16:44:34,395 epoch 40 - iter 84/129 - loss 0.50423898
2019-06-21 16:44:43,802 epoch 40 - iter 96/129 - loss 0.51412021
2019-06-21 16:44:55,038 epoch 40 - iter 108/129 - loss 0.50963541
2019-06-21 16:45:07,002 epoch 40 - iter 120/129 - loss 0.49577902
2019-06-21 16:45:13,372 ----------------------------------------------------------------------------------------------------
2019-06-21 16:45:13,372 EPOCH 40 done: loss 0.5081 - lr 0.0063 - bad epochs 2
2019-06-21 16:45:39,243 TEST : loss 1.2458847761154175 - score 0.8756
2019-06-21 16:45:42,276 ----------------------------------------------------------------------------------------------------
2019-06-21 16:45:44,471 epoch 41 - iter 0/129 - loss 0.33601737
2019-06-21 16:45:55,046 epoch 41 - iter 12/129 - loss 0.34233553
2019-06-21 16:46:05,622 epoch 41 - iter 24/129 - loss 0.43581616
2019-06-21 16:46:16,246 epoch 41 - iter 36/129 - loss 0.43311045
2019-06-21 16:46:26,797 epoch 41 - iter 48/129 - loss 0.47537639
2019-06-21 16:46:40,257 epoch 41 - iter 60/129 - loss 0.49735310
2019-06-21 16:46:50,704 epoch 41 - iter 72/129 - loss 0.50972113
2019-06-21 16:47:00,647 epoch 41 - iter 84/129 - loss 0.51536256
2019-06-21 16:47:11,749 epoch 41 - iter 96/129 - loss 0.53705053
2019-06-21 16:47:22,469 epoch 41 - iter 108/129 - loss 0.53603373
2019-06-21 16:47:35,016 epoch 41 - iter 120/129 - loss 0.52772855
2019-06-21 16:47:41,476 ----------------------------------------------------------------------------------------------------
2019-06-21 16:47:41,477 EPOCH 41 done: loss 0.5193 - lr 0.0063 - bad epochs 3
2019-06-21 16:48:07,034 TEST : loss 1.2449977397918701 - score 0.8758
2019-06-21 16:48:10,095 ----------------------------------------------------------------------------------------------------
2019-06-21 16:48:12,598 epoch 42 - iter 0/129 - loss 0.20702171
2019-06-21 16:48:23,631 epoch 42 - iter 12/129 - loss 0.52668179
2019-06-21 16:48:34,088 epoch 42 - iter 24/129 - loss 0.57902078
2019-06-21 16:48:45,484 epoch 42 - iter 36/129 - loss 0.54682493
2019-06-21 16:48:57,584 epoch 42 - iter 48/129 - loss 0.51091167
2019-06-21 16:49:10,060 epoch 42 - iter 60/129 - loss 0.48109669
2019-06-21 16:49:21,018 epoch 42 - iter 72/129 - loss 0.47373484
2019-06-21 16:49:31,876 epoch 42 - iter 84/129 - loss 0.48051079
2019-06-21 16:49:41,855 epoch 42 - iter 96/129 - loss 0.47830275
2019-06-21 16:49:53,166 epoch 42 - iter 108/129 - loss 0.47772134
2019-06-21 16:50:03,559 epoch 42 - iter 120/129 - loss 0.49183380
2019-06-21 16:50:12,150 ----------------------------------------------------------------------------------------------------
2019-06-21 16:50:12,150 EPOCH 42 done: loss 0.4978 - lr 0.0031 - bad epochs 0
2019-06-21 16:50:38,216 TEST : loss 1.2524322271347046 - score 0.8757
2019-06-21 16:50:41,221 ----------------------------------------------------------------------------------------------------
2019-06-21 16:50:43,607 epoch 43 - iter 0/129 - loss 0.50797558
2019-06-21 16:50:55,365 epoch 43 - iter 12/129 - loss 0.57467624
2019-06-21 16:51:05,710 epoch 43 - iter 24/129 - loss 0.54862502
2019-06-21 16:51:15,982 epoch 43 - iter 36/129 - loss 0.50757945
2019-06-21 16:51:26,403 epoch 43 - iter 48/129 - loss 0.47671584
2019-06-21 16:51:36,812 epoch 43 - iter 60/129 - loss 0.46624584
2019-06-21 16:51:49,909 epoch 43 - iter 72/129 - loss 0.46533431
2019-06-21 16:52:00,042 epoch 43 - iter 84/129 - loss 0.47566318
2019-06-21 16:52:10,847 epoch 43 - iter 96/129 - loss 0.47507524
2019-06-21 16:52:23,833 epoch 43 - iter 108/129 - loss 0.46177763
2019-06-21 16:52:33,918 epoch 43 - iter 120/129 - loss 0.46712464
2019-06-21 16:52:40,207 ----------------------------------------------------------------------------------------------------
2019-06-21 16:52:40,208 EPOCH 43 done: loss 0.4690 - lr 0.0031 - bad epochs 1
2019-06-21 16:53:08,366 TEST : loss 1.2532083988189697 - score 0.8762
2019-06-21 16:53:11,404 ----------------------------------------------------------------------------------------------------
2019-06-21 16:53:13,629 epoch 44 - iter 0/129 - loss 0.82752180
2019-06-21 16:53:24,308 epoch 44 - iter 12/129 - loss 0.44392450
2019-06-21 16:53:34,960 epoch 44 - iter 24/129 - loss 0.47744891
2019-06-21 16:53:46,075 epoch 44 - iter 36/129 - loss 0.49372445
2019-06-21 16:53:56,405 epoch 44 - iter 48/129 - loss 0.48737337
2019-06-21 16:54:06,976 epoch 44 - iter 60/129 - loss 0.48985375
2019-06-21 16:54:19,453 epoch 44 - iter 72/129 - loss 0.48399679
2019-06-21 16:54:29,256 epoch 44 - iter 84/129 - loss 0.48080245
2019-06-21 16:54:40,551 epoch 44 - iter 96/129 - loss 0.48152511
2019-06-21 16:54:51,527 epoch 44 - iter 108/129 - loss 0.47761476
2019-06-21 16:55:01,345 epoch 44 - iter 120/129 - loss 0.47872908
2019-06-21 16:55:07,995 ----------------------------------------------------------------------------------------------------
2019-06-21 16:55:07,996 EPOCH 44 done: loss 0.4829 - lr 0.0031 - bad epochs 2
2019-06-21 16:55:34,782 TEST : loss 1.2450621128082275 - score 0.876
2019-06-21 16:55:37,849 ----------------------------------------------------------------------------------------------------
2019-06-21 16:55:39,886 epoch 45 - iter 0/129 - loss 0.59925294
2019-06-21 16:55:52,326 epoch 45 - iter 12/129 - loss 0.50766659
2019-06-21 16:56:02,610 epoch 45 - iter 24/129 - loss 0.50591040
2019-06-21 16:56:13,261 epoch 45 - iter 36/129 - loss 0.52677152
2019-06-21 16:56:23,560 epoch 45 - iter 48/129 - loss 0.50579941
2019-06-21 16:56:34,115 epoch 45 - iter 60/129 - loss 0.50102859
2019-06-21 16:56:46,754 epoch 45 - iter 72/129 - loss 0.48228200
2019-06-21 16:56:58,263 epoch 45 - iter 84/129 - loss 0.46471626
2019-06-21 16:57:09,681 epoch 45 - iter 96/129 - loss 0.48585841
2019-06-21 16:57:19,964 epoch 45 - iter 108/129 - loss 0.47568024
2019-06-21 16:57:30,740 epoch 45 - iter 120/129 - loss 0.48401836
2019-06-21 16:57:36,849 ----------------------------------------------------------------------------------------------------
2019-06-21 16:57:36,849 EPOCH 45 done: loss 0.4884 - lr 0.0031 - bad epochs 3
2019-06-21 16:58:03,924 TEST : loss 1.247665524482727 - score 0.8767
2019-06-21 16:58:06,923 ----------------------------------------------------------------------------------------------------
2019-06-21 16:58:08,945 epoch 46 - iter 0/129 - loss 0.84659863
2019-06-21 16:58:22,373 epoch 46 - iter 12/129 - loss 0.54399360
2019-06-21 16:58:32,525 epoch 46 - iter 24/129 - loss 0.54898188
2019-06-21 16:58:43,286 epoch 46 - iter 36/129 - loss 0.49063317
2019-06-21 16:58:53,697 epoch 46 - iter 48/129 - loss 0.46312429
2019-06-21 16:59:04,710 epoch 46 - iter 60/129 - loss 0.45479207
2019-06-21 16:59:15,074 epoch 46 - iter 72/129 - loss 0.47295292
2019-06-21 16:59:27,910 epoch 46 - iter 84/129 - loss 0.48206246
2019-06-21 16:59:38,365 epoch 46 - iter 96/129 - loss 0.49413577
2019-06-21 16:59:48,912 epoch 46 - iter 108/129 - loss 0.49400702
2019-06-21 16:59:58,956 epoch 46 - iter 120/129 - loss 0.49920468
2019-06-21 17:00:04,694 ----------------------------------------------------------------------------------------------------
2019-06-21 17:00:04,694 EPOCH 46 done: loss 0.5058 - lr 0.0016 - bad epochs 0
2019-06-21 17:00:31,230 TEST : loss 1.2469044923782349 - score 0.877
2019-06-21 17:00:34,311 ----------------------------------------------------------------------------------------------------
2019-06-21 17:00:36,371 epoch 47 - iter 0/129 - loss 0.57209039
2019-06-21 17:00:47,288 epoch 47 - iter 12/129 - loss 0.58398562
2019-06-21 17:00:59,647 epoch 47 - iter 24/129 - loss 0.54298727
2019-06-21 17:01:10,032 epoch 47 - iter 36/129 - loss 0.53412755
2019-06-21 17:01:21,397 epoch 47 - iter 48/129 - loss 0.51392626
2019-06-21 17:01:32,374 epoch 47 - iter 60/129 - loss 0.52930727
2019-06-21 17:01:43,182 epoch 47 - iter 72/129 - loss 0.55296903
2019-06-21 17:01:57,673 epoch 47 - iter 84/129 - loss 0.56332135
2019-06-21 17:02:08,463 epoch 47 - iter 96/129 - loss 0.56059477
2019-06-21 17:02:19,113 epoch 47 - iter 108/129 - loss 0.54562786
2019-06-21 17:02:29,755 epoch 47 - iter 120/129 - loss 0.55232841
2019-06-21 17:02:35,699 ----------------------------------------------------------------------------------------------------
2019-06-21 17:02:35,700 EPOCH 47 done: loss 0.5467 - lr 0.0016 - bad epochs 1
2019-06-21 17:03:02,533 TEST : loss 1.246698021888733 - score 0.8765
2019-06-21 17:03:05,589 ----------------------------------------------------------------------------------------------------
2019-06-21 17:03:07,727 epoch 48 - iter 0/129 - loss 0.85394406
2019-06-21 17:03:18,941 epoch 48 - iter 12/129 - loss 0.57124293
2019-06-21 17:03:31,288 epoch 48 - iter 24/129 - loss 0.51683405
2019-06-21 17:03:41,963 epoch 48 - iter 36/129 - loss 0.50997884
2019-06-21 17:03:52,570 epoch 48 - iter 48/129 - loss 0.51674596
2019-06-21 17:04:02,968 epoch 48 - iter 60/129 - loss 0.50773985
2019-06-21 17:04:12,780 epoch 48 - iter 72/129 - loss 0.50396813
2019-06-21 17:04:23,393 epoch 48 - iter 84/129 - loss 0.49777705
2019-06-21 17:04:36,758 epoch 48 - iter 96/129 - loss 0.49998877
2019-06-21 17:04:46,765 epoch 48 - iter 108/129 - loss 0.50082523
2019-06-21 17:04:56,955 epoch 48 - iter 120/129 - loss 0.49699893
2019-06-21 17:05:03,810 ----------------------------------------------------------------------------------------------------
2019-06-21 17:05:03,811 EPOCH 48 done: loss 0.4983 - lr 0.0016 - bad epochs 2
2019-06-21 17:05:30,891 TEST : loss 1.2423820495605469 - score 0.8767
2019-06-21 17:05:33,921 ----------------------------------------------------------------------------------------------------
2019-06-21 17:05:36,119 epoch 49 - iter 0/129 - loss 0.20061111
2019-06-21 17:05:47,665 epoch 49 - iter 12/129 - loss 0.45353866
2019-06-21 17:05:58,480 epoch 49 - iter 24/129 - loss 0.45261226
2019-06-21 17:06:10,712 epoch 49 - iter 36/129 - loss 0.44468019
2019-06-21 17:06:21,193 epoch 49 - iter 48/129 - loss 0.44613013
2019-06-21 17:06:33,016 epoch 49 - iter 60/129 - loss 0.45072975
2019-06-21 17:06:44,149 epoch 49 - iter 72/129 - loss 0.45900816
2019-06-21 17:06:55,583 epoch 49 - iter 84/129 - loss 0.45005132
2019-06-21 17:07:08,637 epoch 49 - iter 96/129 - loss 0.46514508
2019-06-21 17:07:19,129 epoch 49 - iter 108/129 - loss 0.46790349
2019-06-21 17:07:29,103 epoch 49 - iter 120/129 - loss 0.47386276
2019-06-21 17:07:35,383 ----------------------------------------------------------------------------------------------------
2019-06-21 17:07:35,384 EPOCH 49 done: loss 0.4716 - lr 0.0016 - bad epochs 3
2019-06-21 17:08:01,972 TEST : loss 1.245657205581665 - score 0.8759
2019-06-21 17:08:05,044 ----------------------------------------------------------------------------------------------------
2019-06-21 17:08:07,074 epoch 50 - iter 0/129 - loss 0.63071501
2019-06-21 17:08:18,254 epoch 50 - iter 12/129 - loss 0.52261393
2019-06-21 17:08:28,750 epoch 50 - iter 24/129 - loss 0.52119311
2019-06-21 17:08:39,264 epoch 50 - iter 36/129 - loss 0.50573139
2019-06-21 17:08:50,559 epoch 50 - iter 48/129 - loss 0.49753467
2019-06-21 17:09:01,558 epoch 50 - iter 60/129 - loss 0.49225687
2019-06-21 17:09:11,553 epoch 50 - iter 72/129 - loss 0.49213463
2019-06-21 17:09:22,130 epoch 50 - iter 84/129 - loss 0.49656556
2019-06-21 17:09:33,022 epoch 50 - iter 96/129 - loss 0.51079037
2019-06-21 17:09:46,269 epoch 50 - iter 108/129 - loss 0.50656511
2019-06-21 17:09:57,015 epoch 50 - iter 120/129 - loss 0.50953665
2019-06-21 17:10:03,813 ----------------------------------------------------------------------------------------------------
2019-06-21 17:10:03,814 EPOCH 50 done: loss 0.5060 - lr 0.0008 - bad epochs 0
2019-06-21 17:10:30,416 TEST : loss 1.243950605392456 - score 0.8762
2019-06-21 17:10:33,481 ----------------------------------------------------------------------------------------------------
2019-06-21 17:10:35,758 epoch 51 - iter 0/129 - loss 0.11838198
2019-06-21 17:10:47,078 epoch 51 - iter 12/129 - loss 0.41091292
2019-06-21 17:10:58,396 epoch 51 - iter 24/129 - loss 0.54124807
2019-06-21 17:11:09,531 epoch 51 - iter 36/129 - loss 0.51059683
2019-06-21 17:11:21,561 epoch 51 - iter 48/129 - loss 0.49706413
2019-06-21 17:11:31,756 epoch 51 - iter 60/129 - loss 0.49693850
2019-06-21 17:11:42,375 epoch 51 - iter 72/129 - loss 0.49573191
2019-06-21 17:11:52,419 epoch 51 - iter 84/129 - loss 0.49098246
2019-06-21 17:12:03,273 epoch 51 - iter 96/129 - loss 0.50155094
2019-06-21 17:12:15,545 epoch 51 - iter 108/129 - loss 0.49212640
2019-06-21 17:12:25,781 epoch 51 - iter 120/129 - loss 0.50130148
2019-06-21 17:12:32,092 ----------------------------------------------------------------------------------------------------
2019-06-21 17:12:32,093 EPOCH 51 done: loss 0.5016 - lr 0.0008 - bad epochs 1
2019-06-21 17:12:58,530 TEST : loss 1.2437776327133179 - score 0.876
2019-06-21 17:13:01,620 ----------------------------------------------------------------------------------------------------
2019-06-21 17:13:03,887 epoch 52 - iter 0/129 - loss 0.39783943
2019-06-21 17:13:15,857 epoch 52 - iter 12/129 - loss 0.45450020
2019-06-21 17:13:27,099 epoch 52 - iter 24/129 - loss 0.48235135
2019-06-21 17:13:38,789 epoch 52 - iter 36/129 - loss 0.51431252
2019-06-21 17:13:51,601 epoch 52 - iter 48/129 - loss 0.50585111
2019-06-21 17:14:02,938 epoch 52 - iter 60/129 - loss 0.49542571
2019-06-21 17:14:12,880 epoch 52 - iter 72/129 - loss 0.49852087
2019-06-21 17:14:24,127 epoch 52 - iter 84/129 - loss 0.49012125
2019-06-21 17:14:33,806 epoch 52 - iter 96/129 - loss 0.49035469
2019-06-21 17:14:43,652 epoch 52 - iter 108/129 - loss 0.49844305
2019-06-21 17:14:56,246 epoch 52 - iter 120/129 - loss 0.50174516
2019-06-21 17:15:02,769 ----------------------------------------------------------------------------------------------------
2019-06-21 17:15:02,771 EPOCH 52 done: loss 0.4935 - lr 0.0008 - bad epochs 2
2019-06-21 17:15:28,920 TEST : loss 1.2467628717422485 - score 0.8753
2019-06-21 17:15:31,937 ----------------------------------------------------------------------------------------------------
2019-06-21 17:15:33,951 epoch 53 - iter 0/129 - loss 0.84068966
2019-06-21 17:15:45,388 epoch 53 - iter 12/129 - loss 0.53711458
2019-06-21 17:15:56,035 epoch 53 - iter 24/129 - loss 0.57794908
2019-06-21 17:16:06,545 epoch 53 - iter 36/129 - loss 0.51044393
2019-06-21 17:16:17,118 epoch 53 - iter 48/129 - loss 0.52224620
2019-06-21 17:16:30,012 epoch 53 - iter 60/129 - loss 0.53521476
2019-06-21 17:16:40,023 epoch 53 - iter 72/129 - loss 0.51937911
2019-06-21 17:16:50,220 epoch 53 - iter 84/129 - loss 0.53285004
2019-06-21 17:17:00,194 epoch 53 - iter 96/129 - loss 0.53393099
2019-06-21 17:17:11,288 epoch 53 - iter 108/129 - loss 0.54562508
2019-06-21 17:17:23,672 epoch 53 - iter 120/129 - loss 0.53814579
2019-06-21 17:17:29,928 ----------------------------------------------------------------------------------------------------
2019-06-21 17:17:29,928 EPOCH 53 done: loss 0.5440 - lr 0.0008 - bad epochs 3
2019-06-21 17:17:56,573 TEST : loss 1.2455674409866333 - score 0.8758
2019-06-21 17:17:59,640 ----------------------------------------------------------------------------------------------------
2019-06-21 17:18:02,351 epoch 54 - iter 0/129 - loss 0.24448538
2019-06-21 17:18:14,974 epoch 54 - iter 12/129 - loss 0.36261478
2019-06-21 17:18:26,699 epoch 54 - iter 24/129 - loss 0.51159406
2019-06-21 17:18:37,709 epoch 54 - iter 36/129 - loss 0.49265370
2019-06-21 17:18:48,163 epoch 54 - iter 48/129 - loss 0.50628420
2019-06-21 17:19:01,117 epoch 54 - iter 60/129 - loss 0.50274429
2019-06-21 17:19:11,361 epoch 54 - iter 72/129 - loss 0.50269259
2019-06-21 17:19:21,956 epoch 54 - iter 84/129 - loss 0.51138653
2019-06-21 17:19:31,940 epoch 54 - iter 96/129 - loss 0.51460122
2019-06-21 17:19:42,010 epoch 54 - iter 108/129 - loss 0.50018065
2019-06-21 17:19:54,752 epoch 54 - iter 120/129 - loss 0.49846066
2019-06-21 17:20:01,573 ----------------------------------------------------------------------------------------------------
2019-06-21 17:20:01,573 EPOCH 54 done: loss 0.4899 - lr 0.0004 - bad epochs 0
2019-06-21 17:20:27,814 TEST : loss 1.2451797723770142 - score 0.8758
2019-06-21 17:20:30,813 ----------------------------------------------------------------------------------------------------
2019-06-21 17:20:33,315 epoch 55 - iter 0/129 - loss 0.62666607
2019-06-21 17:20:44,168 epoch 55 - iter 12/129 - loss 0.41550976
2019-06-21 17:20:55,051 epoch 55 - iter 24/129 - loss 0.46465637
2019-06-21 17:21:05,189 epoch 55 - iter 36/129 - loss 0.44093863
2019-06-21 17:21:15,566 epoch 55 - iter 48/129 - loss 0.44733413
2019-06-21 17:21:28,996 epoch 55 - iter 60/129 - loss 0.47421791
2019-06-21 17:21:39,955 epoch 55 - iter 72/129 - loss 0.47104005
2019-06-21 17:21:50,301 epoch 55 - iter 84/129 - loss 0.46373261
2019-06-21 17:22:00,245 epoch 55 - iter 96/129 - loss 0.46782350
2019-06-21 17:22:10,371 epoch 55 - iter 108/129 - loss 0.46444756
2019-06-21 17:22:21,063 epoch 55 - iter 120/129 - loss 0.46629337
2019-06-21 17:22:29,555 ----------------------------------------------------------------------------------------------------
2019-06-21 17:22:29,555 EPOCH 55 done: loss 0.4712 - lr 0.0004 - bad epochs 1
2019-06-21 17:22:56,060 TEST : loss 1.2449815273284912 - score 0.8758
2019-06-21 17:22:59,050 ----------------------------------------------------------------------------------------------------
2019-06-21 17:23:01,273 epoch 56 - iter 0/129 - loss 0.97565067
2019-06-21 17:23:12,535 epoch 56 - iter 12/129 - loss 0.55086074
2019-06-21 17:23:23,382 epoch 56 - iter 24/129 - loss 0.52880120
2019-06-21 17:23:33,509 epoch 56 - iter 36/129 - loss 0.51706392
2019-06-21 17:23:43,641 epoch 56 - iter 48/129 - loss 0.51939465
2019-06-21 17:23:54,217 epoch 56 - iter 60/129 - loss 0.51099067
2019-06-21 17:24:07,010 epoch 56 - iter 72/129 - loss 0.49729645
2019-06-21 17:24:18,459 epoch 56 - iter 84/129 - loss 0.50538166
2019-06-21 17:24:29,593 epoch 56 - iter 96/129 - loss 0.50013039
2019-06-21 17:24:39,855 epoch 56 - iter 108/129 - loss 0.48667953
2019-06-21 17:24:50,865 epoch 56 - iter 120/129 - loss 0.49535976
2019-06-21 17:24:57,330 ----------------------------------------------------------------------------------------------------
2019-06-21 17:24:57,330 EPOCH 56 done: loss 0.4919 - lr 0.0004 - bad epochs 2
2019-06-21 17:25:24,990 TEST : loss 1.245539903640747 - score 0.8761
2019-06-21 17:25:28,031 ----------------------------------------------------------------------------------------------------
2019-06-21 17:25:31,811 epoch 57 - iter 0/129 - loss 0.85869312
2019-06-21 17:25:42,683 epoch 57 - iter 12/129 - loss 0.43226822
2019-06-21 17:25:54,123 epoch 57 - iter 24/129 - loss 0.47631311
2019-06-21 17:26:04,923 epoch 57 - iter 36/129 - loss 0.50179728
2019-06-21 17:26:17,557 epoch 57 - iter 48/129 - loss 0.50464791
2019-06-21 17:26:28,868 epoch 57 - iter 60/129 - loss 0.52142880
2019-06-21 17:26:41,790 epoch 57 - iter 72/129 - loss 0.52700532
2019-06-21 17:26:52,809 epoch 57 - iter 84/129 - loss 0.51469413
2019-06-21 17:27:02,747 epoch 57 - iter 96/129 - loss 0.54422224
2019-06-21 17:27:13,484 epoch 57 - iter 108/129 - loss 0.54123892
2019-06-21 17:27:23,610 epoch 57 - iter 120/129 - loss 0.52279598
2019-06-21 17:27:29,862 ----------------------------------------------------------------------------------------------------
2019-06-21 17:27:29,863 EPOCH 57 done: loss 0.5217 - lr 0.0004 - bad epochs 3
2019-06-21 17:27:57,188 TEST : loss 1.2459975481033325 - score 0.8758
2019-06-21 17:28:00,184 ----------------------------------------------------------------------------------------------------
2019-06-21 17:28:02,070 epoch 58 - iter 0/129 - loss 0.06134701
2019-06-21 17:28:15,205 epoch 58 - iter 12/129 - loss 0.49308512
2019-06-21 17:28:26,616 epoch 58 - iter 24/129 - loss 0.41645179
2019-06-21 17:28:37,713 epoch 58 - iter 36/129 - loss 0.42987589
2019-06-21 17:28:48,102 epoch 58 - iter 48/129 - loss 0.45161763
2019-06-21 17:28:58,518 epoch 58 - iter 60/129 - loss 0.44741045
2019-06-21 17:29:08,777 epoch 58 - iter 72/129 - loss 0.44038687
2019-06-21 17:29:21,810 epoch 58 - iter 84/129 - loss 0.44807536
2019-06-21 17:29:32,527 epoch 58 - iter 96/129 - loss 0.44124936
2019-06-21 17:29:42,283 epoch 58 - iter 108/129 - loss 0.43646328
2019-06-21 17:29:52,898 epoch 58 - iter 120/129 - loss 0.44335729
2019-06-21 17:29:58,899 ----------------------------------------------------------------------------------------------------
2019-06-21 17:29:58,900 EPOCH 58 done: loss 0.4453 - lr 0.0002 - bad epochs 0
2019-06-21 17:30:26,479 TEST : loss 1.2460993528366089 - score 0.8758
2019-06-21 17:30:29,529 ----------------------------------------------------------------------------------------------------
2019-06-21 17:30:31,835 epoch 59 - iter 0/129 - loss 0.13723201
2019-06-21 17:30:44,537 epoch 59 - iter 12/129 - loss 0.62638022
2019-06-21 17:30:55,747 epoch 59 - iter 24/129 - loss 0.51217278
2019-06-21 17:31:06,026 epoch 59 - iter 36/129 - loss 0.53621748
2019-06-21 17:31:16,244 epoch 59 - iter 48/129 - loss 0.54784599
2019-06-21 17:31:28,140 epoch 59 - iter 60/129 - loss 0.52306456
2019-06-21 17:31:39,364 epoch 59 - iter 72/129 - loss 0.50927777
2019-06-21 17:31:51,758 epoch 59 - iter 84/129 - loss 0.51086143
2019-06-21 17:32:02,215 epoch 59 - iter 96/129 - loss 0.52946560
2019-06-21 17:32:12,971 epoch 59 - iter 108/129 - loss 0.51771922
2019-06-21 17:32:24,072 epoch 59 - iter 120/129 - loss 0.51677250
2019-06-21 17:32:31,267 ----------------------------------------------------------------------------------------------------
2019-06-21 17:32:31,268 EPOCH 59 done: loss 0.5136 - lr 0.0002 - bad epochs 0
2019-06-21 17:32:58,887 TEST : loss 1.2461600303649902 - score 0.8761
2019-06-21 17:33:01,997 ----------------------------------------------------------------------------------------------------
2019-06-21 17:33:04,305 epoch 60 - iter 0/129 - loss 0.42702329
2019-06-21 17:33:16,171 epoch 60 - iter 12/129 - loss 0.41818729
2019-06-21 17:33:28,482 epoch 60 - iter 24/129 - loss 0.42603118
2019-06-21 17:33:38,906 epoch 60 - iter 36/129 - loss 0.43785350
2019-06-21 17:33:49,795 epoch 60 - iter 48/129 - loss 0.46576578
2019-06-21 17:34:00,066 epoch 60 - iter 60/129 - loss 0.45975640
2019-06-21 17:34:10,347 epoch 60 - iter 72/129 - loss 0.44674105
2019-06-21 17:34:23,582 epoch 60 - iter 84/129 - loss 0.44103476
2019-06-21 17:34:33,982 epoch 60 - iter 96/129 - loss 0.44802556
2019-06-21 17:34:44,771 epoch 60 - iter 108/129 - loss 0.46571988
2019-06-21 17:34:55,528 epoch 60 - iter 120/129 - loss 0.47089806
2019-06-21 17:35:01,593 ----------------------------------------------------------------------------------------------------
2019-06-21 17:35:01,594 EPOCH 60 done: loss 0.4798 - lr 0.0002 - bad epochs 1
2019-06-21 17:35:28,703 TEST : loss 1.245932936668396 - score 0.8761
2019-06-21 17:35:31,772 ----------------------------------------------------------------------------------------------------
2019-06-21 17:35:33,965 epoch 61 - iter 0/129 - loss 0.52440345
2019-06-21 17:35:45,903 epoch 61 - iter 12/129 - loss 0.38440941
2019-06-21 17:35:58,134 epoch 61 - iter 24/129 - loss 0.43722199
2019-06-21 17:36:09,240 epoch 61 - iter 36/129 - loss 0.48490423
2019-06-21 17:36:19,061 epoch 61 - iter 48/129 - loss 0.50631407
2019-06-21 17:36:30,453 epoch 61 - iter 60/129 - loss 0.51176378
2019-06-21 17:36:40,983 epoch 61 - iter 72/129 - loss 0.52644868
2019-06-21 17:36:51,242 epoch 61 - iter 84/129 - loss 0.50804028
2019-06-21 17:37:04,075 epoch 61 - iter 96/129 - loss 0.50231177
2019-06-21 17:37:14,278 epoch 61 - iter 108/129 - loss 0.50001039
2019-06-21 17:37:24,206 epoch 61 - iter 120/129 - loss 0.49784596
2019-06-21 17:37:30,561 ----------------------------------------------------------------------------------------------------
2019-06-21 17:37:30,561 EPOCH 61 done: loss 0.4934 - lr 0.0002 - bad epochs 2
2019-06-21 17:37:57,439 TEST : loss 1.2463171482086182 - score 0.8758
2019-06-21 17:38:00,500 ----------------------------------------------------------------------------------------------------
2019-06-21 17:38:02,513 epoch 62 - iter 0/129 - loss 0.37975204
2019-06-21 17:38:14,011 epoch 62 - iter 12/129 - loss 0.49734928
2019-06-21 17:38:24,500 epoch 62 - iter 24/129 - loss 0.45589117
2019-06-21 17:38:37,175 epoch 62 - iter 36/129 - loss 0.45520550
2019-06-21 17:38:48,599 epoch 62 - iter 48/129 - loss 0.48005655
2019-06-21 17:38:59,277 epoch 62 - iter 60/129 - loss 0.47007237
2019-06-21 17:39:09,885 epoch 62 - iter 72/129 - loss 0.48891005
2019-06-21 17:39:20,216 epoch 62 - iter 84/129 - loss 0.47198662
2019-06-21 17:39:32,955 epoch 62 - iter 96/129 - loss 0.48329894
2019-06-21 17:39:43,156 epoch 62 - iter 108/129 - loss 0.48229832
2019-06-21 17:39:53,708 epoch 62 - iter 120/129 - loss 0.49419907
2019-06-21 17:40:00,872 ----------------------------------------------------------------------------------------------------
2019-06-21 17:40:00,872 EPOCH 62 done: loss 0.4916 - lr 0.0002 - bad epochs 3
2019-06-21 17:40:27,503 TEST : loss 1.2463561296463013 - score 0.8758
2019-06-21 17:40:30,591 ----------------------------------------------------------------------------------------------------
2019-06-21 17:40:30,591 ----------------------------------------------------------------------------------------------------
2019-06-21 17:40:30,591 learning rate too small - quitting training!
2019-06-21 17:40:30,592 ----------------------------------------------------------------------------------------------------
2019-06-21 17:40:33,319 ----------------------------------------------------------------------------------------------------
2019-06-21 17:40:33,319 Testing using best model ...
2019-06-21 17:41:00,267 0.8712	0.8804	0.8758
2019-06-21 17:41:00,267 
MICRO_AVG: acc 0.779 - f1-score 0.8758
MACRO_AVG: acc 0.779 - f1-score 0.8758
ITEM       tp: 2813 - fp: 416 - fn: 382 - tn: 2813 - precision: 0.8712 - recall: 0.8804 - accuracy: 0.7790 - f1-score: 0.8758
2019-06-21 17:41:00,268 ----------------------------------------------------------------------------------------------------
