2019-06-21 15:06:19,153 ----------------------------------------------------------------------------------------------------
2019-06-21 15:06:19,153 Evaluation method: MICRO_F1_SCORE
2019-06-21 15:06:19,248 ----------------------------------------------------------------------------------------------------
2019-06-21 15:06:22,950 epoch 1 - iter 0/129 - loss 0.33553004
2019-06-21 15:07:28,259 epoch 1 - iter 12/129 - loss 0.31484774
2019-06-21 15:08:38,004 epoch 1 - iter 24/129 - loss 0.36454539
2019-06-21 15:09:40,009 epoch 1 - iter 36/129 - loss 0.36476633
2019-06-21 15:10:35,274 epoch 1 - iter 48/129 - loss 0.37047019
2019-06-21 15:11:43,612 epoch 1 - iter 60/129 - loss 0.37070602
2019-06-21 15:12:44,863 epoch 1 - iter 72/129 - loss 0.37983712
2019-06-21 15:13:47,838 epoch 1 - iter 84/129 - loss 0.37489348
2019-06-21 15:14:54,463 epoch 1 - iter 96/129 - loss 0.38790909
2019-06-21 15:15:54,913 epoch 1 - iter 108/129 - loss 0.38648637
2019-06-21 15:16:54,246 epoch 1 - iter 120/129 - loss 0.38384725
2019-06-21 15:17:28,442 ----------------------------------------------------------------------------------------------------
2019-06-21 15:17:28,442 EPOCH 1 done: loss 0.4075 - lr 0.1000 - bad epochs 0
2019-06-21 15:20:57,414 TEST : loss 0.9725797176361084 - score 0.9122
2019-06-21 15:21:00,011 ----------------------------------------------------------------------------------------------------
2019-06-21 15:21:03,533 epoch 2 - iter 0/129 - loss 0.37198210
2019-06-21 15:22:15,267 epoch 2 - iter 12/129 - loss 0.44687255
2019-06-21 15:23:15,918 epoch 2 - iter 24/129 - loss 0.39601854
2019-06-21 15:24:10,173 epoch 2 - iter 36/129 - loss 0.43083869
2019-06-21 15:25:15,572 epoch 2 - iter 48/129 - loss 0.41233535
2019-06-21 15:26:16,081 epoch 2 - iter 60/129 - loss 0.40863752
2019-06-21 15:27:28,058 epoch 2 - iter 72/129 - loss 0.42792222
2019-06-21 15:28:24,207 epoch 2 - iter 84/129 - loss 0.43309650
2019-06-21 15:29:24,815 epoch 2 - iter 96/129 - loss 0.45040576
2019-06-21 15:30:23,501 epoch 2 - iter 108/129 - loss 0.43661316
2019-06-21 15:31:16,718 epoch 2 - iter 120/129 - loss 0.44761698
2019-06-21 15:31:56,179 ----------------------------------------------------------------------------------------------------
2019-06-21 15:31:56,179 EPOCH 2 done: loss 0.4466 - lr 0.1000 - bad epochs 0
2019-06-21 15:35:31,805 TEST : loss 0.909665048122406 - score 0.9154
2019-06-21 15:35:35,182 ----------------------------------------------------------------------------------------------------
2019-06-21 15:35:39,583 epoch 3 - iter 0/129 - loss 0.51264215
2019-06-21 15:36:33,285 epoch 3 - iter 12/129 - loss 0.38651340
2019-06-21 15:37:43,969 epoch 3 - iter 24/129 - loss 0.41230069
2019-06-21 15:38:43,134 epoch 3 - iter 36/129 - loss 0.41730455
2019-06-21 15:39:47,821 epoch 3 - iter 48/129 - loss 0.43099563
2019-06-21 15:40:41,438 epoch 3 - iter 60/129 - loss 0.43526621
2019-06-21 15:41:54,089 epoch 3 - iter 72/129 - loss 0.44644338
2019-06-21 15:42:52,928 epoch 3 - iter 84/129 - loss 0.43854145
2019-06-21 15:44:04,679 epoch 3 - iter 96/129 - loss 0.47361885
2019-06-21 15:45:01,860 epoch 3 - iter 108/129 - loss 0.47953560
2019-06-21 15:46:02,177 epoch 3 - iter 120/129 - loss 0.47147063
2019-06-21 15:46:38,252 ----------------------------------------------------------------------------------------------------
2019-06-21 15:46:38,252 EPOCH 3 done: loss 0.4771 - lr 0.1000 - bad epochs 1
2019-06-21 15:50:07,051 TEST : loss 0.8710668683052063 - score 0.9146
2019-06-21 15:50:10,446 ----------------------------------------------------------------------------------------------------
2019-06-21 15:50:14,668 epoch 4 - iter 0/129 - loss 0.20154166
2019-06-21 15:51:18,770 epoch 4 - iter 12/129 - loss 0.43951670
2019-06-21 15:52:17,690 epoch 4 - iter 24/129 - loss 0.48669985
2019-06-21 15:53:20,181 epoch 4 - iter 36/129 - loss 0.52125845
2019-06-21 15:54:22,362 epoch 4 - iter 48/129 - loss 0.48280059
2019-06-21 15:55:17,469 epoch 4 - iter 60/129 - loss 0.47203664
2019-06-21 15:56:18,369 epoch 4 - iter 72/129 - loss 0.46563645
2019-06-21 15:57:21,709 epoch 4 - iter 84/129 - loss 0.46134357
2019-06-21 15:58:28,783 epoch 4 - iter 96/129 - loss 0.46491873
2019-06-21 15:59:29,706 epoch 4 - iter 108/129 - loss 0.46445015
2019-06-21 16:00:33,890 epoch 4 - iter 120/129 - loss 0.45294828
2019-06-21 16:01:12,634 ----------------------------------------------------------------------------------------------------
2019-06-21 16:01:12,634 EPOCH 4 done: loss 0.4496 - lr 0.1000 - bad epochs 2
2019-06-21 16:04:41,865 TEST : loss 0.8924610614776611 - score 0.9116
2019-06-21 16:04:45,287 ----------------------------------------------------------------------------------------------------
2019-06-21 16:04:52,087 epoch 5 - iter 0/129 - loss 0.92988300
2019-06-21 16:05:49,921 epoch 5 - iter 12/129 - loss 0.42524592
2019-06-21 16:06:50,327 epoch 5 - iter 24/129 - loss 0.41416414
2019-06-21 16:07:50,807 epoch 5 - iter 36/129 - loss 0.41383645
2019-06-21 16:08:54,000 epoch 5 - iter 48/129 - loss 0.40865457
2019-06-21 16:09:56,144 epoch 5 - iter 60/129 - loss 0.42580340
2019-06-21 16:10:55,194 epoch 5 - iter 72/129 - loss 0.43689247
2019-06-21 16:11:51,491 epoch 5 - iter 84/129 - loss 0.45060339
2019-06-21 16:12:57,685 epoch 5 - iter 96/129 - loss 0.45249404
2019-06-21 16:13:59,166 epoch 5 - iter 108/129 - loss 0.44342528
2019-06-21 16:15:11,336 epoch 5 - iter 120/129 - loss 0.44362675
2019-06-21 16:15:54,198 ----------------------------------------------------------------------------------------------------
2019-06-21 16:15:54,199 EPOCH 5 done: loss 0.4530 - lr 0.1000 - bad epochs 3
2019-06-21 16:19:26,273 TEST : loss 0.8947340250015259 - score 0.9114
2019-06-21 16:19:29,716 ----------------------------------------------------------------------------------------------------
2019-06-21 16:19:38,413 epoch 6 - iter 0/129 - loss 0.37084365
2019-06-21 16:20:46,342 epoch 6 - iter 12/129 - loss 0.50973329
2019-06-21 16:21:48,408 epoch 6 - iter 24/129 - loss 0.47603202
2019-06-21 16:22:51,204 epoch 6 - iter 36/129 - loss 0.43925825
2019-06-21 16:23:59,508 epoch 6 - iter 48/129 - loss 0.44218762
2019-06-21 16:25:09,212 epoch 6 - iter 60/129 - loss 0.43636260
2019-06-21 16:26:09,255 epoch 6 - iter 72/129 - loss 0.41984807
2019-06-21 16:27:15,893 epoch 6 - iter 84/129 - loss 0.43222222
2019-06-21 16:28:07,447 epoch 6 - iter 96/129 - loss 0.42167926
2019-06-21 16:29:07,395 epoch 6 - iter 108/129 - loss 0.42110450
2019-06-21 16:30:06,982 epoch 6 - iter 120/129 - loss 0.42559409
2019-06-21 16:30:44,791 ----------------------------------------------------------------------------------------------------
2019-06-21 16:30:44,791 EPOCH 6 done: loss 0.4333 - lr 0.0500 - bad epochs 0
2019-06-21 16:34:18,758 TEST : loss 0.9118417501449585 - score 0.9119
2019-06-21 16:34:22,164 ----------------------------------------------------------------------------------------------------
2019-06-21 16:34:30,903 epoch 7 - iter 0/129 - loss 0.79611468
2019-06-21 16:35:31,673 epoch 7 - iter 12/129 - loss 0.35720356
2019-06-21 16:36:28,002 epoch 7 - iter 24/129 - loss 0.39366608
2019-06-21 16:37:23,673 epoch 7 - iter 36/129 - loss 0.38277991
2019-06-21 16:38:35,155 epoch 7 - iter 48/129 - loss 0.40674618
2019-06-21 16:39:39,429 epoch 7 - iter 60/129 - loss 0.39763885
2019-06-21 16:40:43,569 epoch 7 - iter 72/129 - loss 0.39396954
2019-06-21 16:41:45,269 epoch 7 - iter 84/129 - loss 0.41361621
2019-06-21 16:42:40,645 epoch 7 - iter 96/129 - loss 0.42215225
2019-06-21 16:43:56,888 epoch 7 - iter 108/129 - loss 0.41283189
2019-06-21 16:44:58,813 epoch 7 - iter 120/129 - loss 0.41478601
2019-06-21 16:45:37,046 ----------------------------------------------------------------------------------------------------
2019-06-21 16:45:37,046 EPOCH 7 done: loss 0.4178 - lr 0.0500 - bad epochs 1
2019-06-21 16:49:12,910 TEST : loss 0.9382513761520386 - score 0.9151
2019-06-21 16:49:16,354 ----------------------------------------------------------------------------------------------------
2019-06-21 16:49:23,007 epoch 8 - iter 0/129 - loss 0.43875068
2019-06-21 16:50:21,732 epoch 8 - iter 12/129 - loss 0.40481399
2019-06-21 16:51:23,011 epoch 8 - iter 24/129 - loss 0.38314831
2019-06-21 16:52:32,966 epoch 8 - iter 36/129 - loss 0.37165132
2019-06-21 16:53:33,450 epoch 8 - iter 48/129 - loss 0.39304651
2019-06-21 16:54:35,883 epoch 8 - iter 60/129 - loss 0.38292624
2019-06-21 16:55:34,761 epoch 8 - iter 72/129 - loss 0.37267344
2019-06-21 16:56:32,230 epoch 8 - iter 84/129 - loss 0.37522600
2019-06-21 16:57:36,744 epoch 8 - iter 96/129 - loss 0.38516778
2019-06-21 16:58:35,456 epoch 8 - iter 108/129 - loss 0.40257597
2019-06-21 16:59:42,704 epoch 8 - iter 120/129 - loss 0.40306422
2019-06-21 17:00:25,687 ----------------------------------------------------------------------------------------------------
2019-06-21 17:00:25,687 EPOCH 8 done: loss 0.3959 - lr 0.0500 - bad epochs 2
2019-06-21 17:04:02,793 TEST : loss 0.9237310290336609 - score 0.9179
2019-06-21 17:04:06,178 ----------------------------------------------------------------------------------------------------
2019-06-21 17:04:12,101 epoch 9 - iter 0/129 - loss 0.36126304
2019-06-21 17:05:04,297 epoch 9 - iter 12/129 - loss 0.33117914
2019-06-21 17:06:02,466 epoch 9 - iter 24/129 - loss 0.34439487
2019-06-21 17:06:50,477 epoch 9 - iter 36/129 - loss 0.36192915
2019-06-21 17:08:02,175 epoch 9 - iter 48/129 - loss 0.39280995
2019-06-21 17:09:03,289 epoch 9 - iter 60/129 - loss 0.40288068
2019-06-21 17:10:04,964 epoch 9 - iter 72/129 - loss 0.40896673
2019-06-21 17:11:14,483 epoch 9 - iter 84/129 - loss 0.40898874
2019-06-21 17:12:27,411 epoch 9 - iter 96/129 - loss 0.40009697
2019-06-21 17:13:20,562 epoch 9 - iter 108/129 - loss 0.40713490
2019-06-21 17:14:19,478 epoch 9 - iter 120/129 - loss 0.39164960
2019-06-21 17:14:59,814 ----------------------------------------------------------------------------------------------------
2019-06-21 17:14:59,815 EPOCH 9 done: loss 0.3941 - lr 0.0500 - bad epochs 0
2019-06-21 17:18:26,249 TEST : loss 0.9390165209770203 - score 0.9161
2019-06-21 17:18:29,622 ----------------------------------------------------------------------------------------------------
2019-06-21 17:18:34,701 epoch 10 - iter 0/129 - loss 0.46900487
2019-06-21 17:19:43,163 epoch 10 - iter 12/129 - loss 0.44337222
2019-06-21 17:20:46,525 epoch 10 - iter 24/129 - loss 0.44962179
2019-06-21 17:21:46,729 epoch 10 - iter 36/129 - loss 0.42976110
2019-06-21 17:22:46,852 epoch 10 - iter 48/129 - loss 0.38675044
2019-06-21 17:23:39,838 epoch 10 - iter 60/129 - loss 0.39332323
2019-06-21 17:24:30,834 epoch 10 - iter 72/129 - loss 0.38509907
2019-06-21 17:25:35,072 epoch 10 - iter 84/129 - loss 0.40029959
2019-06-21 17:26:34,354 epoch 10 - iter 96/129 - loss 0.39401041
2019-06-21 17:27:39,125 epoch 10 - iter 108/129 - loss 0.39880948
2019-06-21 17:28:39,147 epoch 10 - iter 120/129 - loss 0.38878497
2019-06-21 17:29:20,474 ----------------------------------------------------------------------------------------------------
2019-06-21 17:29:20,475 EPOCH 10 done: loss 0.3887 - lr 0.0500 - bad epochs 0
2019-06-21 17:32:50,113 TEST : loss 0.9545100927352905 - score 0.9132
2019-06-21 17:32:53,504 ----------------------------------------------------------------------------------------------------
2019-06-21 17:33:00,077 epoch 11 - iter 0/129 - loss 0.65115404
2019-06-21 17:34:00,469 epoch 11 - iter 12/129 - loss 0.41367852
2019-06-21 17:34:58,983 epoch 11 - iter 24/129 - loss 0.43499329
2019-06-21 17:36:07,519 epoch 11 - iter 36/129 - loss 0.40557736
2019-06-21 17:37:01,073 epoch 11 - iter 48/129 - loss 0.40935119
2019-06-21 17:38:03,064 epoch 11 - iter 60/129 - loss 0.39938296
2019-06-21 17:39:12,586 epoch 11 - iter 72/129 - loss 0.40326537
2019-06-21 17:40:13,733 epoch 11 - iter 84/129 - loss 0.41257895
2019-06-21 17:41:13,985 epoch 11 - iter 96/129 - loss 0.41460579
2019-06-21 17:42:10,205 epoch 11 - iter 108/129 - loss 0.41589504
2019-06-21 17:43:11,419 epoch 11 - iter 120/129 - loss 0.42058244
2019-06-21 17:43:49,923 ----------------------------------------------------------------------------------------------------
2019-06-21 17:43:49,923 EPOCH 11 done: loss 0.4169 - lr 0.0500 - bad epochs 0
2019-06-21 17:47:26,097 TEST : loss 0.932533860206604 - score 0.9163
2019-06-21 17:47:29,549 ----------------------------------------------------------------------------------------------------
2019-06-21 17:47:38,789 epoch 12 - iter 0/129 - loss 0.14736342
2019-06-21 17:48:41,732 epoch 12 - iter 12/129 - loss 0.39942044
2019-06-21 17:49:41,421 epoch 12 - iter 24/129 - loss 0.35785505
2019-06-21 17:50:50,229 epoch 12 - iter 36/129 - loss 0.38142761
2019-06-21 17:52:00,943 epoch 12 - iter 48/129 - loss 0.39203099
2019-06-21 17:52:58,852 epoch 12 - iter 60/129 - loss 0.36354395
2019-06-21 17:53:52,303 epoch 12 - iter 72/129 - loss 0.36269283
2019-06-21 17:54:45,316 epoch 12 - iter 84/129 - loss 0.37722268
2019-06-21 17:55:42,179 epoch 12 - iter 96/129 - loss 0.37687654
2019-06-21 17:56:45,337 epoch 12 - iter 108/129 - loss 0.37250923
2019-06-21 17:57:53,631 epoch 12 - iter 120/129 - loss 0.36982568
2019-06-21 17:58:31,502 ----------------------------------------------------------------------------------------------------
2019-06-21 17:58:31,503 EPOCH 12 done: loss 0.3822 - lr 0.0500 - bad epochs 1
2019-06-21 18:02:01,510 TEST : loss 0.9361727833747864 - score 0.9152
2019-06-21 18:02:04,946 ----------------------------------------------------------------------------------------------------
2019-06-21 18:02:11,224 epoch 13 - iter 0/129 - loss 0.35175562
2019-06-21 18:03:13,021 epoch 13 - iter 12/129 - loss 0.37889415
2019-06-21 18:04:09,334 epoch 13 - iter 24/129 - loss 0.39449669
2019-06-21 18:05:10,800 epoch 13 - iter 36/129 - loss 0.41710933
2019-06-21 18:06:25,611 epoch 13 - iter 48/129 - loss 0.42171350
2019-06-21 18:07:26,924 epoch 13 - iter 60/129 - loss 0.40206687
2019-06-21 18:08:30,745 epoch 13 - iter 72/129 - loss 0.39876100
2019-06-21 18:09:28,976 epoch 13 - iter 84/129 - loss 0.37841956
2019-06-21 18:10:30,433 epoch 13 - iter 96/129 - loss 0.38455827
2019-06-21 18:11:27,644 epoch 13 - iter 108/129 - loss 0.39159252
2019-06-21 18:12:26,194 epoch 13 - iter 120/129 - loss 0.38917622
2019-06-21 18:13:09,975 ----------------------------------------------------------------------------------------------------
2019-06-21 18:13:09,975 EPOCH 13 done: loss 0.4008 - lr 0.0500 - bad epochs 0
2019-06-21 18:16:42,049 TEST : loss 0.9379520416259766 - score 0.9168
2019-06-21 18:16:45,444 ----------------------------------------------------------------------------------------------------
2019-06-21 18:16:50,276 epoch 14 - iter 0/129 - loss 0.10614562
2019-06-21 18:17:50,002 epoch 14 - iter 12/129 - loss 0.40827589
2019-06-21 18:18:43,870 epoch 14 - iter 24/129 - loss 0.36258391
2019-06-21 18:20:02,026 epoch 14 - iter 36/129 - loss 0.37627517
2019-06-21 18:21:05,056 epoch 14 - iter 48/129 - loss 0.36150595
2019-06-21 18:22:07,818 epoch 14 - iter 60/129 - loss 0.36448272
2019-06-21 18:22:59,755 epoch 14 - iter 72/129 - loss 0.38778119
2019-06-21 18:23:59,993 epoch 14 - iter 84/129 - loss 0.38155749
2019-06-21 18:25:00,496 epoch 14 - iter 96/129 - loss 0.37058276
2019-06-21 18:26:06,524 epoch 14 - iter 108/129 - loss 0.36707285
2019-06-21 18:27:13,650 epoch 14 - iter 120/129 - loss 0.36741918
2019-06-21 18:27:52,384 ----------------------------------------------------------------------------------------------------
2019-06-21 18:27:52,384 EPOCH 14 done: loss 0.3605 - lr 0.0500 - bad epochs 1
2019-06-21 18:31:19,999 TEST : loss 0.9544941186904907 - score 0.9139
2019-06-21 18:31:23,412 ----------------------------------------------------------------------------------------------------
2019-06-21 18:31:26,703 epoch 15 - iter 0/129 - loss 0.08922052
2019-06-21 18:32:28,298 epoch 15 - iter 12/129 - loss 0.41268805
2019-06-21 18:33:27,851 epoch 15 - iter 24/129 - loss 0.39003634
2019-06-21 18:34:32,984 epoch 15 - iter 36/129 - loss 0.42106440
2019-06-21 18:35:34,586 epoch 15 - iter 48/129 - loss 0.41084699
2019-06-21 18:36:40,077 epoch 15 - iter 60/129 - loss 0.40230985
2019-06-21 18:37:33,828 epoch 15 - iter 72/129 - loss 0.39228844
2019-06-21 18:38:37,009 epoch 15 - iter 84/129 - loss 0.40886116
2019-06-21 18:39:38,019 epoch 15 - iter 96/129 - loss 0.40254942
2019-06-21 18:40:37,747 epoch 15 - iter 108/129 - loss 0.40483927
2019-06-21 18:41:49,157 epoch 15 - iter 120/129 - loss 0.39511406
2019-06-21 18:42:25,231 ----------------------------------------------------------------------------------------------------
2019-06-21 18:42:25,232 EPOCH 15 done: loss 0.3891 - lr 0.0500 - bad epochs 0
2019-06-21 18:45:55,101 TEST : loss 0.9528366923332214 - score 0.9146
2019-06-21 18:45:58,491 ----------------------------------------------------------------------------------------------------
2019-06-21 18:46:02,374 epoch 16 - iter 0/129 - loss 0.47737169
2019-06-21 18:47:06,001 epoch 16 - iter 12/129 - loss 0.38294707
2019-06-21 18:48:04,814 epoch 16 - iter 24/129 - loss 0.36844704
2019-06-21 18:49:04,139 epoch 16 - iter 36/129 - loss 0.36198740
2019-06-21 18:50:03,473 epoch 16 - iter 48/129 - loss 0.36267002
2019-06-21 18:51:07,588 epoch 16 - iter 60/129 - loss 0.35766312
2019-06-21 18:52:04,377 epoch 16 - iter 72/129 - loss 0.35371251
2019-06-21 18:53:06,989 epoch 16 - iter 84/129 - loss 0.36059179
2019-06-21 18:54:12,469 epoch 16 - iter 96/129 - loss 0.34372768
2019-06-21 18:55:16,972 epoch 16 - iter 108/129 - loss 0.34251915
2019-06-21 18:56:16,587 epoch 16 - iter 120/129 - loss 0.34856829
2019-06-21 18:56:57,276 ----------------------------------------------------------------------------------------------------
2019-06-21 18:56:57,276 EPOCH 16 done: loss 0.3557 - lr 0.0500 - bad epochs 1
2019-06-21 19:00:29,484 TEST : loss 0.9637270569801331 - score 0.9141
2019-06-21 19:00:32,880 ----------------------------------------------------------------------------------------------------
2019-06-21 19:00:39,237 epoch 17 - iter 0/129 - loss 0.57053232
2019-06-21 19:01:43,791 epoch 17 - iter 12/129 - loss 0.28622367
2019-06-21 19:02:47,632 epoch 17 - iter 24/129 - loss 0.33070089
2019-06-21 19:03:53,537 epoch 17 - iter 36/129 - loss 0.31475495
2019-06-21 19:04:58,405 epoch 17 - iter 48/129 - loss 0.28515612
2019-06-21 19:05:57,044 epoch 17 - iter 60/129 - loss 0.30634376
2019-06-21 19:06:58,210 epoch 17 - iter 72/129 - loss 0.30446523
2019-06-21 19:07:59,245 epoch 17 - iter 84/129 - loss 0.32476070
2019-06-21 19:08:59,563 epoch 17 - iter 96/129 - loss 0.33557254
2019-06-21 19:10:03,696 epoch 17 - iter 108/129 - loss 0.34188800
2019-06-21 19:11:03,494 epoch 17 - iter 120/129 - loss 0.34285131
2019-06-21 19:11:39,462 ----------------------------------------------------------------------------------------------------
2019-06-21 19:11:39,462 EPOCH 17 done: loss 0.3423 - lr 0.0500 - bad epochs 0
2019-06-21 19:15:16,040 TEST : loss 0.9696970582008362 - score 0.9124
2019-06-21 19:15:19,444 ----------------------------------------------------------------------------------------------------
2019-06-21 19:15:24,478 epoch 18 - iter 0/129 - loss 0.33554029
2019-06-21 19:16:25,399 epoch 18 - iter 12/129 - loss 0.45241459
2019-06-21 19:17:34,574 epoch 18 - iter 24/129 - loss 0.45401668
2019-06-21 19:18:39,194 epoch 18 - iter 36/129 - loss 0.40457871
2019-06-21 19:19:38,736 epoch 18 - iter 48/129 - loss 0.41499577
2019-06-21 19:20:40,645 epoch 18 - iter 60/129 - loss 0.40698966
2019-06-21 19:21:37,073 epoch 18 - iter 72/129 - loss 0.40583190
2019-06-21 19:22:36,249 epoch 18 - iter 84/129 - loss 0.40664478
2019-06-21 19:23:36,270 epoch 18 - iter 96/129 - loss 0.39748116
2019-06-21 19:24:42,123 epoch 18 - iter 108/129 - loss 0.40856170
2019-06-21 19:25:46,510 epoch 18 - iter 120/129 - loss 0.39681816
2019-06-21 19:26:28,223 ----------------------------------------------------------------------------------------------------
2019-06-21 19:26:28,223 EPOCH 18 done: loss 0.3938 - lr 0.0500 - bad epochs 0
2019-06-21 19:29:56,698 TEST : loss 0.9729142785072327 - score 0.9131
2019-06-21 19:30:00,136 ----------------------------------------------------------------------------------------------------
2019-06-21 19:30:05,256 epoch 19 - iter 0/129 - loss 0.40294135
2019-06-21 19:31:12,038 epoch 19 - iter 12/129 - loss 0.31156661
2019-06-21 19:32:18,120 epoch 19 - iter 24/129 - loss 0.38573229
2019-06-21 19:33:19,717 epoch 19 - iter 36/129 - loss 0.35067423
2019-06-21 19:34:16,411 epoch 19 - iter 48/129 - loss 0.35660199
2019-06-21 19:35:10,095 epoch 19 - iter 60/129 - loss 0.36179552
2019-06-21 19:36:08,339 epoch 19 - iter 72/129 - loss 0.36365031
2019-06-21 19:37:12,675 epoch 19 - iter 84/129 - loss 0.38202002
2019-06-21 19:38:11,720 epoch 19 - iter 96/129 - loss 0.38340786
2019-06-21 19:39:18,466 epoch 19 - iter 108/129 - loss 0.38049545
2019-06-21 19:40:20,371 epoch 19 - iter 120/129 - loss 0.36589800
2019-06-21 19:41:02,847 ----------------------------------------------------------------------------------------------------
2019-06-21 19:41:02,848 EPOCH 19 done: loss 0.3653 - lr 0.0500 - bad epochs 1
2019-06-21 19:44:36,368 TEST : loss 0.9758536219596863 - score 0.9123
2019-06-21 19:44:39,783 ----------------------------------------------------------------------------------------------------
2019-06-21 19:44:45,519 epoch 20 - iter 0/129 - loss 0.15214539
2019-06-21 19:45:51,541 epoch 20 - iter 12/129 - loss 0.30976588
2019-06-21 19:47:02,249 epoch 20 - iter 24/129 - loss 0.30975031
2019-06-21 19:48:05,554 epoch 20 - iter 36/129 - loss 0.32494693
2019-06-21 19:49:10,736 epoch 20 - iter 48/129 - loss 0.30663873
2019-06-21 19:50:02,653 epoch 20 - iter 60/129 - loss 0.31159259
2019-06-21 19:51:04,813 epoch 20 - iter 72/129 - loss 0.30763843
2019-06-21 19:52:05,589 epoch 20 - iter 84/129 - loss 0.32112340
2019-06-21 19:53:04,217 epoch 20 - iter 96/129 - loss 0.33414483
2019-06-21 19:54:03,325 epoch 20 - iter 108/129 - loss 0.33512868
2019-06-21 19:55:03,286 epoch 20 - iter 120/129 - loss 0.34847589
2019-06-21 19:55:39,131 ----------------------------------------------------------------------------------------------------
2019-06-21 19:55:39,132 EPOCH 20 done: loss 0.3543 - lr 0.0500 - bad epochs 2
2019-06-21 19:59:04,629 TEST : loss 0.9740244150161743 - score 0.9121
2019-06-21 19:59:08,000 ----------------------------------------------------------------------------------------------------
2019-06-21 19:59:11,637 epoch 21 - iter 0/129 - loss 0.35786247
2019-06-21 20:00:13,008 epoch 21 - iter 12/129 - loss 0.54682301
2019-06-21 20:01:13,712 epoch 21 - iter 24/129 - loss 0.46259827
2019-06-21 20:02:09,776 epoch 21 - iter 36/129 - loss 0.41656779
2019-06-21 20:03:08,145 epoch 21 - iter 48/129 - loss 0.42323528
2019-06-21 20:04:05,871 epoch 21 - iter 60/129 - loss 0.42248858
2019-06-21 20:05:17,677 epoch 21 - iter 72/129 - loss 0.41714230
2019-06-21 20:06:16,515 epoch 21 - iter 84/129 - loss 0.39179583
2019-06-21 20:07:13,948 epoch 21 - iter 96/129 - loss 0.39177490
2019-06-21 20:08:18,049 epoch 21 - iter 108/129 - loss 0.38962632
2019-06-21 20:09:35,467 epoch 21 - iter 120/129 - loss 0.39124452
2019-06-21 20:10:17,347 ----------------------------------------------------------------------------------------------------
2019-06-21 20:10:17,348 EPOCH 21 done: loss 0.3934 - lr 0.0500 - bad epochs 3
2019-06-21 20:13:48,069 TEST : loss 0.958756685256958 - score 0.9137
2019-06-21 20:13:51,465 ----------------------------------------------------------------------------------------------------
2019-06-21 20:13:55,982 epoch 22 - iter 0/129 - loss 0.22223806
2019-06-21 20:14:47,843 epoch 22 - iter 12/129 - loss 0.35790102
2019-06-21 20:15:58,240 epoch 22 - iter 24/129 - loss 0.35773330
2019-06-21 20:16:59,616 epoch 22 - iter 36/129 - loss 0.36460077
2019-06-21 20:17:58,763 epoch 22 - iter 48/129 - loss 0.37940932
2019-06-21 20:19:07,068 epoch 22 - iter 60/129 - loss 0.39234430
2019-06-21 20:20:16,457 epoch 22 - iter 72/129 - loss 0.40379225
2019-06-21 20:21:14,762 epoch 22 - iter 84/129 - loss 0.38538144
2019-06-21 20:22:19,065 epoch 22 - iter 96/129 - loss 0.37119780
2019-06-21 20:23:25,858 epoch 22 - iter 108/129 - loss 0.36972917
2019-06-21 20:24:27,103 epoch 22 - iter 120/129 - loss 0.37051711
2019-06-21 20:25:04,170 ----------------------------------------------------------------------------------------------------
2019-06-21 20:25:04,170 EPOCH 22 done: loss 0.3722 - lr 0.0250 - bad epochs 0
2019-06-21 20:28:36,158 TEST : loss 0.969612181186676 - score 0.9126
2019-06-21 20:28:39,596 ----------------------------------------------------------------------------------------------------
2019-06-21 20:28:43,916 epoch 23 - iter 0/129 - loss 0.16425800
2019-06-21 20:29:42,011 epoch 23 - iter 12/129 - loss 0.28709834
2019-06-21 20:30:43,708 epoch 23 - iter 24/129 - loss 0.36730822
2019-06-21 20:31:42,362 epoch 23 - iter 36/129 - loss 0.37562724
2019-06-21 20:32:43,379 epoch 23 - iter 48/129 - loss 0.37624916
2019-06-21 20:33:44,414 epoch 23 - iter 60/129 - loss 0.35669724
2019-06-21 20:34:41,384 epoch 23 - iter 72/129 - loss 0.36671674
2019-06-21 20:35:45,818 epoch 23 - iter 84/129 - loss 0.36890826
2019-06-21 20:36:47,125 epoch 23 - iter 96/129 - loss 0.35307909
2019-06-21 20:37:49,124 epoch 23 - iter 108/129 - loss 0.35034083
2019-06-21 20:38:54,345 epoch 23 - iter 120/129 - loss 0.35001595
2019-06-21 20:39:34,749 ----------------------------------------------------------------------------------------------------
2019-06-21 20:39:34,749 EPOCH 23 done: loss 0.3526 - lr 0.0250 - bad epochs 1
2019-06-21 20:43:10,109 TEST : loss 0.9690606594085693 - score 0.9135
2019-06-21 20:43:13,498 ----------------------------------------------------------------------------------------------------
2019-06-21 20:43:16,565 epoch 24 - iter 0/129 - loss 0.53167057
2019-06-21 20:44:28,080 epoch 24 - iter 12/129 - loss 0.32233437
2019-06-21 20:45:32,411 epoch 24 - iter 24/129 - loss 0.32971913
2019-06-21 20:46:20,119 epoch 24 - iter 36/129 - loss 0.33929580
2019-06-21 20:47:26,224 epoch 24 - iter 48/129 - loss 0.36230450
2019-06-21 20:48:32,421 epoch 24 - iter 60/129 - loss 0.36461660
2019-06-21 20:49:34,249 epoch 24 - iter 72/129 - loss 0.36611711
2019-06-21 20:50:30,794 epoch 24 - iter 84/129 - loss 0.37032560
2019-06-21 20:51:33,488 epoch 24 - iter 96/129 - loss 0.36566240
2019-06-21 20:52:33,052 epoch 24 - iter 108/129 - loss 0.36630466
2019-06-21 20:53:34,499 epoch 24 - iter 120/129 - loss 0.36916441
2019-06-21 20:54:11,406 ----------------------------------------------------------------------------------------------------
2019-06-21 20:54:11,407 EPOCH 24 done: loss 0.3718 - lr 0.0250 - bad epochs 2
2019-06-21 20:57:46,156 TEST : loss 0.9667927622795105 - score 0.9152
2019-06-21 20:57:49,589 ----------------------------------------------------------------------------------------------------
2019-06-21 20:57:53,369 epoch 25 - iter 0/129 - loss 0.19015765
2019-06-21 20:58:53,652 epoch 25 - iter 12/129 - loss 0.27220168
2019-06-21 20:59:48,608 epoch 25 - iter 24/129 - loss 0.28294467
2019-06-21 21:00:50,612 epoch 25 - iter 36/129 - loss 0.34157741
2019-06-21 21:01:44,749 epoch 25 - iter 48/129 - loss 0.33153398
2019-06-21 21:02:55,434 epoch 25 - iter 60/129 - loss 0.35818194
2019-06-21 21:03:48,190 epoch 25 - iter 72/129 - loss 0.34387228
2019-06-21 21:04:44,943 epoch 25 - iter 84/129 - loss 0.34797907
2019-06-21 21:05:48,771 epoch 25 - iter 96/129 - loss 0.34366121
2019-06-21 21:06:54,314 epoch 25 - iter 108/129 - loss 0.34618203
2019-06-21 21:07:55,803 epoch 25 - iter 120/129 - loss 0.34350384
2019-06-21 21:08:46,740 ----------------------------------------------------------------------------------------------------
2019-06-21 21:08:46,740 EPOCH 25 done: loss 0.3434 - lr 0.0250 - bad epochs 3
2019-06-21 21:12:19,027 TEST : loss 0.9758831858634949 - score 0.9136
2019-06-21 21:12:22,482 ----------------------------------------------------------------------------------------------------
2019-06-21 21:12:29,277 epoch 26 - iter 0/129 - loss 0.56266832
2019-06-21 21:13:36,394 epoch 26 - iter 12/129 - loss 0.40323479
2019-06-21 21:14:42,745 epoch 26 - iter 24/129 - loss 0.39073942
2019-06-21 21:15:38,941 epoch 26 - iter 36/129 - loss 0.36053367
2019-06-21 21:16:33,984 epoch 26 - iter 48/129 - loss 0.37548749
2019-06-21 21:17:33,108 epoch 26 - iter 60/129 - loss 0.37990799
2019-06-21 21:18:41,609 epoch 26 - iter 72/129 - loss 0.37484792
2019-06-21 21:19:40,983 epoch 26 - iter 84/129 - loss 0.38502485
2019-06-21 21:20:46,679 epoch 26 - iter 96/129 - loss 0.37304506
2019-06-21 21:21:47,873 epoch 26 - iter 108/129 - loss 0.38799682
2019-06-21 21:22:50,380 epoch 26 - iter 120/129 - loss 0.37930068
2019-06-21 21:23:36,338 ----------------------------------------------------------------------------------------------------
2019-06-21 21:23:36,338 EPOCH 26 done: loss 0.3792 - lr 0.0125 - bad epochs 0
2019-06-21 21:27:07,747 TEST : loss 0.969866156578064 - score 0.9133
2019-06-21 21:27:11,154 ----------------------------------------------------------------------------------------------------
2019-06-21 21:27:14,782 epoch 27 - iter 0/129 - loss 0.17940283
2019-06-21 21:28:11,392 epoch 27 - iter 12/129 - loss 0.40260006
2019-06-21 21:29:05,181 epoch 27 - iter 24/129 - loss 0.35594728
2019-06-21 21:30:17,199 epoch 27 - iter 36/129 - loss 0.37272794
2019-06-21 21:31:25,606 epoch 27 - iter 48/129 - loss 0.37807457
2019-06-21 21:32:25,910 epoch 27 - iter 60/129 - loss 0.37126262
2019-06-21 21:33:31,033 epoch 27 - iter 72/129 - loss 0.36379120
2019-06-21 21:34:33,275 epoch 27 - iter 84/129 - loss 0.38274173
2019-06-21 21:35:28,742 epoch 27 - iter 96/129 - loss 0.37697258
2019-06-21 21:36:36,450 epoch 27 - iter 108/129 - loss 0.38236320
2019-06-21 21:37:35,280 epoch 27 - iter 120/129 - loss 0.37187207
2019-06-21 21:38:18,306 ----------------------------------------------------------------------------------------------------
2019-06-21 21:38:18,306 EPOCH 27 done: loss 0.3676 - lr 0.0125 - bad epochs 1
2019-06-21 21:41:47,964 TEST : loss 0.9748324155807495 - score 0.9134
2019-06-21 21:41:51,340 ----------------------------------------------------------------------------------------------------
2019-06-21 21:41:57,667 epoch 28 - iter 0/129 - loss 0.32464600
2019-06-21 21:42:59,505 epoch 28 - iter 12/129 - loss 0.32109150
2019-06-21 21:44:01,406 epoch 28 - iter 24/129 - loss 0.38655060
2019-06-21 21:44:57,158 epoch 28 - iter 36/129 - loss 0.37428980
2019-06-21 21:46:00,843 epoch 28 - iter 48/129 - loss 0.38122153
2019-06-21 21:46:55,737 epoch 28 - iter 60/129 - loss 0.37665724
2019-06-21 21:47:57,066 epoch 28 - iter 72/129 - loss 0.36884424
2019-06-21 21:49:02,937 epoch 28 - iter 84/129 - loss 0.36537801
2019-06-21 21:50:00,552 epoch 28 - iter 96/129 - loss 0.36231247
2019-06-21 21:51:08,000 epoch 28 - iter 108/129 - loss 0.36103370
2019-06-21 21:52:14,601 epoch 28 - iter 120/129 - loss 0.36182744
2019-06-21 21:52:51,682 ----------------------------------------------------------------------------------------------------
2019-06-21 21:52:51,683 EPOCH 28 done: loss 0.3528 - lr 0.0125 - bad epochs 2
2019-06-21 21:56:20,593 TEST : loss 0.9751694202423096 - score 0.9121
2019-06-21 21:56:23,988 ----------------------------------------------------------------------------------------------------
2019-06-21 21:56:27,553 epoch 29 - iter 0/129 - loss 0.32023787
2019-06-21 21:57:23,292 epoch 29 - iter 12/129 - loss 0.26861069
2019-06-21 21:58:25,330 epoch 29 - iter 24/129 - loss 0.35539955
2019-06-21 21:59:30,596 epoch 29 - iter 36/129 - loss 0.38867611
2019-06-21 22:00:34,109 epoch 29 - iter 48/129 - loss 0.40478769
2019-06-21 22:01:34,440 epoch 29 - iter 60/129 - loss 0.40843487
2019-06-21 22:02:46,623 epoch 29 - iter 72/129 - loss 0.39888382
2019-06-21 22:03:55,126 epoch 29 - iter 84/129 - loss 0.38962332
2019-06-21 22:05:00,265 epoch 29 - iter 96/129 - loss 0.38498167
2019-06-21 22:06:01,617 epoch 29 - iter 108/129 - loss 0.38004886
2019-06-21 22:07:05,623 epoch 29 - iter 120/129 - loss 0.37799308
2019-06-21 22:07:46,398 ----------------------------------------------------------------------------------------------------
2019-06-21 22:07:46,399 EPOCH 29 done: loss 0.3681 - lr 0.0125 - bad epochs 3
2019-06-21 22:11:21,865 TEST : loss 0.97650545835495 - score 0.9136
2019-06-21 22:11:25,299 ----------------------------------------------------------------------------------------------------
2019-06-21 22:11:29,924 epoch 30 - iter 0/129 - loss 0.11705720
2019-06-21 22:12:38,760 epoch 30 - iter 12/129 - loss 0.31808677
2019-06-21 22:13:42,466 epoch 30 - iter 24/129 - loss 0.31673501
2019-06-21 22:14:41,431 epoch 30 - iter 36/129 - loss 0.33540481
2019-06-21 22:15:41,327 epoch 30 - iter 48/129 - loss 0.33982642
2019-06-21 22:16:43,049 epoch 30 - iter 60/129 - loss 0.35810141
2019-06-21 22:17:42,558 epoch 30 - iter 72/129 - loss 0.36264371
2019-06-21 22:18:47,174 epoch 30 - iter 84/129 - loss 0.35143580
2019-06-21 22:19:40,679 epoch 30 - iter 96/129 - loss 0.34322165
2019-06-21 22:20:49,592 epoch 30 - iter 108/129 - loss 0.33621536
2019-06-21 22:21:53,328 epoch 30 - iter 120/129 - loss 0.33046092
2019-06-21 22:22:32,496 ----------------------------------------------------------------------------------------------------
2019-06-21 22:22:32,496 EPOCH 30 done: loss 0.3367 - lr 0.0063 - bad epochs 0
2019-06-21 22:26:06,289 TEST : loss 0.9791291952133179 - score 0.9134
2019-06-21 22:26:09,712 ----------------------------------------------------------------------------------------------------
2019-06-21 22:26:13,522 epoch 31 - iter 0/129 - loss 0.14852715
2019-06-21 22:27:10,246 epoch 31 - iter 12/129 - loss 0.38545199
2019-06-21 22:28:17,343 epoch 31 - iter 24/129 - loss 0.36264833
2019-06-21 22:29:15,075 epoch 31 - iter 36/129 - loss 0.38622829
2019-06-21 22:30:13,772 epoch 31 - iter 48/129 - loss 0.36251285
2019-06-21 22:31:21,290 epoch 31 - iter 60/129 - loss 0.35642465
2019-06-21 22:32:20,777 epoch 31 - iter 72/129 - loss 0.35190310
2019-06-21 22:33:25,865 epoch 31 - iter 84/129 - loss 0.35779887
2019-06-21 22:34:24,592 epoch 31 - iter 96/129 - loss 0.37249656
2019-06-21 22:35:30,394 epoch 31 - iter 108/129 - loss 0.36624817
2019-06-21 22:36:34,296 epoch 31 - iter 120/129 - loss 0.36861064
2019-06-21 22:37:11,379 ----------------------------------------------------------------------------------------------------
2019-06-21 22:37:11,379 EPOCH 31 done: loss 0.3704 - lr 0.0063 - bad epochs 0
2019-06-21 22:40:41,817 TEST : loss 0.9764562249183655 - score 0.9137
2019-06-21 22:40:45,254 ----------------------------------------------------------------------------------------------------
2019-06-21 22:40:49,019 epoch 32 - iter 0/129 - loss 0.15660667
2019-06-21 22:41:56,329 epoch 32 - iter 12/129 - loss 0.26035043
2019-06-21 22:42:53,009 epoch 32 - iter 24/129 - loss 0.31791259
2019-06-21 22:43:48,006 epoch 32 - iter 36/129 - loss 0.34398322
2019-06-21 22:44:49,278 epoch 32 - iter 48/129 - loss 0.32373099
2019-06-21 22:45:45,541 epoch 32 - iter 60/129 - loss 0.33722707
2019-06-21 22:46:59,544 epoch 32 - iter 72/129 - loss 0.33579504
2019-06-21 22:48:03,093 epoch 32 - iter 84/129 - loss 0.35141004
2019-06-21 22:48:58,096 epoch 32 - iter 96/129 - loss 0.34297852
2019-06-21 22:49:53,234 epoch 32 - iter 108/129 - loss 0.33513341
2019-06-21 22:51:04,149 epoch 32 - iter 120/129 - loss 0.33704977
2019-06-21 22:51:46,945 ----------------------------------------------------------------------------------------------------
2019-06-21 22:51:46,946 EPOCH 32 done: loss 0.3364 - lr 0.0063 - bad epochs 1
2019-06-21 22:55:21,790 TEST : loss 0.9777220487594604 - score 0.9129
2019-06-21 22:55:25,227 ----------------------------------------------------------------------------------------------------
2019-06-21 22:55:29,413 epoch 33 - iter 0/129 - loss 0.17098284
2019-06-21 22:56:33,317 epoch 33 - iter 12/129 - loss 0.30757439
2019-06-21 22:57:29,008 epoch 33 - iter 24/129 - loss 0.34900902
2019-06-21 22:58:27,384 epoch 33 - iter 36/129 - loss 0.31989614
2019-06-21 22:59:26,093 epoch 33 - iter 48/129 - loss 0.31196578
2019-06-21 23:00:36,017 epoch 33 - iter 60/129 - loss 0.32924726
2019-06-21 23:01:35,378 epoch 33 - iter 72/129 - loss 0.35775230
2019-06-21 23:02:36,778 epoch 33 - iter 84/129 - loss 0.36908695
2019-06-21 23:03:39,753 epoch 33 - iter 96/129 - loss 0.36278003
2019-06-21 23:04:37,992 epoch 33 - iter 108/129 - loss 0.35923724
2019-06-21 23:05:35,114 epoch 33 - iter 120/129 - loss 0.35132974
2019-06-21 23:06:14,073 ----------------------------------------------------------------------------------------------------
2019-06-21 23:06:14,074 EPOCH 33 done: loss 0.3478 - lr 0.0063 - bad epochs 0
2019-06-21 23:09:47,044 TEST : loss 0.9776986241340637 - score 0.9128
2019-06-21 23:09:50,442 ----------------------------------------------------------------------------------------------------
2019-06-21 23:09:56,318 epoch 34 - iter 0/129 - loss 0.52301121
2019-06-21 23:10:57,137 epoch 34 - iter 12/129 - loss 0.32999595
2019-06-21 23:12:01,527 epoch 34 - iter 24/129 - loss 0.38952922
2019-06-21 23:12:55,726 epoch 34 - iter 36/129 - loss 0.32894176
2019-06-21 23:14:01,461 epoch 34 - iter 48/129 - loss 0.33801816
2019-06-21 23:14:57,598 epoch 34 - iter 60/129 - loss 0.33873866
2019-06-21 23:15:57,073 epoch 34 - iter 72/129 - loss 0.32748786
2019-06-21 23:17:06,901 epoch 34 - iter 84/129 - loss 0.31973710
2019-06-21 23:18:10,983 epoch 34 - iter 96/129 - loss 0.32898229
2019-06-21 23:19:15,894 epoch 34 - iter 108/129 - loss 0.32144863
2019-06-21 23:20:17,476 epoch 34 - iter 120/129 - loss 0.31860825
2019-06-21 23:20:51,858 ----------------------------------------------------------------------------------------------------
2019-06-21 23:20:51,858 EPOCH 34 done: loss 0.3192 - lr 0.0063 - bad epochs 1
2019-06-21 23:24:19,440 TEST : loss 0.9842076897621155 - score 0.9133
2019-06-21 23:24:22,821 ----------------------------------------------------------------------------------------------------
2019-06-21 23:24:28,745 epoch 35 - iter 0/129 - loss 0.40482688
2019-06-21 23:25:27,481 epoch 35 - iter 12/129 - loss 0.36807892
2019-06-21 23:26:27,163 epoch 35 - iter 24/129 - loss 0.32566086
2019-06-21 23:27:23,521 epoch 35 - iter 36/129 - loss 0.34238450
2019-06-21 23:28:22,891 epoch 35 - iter 48/129 - loss 0.34868862
2019-06-21 23:29:27,136 epoch 35 - iter 60/129 - loss 0.34905605
2019-06-21 23:30:26,394 epoch 35 - iter 72/129 - loss 0.33327259
2019-06-21 23:31:35,084 epoch 35 - iter 84/129 - loss 0.33583315
2019-06-21 23:32:43,230 epoch 35 - iter 96/129 - loss 0.33986986
2019-06-21 23:33:48,235 epoch 35 - iter 108/129 - loss 0.33661604
2019-06-21 23:34:44,673 epoch 35 - iter 120/129 - loss 0.34760584
2019-06-21 23:35:28,680 ----------------------------------------------------------------------------------------------------
2019-06-21 23:35:28,681 EPOCH 35 done: loss 0.3429 - lr 0.0063 - bad epochs 0
2019-06-21 23:39:03,005 TEST : loss 0.9757163524627686 - score 0.9146
2019-06-21 23:39:06,420 ----------------------------------------------------------------------------------------------------
2019-06-21 23:39:10,550 epoch 36 - iter 0/129 - loss 0.36116958
2019-06-21 23:40:14,615 epoch 36 - iter 12/129 - loss 0.34434389
2019-06-21 23:41:08,920 epoch 36 - iter 24/129 - loss 0.31233559
2019-06-21 23:42:08,204 epoch 36 - iter 36/129 - loss 0.30394667
2019-06-21 23:43:19,803 epoch 36 - iter 48/129 - loss 0.34106156
2019-06-21 23:44:25,329 epoch 36 - iter 60/129 - loss 0.33167466
2019-06-21 23:45:21,317 epoch 36 - iter 72/129 - loss 0.32335446
2019-06-21 23:46:19,832 epoch 36 - iter 84/129 - loss 0.33642956
2019-06-21 23:47:36,500 epoch 36 - iter 96/129 - loss 0.33111499
2019-06-21 23:48:43,061 epoch 36 - iter 108/129 - loss 0.33871955
2019-06-21 23:49:36,553 epoch 36 - iter 120/129 - loss 0.33057452
2019-06-21 23:50:12,020 ----------------------------------------------------------------------------------------------------
2019-06-21 23:50:12,021 EPOCH 36 done: loss 0.3291 - lr 0.0063 - bad epochs 1
2019-06-21 23:53:41,729 TEST : loss 0.9776310324668884 - score 0.9137
2019-06-21 23:53:45,153 ----------------------------------------------------------------------------------------------------
2019-06-21 23:53:48,656 epoch 37 - iter 0/129 - loss 0.39264202
2019-06-21 23:54:49,466 epoch 37 - iter 12/129 - loss 0.37565840
2019-06-21 23:55:59,237 epoch 37 - iter 24/129 - loss 0.36654689
2019-06-21 23:57:04,643 epoch 37 - iter 36/129 - loss 0.38393725
2019-06-21 23:58:05,805 epoch 37 - iter 48/129 - loss 0.35226581
2019-06-21 23:59:07,264 epoch 37 - iter 60/129 - loss 0.35840114
2019-06-22 00:00:06,022 epoch 37 - iter 72/129 - loss 0.35700647
2019-06-22 00:01:09,593 epoch 37 - iter 84/129 - loss 0.35399558
2019-06-22 00:02:10,190 epoch 37 - iter 96/129 - loss 0.35259330
2019-06-22 00:03:09,541 epoch 37 - iter 108/129 - loss 0.35410122
2019-06-22 00:04:07,299 epoch 37 - iter 120/129 - loss 0.34228056
2019-06-22 00:04:45,505 ----------------------------------------------------------------------------------------------------
2019-06-22 00:04:45,506 EPOCH 37 done: loss 0.3419 - lr 0.0063 - bad epochs 2
2019-06-22 00:08:19,346 TEST : loss 0.9818041324615479 - score 0.9138
2019-06-22 00:08:23,086 ----------------------------------------------------------------------------------------------------
2019-06-22 00:08:32,450 epoch 38 - iter 0/129 - loss 0.41657758
2019-06-22 00:09:35,986 epoch 38 - iter 12/129 - loss 0.26033081
2019-06-22 00:10:33,594 epoch 38 - iter 24/129 - loss 0.31767019
2019-06-22 00:11:29,771 epoch 38 - iter 36/129 - loss 0.29737264
2019-06-22 00:12:25,995 epoch 38 - iter 48/129 - loss 0.28587405
2019-06-22 00:13:33,449 epoch 38 - iter 60/129 - loss 0.28498097
2019-06-22 00:14:31,463 epoch 38 - iter 72/129 - loss 0.29976107
2019-06-22 00:15:32,047 epoch 38 - iter 84/129 - loss 0.31253199
2019-06-22 00:16:26,855 epoch 38 - iter 96/129 - loss 0.31885731
2019-06-22 00:17:37,328 epoch 38 - iter 108/129 - loss 0.31949117
2019-06-22 00:18:37,870 epoch 38 - iter 120/129 - loss 0.32134794
2019-06-22 00:19:19,176 ----------------------------------------------------------------------------------------------------
2019-06-22 00:19:19,177 EPOCH 38 done: loss 0.3255 - lr 0.0063 - bad epochs 3
2019-06-22 00:22:50,968 TEST : loss 0.988273024559021 - score 0.914
2019-06-22 00:22:54,393 ----------------------------------------------------------------------------------------------------
2019-06-22 00:23:01,225 epoch 39 - iter 0/129 - loss 0.30586815
2019-06-22 00:24:03,029 epoch 39 - iter 12/129 - loss 0.26416907
2019-06-22 00:25:13,739 epoch 39 - iter 24/129 - loss 0.29495159
2019-06-22 00:26:08,520 epoch 39 - iter 36/129 - loss 0.29067798
2019-06-22 00:27:05,179 epoch 39 - iter 48/129 - loss 0.32166829
2019-06-22 00:28:13,320 epoch 39 - iter 60/129 - loss 0.32359072
2019-06-22 00:29:12,643 epoch 39 - iter 72/129 - loss 0.33886983
2019-06-22 00:30:13,662 epoch 39 - iter 84/129 - loss 0.33962225
2019-06-22 00:31:10,882 epoch 39 - iter 96/129 - loss 0.34362058
2019-06-22 00:32:20,093 epoch 39 - iter 108/129 - loss 0.35334469
2019-06-22 00:33:23,791 epoch 39 - iter 120/129 - loss 0.34678322
2019-06-22 00:34:01,294 ----------------------------------------------------------------------------------------------------
2019-06-22 00:34:01,294 EPOCH 39 done: loss 0.3562 - lr 0.0031 - bad epochs 0
2019-06-22 00:37:29,844 TEST : loss 0.9858472347259521 - score 0.9134
2019-06-22 00:37:33,257 ----------------------------------------------------------------------------------------------------
2019-06-22 00:37:39,893 epoch 40 - iter 0/129 - loss 0.16813564
2019-06-22 00:38:44,067 epoch 40 - iter 12/129 - loss 0.24994120
2019-06-22 00:39:42,643 epoch 40 - iter 24/129 - loss 0.33633818
2019-06-22 00:40:46,154 epoch 40 - iter 36/129 - loss 0.33853234
2019-06-22 00:41:50,426 epoch 40 - iter 48/129 - loss 0.35081593
2019-06-22 00:42:48,274 epoch 40 - iter 60/129 - loss 0.34587983
2019-06-22 00:43:44,329 epoch 40 - iter 72/129 - loss 0.35466128
2019-06-22 00:44:38,258 epoch 40 - iter 84/129 - loss 0.36451268
2019-06-22 00:45:40,180 epoch 40 - iter 96/129 - loss 0.37902642
2019-06-22 00:46:44,264 epoch 40 - iter 108/129 - loss 0.37664692
2019-06-22 00:47:50,400 epoch 40 - iter 120/129 - loss 0.36985074
2019-06-22 00:48:28,827 ----------------------------------------------------------------------------------------------------
2019-06-22 00:48:28,828 EPOCH 40 done: loss 0.3561 - lr 0.0031 - bad epochs 1
2019-06-22 00:52:04,458 TEST : loss 0.9865024089813232 - score 0.913
2019-06-22 00:52:07,847 ----------------------------------------------------------------------------------------------------
2019-06-22 00:52:14,269 epoch 41 - iter 0/129 - loss 0.28472376
2019-06-22 00:53:12,190 epoch 41 - iter 12/129 - loss 0.32037002
2019-06-22 00:54:07,871 epoch 41 - iter 24/129 - loss 0.33696664
2019-06-22 00:55:05,089 epoch 41 - iter 36/129 - loss 0.30743698
2019-06-22 00:56:09,308 epoch 41 - iter 48/129 - loss 0.32079135
2019-06-22 00:57:10,949 epoch 41 - iter 60/129 - loss 0.31468867
2019-06-22 00:58:16,697 epoch 41 - iter 72/129 - loss 0.33076190
2019-06-22 00:59:29,053 epoch 41 - iter 84/129 - loss 0.33193045
2019-06-22 01:00:27,703 epoch 41 - iter 96/129 - loss 0.34169553
2019-06-22 01:01:33,545 epoch 41 - iter 108/129 - loss 0.35282709
2019-06-22 01:02:33,800 epoch 41 - iter 120/129 - loss 0.34683069
2019-06-22 01:03:11,943 ----------------------------------------------------------------------------------------------------
2019-06-22 01:03:11,943 EPOCH 41 done: loss 0.3436 - lr 0.0031 - bad epochs 2
2019-06-22 01:06:40,563 TEST : loss 0.982041597366333 - score 0.914
2019-06-22 01:06:43,969 ----------------------------------------------------------------------------------------------------
2019-06-22 01:06:52,988 epoch 42 - iter 0/129 - loss 0.23279023
2019-06-22 01:07:43,597 epoch 42 - iter 12/129 - loss 0.36160033
2019-06-22 01:08:50,708 epoch 42 - iter 24/129 - loss 0.34804309
2019-06-22 01:09:45,330 epoch 42 - iter 36/129 - loss 0.32752760
2019-06-22 01:10:49,613 epoch 42 - iter 48/129 - loss 0.31000723
2019-06-22 01:11:44,938 epoch 42 - iter 60/129 - loss 0.30733512
2019-06-22 01:12:47,979 epoch 42 - iter 72/129 - loss 0.31780701
2019-06-22 01:13:52,421 epoch 42 - iter 84/129 - loss 0.31778605
2019-06-22 01:15:00,374 epoch 42 - iter 96/129 - loss 0.31061596
2019-06-22 01:15:59,401 epoch 42 - iter 108/129 - loss 0.32448307
2019-06-22 01:17:11,836 epoch 42 - iter 120/129 - loss 0.32394566
2019-06-22 01:17:54,080 ----------------------------------------------------------------------------------------------------
2019-06-22 01:17:54,080 EPOCH 42 done: loss 0.3399 - lr 0.0031 - bad epochs 3
2019-06-22 01:21:22,321 TEST : loss 0.9834762811660767 - score 0.9134
2019-06-22 01:21:25,743 ----------------------------------------------------------------------------------------------------
2019-06-22 01:21:29,777 epoch 43 - iter 0/129 - loss 0.27127361
2019-06-22 01:22:29,064 epoch 43 - iter 12/129 - loss 0.27917513
2019-06-22 01:23:25,076 epoch 43 - iter 24/129 - loss 0.34176485
2019-06-22 01:24:37,217 epoch 43 - iter 36/129 - loss 0.32400972
2019-06-22 01:25:36,288 epoch 43 - iter 48/129 - loss 0.34087665
2019-06-22 01:26:41,971 epoch 43 - iter 60/129 - loss 0.33345439
2019-06-22 01:27:51,282 epoch 43 - iter 72/129 - loss 0.33313326
2019-06-22 01:28:49,369 epoch 43 - iter 84/129 - loss 0.33039330
2019-06-22 01:29:51,069 epoch 43 - iter 96/129 - loss 0.32884819
2019-06-22 01:30:50,564 epoch 43 - iter 108/129 - loss 0.33331421
2019-06-22 01:31:49,800 epoch 43 - iter 120/129 - loss 0.33878374
2019-06-22 01:32:27,818 ----------------------------------------------------------------------------------------------------
2019-06-22 01:32:27,819 EPOCH 43 done: loss 0.3362 - lr 0.0016 - bad epochs 0
2019-06-22 01:36:04,389 TEST : loss 0.9844104051589966 - score 0.9137
2019-06-22 01:36:07,816 ----------------------------------------------------------------------------------------------------
2019-06-22 01:36:13,151 epoch 44 - iter 0/129 - loss 0.64689875
2019-06-22 01:37:17,674 epoch 44 - iter 12/129 - loss 0.36255139
2019-06-22 01:38:18,317 epoch 44 - iter 24/129 - loss 0.31825978
2019-06-22 01:39:16,550 epoch 44 - iter 36/129 - loss 0.31634686
2019-06-22 01:40:20,377 epoch 44 - iter 48/129 - loss 0.33355659
2019-06-22 01:41:26,436 epoch 44 - iter 60/129 - loss 0.32441768
2019-06-22 01:42:24,134 epoch 44 - iter 72/129 - loss 0.31217053
2019-06-22 01:43:17,724 epoch 44 - iter 84/129 - loss 0.30373325
2019-06-22 01:44:21,480 epoch 44 - iter 96/129 - loss 0.31755872
2019-06-22 01:45:16,747 epoch 44 - iter 108/129 - loss 0.31297392
2019-06-22 01:46:22,700 epoch 44 - iter 120/129 - loss 0.31541908
2019-06-22 01:47:12,291 ----------------------------------------------------------------------------------------------------
2019-06-22 01:47:12,291 EPOCH 44 done: loss 0.3219 - lr 0.0016 - bad epochs 1
2019-06-22 01:50:46,285 TEST : loss 0.9852383732795715 - score 0.9134
2019-06-22 01:50:49,689 ----------------------------------------------------------------------------------------------------
2019-06-22 01:50:57,788 epoch 45 - iter 0/129 - loss 0.60766864
2019-06-22 01:51:59,815 epoch 45 - iter 12/129 - loss 0.29864444
2019-06-22 01:53:01,792 epoch 45 - iter 24/129 - loss 0.35338574
2019-06-22 01:54:04,350 epoch 45 - iter 36/129 - loss 0.31249396
2019-06-22 01:55:14,985 epoch 45 - iter 48/129 - loss 0.30210058
2019-06-22 01:56:16,471 epoch 45 - iter 60/129 - loss 0.31550289
2019-06-22 01:57:14,322 epoch 45 - iter 72/129 - loss 0.31899127
2019-06-22 01:58:13,788 epoch 45 - iter 84/129 - loss 0.32197084
2019-06-22 01:59:16,205 epoch 45 - iter 96/129 - loss 0.33321489
2019-06-22 02:00:16,167 epoch 45 - iter 108/129 - loss 0.33390518
2019-06-22 02:01:14,558 epoch 45 - iter 120/129 - loss 0.34567894
2019-06-22 02:01:56,623 ----------------------------------------------------------------------------------------------------
2019-06-22 02:01:56,623 EPOCH 45 done: loss 0.3466 - lr 0.0016 - bad epochs 2
2019-06-22 02:05:31,256 TEST : loss 0.9848200082778931 - score 0.9143
2019-06-22 02:05:34,689 ----------------------------------------------------------------------------------------------------
2019-06-22 02:05:39,865 epoch 46 - iter 0/129 - loss 0.55338097
2019-06-22 02:06:41,489 epoch 46 - iter 12/129 - loss 0.34016195
2019-06-22 02:07:47,294 epoch 46 - iter 24/129 - loss 0.30413547
2019-06-22 02:08:42,401 epoch 46 - iter 36/129 - loss 0.29620071
2019-06-22 02:09:36,306 epoch 46 - iter 48/129 - loss 0.29284714
2019-06-22 02:10:51,694 epoch 46 - iter 60/129 - loss 0.31518152
2019-06-22 02:11:47,877 epoch 46 - iter 72/129 - loss 0.30351774
2019-06-22 02:12:50,968 epoch 46 - iter 84/129 - loss 0.31066346
2019-06-22 02:13:55,512 epoch 46 - iter 96/129 - loss 0.30928478
2019-06-22 02:14:58,481 epoch 46 - iter 108/129 - loss 0.31033958
2019-06-22 02:16:04,233 epoch 46 - iter 120/129 - loss 0.30955904
2019-06-22 02:16:47,594 ----------------------------------------------------------------------------------------------------
2019-06-22 02:16:47,594 EPOCH 46 done: loss 0.3127 - lr 0.0016 - bad epochs 3
2019-06-22 02:20:14,629 TEST : loss 0.9859431982040405 - score 0.9134
2019-06-22 02:20:18,028 ----------------------------------------------------------------------------------------------------
2019-06-22 02:20:25,275 epoch 47 - iter 0/129 - loss 0.70820570
2019-06-22 02:21:25,238 epoch 47 - iter 12/129 - loss 0.34464326
2019-06-22 02:22:32,429 epoch 47 - iter 24/129 - loss 0.33294186
2019-06-22 02:23:33,803 epoch 47 - iter 36/129 - loss 0.34529179
2019-06-22 02:24:35,221 epoch 47 - iter 48/129 - loss 0.33545852
2019-06-22 02:25:34,968 epoch 47 - iter 60/129 - loss 0.34124516
2019-06-22 02:26:31,587 epoch 47 - iter 72/129 - loss 0.35223001
2019-06-22 02:27:32,074 epoch 47 - iter 84/129 - loss 0.33755677
2019-06-22 02:28:23,550 epoch 47 - iter 96/129 - loss 0.33446586
2019-06-22 02:29:20,482 epoch 47 - iter 108/129 - loss 0.33748206
2019-06-22 02:30:21,962 epoch 47 - iter 120/129 - loss 0.34453705
2019-06-22 02:31:11,269 ----------------------------------------------------------------------------------------------------
2019-06-22 02:31:11,270 EPOCH 47 done: loss 0.3527 - lr 0.0016 - bad epochs 0
2019-06-22 02:34:42,782 TEST : loss 0.9864885807037354 - score 0.9142
2019-06-22 02:34:46,162 ----------------------------------------------------------------------------------------------------
2019-06-22 02:34:50,312 epoch 48 - iter 0/129 - loss 0.51900601
2019-06-22 02:35:48,772 epoch 48 - iter 12/129 - loss 0.34179763
2019-06-22 02:36:49,861 epoch 48 - iter 24/129 - loss 0.30550039
2019-06-22 02:37:47,519 epoch 48 - iter 36/129 - loss 0.34423379
2019-06-22 02:38:54,546 epoch 48 - iter 48/129 - loss 0.32943631
2019-06-22 02:40:00,190 epoch 48 - iter 60/129 - loss 0.33604457
2019-06-22 02:41:00,842 epoch 48 - iter 72/129 - loss 0.33474492
2019-06-22 02:42:04,722 epoch 48 - iter 84/129 - loss 0.33353872
2019-06-22 02:43:08,814 epoch 48 - iter 96/129 - loss 0.33107147
2019-06-22 02:44:11,111 epoch 48 - iter 108/129 - loss 0.34023405
2019-06-22 02:45:21,402 epoch 48 - iter 120/129 - loss 0.35113279
2019-06-22 02:46:04,850 ----------------------------------------------------------------------------------------------------
2019-06-22 02:46:04,850 EPOCH 48 done: loss 0.3545 - lr 0.0016 - bad epochs 1
2019-06-22 02:49:37,710 TEST : loss 0.9857260584831238 - score 0.9139
2019-06-22 02:49:41,111 ----------------------------------------------------------------------------------------------------
2019-06-22 02:49:47,333 epoch 49 - iter 0/129 - loss 0.24045324
2019-06-22 02:50:52,731 epoch 49 - iter 12/129 - loss 0.33399056
2019-06-22 02:51:54,747 epoch 49 - iter 24/129 - loss 0.36170233
2019-06-22 02:52:59,507 epoch 49 - iter 36/129 - loss 0.33728922
2019-06-22 02:54:02,180 epoch 49 - iter 48/129 - loss 0.33510931
2019-06-22 02:55:05,706 epoch 49 - iter 60/129 - loss 0.32788942
2019-06-22 02:56:04,369 epoch 49 - iter 72/129 - loss 0.31418555
2019-06-22 02:57:04,554 epoch 49 - iter 84/129 - loss 0.31454421
2019-06-22 02:58:05,998 epoch 49 - iter 96/129 - loss 0.32572092
2019-06-22 02:59:05,479 epoch 49 - iter 108/129 - loss 0.33807551
2019-06-22 03:00:05,410 epoch 49 - iter 120/129 - loss 0.33541158
2019-06-22 03:00:45,440 ----------------------------------------------------------------------------------------------------
2019-06-22 03:00:45,441 EPOCH 49 done: loss 0.3295 - lr 0.0016 - bad epochs 2
2019-06-22 03:04:18,326 TEST : loss 0.9867414236068726 - score 0.9143
2019-06-22 03:04:21,766 ----------------------------------------------------------------------------------------------------
2019-06-22 03:04:28,405 epoch 50 - iter 0/129 - loss 0.13805604
2019-06-22 03:05:28,607 epoch 50 - iter 12/129 - loss 0.38414728
2019-06-22 03:06:30,842 epoch 50 - iter 24/129 - loss 0.38307698
2019-06-22 03:07:35,413 epoch 50 - iter 36/129 - loss 0.38292756
2019-06-22 03:08:35,636 epoch 50 - iter 48/129 - loss 0.35512163
2019-06-22 03:09:33,343 epoch 50 - iter 60/129 - loss 0.36002814
2019-06-22 03:10:35,714 epoch 50 - iter 72/129 - loss 0.35351949
2019-06-22 03:11:32,182 epoch 50 - iter 84/129 - loss 0.34353716
2019-06-22 03:12:33,177 epoch 50 - iter 96/129 - loss 0.33670785
2019-06-22 03:13:36,187 epoch 50 - iter 108/129 - loss 0.33365408
2019-06-22 03:14:48,137 epoch 50 - iter 120/129 - loss 0.33031382
2019-06-22 03:15:27,660 ----------------------------------------------------------------------------------------------------
2019-06-22 03:15:27,660 EPOCH 50 done: loss 0.3234 - lr 0.0016 - bad epochs 3
2019-06-22 03:18:57,922 TEST : loss 0.9881660342216492 - score 0.9143
2019-06-22 03:19:01,353 ----------------------------------------------------------------------------------------------------
2019-06-22 03:19:06,913 epoch 51 - iter 0/129 - loss 0.43005323
2019-06-22 03:20:05,261 epoch 51 - iter 12/129 - loss 0.36380097
2019-06-22 03:21:10,832 epoch 51 - iter 24/129 - loss 0.34455193
2019-06-22 03:22:01,401 epoch 51 - iter 36/129 - loss 0.35365470
2019-06-22 03:23:12,229 epoch 51 - iter 48/129 - loss 0.34528577
2019-06-22 03:24:09,671 epoch 51 - iter 60/129 - loss 0.36681472
2019-06-22 03:25:08,631 epoch 51 - iter 72/129 - loss 0.36754098
2019-06-22 03:26:01,595 epoch 51 - iter 84/129 - loss 0.37291207
2019-06-22 03:27:01,029 epoch 51 - iter 96/129 - loss 0.36937825
2019-06-22 03:28:15,172 epoch 51 - iter 108/129 - loss 0.36818409
2019-06-22 03:29:19,415 epoch 51 - iter 120/129 - loss 0.35784732
2019-06-22 03:29:54,684 ----------------------------------------------------------------------------------------------------
2019-06-22 03:29:54,684 EPOCH 51 done: loss 0.3554 - lr 0.0008 - bad epochs 0
2019-06-22 03:33:25,968 TEST : loss 0.9880827069282532 - score 0.9145
2019-06-22 03:33:29,376 ----------------------------------------------------------------------------------------------------
2019-06-22 03:33:34,901 epoch 52 - iter 0/129 - loss 0.50303018
2019-06-22 03:34:31,903 epoch 52 - iter 12/129 - loss 0.42115936
2019-06-22 03:35:29,603 epoch 52 - iter 24/129 - loss 0.40175915
2019-06-22 03:36:36,018 epoch 52 - iter 36/129 - loss 0.37380293
2019-06-22 03:37:39,919 epoch 52 - iter 48/129 - loss 0.35677678
2019-06-22 03:38:39,447 epoch 52 - iter 60/129 - loss 0.37806954
2019-06-22 03:39:33,131 epoch 52 - iter 72/129 - loss 0.36609602
2019-06-22 03:40:32,994 epoch 52 - iter 84/129 - loss 0.37162551
2019-06-22 03:41:40,690 epoch 52 - iter 96/129 - loss 0.36012453
2019-06-22 03:42:49,140 epoch 52 - iter 108/129 - loss 0.36339723
2019-06-22 03:43:42,900 epoch 52 - iter 120/129 - loss 0.36236998
2019-06-22 03:44:24,985 ----------------------------------------------------------------------------------------------------
2019-06-22 03:44:24,985 EPOCH 52 done: loss 0.3604 - lr 0.0008 - bad epochs 1
2019-06-22 03:47:58,374 TEST : loss 0.9871780872344971 - score 0.9145
2019-06-22 03:48:01,760 ----------------------------------------------------------------------------------------------------
2019-06-22 03:48:08,464 epoch 53 - iter 0/129 - loss 0.49106014
2019-06-22 03:49:11,562 epoch 53 - iter 12/129 - loss 0.41514953
2019-06-22 03:50:15,782 epoch 53 - iter 24/129 - loss 0.33929231
2019-06-22 03:51:20,747 epoch 53 - iter 36/129 - loss 0.32529556
2019-06-22 03:52:14,990 epoch 53 - iter 48/129 - loss 0.29303840
2019-06-22 03:53:20,253 epoch 53 - iter 60/129 - loss 0.31354217
2019-06-22 03:54:17,232 epoch 53 - iter 72/129 - loss 0.33102934
2019-06-22 03:55:20,260 epoch 53 - iter 84/129 - loss 0.32982453
2019-06-22 03:56:15,065 epoch 53 - iter 96/129 - loss 0.32397973
2019-06-22 03:57:16,874 epoch 53 - iter 108/129 - loss 0.32102339
2019-06-22 03:58:20,880 epoch 53 - iter 120/129 - loss 0.32315148
2019-06-22 03:59:02,437 ----------------------------------------------------------------------------------------------------
2019-06-22 03:59:02,437 EPOCH 53 done: loss 0.3144 - lr 0.0008 - bad epochs 2
2019-06-22 04:02:37,238 TEST : loss 0.9870502352714539 - score 0.9145
2019-06-22 04:02:40,666 ----------------------------------------------------------------------------------------------------
2019-06-22 04:02:45,037 epoch 54 - iter 0/129 - loss 0.45470238
2019-06-22 04:03:46,404 epoch 54 - iter 12/129 - loss 0.32061058
2019-06-22 04:04:43,125 epoch 54 - iter 24/129 - loss 0.31070318
2019-06-22 04:05:45,059 epoch 54 - iter 36/129 - loss 0.30792968
2019-06-22 04:06:48,705 epoch 54 - iter 48/129 - loss 0.31185663
2019-06-22 04:07:56,882 epoch 54 - iter 60/129 - loss 0.31745385
2019-06-22 04:08:59,670 epoch 54 - iter 72/129 - loss 0.31998931
2019-06-22 04:09:53,845 epoch 54 - iter 84/129 - loss 0.32829017
2019-06-22 04:10:53,430 epoch 54 - iter 96/129 - loss 0.31551122
2019-06-22 04:11:56,223 epoch 54 - iter 108/129 - loss 0.31647590
2019-06-22 04:13:03,180 epoch 54 - iter 120/129 - loss 0.32919938
2019-06-22 04:13:40,485 ----------------------------------------------------------------------------------------------------
2019-06-22 04:13:40,486 EPOCH 54 done: loss 0.3272 - lr 0.0008 - bad epochs 3
2019-06-22 04:17:18,439 TEST : loss 0.9878838658332825 - score 0.9145
2019-06-22 04:17:21,816 ----------------------------------------------------------------------------------------------------
2019-06-22 04:17:28,121 epoch 55 - iter 0/129 - loss 0.23838997
2019-06-22 04:18:33,806 epoch 55 - iter 12/129 - loss 0.46341281
2019-06-22 04:19:34,832 epoch 55 - iter 24/129 - loss 0.41563678
2019-06-22 04:20:40,161 epoch 55 - iter 36/129 - loss 0.39920192
2019-06-22 04:21:40,130 epoch 55 - iter 48/129 - loss 0.38475755
2019-06-22 04:22:37,023 epoch 55 - iter 60/129 - loss 0.37149619
2019-06-22 04:23:38,659 epoch 55 - iter 72/129 - loss 0.36666398
2019-06-22 04:24:35,664 epoch 55 - iter 84/129 - loss 0.35138735
2019-06-22 04:25:36,227 epoch 55 - iter 96/129 - loss 0.34896255
2019-06-22 04:26:40,748 epoch 55 - iter 108/129 - loss 0.34170150
2019-06-22 04:27:37,787 epoch 55 - iter 120/129 - loss 0.33226147
2019-06-22 04:28:19,189 ----------------------------------------------------------------------------------------------------
2019-06-22 04:28:19,190 EPOCH 55 done: loss 0.3348 - lr 0.0004 - bad epochs 0
2019-06-22 04:31:50,376 TEST : loss 0.987323522567749 - score 0.9145
2019-06-22 04:31:53,764 ----------------------------------------------------------------------------------------------------
2019-06-22 04:31:57,334 epoch 56 - iter 0/129 - loss 0.23874664
2019-06-22 04:32:58,268 epoch 56 - iter 12/129 - loss 0.18898165
2019-06-22 04:34:07,745 epoch 56 - iter 24/129 - loss 0.23376199
2019-06-22 04:35:08,222 epoch 56 - iter 36/129 - loss 0.24765780
2019-06-22 04:36:08,738 epoch 56 - iter 48/129 - loss 0.26452662
2019-06-22 04:37:11,637 epoch 56 - iter 60/129 - loss 0.29421035
2019-06-22 04:38:10,497 epoch 56 - iter 72/129 - loss 0.29122763
2019-06-22 04:39:05,414 epoch 56 - iter 84/129 - loss 0.29324464
2019-06-22 04:40:09,510 epoch 56 - iter 96/129 - loss 0.30361113
2019-06-22 04:41:16,477 epoch 56 - iter 108/129 - loss 0.30902375
2019-06-22 04:42:12,723 epoch 56 - iter 120/129 - loss 0.30862188
2019-06-22 04:42:57,599 ----------------------------------------------------------------------------------------------------
2019-06-22 04:42:57,599 EPOCH 56 done: loss 0.3029 - lr 0.0004 - bad epochs 1
2019-06-22 04:46:30,726 TEST : loss 0.9871917963027954 - score 0.9145
2019-06-22 04:46:34,120 ----------------------------------------------------------------------------------------------------
2019-06-22 04:46:40,115 epoch 57 - iter 0/129 - loss 0.15446639
2019-06-22 04:47:41,278 epoch 57 - iter 12/129 - loss 0.26519323
2019-06-22 04:48:42,572 epoch 57 - iter 24/129 - loss 0.30162778
2019-06-22 04:49:42,667 epoch 57 - iter 36/129 - loss 0.31729520
2019-06-22 04:50:39,853 epoch 57 - iter 48/129 - loss 0.30967295
2019-06-22 04:51:46,900 epoch 57 - iter 60/129 - loss 0.31075777
2019-06-22 04:52:42,757 epoch 57 - iter 72/129 - loss 0.30946722
2019-06-22 04:53:39,015 epoch 57 - iter 84/129 - loss 0.30651663
2019-06-22 04:54:40,908 epoch 57 - iter 96/129 - loss 0.30595915
2019-06-22 04:55:49,132 epoch 57 - iter 108/129 - loss 0.32571574
2019-06-22 04:57:01,488 epoch 57 - iter 120/129 - loss 0.33781474
2019-06-22 04:57:36,921 ----------------------------------------------------------------------------------------------------
2019-06-22 04:57:36,922 EPOCH 57 done: loss 0.3550 - lr 0.0004 - bad epochs 0
2019-06-22 05:01:06,607 TEST : loss 0.9875040054321289 - score 0.9143
2019-06-22 05:01:10,059 ----------------------------------------------------------------------------------------------------
2019-06-22 05:01:13,917 epoch 58 - iter 0/129 - loss 1.03524494
2019-06-22 05:02:17,691 epoch 58 - iter 12/129 - loss 0.44965239
2019-06-22 05:03:21,965 epoch 58 - iter 24/129 - loss 0.37562729
2019-06-22 05:04:19,899 epoch 58 - iter 36/129 - loss 0.34059744
2019-06-22 05:05:20,948 epoch 58 - iter 48/129 - loss 0.33429470
2019-06-22 05:06:20,745 epoch 58 - iter 60/129 - loss 0.32694379
2019-06-22 05:07:26,766 epoch 58 - iter 72/129 - loss 0.32989164
2019-06-22 05:08:28,175 epoch 58 - iter 84/129 - loss 0.32997997
2019-06-22 05:09:37,280 epoch 58 - iter 96/129 - loss 0.32560367
2019-06-22 05:10:35,270 epoch 58 - iter 108/129 - loss 0.31935262
2019-06-22 05:11:44,064 epoch 58 - iter 120/129 - loss 0.31663614
2019-06-22 05:12:20,908 ----------------------------------------------------------------------------------------------------
2019-06-22 05:12:20,909 EPOCH 58 done: loss 0.3189 - lr 0.0004 - bad epochs 1
2019-06-22 05:15:56,161 TEST : loss 0.9872331619262695 - score 0.9142
2019-06-22 05:15:59,590 ----------------------------------------------------------------------------------------------------
2019-06-22 05:16:09,221 epoch 59 - iter 0/129 - loss 0.33239841
2019-06-22 05:17:03,137 epoch 59 - iter 12/129 - loss 0.32888266
2019-06-22 05:18:13,362 epoch 59 - iter 24/129 - loss 0.30539939
2019-06-22 05:19:10,619 epoch 59 - iter 36/129 - loss 0.29029715
2019-06-22 05:20:18,980 epoch 59 - iter 48/129 - loss 0.29198769
2019-06-22 05:21:23,747 epoch 59 - iter 60/129 - loss 0.29216798
2019-06-22 05:22:14,916 epoch 59 - iter 72/129 - loss 0.31576170
2019-06-22 05:23:15,429 epoch 59 - iter 84/129 - loss 0.31473501
2019-06-22 05:24:18,196 epoch 59 - iter 96/129 - loss 0.30851191
2019-06-22 05:25:15,426 epoch 59 - iter 108/129 - loss 0.31983268
2019-06-22 05:26:15,558 epoch 59 - iter 120/129 - loss 0.31862773
2019-06-22 05:26:51,603 ----------------------------------------------------------------------------------------------------
2019-06-22 05:26:51,603 EPOCH 59 done: loss 0.3250 - lr 0.0004 - bad epochs 2
2019-06-22 05:30:25,696 TEST : loss 0.9872984290122986 - score 0.9142
2019-06-22 05:30:29,087 ----------------------------------------------------------------------------------------------------
2019-06-22 05:30:34,325 epoch 60 - iter 0/129 - loss 0.13704824
2019-06-22 05:31:48,444 epoch 60 - iter 12/129 - loss 0.33013051
2019-06-22 05:32:57,645 epoch 60 - iter 24/129 - loss 0.37584140
2019-06-22 05:33:59,497 epoch 60 - iter 36/129 - loss 0.36875854
2019-06-22 05:34:58,065 epoch 60 - iter 48/129 - loss 0.35613064
2019-06-22 05:35:55,130 epoch 60 - iter 60/129 - loss 0.34289020
2019-06-22 05:36:48,452 epoch 60 - iter 72/129 - loss 0.33684959
2019-06-22 05:37:53,721 epoch 60 - iter 84/129 - loss 0.33082773
2019-06-22 05:38:51,246 epoch 60 - iter 96/129 - loss 0.32453750
2019-06-22 05:39:51,402 epoch 60 - iter 108/129 - loss 0.32247729
2019-06-22 05:40:43,574 epoch 60 - iter 120/129 - loss 0.31486298
2019-06-22 05:41:30,037 ----------------------------------------------------------------------------------------------------
2019-06-22 05:41:30,037 EPOCH 60 done: loss 0.3200 - lr 0.0004 - bad epochs 3
2019-06-22 05:45:05,687 TEST : loss 0.9872949123382568 - score 0.9142
2019-06-22 05:45:09,129 ----------------------------------------------------------------------------------------------------
2019-06-22 05:45:15,656 epoch 61 - iter 0/129 - loss 0.52178442
2019-06-22 05:46:21,186 epoch 61 - iter 12/129 - loss 0.45819805
2019-06-22 05:47:20,747 epoch 61 - iter 24/129 - loss 0.35495605
2019-06-22 05:48:08,726 epoch 61 - iter 36/129 - loss 0.35209292
2019-06-22 05:49:16,816 epoch 61 - iter 48/129 - loss 0.35698502
2019-06-22 05:50:16,422 epoch 61 - iter 60/129 - loss 0.36648726
2019-06-22 05:51:18,367 epoch 61 - iter 72/129 - loss 0.36150725
2019-06-22 05:52:22,245 epoch 61 - iter 84/129 - loss 0.36477396
2019-06-22 05:53:15,302 epoch 61 - iter 96/129 - loss 0.35901359
2019-06-22 05:54:16,781 epoch 61 - iter 108/129 - loss 0.36873845
2019-06-22 05:55:12,605 epoch 61 - iter 120/129 - loss 0.36642681
2019-06-22 05:55:57,661 ----------------------------------------------------------------------------------------------------
2019-06-22 05:55:57,662 EPOCH 61 done: loss 0.3678 - lr 0.0002 - bad epochs 0
2019-06-22 05:59:32,833 TEST : loss 0.987235426902771 - score 0.9142
2019-06-22 05:59:36,227 ----------------------------------------------------------------------------------------------------
2019-06-22 05:59:46,527 epoch 62 - iter 0/129 - loss 0.84007263
2019-06-22 06:00:51,659 epoch 62 - iter 12/129 - loss 0.38923060
2019-06-22 06:01:48,587 epoch 62 - iter 24/129 - loss 0.33795905
2019-06-22 06:02:47,356 epoch 62 - iter 36/129 - loss 0.33447992
2019-06-22 06:03:43,725 epoch 62 - iter 48/129 - loss 0.33061530
2019-06-22 06:04:53,492 epoch 62 - iter 60/129 - loss 0.33253090
2019-06-22 06:05:57,900 epoch 62 - iter 72/129 - loss 0.32784461
2019-06-22 06:06:58,065 epoch 62 - iter 84/129 - loss 0.32884932
2019-06-22 06:08:01,339 epoch 62 - iter 96/129 - loss 0.33026643
2019-06-22 06:09:05,684 epoch 62 - iter 108/129 - loss 0.33071433
2019-06-22 06:10:07,156 epoch 62 - iter 120/129 - loss 0.33476333
2019-06-22 06:10:49,444 ----------------------------------------------------------------------------------------------------
2019-06-22 06:10:49,444 EPOCH 62 done: loss 0.3321 - lr 0.0002 - bad epochs 1
2019-06-22 06:14:21,003 TEST : loss 0.987095832824707 - score 0.9142
2019-06-22 06:14:24,379 ----------------------------------------------------------------------------------------------------
2019-06-22 06:14:29,609 epoch 63 - iter 0/129 - loss 0.67001128
2019-06-22 06:15:21,353 epoch 63 - iter 12/129 - loss 0.44654195
2019-06-22 06:16:22,799 epoch 63 - iter 24/129 - loss 0.39900830
2019-06-22 06:17:30,596 epoch 63 - iter 36/129 - loss 0.36147670
2019-06-22 06:18:34,995 epoch 63 - iter 48/129 - loss 0.36409531
2019-06-22 06:19:37,988 epoch 63 - iter 60/129 - loss 0.34179289
2019-06-22 06:20:42,796 epoch 63 - iter 72/129 - loss 0.34963583
2019-06-22 06:21:35,125 epoch 63 - iter 84/129 - loss 0.34589613
2019-06-22 06:22:36,740 epoch 63 - iter 96/129 - loss 0.34043629
2019-06-22 06:23:37,957 epoch 63 - iter 108/129 - loss 0.33493223
2019-06-22 06:24:39,472 epoch 63 - iter 120/129 - loss 0.33169221
2019-06-22 06:25:23,192 ----------------------------------------------------------------------------------------------------
2019-06-22 06:25:23,193 EPOCH 63 done: loss 0.3332 - lr 0.0002 - bad epochs 2
2019-06-22 06:28:52,411 TEST : loss 0.9870272278785706 - score 0.9142
2019-06-22 06:28:55,827 ----------------------------------------------------------------------------------------------------
2019-06-22 06:29:00,162 epoch 64 - iter 0/129 - loss 0.26013541
2019-06-22 06:30:11,760 epoch 64 - iter 12/129 - loss 0.22107194
2019-06-22 06:31:20,179 epoch 64 - iter 24/129 - loss 0.29522244
2019-06-22 06:32:19,978 epoch 64 - iter 36/129 - loss 0.30553197
2019-06-22 06:33:15,578 epoch 64 - iter 48/129 - loss 0.32417402
2019-06-22 06:34:22,380 epoch 64 - iter 60/129 - loss 0.34788472
2019-06-22 06:35:21,605 epoch 64 - iter 72/129 - loss 0.34667409
2019-06-22 06:36:25,600 epoch 64 - iter 84/129 - loss 0.33674519
2019-06-22 06:37:30,010 epoch 64 - iter 96/129 - loss 0.33759425
2019-06-22 06:38:29,212 epoch 64 - iter 108/129 - loss 0.33021893
2019-06-22 06:39:34,303 epoch 64 - iter 120/129 - loss 0.32934424
2019-06-22 06:40:12,642 ----------------------------------------------------------------------------------------------------
2019-06-22 06:40:12,642 EPOCH 64 done: loss 0.3268 - lr 0.0002 - bad epochs 3
2019-06-22 06:43:40,093 TEST : loss 0.9869948029518127 - score 0.9142
2019-06-22 06:43:43,489 ----------------------------------------------------------------------------------------------------
2019-06-22 06:43:43,490 ----------------------------------------------------------------------------------------------------
2019-06-22 06:43:43,490 learning rate too small - quitting training!
2019-06-22 06:43:43,490 ----------------------------------------------------------------------------------------------------
2019-06-22 06:43:46,089 ----------------------------------------------------------------------------------------------------
2019-06-22 06:43:46,090 Testing using best model ...
2019-06-22 06:47:18,215 0.9098	0.9186	0.9142
2019-06-22 06:47:18,216 
MICRO_AVG: acc 0.8419 - f1-score 0.9142
MACRO_AVG: acc 0.8419 - f1-score 0.9142
ITEM       tp: 2935 - fp: 291 - fn: 260 - tn: 2935 - precision: 0.9098 - recall: 0.9186 - accuracy: 0.8419 - f1-score: 0.9142
2019-06-22 06:47:18,216 ----------------------------------------------------------------------------------------------------
