2019-06-23 08:46:41,685 ----------------------------------------------------------------------------------------------------
2019-06-23 08:46:41,685 Evaluation method: MICRO_F1_SCORE
2019-06-23 08:46:41,759 ----------------------------------------------------------------------------------------------------
2019-06-23 08:46:42,213 epoch 1 - iter 0/129 - loss 0.88756764
2019-06-23 08:46:46,771 epoch 1 - iter 12/129 - loss 0.94430920
2019-06-23 08:46:50,924 epoch 1 - iter 24/129 - loss 1.00642518
2019-06-23 08:46:55,139 epoch 1 - iter 36/129 - loss 1.09302975
2019-06-23 08:46:59,408 epoch 1 - iter 48/129 - loss 1.11050818
2019-06-23 08:47:03,355 epoch 1 - iter 60/129 - loss 1.14993680
2019-06-23 08:47:06,990 epoch 1 - iter 72/129 - loss 1.14889895
2019-06-23 08:47:11,838 epoch 1 - iter 84/129 - loss 1.11983756
2019-06-23 08:47:15,448 epoch 1 - iter 96/129 - loss 1.12079155
2019-06-23 08:47:19,343 epoch 1 - iter 108/129 - loss 1.11128665
2019-06-23 08:47:24,007 epoch 1 - iter 120/129 - loss 1.09712997
2019-06-23 08:47:26,695 ----------------------------------------------------------------------------------------------------
2019-06-23 08:47:26,695 EPOCH 1 done: loss 1.1196 - lr 0.1000 - bad epochs 0
2019-06-23 08:47:40,379 TEST : loss 1.5444523096084595 - score 0.8111
2019-06-23 08:47:42,818 ----------------------------------------------------------------------------------------------------
2019-06-23 08:47:43,266 epoch 2 - iter 0/129 - loss 0.77842796
2019-06-23 08:47:47,426 epoch 2 - iter 12/129 - loss 1.08163207
2019-06-23 08:47:51,436 epoch 2 - iter 24/129 - loss 1.10880472
2019-06-23 08:47:55,030 epoch 2 - iter 36/129 - loss 1.11267410
2019-06-23 08:47:59,844 epoch 2 - iter 48/129 - loss 1.07415797
2019-06-23 08:48:03,337 epoch 2 - iter 60/129 - loss 1.10756861
2019-06-23 08:48:07,633 epoch 2 - iter 72/129 - loss 1.09736221
2019-06-23 08:48:11,879 epoch 2 - iter 84/129 - loss 1.11136162
2019-06-23 08:48:15,677 epoch 2 - iter 96/129 - loss 1.12406577
2019-06-23 08:48:19,905 epoch 2 - iter 108/129 - loss 1.13323200
2019-06-23 08:48:24,373 epoch 2 - iter 120/129 - loss 1.13712332
2019-06-23 08:48:26,661 ----------------------------------------------------------------------------------------------------
2019-06-23 08:48:26,661 EPOCH 2 done: loss 1.1528 - lr 0.1000 - bad epochs 0
2019-06-23 08:48:40,371 TEST : loss 1.643782138824463 - score 0.8016
2019-06-23 08:48:43,075 ----------------------------------------------------------------------------------------------------
2019-06-23 08:48:43,552 epoch 3 - iter 0/129 - loss 0.90454805
2019-06-23 08:48:47,623 epoch 3 - iter 12/129 - loss 1.05743349
2019-06-23 08:48:51,289 epoch 3 - iter 24/129 - loss 1.04174100
2019-06-23 08:48:55,490 epoch 3 - iter 36/129 - loss 1.08224725
2019-06-23 08:48:59,526 epoch 3 - iter 48/129 - loss 1.13996880
2019-06-23 08:49:03,547 epoch 3 - iter 60/129 - loss 1.14854297
2019-06-23 08:49:07,104 epoch 3 - iter 72/129 - loss 1.14061212
2019-06-23 08:49:12,078 epoch 3 - iter 84/129 - loss 1.12965332
2019-06-23 08:49:15,861 epoch 3 - iter 96/129 - loss 1.12260368
2019-06-23 08:49:19,982 epoch 3 - iter 108/129 - loss 1.13358125
2019-06-23 08:49:24,202 epoch 3 - iter 120/129 - loss 1.14205047
2019-06-23 08:49:26,534 ----------------------------------------------------------------------------------------------------
2019-06-23 08:49:26,535 EPOCH 3 done: loss 1.1295 - lr 0.1000 - bad epochs 1
2019-06-23 08:49:40,349 TEST : loss 1.575372576713562 - score 0.813
2019-06-23 08:49:43,067 ----------------------------------------------------------------------------------------------------
2019-06-23 08:49:43,545 epoch 4 - iter 0/129 - loss 0.94272268
2019-06-23 08:49:47,675 epoch 4 - iter 12/129 - loss 1.02631640
2019-06-23 08:49:51,780 epoch 4 - iter 24/129 - loss 0.99241143
2019-06-23 08:49:56,992 epoch 4 - iter 36/129 - loss 1.01251433
2019-06-23 08:50:01,060 epoch 4 - iter 48/129 - loss 1.04952836
2019-06-23 08:50:05,386 epoch 4 - iter 60/129 - loss 1.06132734
2019-06-23 08:50:09,275 epoch 4 - iter 72/129 - loss 1.08425721
2019-06-23 08:50:12,989 epoch 4 - iter 84/129 - loss 1.12336057
2019-06-23 08:50:16,879 epoch 4 - iter 96/129 - loss 1.11890378
2019-06-23 08:50:20,912 epoch 4 - iter 108/129 - loss 1.13854309
2019-06-23 08:50:25,453 epoch 4 - iter 120/129 - loss 1.13515258
2019-06-23 08:50:28,114 ----------------------------------------------------------------------------------------------------
2019-06-23 08:50:28,114 EPOCH 4 done: loss 1.1428 - lr 0.1000 - bad epochs 2
2019-06-23 08:50:41,914 TEST : loss 1.4756847620010376 - score 0.8205
2019-06-23 08:50:44,672 ----------------------------------------------------------------------------------------------------
2019-06-23 08:50:45,201 epoch 5 - iter 0/129 - loss 1.49282300
2019-06-23 08:50:49,212 epoch 5 - iter 12/129 - loss 1.02118615
2019-06-23 08:50:53,062 epoch 5 - iter 24/129 - loss 1.07684871
2019-06-23 08:50:57,174 epoch 5 - iter 36/129 - loss 1.12015799
2019-06-23 08:51:01,146 epoch 5 - iter 48/129 - loss 1.09327540
2019-06-23 08:51:04,915 epoch 5 - iter 60/129 - loss 1.09937859
2019-06-23 08:51:09,108 epoch 5 - iter 72/129 - loss 1.08812153
2019-06-23 08:51:14,121 epoch 5 - iter 84/129 - loss 1.08037160
2019-06-23 08:51:17,711 epoch 5 - iter 96/129 - loss 1.10359213
2019-06-23 08:51:21,515 epoch 5 - iter 108/129 - loss 1.10884488
2019-06-23 08:51:25,453 epoch 5 - iter 120/129 - loss 1.10670831
2019-06-23 08:51:28,195 ----------------------------------------------------------------------------------------------------
2019-06-23 08:51:28,195 EPOCH 5 done: loss 1.1054 - lr 0.1000 - bad epochs 3
2019-06-23 08:51:41,978 TEST : loss 1.6299254894256592 - score 0.8089
2019-06-23 08:51:44,713 ----------------------------------------------------------------------------------------------------
2019-06-23 08:51:45,279 epoch 6 - iter 0/129 - loss 1.31919050
2019-06-23 08:51:49,107 epoch 6 - iter 12/129 - loss 1.04251837
2019-06-23 08:51:53,417 epoch 6 - iter 24/129 - loss 1.22680057
2019-06-23 08:51:56,781 epoch 6 - iter 36/129 - loss 1.20235337
2019-06-23 08:52:01,943 epoch 6 - iter 48/129 - loss 1.17412039
2019-06-23 08:52:06,164 epoch 6 - iter 60/129 - loss 1.15470386
2019-06-23 08:52:10,560 epoch 6 - iter 72/129 - loss 1.14318648
2019-06-23 08:52:14,399 epoch 6 - iter 84/129 - loss 1.13954289
2019-06-23 08:52:18,365 epoch 6 - iter 96/129 - loss 1.13453711
2019-06-23 08:52:22,575 epoch 6 - iter 108/129 - loss 1.13630296
2019-06-23 08:52:26,455 epoch 6 - iter 120/129 - loss 1.11556899
2019-06-23 08:52:29,789 ----------------------------------------------------------------------------------------------------
2019-06-23 08:52:29,789 EPOCH 6 done: loss 1.1238 - lr 0.1000 - bad epochs 0
2019-06-23 08:52:43,527 TEST : loss 1.6871349811553955 - score 0.7976
2019-06-23 08:52:46,267 ----------------------------------------------------------------------------------------------------
2019-06-23 08:52:46,731 epoch 7 - iter 0/129 - loss 1.56974900
2019-06-23 08:52:51,062 epoch 7 - iter 12/129 - loss 1.30097044
2019-06-23 08:52:54,792 epoch 7 - iter 24/129 - loss 1.12330914
2019-06-23 08:52:58,979 epoch 7 - iter 36/129 - loss 1.10817387
2019-06-23 08:53:03,365 epoch 7 - iter 48/129 - loss 1.13685136
2019-06-23 08:53:07,010 epoch 7 - iter 60/129 - loss 1.16118176
2019-06-23 08:53:10,952 epoch 7 - iter 72/129 - loss 1.15960266
2019-06-23 08:53:16,030 epoch 7 - iter 84/129 - loss 1.14851800
2019-06-23 08:53:19,400 epoch 7 - iter 96/129 - loss 1.14478321
2019-06-23 08:53:23,289 epoch 7 - iter 108/129 - loss 1.15572995
2019-06-23 08:53:27,256 epoch 7 - iter 120/129 - loss 1.15084302
2019-06-23 08:53:29,709 ----------------------------------------------------------------------------------------------------
2019-06-23 08:53:29,710 EPOCH 7 done: loss 1.1524 - lr 0.1000 - bad epochs 1
2019-06-23 08:53:43,396 TEST : loss 1.6514627933502197 - score 0.8069
2019-06-23 08:53:46,108 ----------------------------------------------------------------------------------------------------
2019-06-23 08:53:46,744 epoch 8 - iter 0/129 - loss 1.19648731
2019-06-23 08:53:50,653 epoch 8 - iter 12/129 - loss 1.11632914
2019-06-23 08:53:54,641 epoch 8 - iter 24/129 - loss 1.15409640
2019-06-23 08:53:58,850 epoch 8 - iter 36/129 - loss 1.13379291
2019-06-23 08:54:03,867 epoch 8 - iter 48/129 - loss 1.12917425
2019-06-23 08:54:07,383 epoch 8 - iter 60/129 - loss 1.11140834
2019-06-23 08:54:11,359 epoch 8 - iter 72/129 - loss 1.11767364
2019-06-23 08:54:15,370 epoch 8 - iter 84/129 - loss 1.13962845
2019-06-23 08:54:19,150 epoch 8 - iter 96/129 - loss 1.11982681
2019-06-23 08:54:23,081 epoch 8 - iter 108/129 - loss 1.11501887
2019-06-23 08:54:27,085 epoch 8 - iter 120/129 - loss 1.11474935
2019-06-23 08:54:30,706 ----------------------------------------------------------------------------------------------------
2019-06-23 08:54:30,706 EPOCH 8 done: loss 1.1188 - lr 0.1000 - bad epochs 2
2019-06-23 08:54:43,388 TEST : loss 1.7727407217025757 - score 0.8022
2019-06-23 08:54:46,163 ----------------------------------------------------------------------------------------------------
2019-06-23 08:54:47,765 epoch 9 - iter 0/129 - loss 1.60113406
2019-06-23 08:54:51,987 epoch 9 - iter 12/129 - loss 1.18625793
2019-06-23 08:54:55,964 epoch 9 - iter 24/129 - loss 1.06465039
2019-06-23 08:54:59,725 epoch 9 - iter 36/129 - loss 1.08163587
2019-06-23 08:55:03,365 epoch 9 - iter 48/129 - loss 1.08784502
2019-06-23 08:55:07,217 epoch 9 - iter 60/129 - loss 1.10573624
2019-06-23 08:55:11,071 epoch 9 - iter 72/129 - loss 1.13526277
2019-06-23 08:55:16,355 epoch 9 - iter 84/129 - loss 1.15380837
2019-06-23 08:55:20,191 epoch 9 - iter 96/129 - loss 1.13792926
2019-06-23 08:55:24,179 epoch 9 - iter 108/129 - loss 1.10518277
2019-06-23 08:55:28,550 epoch 9 - iter 120/129 - loss 1.09714466
2019-06-23 08:55:30,709 ----------------------------------------------------------------------------------------------------
2019-06-23 08:55:30,710 EPOCH 9 done: loss 1.0978 - lr 0.1000 - bad epochs 3
2019-06-23 08:55:44,546 TEST : loss 1.6319013833999634 - score 0.8189
2019-06-23 08:55:47,268 ----------------------------------------------------------------------------------------------------
2019-06-23 08:55:47,736 epoch 10 - iter 0/129 - loss 1.29888594
2019-06-23 08:55:52,133 epoch 10 - iter 12/129 - loss 1.16855087
2019-06-23 08:55:55,832 epoch 10 - iter 24/129 - loss 1.15668154
2019-06-23 08:55:59,770 epoch 10 - iter 36/129 - loss 1.12939641
2019-06-23 08:56:05,028 epoch 10 - iter 48/129 - loss 1.12625982
2019-06-23 08:56:09,262 epoch 10 - iter 60/129 - loss 1.11716167
2019-06-23 08:56:13,221 epoch 10 - iter 72/129 - loss 1.13212547
2019-06-23 08:56:16,568 epoch 10 - iter 84/129 - loss 1.14195584
2019-06-23 08:56:20,542 epoch 10 - iter 96/129 - loss 1.12481841
2019-06-23 08:56:24,407 epoch 10 - iter 108/129 - loss 1.11494591
2019-06-23 08:56:27,799 epoch 10 - iter 120/129 - loss 1.11883728
2019-06-23 08:56:30,980 ----------------------------------------------------------------------------------------------------
2019-06-23 08:56:30,981 EPOCH 10 done: loss 1.1190 - lr 0.1000 - bad epochs 0
2019-06-23 08:56:43,664 TEST : loss 1.8429023027420044 - score 0.7933
2019-06-23 08:56:46,411 ----------------------------------------------------------------------------------------------------
2019-06-23 08:56:46,873 epoch 11 - iter 0/129 - loss 0.98836768
2019-06-23 08:56:52,232 epoch 11 - iter 12/129 - loss 1.15055613
2019-06-23 08:56:55,981 epoch 11 - iter 24/129 - loss 1.24311694
2019-06-23 08:57:00,230 epoch 11 - iter 36/129 - loss 1.22263654
2019-06-23 08:57:03,996 epoch 11 - iter 48/129 - loss 1.15006393
2019-06-23 08:57:07,752 epoch 11 - iter 60/129 - loss 1.12926785
2019-06-23 08:57:11,218 epoch 11 - iter 72/129 - loss 1.14420165
2019-06-23 08:57:16,138 epoch 11 - iter 84/129 - loss 1.15405787
2019-06-23 08:57:20,238 epoch 11 - iter 96/129 - loss 1.12211943
2019-06-23 08:57:24,147 epoch 11 - iter 108/129 - loss 1.10394546
2019-06-23 08:57:28,450 epoch 11 - iter 120/129 - loss 1.10921444
2019-06-23 08:57:31,563 ----------------------------------------------------------------------------------------------------
2019-06-23 08:57:31,563 EPOCH 11 done: loss 1.1158 - lr 0.1000 - bad epochs 1
2019-06-23 08:57:45,441 TEST : loss 1.6182702779769897 - score 0.8172
2019-06-23 08:57:48,181 ----------------------------------------------------------------------------------------------------
2019-06-23 08:57:48,636 epoch 12 - iter 0/129 - loss 1.55319524
2019-06-23 08:57:52,560 epoch 12 - iter 12/129 - loss 1.16123723
2019-06-23 08:57:57,004 epoch 12 - iter 24/129 - loss 1.28368533
2019-06-23 08:58:01,351 epoch 12 - iter 36/129 - loss 1.25714599
2019-06-23 08:58:06,105 epoch 12 - iter 48/129 - loss 1.20775134
2019-06-23 08:58:09,830 epoch 12 - iter 60/129 - loss 1.15574603
2019-06-23 08:58:13,272 epoch 12 - iter 72/129 - loss 1.14205806
2019-06-23 08:58:17,206 epoch 12 - iter 84/129 - loss 1.15443890
2019-06-23 08:58:20,595 epoch 12 - iter 96/129 - loss 1.13545700
2019-06-23 08:58:24,233 epoch 12 - iter 108/129 - loss 1.14338354
2019-06-23 08:58:27,781 epoch 12 - iter 120/129 - loss 1.11849083
2019-06-23 08:58:30,678 ----------------------------------------------------------------------------------------------------
2019-06-23 08:58:30,679 EPOCH 12 done: loss 1.1241 - lr 0.1000 - bad epochs 2
2019-06-23 08:58:44,558 TEST : loss 1.731555700302124 - score 0.8084
2019-06-23 08:58:47,258 ----------------------------------------------------------------------------------------------------
2019-06-23 08:58:47,718 epoch 13 - iter 0/129 - loss 0.96254253
2019-06-23 08:58:52,679 epoch 13 - iter 12/129 - loss 1.01583882
2019-06-23 08:58:56,238 epoch 13 - iter 24/129 - loss 0.95640106
2019-06-23 08:59:00,335 epoch 13 - iter 36/129 - loss 0.98502046
2019-06-23 08:59:04,641 epoch 13 - iter 48/129 - loss 1.03981110
2019-06-23 08:59:08,425 epoch 13 - iter 60/129 - loss 1.04924856
2019-06-23 08:59:12,396 epoch 13 - iter 72/129 - loss 1.05703557
2019-06-23 08:59:17,960 epoch 13 - iter 84/129 - loss 1.04597802
2019-06-23 08:59:23,343 epoch 13 - iter 96/129 - loss 1.06402887
2019-06-23 08:59:27,069 epoch 13 - iter 108/129 - loss 1.05440994
2019-06-23 08:59:31,151 epoch 13 - iter 120/129 - loss 1.05261244
2019-06-23 08:59:33,539 ----------------------------------------------------------------------------------------------------
2019-06-23 08:59:33,539 EPOCH 13 done: loss 1.0604 - lr 0.1000 - bad epochs 3
2019-06-23 08:59:47,370 TEST : loss 1.905237078666687 - score 0.7878
2019-06-23 08:59:50,127 ----------------------------------------------------------------------------------------------------
2019-06-23 08:59:50,588 epoch 14 - iter 0/129 - loss 1.00296879
2019-06-23 08:59:54,653 epoch 14 - iter 12/129 - loss 1.12858127
2019-06-23 08:59:58,254 epoch 14 - iter 24/129 - loss 1.10584210
2019-06-23 09:00:02,100 epoch 14 - iter 36/129 - loss 1.10533380
2019-06-23 09:00:07,086 epoch 14 - iter 48/129 - loss 1.10428010
2019-06-23 09:00:10,880 epoch 14 - iter 60/129 - loss 1.12791238
2019-06-23 09:00:14,773 epoch 14 - iter 72/129 - loss 1.13367156
2019-06-23 09:00:18,890 epoch 14 - iter 84/129 - loss 1.14954912
2019-06-23 09:00:22,423 epoch 14 - iter 96/129 - loss 1.14236251
2019-06-23 09:00:26,578 epoch 14 - iter 108/129 - loss 1.13380224
2019-06-23 09:00:30,502 epoch 14 - iter 120/129 - loss 1.13716805
2019-06-23 09:00:33,383 ----------------------------------------------------------------------------------------------------
2019-06-23 09:00:33,384 EPOCH 14 done: loss 1.1271 - lr 0.1000 - bad epochs 0
2019-06-23 09:00:47,269 TEST : loss 1.7519952058792114 - score 0.8076
2019-06-23 09:00:50,046 ----------------------------------------------------------------------------------------------------
2019-06-23 09:00:50,739 epoch 15 - iter 0/129 - loss 0.93488574
2019-06-23 09:00:55,101 epoch 15 - iter 12/129 - loss 0.97280158
2019-06-23 09:01:00,416 epoch 15 - iter 24/129 - loss 1.03906631
2019-06-23 09:01:04,309 epoch 15 - iter 36/129 - loss 1.03450103
2019-06-23 09:01:08,169 epoch 15 - iter 48/129 - loss 1.01611586
2019-06-23 09:01:11,735 epoch 15 - iter 60/129 - loss 1.00658900
2019-06-23 09:01:15,274 epoch 15 - iter 72/129 - loss 0.99124751
2019-06-23 09:01:19,087 epoch 15 - iter 84/129 - loss 1.00522644
2019-06-23 09:01:23,869 epoch 15 - iter 96/129 - loss 1.01151378
2019-06-23 09:01:28,043 epoch 15 - iter 108/129 - loss 1.00646805
2019-06-23 09:01:31,891 epoch 15 - iter 120/129 - loss 1.00105969
2019-06-23 09:01:34,320 ----------------------------------------------------------------------------------------------------
2019-06-23 09:01:34,321 EPOCH 15 done: loss 1.0089 - lr 0.1000 - bad epochs 1
2019-06-23 09:01:48,080 TEST : loss 1.681691288948059 - score 0.8122
2019-06-23 09:01:50,814 ----------------------------------------------------------------------------------------------------
2019-06-23 09:01:51,427 epoch 16 - iter 0/129 - loss 0.93435967
2019-06-23 09:01:55,380 epoch 16 - iter 12/129 - loss 1.01537619
2019-06-23 09:01:59,049 epoch 16 - iter 24/129 - loss 1.07332706
2019-06-23 09:02:02,921 epoch 16 - iter 36/129 - loss 1.09517006
2019-06-23 09:02:07,206 epoch 16 - iter 48/129 - loss 1.04567904
2019-06-23 09:02:11,692 epoch 16 - iter 60/129 - loss 1.09018092
2019-06-23 09:02:15,551 epoch 16 - iter 72/129 - loss 1.09890184
2019-06-23 09:02:19,537 epoch 16 - iter 84/129 - loss 1.10586959
2019-06-23 09:02:23,611 epoch 16 - iter 96/129 - loss 1.11105480
2019-06-23 09:02:27,669 epoch 16 - iter 108/129 - loss 1.09278576
2019-06-23 09:02:31,728 epoch 16 - iter 120/129 - loss 1.08202958
2019-06-23 09:02:35,118 ----------------------------------------------------------------------------------------------------
2019-06-23 09:02:35,118 EPOCH 16 done: loss 1.0701 - lr 0.1000 - bad epochs 0
2019-06-23 09:02:47,764 TEST : loss 1.7318421602249146 - score 0.81
2019-06-23 09:02:50,518 ----------------------------------------------------------------------------------------------------
2019-06-23 09:02:51,004 epoch 17 - iter 0/129 - loss 1.32296276
2019-06-23 09:02:55,838 epoch 17 - iter 12/129 - loss 1.26302836
2019-06-23 09:02:59,637 epoch 17 - iter 24/129 - loss 1.15298985
2019-06-23 09:03:03,649 epoch 17 - iter 36/129 - loss 1.09499914
2019-06-23 09:03:07,421 epoch 17 - iter 48/129 - loss 1.06521893
2019-06-23 09:03:11,163 epoch 17 - iter 60/129 - loss 1.05942679
2019-06-23 09:03:15,167 epoch 17 - iter 72/129 - loss 1.06092571
2019-06-23 09:03:20,249 epoch 17 - iter 84/129 - loss 1.06111036
2019-06-23 09:03:24,361 epoch 17 - iter 96/129 - loss 1.06311911
2019-06-23 09:03:28,504 epoch 17 - iter 108/129 - loss 1.07961624
2019-06-23 09:03:32,763 epoch 17 - iter 120/129 - loss 1.08465082
2019-06-23 09:03:35,028 ----------------------------------------------------------------------------------------------------
2019-06-23 09:03:35,028 EPOCH 17 done: loss 1.0890 - lr 0.1000 - bad epochs 1
2019-06-23 09:03:48,903 TEST : loss 1.7353875637054443 - score 0.8084
2019-06-23 09:03:51,651 ----------------------------------------------------------------------------------------------------
2019-06-23 09:03:52,172 epoch 18 - iter 0/129 - loss 0.85191679
2019-06-23 09:03:56,257 epoch 18 - iter 12/129 - loss 1.03461072
2019-06-23 09:04:00,581 epoch 18 - iter 24/129 - loss 1.06937677
2019-06-23 09:04:04,911 epoch 18 - iter 36/129 - loss 1.01582463
2019-06-23 09:04:10,006 epoch 18 - iter 48/129 - loss 1.03385675
2019-06-23 09:04:13,727 epoch 18 - iter 60/129 - loss 1.03507922
2019-06-23 09:04:17,311 epoch 18 - iter 72/129 - loss 0.99988437
2019-06-23 09:04:21,126 epoch 18 - iter 84/129 - loss 0.97631443
2019-06-23 09:04:24,768 epoch 18 - iter 96/129 - loss 0.99010074
2019-06-23 09:04:29,223 epoch 18 - iter 108/129 - loss 1.00971152
2019-06-23 09:04:34,050 epoch 18 - iter 120/129 - loss 1.00583963
2019-06-23 09:04:36,230 ----------------------------------------------------------------------------------------------------
2019-06-23 09:04:36,231 EPOCH 18 done: loss 1.0196 - lr 0.1000 - bad epochs 2
2019-06-23 09:04:49,973 TEST : loss 1.9529145956039429 - score 0.7876
2019-06-23 09:04:52,689 ----------------------------------------------------------------------------------------------------
2019-06-23 09:04:53,176 epoch 19 - iter 0/129 - loss 0.76646972
2019-06-23 09:04:57,092 epoch 19 - iter 12/129 - loss 1.15993115
2019-06-23 09:05:01,215 epoch 19 - iter 24/129 - loss 1.06085636
2019-06-23 09:05:05,559 epoch 19 - iter 36/129 - loss 1.01234646
2019-06-23 09:05:09,263 epoch 19 - iter 48/129 - loss 1.00172016
2019-06-23 09:05:12,827 epoch 19 - iter 60/129 - loss 1.04364295
2019-06-23 09:05:16,426 epoch 19 - iter 72/129 - loss 1.01875081
2019-06-23 09:05:21,383 epoch 19 - iter 84/129 - loss 1.03029829
2019-06-23 09:05:25,749 epoch 19 - iter 96/129 - loss 1.03513115
2019-06-23 09:05:29,906 epoch 19 - iter 108/129 - loss 1.03065462
2019-06-23 09:05:33,973 epoch 19 - iter 120/129 - loss 1.03151161
2019-06-23 09:05:36,291 ----------------------------------------------------------------------------------------------------
2019-06-23 09:05:36,291 EPOCH 19 done: loss 1.0459 - lr 0.1000 - bad epochs 3
2019-06-23 09:05:50,093 TEST : loss 1.8252283334732056 - score 0.8004
2019-06-23 09:05:52,839 ----------------------------------------------------------------------------------------------------
2019-06-23 09:05:53,297 epoch 20 - iter 0/129 - loss 0.99155331
2019-06-23 09:05:56,880 epoch 20 - iter 12/129 - loss 0.93922237
2019-06-23 09:06:00,782 epoch 20 - iter 24/129 - loss 0.93884332
2019-06-23 09:06:05,063 epoch 20 - iter 36/129 - loss 0.96838722
2019-06-23 09:06:10,067 epoch 20 - iter 48/129 - loss 1.00172831
2019-06-23 09:06:13,938 epoch 20 - iter 60/129 - loss 0.99943217
2019-06-23 09:06:17,453 epoch 20 - iter 72/129 - loss 1.02016944
2019-06-23 09:06:21,028 epoch 20 - iter 84/129 - loss 1.02438530
2019-06-23 09:06:25,496 epoch 20 - iter 96/129 - loss 1.03660270
2019-06-23 09:06:29,604 epoch 20 - iter 108/129 - loss 1.02098734
2019-06-23 09:06:34,577 epoch 20 - iter 120/129 - loss 1.01213320
2019-06-23 09:06:37,068 ----------------------------------------------------------------------------------------------------
2019-06-23 09:06:37,068 EPOCH 20 done: loss 1.0124 - lr 0.0500 - bad epochs 0
2019-06-23 09:06:50,852 TEST : loss 1.7116355895996094 - score 0.8121
2019-06-23 09:06:53,560 ----------------------------------------------------------------------------------------------------
2019-06-23 09:06:54,105 epoch 21 - iter 0/129 - loss 1.71149039
2019-06-23 09:06:57,920 epoch 21 - iter 12/129 - loss 1.20135050
2019-06-23 09:07:02,209 epoch 21 - iter 24/129 - loss 1.07787189
2019-06-23 09:07:06,040 epoch 21 - iter 36/129 - loss 1.04198427
2019-06-23 09:07:09,879 epoch 21 - iter 48/129 - loss 1.06699452
2019-06-23 09:07:13,855 epoch 21 - iter 60/129 - loss 1.05949623
2019-06-23 09:07:18,694 epoch 21 - iter 72/129 - loss 1.05250686
2019-06-23 09:07:23,078 epoch 21 - iter 84/129 - loss 1.05285884
2019-06-23 09:07:26,922 epoch 21 - iter 96/129 - loss 1.06413417
2019-06-23 09:07:30,845 epoch 21 - iter 108/129 - loss 1.06591378
2019-06-23 09:07:34,885 epoch 21 - iter 120/129 - loss 1.07597918
2019-06-23 09:07:37,086 ----------------------------------------------------------------------------------------------------
2019-06-23 09:07:37,086 EPOCH 21 done: loss 1.0689 - lr 0.0500 - bad epochs 1
2019-06-23 09:07:50,834 TEST : loss 1.720381259918213 - score 0.8125
2019-06-23 09:07:53,560 ----------------------------------------------------------------------------------------------------
2019-06-23 09:07:54,076 epoch 22 - iter 0/129 - loss 0.96352768
2019-06-23 09:07:57,980 epoch 22 - iter 12/129 - loss 1.00012137
2019-06-23 09:08:02,080 epoch 22 - iter 24/129 - loss 0.97365863
2019-06-23 09:08:07,273 epoch 22 - iter 36/129 - loss 0.99416115
2019-06-23 09:08:11,272 epoch 22 - iter 48/129 - loss 0.99757401
2019-06-23 09:08:15,222 epoch 22 - iter 60/129 - loss 1.00822240
2019-06-23 09:08:19,173 epoch 22 - iter 72/129 - loss 1.00041313
2019-06-23 09:08:23,204 epoch 22 - iter 84/129 - loss 0.98857768
2019-06-23 09:08:26,860 epoch 22 - iter 96/129 - loss 0.99608161
2019-06-23 09:08:30,974 epoch 22 - iter 108/129 - loss 1.00733319
2019-06-23 09:08:35,525 epoch 22 - iter 120/129 - loss 1.00735632
2019-06-23 09:08:37,771 ----------------------------------------------------------------------------------------------------
2019-06-23 09:08:37,771 EPOCH 22 done: loss 1.0172 - lr 0.0500 - bad epochs 2
2019-06-23 09:08:51,380 TEST : loss 1.7620216608047485 - score 0.8064
2019-06-23 09:08:54,098 ----------------------------------------------------------------------------------------------------
2019-06-23 09:08:54,687 epoch 23 - iter 0/129 - loss 0.83496428
2019-06-23 09:08:58,440 epoch 23 - iter 12/129 - loss 1.04457502
2019-06-23 09:09:02,864 epoch 23 - iter 24/129 - loss 0.96909343
2019-06-23 09:09:07,207 epoch 23 - iter 36/129 - loss 0.94482867
2019-06-23 09:09:10,898 epoch 23 - iter 48/129 - loss 1.03294265
2019-06-23 09:09:14,951 epoch 23 - iter 60/129 - loss 1.02001171
2019-06-23 09:09:20,157 epoch 23 - iter 72/129 - loss 1.04697948
2019-06-23 09:09:23,927 epoch 23 - iter 84/129 - loss 1.04931495
2019-06-23 09:09:28,213 epoch 23 - iter 96/129 - loss 1.03151670
2019-06-23 09:09:31,902 epoch 23 - iter 108/129 - loss 1.02078873
2019-06-23 09:09:35,554 epoch 23 - iter 120/129 - loss 1.03467307
2019-06-23 09:09:37,978 ----------------------------------------------------------------------------------------------------
2019-06-23 09:09:37,978 EPOCH 23 done: loss 1.0442 - lr 0.0500 - bad epochs 3
2019-06-23 09:09:51,772 TEST : loss 1.9209758043289185 - score 0.7896
2019-06-23 09:09:54,489 ----------------------------------------------------------------------------------------------------
2019-06-23 09:09:55,183 epoch 24 - iter 0/129 - loss 0.52424407
2019-06-23 09:09:59,499 epoch 24 - iter 12/129 - loss 1.05382925
2019-06-23 09:10:04,385 epoch 24 - iter 24/129 - loss 0.96704724
2019-06-23 09:10:08,337 epoch 24 - iter 36/129 - loss 0.93473119
2019-06-23 09:10:12,118 epoch 24 - iter 48/129 - loss 0.95944415
2019-06-23 09:10:15,547 epoch 24 - iter 60/129 - loss 0.98585012
2019-06-23 09:10:19,454 epoch 24 - iter 72/129 - loss 0.98160545
2019-06-23 09:10:23,302 epoch 24 - iter 84/129 - loss 0.95941655
2019-06-23 09:10:27,493 epoch 24 - iter 96/129 - loss 0.95373642
2019-06-23 09:10:32,784 epoch 24 - iter 108/129 - loss 0.95136700
2019-06-23 09:10:36,826 epoch 24 - iter 120/129 - loss 0.95463113
2019-06-23 09:10:39,356 ----------------------------------------------------------------------------------------------------
2019-06-23 09:10:39,356 EPOCH 24 done: loss 0.9556 - lr 0.0250 - bad epochs 0
2019-06-23 09:10:53,069 TEST : loss 1.7308428287506104 - score 0.8143
2019-06-23 09:10:55,803 ----------------------------------------------------------------------------------------------------
2019-06-23 09:10:56,286 epoch 25 - iter 0/129 - loss 0.92036831
2019-06-23 09:11:00,060 epoch 25 - iter 12/129 - loss 0.81453172
2019-06-23 09:11:04,304 epoch 25 - iter 24/129 - loss 0.83865867
2019-06-23 09:11:08,633 epoch 25 - iter 36/129 - loss 0.86616221
2019-06-23 09:11:12,497 epoch 25 - iter 48/129 - loss 0.88878301
2019-06-23 09:11:15,910 epoch 25 - iter 60/129 - loss 0.89967808
2019-06-23 09:11:20,542 epoch 25 - iter 72/129 - loss 0.89028738
2019-06-23 09:11:24,188 epoch 25 - iter 84/129 - loss 0.89824704
2019-06-23 09:11:28,626 epoch 25 - iter 96/129 - loss 0.90461047
2019-06-23 09:11:32,674 epoch 25 - iter 108/129 - loss 0.91642508
2019-06-23 09:11:36,696 epoch 25 - iter 120/129 - loss 0.92524970
2019-06-23 09:11:39,179 ----------------------------------------------------------------------------------------------------
2019-06-23 09:11:39,179 EPOCH 25 done: loss 0.9210 - lr 0.0250 - bad epochs 0
2019-06-23 09:11:53,046 TEST : loss 1.7745707035064697 - score 0.8087
2019-06-23 09:11:55,784 ----------------------------------------------------------------------------------------------------
2019-06-23 09:11:56,247 epoch 26 - iter 0/129 - loss 1.02450252
2019-06-23 09:12:00,004 epoch 26 - iter 12/129 - loss 0.93451456
2019-06-23 09:12:05,269 epoch 26 - iter 24/129 - loss 0.85157356
2019-06-23 09:12:09,217 epoch 26 - iter 36/129 - loss 0.86749443
2019-06-23 09:12:13,327 epoch 26 - iter 48/129 - loss 0.92084661
2019-06-23 09:12:17,678 epoch 26 - iter 60/129 - loss 0.95670537
2019-06-23 09:12:21,883 epoch 26 - iter 72/129 - loss 0.95857264
2019-06-23 09:12:25,593 epoch 26 - iter 84/129 - loss 0.96593316
2019-06-23 09:12:29,938 epoch 26 - iter 96/129 - loss 0.97049001
2019-06-23 09:12:35,026 epoch 26 - iter 108/129 - loss 0.98786714
2019-06-23 09:12:38,714 epoch 26 - iter 120/129 - loss 0.97545547
2019-06-23 09:12:41,173 ----------------------------------------------------------------------------------------------------
2019-06-23 09:12:41,174 EPOCH 26 done: loss 0.9822 - lr 0.0250 - bad epochs 0
2019-06-23 09:12:54,959 TEST : loss 1.7984529733657837 - score 0.8078
2019-06-23 09:12:57,679 ----------------------------------------------------------------------------------------------------
2019-06-23 09:12:58,300 epoch 27 - iter 0/129 - loss 0.61438584
2019-06-23 09:13:02,699 epoch 27 - iter 12/129 - loss 1.04982558
2019-06-23 09:13:06,487 epoch 27 - iter 24/129 - loss 0.98796604
2019-06-23 09:13:10,434 epoch 27 - iter 36/129 - loss 0.93649878
2019-06-23 09:13:14,488 epoch 27 - iter 48/129 - loss 0.92030785
2019-06-23 09:13:18,537 epoch 27 - iter 60/129 - loss 0.90440132
2019-06-23 09:13:23,066 epoch 27 - iter 72/129 - loss 0.91487098
2019-06-23 09:13:26,876 epoch 27 - iter 84/129 - loss 0.91166508
2019-06-23 09:13:30,366 epoch 27 - iter 96/129 - loss 0.93114813
2019-06-23 09:13:34,245 epoch 27 - iter 108/129 - loss 0.92482401
2019-06-23 09:13:38,541 epoch 27 - iter 120/129 - loss 0.93130092
2019-06-23 09:13:40,812 ----------------------------------------------------------------------------------------------------
2019-06-23 09:13:40,813 EPOCH 27 done: loss 0.9435 - lr 0.0250 - bad epochs 1
2019-06-23 09:13:54,668 TEST : loss 1.8439216613769531 - score 0.804
2019-06-23 09:13:57,399 ----------------------------------------------------------------------------------------------------
2019-06-23 09:13:57,985 epoch 28 - iter 0/129 - loss 1.29926276
2019-06-23 09:14:02,174 epoch 28 - iter 12/129 - loss 1.00811536
2019-06-23 09:14:05,864 epoch 28 - iter 24/129 - loss 1.02623484
2019-06-23 09:14:09,695 epoch 28 - iter 36/129 - loss 1.02994601
2019-06-23 09:14:14,619 epoch 28 - iter 48/129 - loss 1.04640135
2019-06-23 09:14:18,808 epoch 28 - iter 60/129 - loss 1.02974917
2019-06-23 09:14:22,298 epoch 28 - iter 72/129 - loss 1.01184284
2019-06-23 09:14:26,318 epoch 28 - iter 84/129 - loss 1.02837913
2019-06-23 09:14:29,660 epoch 28 - iter 96/129 - loss 1.02483948
2019-06-23 09:14:33,668 epoch 28 - iter 108/129 - loss 1.02508018
2019-06-23 09:14:38,905 epoch 28 - iter 120/129 - loss 1.01392702
2019-06-23 09:14:41,548 ----------------------------------------------------------------------------------------------------
2019-06-23 09:14:41,549 EPOCH 28 done: loss 1.0103 - lr 0.0250 - bad epochs 2
2019-06-23 09:14:55,228 TEST : loss 1.7584929466247559 - score 0.8113
2019-06-23 09:14:57,934 ----------------------------------------------------------------------------------------------------
2019-06-23 09:14:58,424 epoch 29 - iter 0/129 - loss 0.61971211
2019-06-23 09:15:02,744 epoch 29 - iter 12/129 - loss 0.84454253
2019-06-23 09:15:06,760 epoch 29 - iter 24/129 - loss 0.90892313
2019-06-23 09:15:11,317 epoch 29 - iter 36/129 - loss 0.91580471
2019-06-23 09:15:14,489 epoch 29 - iter 48/129 - loss 0.92900740
2019-06-23 09:15:18,202 epoch 29 - iter 60/129 - loss 0.93259939
2019-06-23 09:15:23,015 epoch 29 - iter 72/129 - loss 0.94218486
2019-06-23 09:15:26,893 epoch 29 - iter 84/129 - loss 0.95240365
2019-06-23 09:15:30,944 epoch 29 - iter 96/129 - loss 0.95916109
2019-06-23 09:15:34,542 epoch 29 - iter 108/129 - loss 0.97385718
2019-06-23 09:15:38,590 epoch 29 - iter 120/129 - loss 0.97417719
2019-06-23 09:15:41,138 ----------------------------------------------------------------------------------------------------
2019-06-23 09:15:41,138 EPOCH 29 done: loss 0.9628 - lr 0.0250 - bad epochs 3
2019-06-23 09:15:55,048 TEST : loss 1.8450833559036255 - score 0.8031
2019-06-23 09:15:57,795 ----------------------------------------------------------------------------------------------------
2019-06-23 09:15:58,239 epoch 30 - iter 0/129 - loss 0.61691809
2019-06-23 09:16:02,239 epoch 30 - iter 12/129 - loss 0.86363665
2019-06-23 09:16:06,287 epoch 30 - iter 24/129 - loss 0.79508210
2019-06-23 09:16:11,017 epoch 30 - iter 36/129 - loss 0.81430852
2019-06-23 09:16:14,699 epoch 30 - iter 48/129 - loss 0.84742157
2019-06-23 09:16:19,276 epoch 30 - iter 60/129 - loss 0.87059747
2019-06-23 09:16:22,971 epoch 30 - iter 72/129 - loss 0.88326028
2019-06-23 09:16:26,857 epoch 30 - iter 84/129 - loss 0.87551315
2019-06-23 09:16:30,709 epoch 30 - iter 96/129 - loss 0.89844687
2019-06-23 09:16:34,386 epoch 30 - iter 108/129 - loss 0.88537189
2019-06-23 09:16:39,040 epoch 30 - iter 120/129 - loss 0.89020965
2019-06-23 09:16:41,716 ----------------------------------------------------------------------------------------------------
2019-06-23 09:16:41,716 EPOCH 30 done: loss 0.8993 - lr 0.0125 - bad epochs 0
2019-06-23 09:16:55,448 TEST : loss 1.8145382404327393 - score 0.8064
2019-06-23 09:16:58,163 ----------------------------------------------------------------------------------------------------
2019-06-23 09:16:58,657 epoch 31 - iter 0/129 - loss 0.91829038
2019-06-23 09:17:02,606 epoch 31 - iter 12/129 - loss 0.97746617
2019-06-23 09:17:06,687 epoch 31 - iter 24/129 - loss 1.12628545
2019-06-23 09:17:10,422 epoch 31 - iter 36/129 - loss 1.12937452
2019-06-23 09:17:14,248 epoch 31 - iter 48/129 - loss 1.08309673
2019-06-23 09:17:17,878 epoch 31 - iter 60/129 - loss 1.02263746
2019-06-23 09:17:21,524 epoch 31 - iter 72/129 - loss 1.01461192
2019-06-23 09:17:26,749 epoch 31 - iter 84/129 - loss 1.01335049
2019-06-23 09:17:30,651 epoch 31 - iter 96/129 - loss 0.99048137
2019-06-23 09:17:34,625 epoch 31 - iter 108/129 - loss 0.97864457
2019-06-23 09:17:38,757 epoch 31 - iter 120/129 - loss 0.99281416
2019-06-23 09:17:41,412 ----------------------------------------------------------------------------------------------------
2019-06-23 09:17:41,413 EPOCH 31 done: loss 1.0223 - lr 0.0125 - bad epochs 0
2019-06-23 09:17:55,243 TEST : loss 1.80813729763031 - score 0.8055
2019-06-23 09:17:57,983 ----------------------------------------------------------------------------------------------------
2019-06-23 09:17:58,509 epoch 32 - iter 0/129 - loss 0.80366492
2019-06-23 09:18:02,274 epoch 32 - iter 12/129 - loss 0.89420983
2019-06-23 09:18:05,886 epoch 32 - iter 24/129 - loss 0.91001533
2019-06-23 09:18:10,079 epoch 32 - iter 36/129 - loss 0.89986558
2019-06-23 09:18:15,111 epoch 32 - iter 48/129 - loss 0.88581787
2019-06-23 09:18:19,841 epoch 32 - iter 60/129 - loss 0.89346248
2019-06-23 09:18:23,771 epoch 32 - iter 72/129 - loss 0.91132395
2019-06-23 09:18:27,933 epoch 32 - iter 84/129 - loss 0.89135954
2019-06-23 09:18:31,940 epoch 32 - iter 96/129 - loss 0.87280654
2019-06-23 09:18:35,687 epoch 32 - iter 108/129 - loss 0.86846278
2019-06-23 09:18:40,428 epoch 32 - iter 120/129 - loss 0.86718187
2019-06-23 09:18:43,015 ----------------------------------------------------------------------------------------------------
2019-06-23 09:18:43,016 EPOCH 32 done: loss 0.8640 - lr 0.0125 - bad epochs 1
2019-06-23 09:18:55,731 TEST : loss 1.7423453330993652 - score 0.8127
2019-06-23 09:18:58,479 ----------------------------------------------------------------------------------------------------
2019-06-23 09:18:59,971 epoch 33 - iter 0/129 - loss 0.90982985
2019-06-23 09:19:03,980 epoch 33 - iter 12/129 - loss 0.76883241
2019-06-23 09:19:08,092 epoch 33 - iter 24/129 - loss 0.82296048
2019-06-23 09:19:11,946 epoch 33 - iter 36/129 - loss 0.88232590
2019-06-23 09:19:15,666 epoch 33 - iter 48/129 - loss 0.88165053
2019-06-23 09:19:19,223 epoch 33 - iter 60/129 - loss 0.87475257
2019-06-23 09:19:22,890 epoch 33 - iter 72/129 - loss 0.86252103
2019-06-23 09:19:27,616 epoch 33 - iter 84/129 - loss 0.85697969
2019-06-23 09:19:32,199 epoch 33 - iter 96/129 - loss 0.85917211
2019-06-23 09:19:35,803 epoch 33 - iter 108/129 - loss 0.87123677
2019-06-23 09:19:39,744 epoch 33 - iter 120/129 - loss 0.86800752
2019-06-23 09:19:42,469 ----------------------------------------------------------------------------------------------------
2019-06-23 09:19:42,469 EPOCH 33 done: loss 0.8670 - lr 0.0125 - bad epochs 0
2019-06-23 09:19:56,260 TEST : loss 1.7994474172592163 - score 0.8075
2019-06-23 09:19:58,990 ----------------------------------------------------------------------------------------------------
2019-06-23 09:19:59,603 epoch 34 - iter 0/129 - loss 0.42953157
2019-06-23 09:20:03,965 epoch 34 - iter 12/129 - loss 0.99016405
2019-06-23 09:20:07,920 epoch 34 - iter 24/129 - loss 0.93498797
2019-06-23 09:20:13,184 epoch 34 - iter 36/129 - loss 0.93275488
2019-06-23 09:20:17,036 epoch 34 - iter 48/129 - loss 0.94295031
2019-06-23 09:20:20,674 epoch 34 - iter 60/129 - loss 0.89896332
2019-06-23 09:20:24,471 epoch 34 - iter 72/129 - loss 0.90320959
2019-06-23 09:20:28,041 epoch 34 - iter 84/129 - loss 0.91105072
2019-06-23 09:20:31,844 epoch 34 - iter 96/129 - loss 0.89343800
2019-06-23 09:20:36,103 epoch 34 - iter 108/129 - loss 0.89412149
2019-06-23 09:20:40,856 epoch 34 - iter 120/129 - loss 0.91486720
2019-06-23 09:20:43,280 ----------------------------------------------------------------------------------------------------
2019-06-23 09:20:43,280 EPOCH 34 done: loss 0.9246 - lr 0.0125 - bad epochs 1
2019-06-23 09:20:56,928 TEST : loss 1.8233808279037476 - score 0.8066
2019-06-23 09:20:59,667 ----------------------------------------------------------------------------------------------------
2019-06-23 09:21:00,258 epoch 35 - iter 0/129 - loss 0.87182426
2019-06-23 09:21:03,974 epoch 35 - iter 12/129 - loss 0.98741762
2019-06-23 09:21:08,335 epoch 35 - iter 24/129 - loss 1.05144592
2019-06-23 09:21:12,053 epoch 35 - iter 36/129 - loss 1.00290455
2019-06-23 09:21:16,239 epoch 35 - iter 48/129 - loss 0.95088179
2019-06-23 09:21:20,203 epoch 35 - iter 60/129 - loss 0.96893244
2019-06-23 09:21:25,239 epoch 35 - iter 72/129 - loss 0.93507190
2019-06-23 09:21:29,207 epoch 35 - iter 84/129 - loss 0.92179099
2019-06-23 09:21:32,952 epoch 35 - iter 96/129 - loss 0.90502768
2019-06-23 09:21:37,182 epoch 35 - iter 108/129 - loss 0.92115783
2019-06-23 09:21:40,839 epoch 35 - iter 120/129 - loss 0.91466560
2019-06-23 09:21:43,140 ----------------------------------------------------------------------------------------------------
2019-06-23 09:21:43,140 EPOCH 35 done: loss 0.9233 - lr 0.0125 - bad epochs 2
2019-06-23 09:21:56,932 TEST : loss 1.7854338884353638 - score 0.8101
2019-06-23 09:21:59,662 ----------------------------------------------------------------------------------------------------
2019-06-23 09:22:00,053 epoch 36 - iter 0/129 - loss 0.86090660
2019-06-23 09:22:03,768 epoch 36 - iter 12/129 - loss 0.84065805
2019-06-23 09:22:07,677 epoch 36 - iter 24/129 - loss 0.91001958
2019-06-23 09:22:12,883 epoch 36 - iter 36/129 - loss 0.93956553
2019-06-23 09:22:17,014 epoch 36 - iter 48/129 - loss 0.97208403
2019-06-23 09:22:21,155 epoch 36 - iter 60/129 - loss 0.99595895
2019-06-23 09:22:24,728 epoch 36 - iter 72/129 - loss 0.99254390
2019-06-23 09:22:28,917 epoch 36 - iter 84/129 - loss 0.99450751
2019-06-23 09:22:32,488 epoch 36 - iter 96/129 - loss 0.98907901
2019-06-23 09:22:37,267 epoch 36 - iter 108/129 - loss 1.00010858
2019-06-23 09:22:41,325 epoch 36 - iter 120/129 - loss 0.97516735
2019-06-23 09:22:43,846 ----------------------------------------------------------------------------------------------------
2019-06-23 09:22:43,847 EPOCH 36 done: loss 0.9694 - lr 0.0125 - bad epochs 3
2019-06-23 09:22:57,634 TEST : loss 1.8101848363876343 - score 0.8078
2019-06-23 09:23:00,431 ----------------------------------------------------------------------------------------------------
2019-06-23 09:23:00,976 epoch 37 - iter 0/129 - loss 0.65070057
2019-06-23 09:23:05,194 epoch 37 - iter 12/129 - loss 0.77810067
2019-06-23 09:23:09,170 epoch 37 - iter 24/129 - loss 0.87106863
2019-06-23 09:23:12,934 epoch 37 - iter 36/129 - loss 0.88853565
2019-06-23 09:23:16,305 epoch 37 - iter 48/129 - loss 0.84300491
2019-06-23 09:23:20,308 epoch 37 - iter 60/129 - loss 0.83549706
2019-06-23 09:23:25,438 epoch 37 - iter 72/129 - loss 0.85999448
2019-06-23 09:23:29,752 epoch 37 - iter 84/129 - loss 0.87178552
2019-06-23 09:23:33,406 epoch 37 - iter 96/129 - loss 0.88987621
2019-06-23 09:23:36,833 epoch 37 - iter 108/129 - loss 0.88656601
2019-06-23 09:23:40,552 epoch 37 - iter 120/129 - loss 0.89507042
2019-06-23 09:23:43,581 ----------------------------------------------------------------------------------------------------
2019-06-23 09:23:43,581 EPOCH 37 done: loss 0.8964 - lr 0.0063 - bad epochs 0
2019-06-23 09:23:57,477 TEST : loss 1.8199563026428223 - score 0.8072
2019-06-23 09:24:00,227 ----------------------------------------------------------------------------------------------------
2019-06-23 09:24:00,859 epoch 38 - iter 0/129 - loss 1.81473684
2019-06-23 09:24:04,774 epoch 38 - iter 12/129 - loss 0.93774584
2019-06-23 09:24:08,753 epoch 38 - iter 24/129 - loss 0.91277795
2019-06-23 09:24:13,763 epoch 38 - iter 36/129 - loss 0.95626998
2019-06-23 09:24:17,378 epoch 38 - iter 48/129 - loss 0.95896284
2019-06-23 09:24:21,300 epoch 38 - iter 60/129 - loss 0.95742203
2019-06-23 09:24:24,766 epoch 38 - iter 72/129 - loss 0.95494026
2019-06-23 09:24:28,882 epoch 38 - iter 84/129 - loss 0.93505046
2019-06-23 09:24:33,115 epoch 38 - iter 96/129 - loss 0.94050419
2019-06-23 09:24:37,950 epoch 38 - iter 108/129 - loss 0.93199455
2019-06-23 09:24:41,851 epoch 38 - iter 120/129 - loss 0.93888448
2019-06-23 09:24:44,294 ----------------------------------------------------------------------------------------------------
2019-06-23 09:24:44,295 EPOCH 38 done: loss 0.9381 - lr 0.0063 - bad epochs 1
2019-06-23 09:24:58,067 TEST : loss 1.83305823802948 - score 0.8065
2019-06-23 09:25:00,787 ----------------------------------------------------------------------------------------------------
2019-06-23 09:25:01,526 epoch 39 - iter 0/129 - loss 0.92080581
2019-06-23 09:25:05,683 epoch 39 - iter 12/129 - loss 0.77203979
2019-06-23 09:25:09,826 epoch 39 - iter 24/129 - loss 0.86680709
2019-06-23 09:25:13,556 epoch 39 - iter 36/129 - loss 0.83733941
2019-06-23 09:25:17,652 epoch 39 - iter 48/129 - loss 0.84176034
2019-06-23 09:25:21,395 epoch 39 - iter 60/129 - loss 0.82862752
2019-06-23 09:25:26,062 epoch 39 - iter 72/129 - loss 0.87396193
2019-06-23 09:25:30,710 epoch 39 - iter 84/129 - loss 0.88669468
2019-06-23 09:25:34,308 epoch 39 - iter 96/129 - loss 0.90031598
2019-06-23 09:25:37,927 epoch 39 - iter 108/129 - loss 0.90794317
2019-06-23 09:25:41,743 epoch 39 - iter 120/129 - loss 0.89100352
2019-06-23 09:25:44,206 ----------------------------------------------------------------------------------------------------
2019-06-23 09:25:44,206 EPOCH 39 done: loss 0.8881 - lr 0.0063 - bad epochs 2
2019-06-23 09:25:57,923 TEST : loss 1.8269294500350952 - score 0.8066
2019-06-23 09:26:00,665 ----------------------------------------------------------------------------------------------------
2019-06-23 09:26:01,158 epoch 40 - iter 0/129 - loss 1.14166045
2019-06-23 09:26:04,834 epoch 40 - iter 12/129 - loss 0.87506149
2019-06-23 09:26:08,715 epoch 40 - iter 24/129 - loss 0.96711777
2019-06-23 09:26:12,473 epoch 40 - iter 36/129 - loss 0.89261302
2019-06-23 09:26:17,500 epoch 40 - iter 48/129 - loss 0.84627296
2019-06-23 09:26:21,199 epoch 40 - iter 60/129 - loss 0.82245082
2019-06-23 09:26:24,981 epoch 40 - iter 72/129 - loss 0.84610768
2019-06-23 09:26:28,773 epoch 40 - iter 84/129 - loss 0.86252452
2019-06-23 09:26:32,989 epoch 40 - iter 96/129 - loss 0.84258307
2019-06-23 09:26:37,089 epoch 40 - iter 108/129 - loss 0.84484637
2019-06-23 09:26:41,964 epoch 40 - iter 120/129 - loss 0.84068148
2019-06-23 09:26:44,380 ----------------------------------------------------------------------------------------------------
2019-06-23 09:26:44,380 EPOCH 40 done: loss 0.8584 - lr 0.0063 - bad epochs 3
2019-06-23 09:26:57,113 TEST : loss 1.8443481922149658 - score 0.8049
2019-06-23 09:26:59,868 ----------------------------------------------------------------------------------------------------
2019-06-23 09:27:01,539 epoch 41 - iter 0/129 - loss 0.89208555
2019-06-23 09:27:05,838 epoch 41 - iter 12/129 - loss 0.80223493
2019-06-23 09:27:09,431 epoch 41 - iter 24/129 - loss 0.84962466
2019-06-23 09:27:13,483 epoch 41 - iter 36/129 - loss 0.86446201
2019-06-23 09:27:17,646 epoch 41 - iter 48/129 - loss 0.85099196
2019-06-23 09:27:21,379 epoch 41 - iter 60/129 - loss 0.87884754
2019-06-23 09:27:25,028 epoch 41 - iter 72/129 - loss 0.88510035
2019-06-23 09:27:29,055 epoch 41 - iter 84/129 - loss 0.87715092
2019-06-23 09:27:34,177 epoch 41 - iter 96/129 - loss 0.90107818
2019-06-23 09:27:37,646 epoch 41 - iter 108/129 - loss 0.89274951
2019-06-23 09:27:41,863 epoch 41 - iter 120/129 - loss 0.89078427
2019-06-23 09:27:44,473 ----------------------------------------------------------------------------------------------------
2019-06-23 09:27:44,474 EPOCH 41 done: loss 0.8846 - lr 0.0063 - bad epochs 0
2019-06-23 09:27:58,292 TEST : loss 1.8271607160568237 - score 0.8078
2019-06-23 09:28:01,046 ----------------------------------------------------------------------------------------------------
2019-06-23 09:28:01,521 epoch 42 - iter 0/129 - loss 0.76177168
2019-06-23 09:28:05,836 epoch 42 - iter 12/129 - loss 0.92077751
2019-06-23 09:28:09,306 epoch 42 - iter 24/129 - loss 0.86511065
2019-06-23 09:28:13,626 epoch 42 - iter 36/129 - loss 0.86822236
2019-06-23 09:28:17,186 epoch 42 - iter 48/129 - loss 0.85937951
2019-06-23 09:28:21,644 epoch 42 - iter 60/129 - loss 0.86390671
2019-06-23 09:28:25,213 epoch 42 - iter 72/129 - loss 0.86958494
2019-06-23 09:28:29,127 epoch 42 - iter 84/129 - loss 0.86500104
2019-06-23 09:28:33,574 epoch 42 - iter 96/129 - loss 0.87459655
2019-06-23 09:28:37,333 epoch 42 - iter 108/129 - loss 0.88352097
2019-06-23 09:28:41,226 epoch 42 - iter 120/129 - loss 0.88877883
2019-06-23 09:28:43,992 ----------------------------------------------------------------------------------------------------
2019-06-23 09:28:43,993 EPOCH 42 done: loss 0.8860 - lr 0.0063 - bad epochs 1
2019-06-23 09:28:57,865 TEST : loss 1.826216220855713 - score 0.8051
2019-06-23 09:29:00,573 ----------------------------------------------------------------------------------------------------
2019-06-23 09:29:01,032 epoch 43 - iter 0/129 - loss 1.18241382
2019-06-23 09:29:04,599 epoch 43 - iter 12/129 - loss 0.92647243
2019-06-23 09:29:09,772 epoch 43 - iter 24/129 - loss 1.03357038
2019-06-23 09:29:13,707 epoch 43 - iter 36/129 - loss 1.00429544
2019-06-23 09:29:17,613 epoch 43 - iter 48/129 - loss 1.01947197
2019-06-23 09:29:21,788 epoch 43 - iter 60/129 - loss 0.98735753
2019-06-23 09:29:26,364 epoch 43 - iter 72/129 - loss 1.00250368
2019-06-23 09:29:30,368 epoch 43 - iter 84/129 - loss 0.97740048
2019-06-23 09:29:35,236 epoch 43 - iter 96/129 - loss 0.96015511
2019-06-23 09:29:38,926 epoch 43 - iter 108/129 - loss 0.95213913
2019-06-23 09:29:43,004 epoch 43 - iter 120/129 - loss 0.93929396
2019-06-23 09:29:45,274 ----------------------------------------------------------------------------------------------------
2019-06-23 09:29:45,274 EPOCH 43 done: loss 0.9480 - lr 0.0063 - bad epochs 2
2019-06-23 09:29:59,160 TEST : loss 1.8479896783828735 - score 0.8022
2019-06-23 09:30:01,909 ----------------------------------------------------------------------------------------------------
2019-06-23 09:30:02,633 epoch 44 - iter 0/129 - loss 1.93709064
2019-06-23 09:30:06,720 epoch 44 - iter 12/129 - loss 0.96708828
2019-06-23 09:30:10,699 epoch 44 - iter 24/129 - loss 0.94314180
2019-06-23 09:30:14,284 epoch 44 - iter 36/129 - loss 0.94105209
2019-06-23 09:30:18,611 epoch 44 - iter 48/129 - loss 0.96422919
2019-06-23 09:30:23,281 epoch 44 - iter 60/129 - loss 0.92505438
2019-06-23 09:30:27,621 epoch 44 - iter 72/129 - loss 0.92224469
2019-06-23 09:30:31,447 epoch 44 - iter 84/129 - loss 0.92060956
2019-06-23 09:30:35,762 epoch 44 - iter 96/129 - loss 0.92031871
2019-06-23 09:30:39,544 epoch 44 - iter 108/129 - loss 0.91745223
2019-06-23 09:30:43,422 epoch 44 - iter 120/129 - loss 0.91670391
2019-06-23 09:30:45,868 ----------------------------------------------------------------------------------------------------
2019-06-23 09:30:45,868 EPOCH 44 done: loss 0.9119 - lr 0.0063 - bad epochs 3
2019-06-23 09:30:59,654 TEST : loss 1.8189672231674194 - score 0.8063
2019-06-23 09:31:02,381 ----------------------------------------------------------------------------------------------------
2019-06-23 09:31:02,948 epoch 45 - iter 0/129 - loss 0.94454479
2019-06-23 09:31:07,156 epoch 45 - iter 12/129 - loss 1.01180242
2019-06-23 09:31:12,157 epoch 45 - iter 24/129 - loss 0.99447044
2019-06-23 09:31:16,168 epoch 45 - iter 36/129 - loss 0.94091791
2019-06-23 09:31:19,914 epoch 45 - iter 48/129 - loss 0.93843865
2019-06-23 09:31:23,983 epoch 45 - iter 60/129 - loss 0.94664366
2019-06-23 09:31:27,868 epoch 45 - iter 72/129 - loss 0.91700975
2019-06-23 09:31:31,857 epoch 45 - iter 84/129 - loss 0.88612622
2019-06-23 09:31:36,526 epoch 45 - iter 96/129 - loss 0.90678358
2019-06-23 09:31:40,682 epoch 45 - iter 108/129 - loss 0.90272768
2019-06-23 09:31:44,610 epoch 45 - iter 120/129 - loss 0.90146534
2019-06-23 09:31:47,224 ----------------------------------------------------------------------------------------------------
2019-06-23 09:31:47,225 EPOCH 45 done: loss 0.8965 - lr 0.0031 - bad epochs 0
2019-06-23 09:32:00,970 TEST : loss 1.807671308517456 - score 0.8088
2019-06-23 09:32:03,710 ----------------------------------------------------------------------------------------------------
2019-06-23 09:32:04,167 epoch 46 - iter 0/129 - loss 0.77919519
2019-06-23 09:32:07,928 epoch 46 - iter 12/129 - loss 0.81106122
2019-06-23 09:32:12,212 epoch 46 - iter 24/129 - loss 0.80798666
2019-06-23 09:32:16,057 epoch 46 - iter 36/129 - loss 0.90282355
2019-06-23 09:32:19,912 epoch 46 - iter 48/129 - loss 0.88878721
2019-06-23 09:32:24,792 epoch 46 - iter 60/129 - loss 0.88606859
2019-06-23 09:32:29,101 epoch 46 - iter 72/129 - loss 0.89860552
2019-06-23 09:32:32,795 epoch 46 - iter 84/129 - loss 0.89416276
2019-06-23 09:32:36,519 epoch 46 - iter 96/129 - loss 0.89112486
2019-06-23 09:32:40,465 epoch 46 - iter 108/129 - loss 0.87407513
2019-06-23 09:32:44,186 epoch 46 - iter 120/129 - loss 0.87238309
2019-06-23 09:32:46,684 ----------------------------------------------------------------------------------------------------
2019-06-23 09:32:46,685 EPOCH 46 done: loss 0.8680 - lr 0.0031 - bad epochs 1
2019-06-23 09:33:00,442 TEST : loss 1.816275954246521 - score 0.8073
2019-06-23 09:33:03,178 ----------------------------------------------------------------------------------------------------
2019-06-23 09:33:03,740 epoch 47 - iter 0/129 - loss 0.60826802
2019-06-23 09:33:07,751 epoch 47 - iter 12/129 - loss 0.95957433
2019-06-23 09:33:12,721 epoch 47 - iter 24/129 - loss 0.88394664
2019-06-23 09:33:16,713 epoch 47 - iter 36/129 - loss 0.93074400
2019-06-23 09:33:20,780 epoch 47 - iter 48/129 - loss 0.91961938
2019-06-23 09:33:24,795 epoch 47 - iter 60/129 - loss 0.92064324
2019-06-23 09:33:28,613 epoch 47 - iter 72/129 - loss 0.95495619
2019-06-23 09:33:32,188 epoch 47 - iter 84/129 - loss 0.94790772
2019-06-23 09:33:35,832 epoch 47 - iter 96/129 - loss 0.93133866
2019-06-23 09:33:40,465 epoch 47 - iter 108/129 - loss 0.93470461
2019-06-23 09:33:44,537 epoch 47 - iter 120/129 - loss 0.93592388
2019-06-23 09:33:47,330 ----------------------------------------------------------------------------------------------------
2019-06-23 09:33:47,331 EPOCH 47 done: loss 0.9623 - lr 0.0031 - bad epochs 2
2019-06-23 09:34:01,062 TEST : loss 1.8403451442718506 - score 0.8037
2019-06-23 09:34:03,806 ----------------------------------------------------------------------------------------------------
2019-06-23 09:34:04,260 epoch 48 - iter 0/129 - loss 0.70857501
2019-06-23 09:34:08,067 epoch 48 - iter 12/129 - loss 0.94565533
2019-06-23 09:34:12,117 epoch 48 - iter 24/129 - loss 0.90911462
2019-06-23 09:34:16,141 epoch 48 - iter 36/129 - loss 0.92046537
2019-06-23 09:34:19,666 epoch 48 - iter 48/129 - loss 0.90973971
2019-06-23 09:34:23,623 epoch 48 - iter 60/129 - loss 0.90166815
2019-06-23 09:34:27,930 epoch 48 - iter 72/129 - loss 0.92006588
2019-06-23 09:34:32,946 epoch 48 - iter 84/129 - loss 0.91692566
2019-06-23 09:34:36,897 epoch 48 - iter 96/129 - loss 0.93058942
2019-06-23 09:34:40,951 epoch 48 - iter 108/129 - loss 0.92223840
2019-06-23 09:34:44,914 epoch 48 - iter 120/129 - loss 0.90905489
2019-06-23 09:34:47,466 ----------------------------------------------------------------------------------------------------
2019-06-23 09:34:47,466 EPOCH 48 done: loss 0.9032 - lr 0.0031 - bad epochs 3
2019-06-23 09:35:01,191 TEST : loss 1.8201810121536255 - score 0.8075
2019-06-23 09:35:03,925 ----------------------------------------------------------------------------------------------------
2019-06-23 09:35:04,426 epoch 49 - iter 0/129 - loss 0.84882164
2019-06-23 09:35:09,121 epoch 49 - iter 12/129 - loss 0.92798302
2019-06-23 09:35:12,760 epoch 49 - iter 24/129 - loss 0.90208291
2019-06-23 09:35:16,619 epoch 49 - iter 36/129 - loss 0.93665465
2019-06-23 09:35:21,586 epoch 49 - iter 48/129 - loss 0.93162187
2019-06-23 09:35:26,009 epoch 49 - iter 60/129 - loss 0.93512058
2019-06-23 09:35:30,099 epoch 49 - iter 72/129 - loss 0.90391489
2019-06-23 09:35:34,046 epoch 49 - iter 84/129 - loss 0.90228096
2019-06-23 09:35:37,904 epoch 49 - iter 96/129 - loss 0.90184510
2019-06-23 09:35:41,531 epoch 49 - iter 108/129 - loss 0.90169077
2019-06-23 09:35:45,779 epoch 49 - iter 120/129 - loss 0.89838351
2019-06-23 09:35:49,131 ----------------------------------------------------------------------------------------------------
2019-06-23 09:35:49,132 EPOCH 49 done: loss 0.8955 - lr 0.0016 - bad epochs 0
2019-06-23 09:36:01,815 TEST : loss 1.829485297203064 - score 0.8066
2019-06-23 09:36:04,588 ----------------------------------------------------------------------------------------------------
2019-06-23 09:36:05,256 epoch 50 - iter 0/129 - loss 0.65338659
2019-06-23 09:36:10,644 epoch 50 - iter 12/129 - loss 0.89394281
2019-06-23 09:36:14,455 epoch 50 - iter 24/129 - loss 0.85640145
2019-06-23 09:36:18,552 epoch 50 - iter 36/129 - loss 0.91221218
2019-06-23 09:36:22,531 epoch 50 - iter 48/129 - loss 0.89601878
2019-06-23 09:36:26,466 epoch 50 - iter 60/129 - loss 0.89413263
2019-06-23 09:36:30,206 epoch 50 - iter 72/129 - loss 0.88374698
2019-06-23 09:36:33,903 epoch 50 - iter 84/129 - loss 0.87067444
2019-06-23 09:36:38,813 epoch 50 - iter 96/129 - loss 0.86035757
2019-06-23 09:36:42,616 epoch 50 - iter 108/129 - loss 0.87348564
2019-06-23 09:36:45,989 epoch 50 - iter 120/129 - loss 0.85392271
2019-06-23 09:36:48,832 ----------------------------------------------------------------------------------------------------
2019-06-23 09:36:48,832 EPOCH 50 done: loss 0.8537 - lr 0.0016 - bad epochs 1
2019-06-23 09:37:02,550 TEST : loss 1.820358395576477 - score 0.8082
2019-06-23 09:37:05,281 ----------------------------------------------------------------------------------------------------
2019-06-23 09:37:05,879 epoch 51 - iter 0/129 - loss 0.58365107
2019-06-23 09:37:09,925 epoch 51 - iter 12/129 - loss 0.70507386
2019-06-23 09:37:13,847 epoch 51 - iter 24/129 - loss 0.82925705
2019-06-23 09:37:17,945 epoch 51 - iter 36/129 - loss 0.86889115
2019-06-23 09:37:23,144 epoch 51 - iter 48/129 - loss 0.89025658
2019-06-23 09:37:26,607 epoch 51 - iter 60/129 - loss 0.90082128
2019-06-23 09:37:30,528 epoch 51 - iter 72/129 - loss 0.90038369
2019-06-23 09:37:34,676 epoch 51 - iter 84/129 - loss 0.88422217
2019-06-23 09:37:38,746 epoch 51 - iter 96/129 - loss 0.89284300
2019-06-23 09:37:42,583 epoch 51 - iter 108/129 - loss 0.89018993
2019-06-23 09:37:46,396 epoch 51 - iter 120/129 - loss 0.88444612
2019-06-23 09:37:49,688 ----------------------------------------------------------------------------------------------------
2019-06-23 09:37:49,688 EPOCH 51 done: loss 0.8673 - lr 0.0016 - bad epochs 0
2019-06-23 09:38:02,523 TEST : loss 1.8266968727111816 - score 0.8073
2019-06-23 09:38:05,302 ----------------------------------------------------------------------------------------------------
2019-06-23 09:38:05,768 epoch 52 - iter 0/129 - loss 0.53298688
2019-06-23 09:38:10,811 epoch 52 - iter 12/129 - loss 0.86946593
2019-06-23 09:38:14,170 epoch 52 - iter 24/129 - loss 1.01254582
2019-06-23 09:38:18,318 epoch 52 - iter 36/129 - loss 1.02377891
2019-06-23 09:38:21,867 epoch 52 - iter 48/129 - loss 0.96680913
2019-06-23 09:38:25,727 epoch 52 - iter 60/129 - loss 0.98532802
2019-06-23 09:38:29,937 epoch 52 - iter 72/129 - loss 0.94898734
2019-06-23 09:38:35,075 epoch 52 - iter 84/129 - loss 0.94399654
2019-06-23 09:38:39,166 epoch 52 - iter 96/129 - loss 0.94027643
2019-06-23 09:38:42,813 epoch 52 - iter 108/129 - loss 0.95731958
2019-06-23 09:38:46,938 epoch 52 - iter 120/129 - loss 0.96616077
2019-06-23 09:38:49,215 ----------------------------------------------------------------------------------------------------
2019-06-23 09:38:49,216 EPOCH 52 done: loss 0.9622 - lr 0.0016 - bad epochs 1
2019-06-23 09:39:03,024 TEST : loss 1.8386350870132446 - score 0.8061
2019-06-23 09:39:05,752 ----------------------------------------------------------------------------------------------------
2019-06-23 09:39:06,298 epoch 53 - iter 0/129 - loss 0.54120970
2019-06-23 09:39:10,185 epoch 53 - iter 12/129 - loss 0.81239052
2019-06-23 09:39:14,065 epoch 53 - iter 24/129 - loss 0.81620332
2019-06-23 09:39:18,120 epoch 53 - iter 36/129 - loss 0.89935723
2019-06-23 09:39:23,059 epoch 53 - iter 48/129 - loss 0.93961427
2019-06-23 09:39:27,291 epoch 53 - iter 60/129 - loss 0.94973840
2019-06-23 09:39:31,271 epoch 53 - iter 72/129 - loss 0.92830934
2019-06-23 09:39:35,301 epoch 53 - iter 84/129 - loss 0.91611249
2019-06-23 09:39:38,750 epoch 53 - iter 96/129 - loss 0.91515925
2019-06-23 09:39:42,503 epoch 53 - iter 108/129 - loss 0.91893707
2019-06-23 09:39:47,754 epoch 53 - iter 120/129 - loss 0.90702434
2019-06-23 09:39:49,948 ----------------------------------------------------------------------------------------------------
2019-06-23 09:39:49,948 EPOCH 53 done: loss 0.8974 - lr 0.0016 - bad epochs 2
2019-06-23 09:40:03,696 TEST : loss 1.8267000913619995 - score 0.8073
2019-06-23 09:40:06,450 ----------------------------------------------------------------------------------------------------
2019-06-23 09:40:06,961 epoch 54 - iter 0/129 - loss 0.75675189
2019-06-23 09:40:11,047 epoch 54 - iter 12/129 - loss 0.80402556
2019-06-23 09:40:15,243 epoch 54 - iter 24/129 - loss 0.92384060
2019-06-23 09:40:18,980 epoch 54 - iter 36/129 - loss 0.89854921
2019-06-23 09:40:23,152 epoch 54 - iter 48/129 - loss 0.92335862
2019-06-23 09:40:26,584 epoch 54 - iter 60/129 - loss 0.90350867
2019-06-23 09:40:30,052 epoch 54 - iter 72/129 - loss 0.92446229
2019-06-23 09:40:34,953 epoch 54 - iter 84/129 - loss 0.92401380
2019-06-23 09:40:39,042 epoch 54 - iter 96/129 - loss 0.91279120
2019-06-23 09:40:43,042 epoch 54 - iter 108/129 - loss 0.92346280
2019-06-23 09:40:47,137 epoch 54 - iter 120/129 - loss 0.92138392
2019-06-23 09:40:49,825 ----------------------------------------------------------------------------------------------------
2019-06-23 09:40:49,825 EPOCH 54 done: loss 0.9164 - lr 0.0016 - bad epochs 3
2019-06-23 09:41:03,569 TEST : loss 1.8289551734924316 - score 0.8073
2019-06-23 09:41:06,328 ----------------------------------------------------------------------------------------------------
2019-06-23 09:41:06,834 epoch 55 - iter 0/129 - loss 0.82192540
2019-06-23 09:41:10,837 epoch 55 - iter 12/129 - loss 0.99246003
2019-06-23 09:41:14,425 epoch 55 - iter 24/129 - loss 0.92535830
2019-06-23 09:41:18,562 epoch 55 - iter 36/129 - loss 0.91652369
2019-06-23 09:41:23,342 epoch 55 - iter 48/129 - loss 0.96397791
2019-06-23 09:41:27,167 epoch 55 - iter 60/129 - loss 0.93342008
2019-06-23 09:41:30,888 epoch 55 - iter 72/129 - loss 0.93833190
2019-06-23 09:41:34,436 epoch 55 - iter 84/129 - loss 0.90552332
2019-06-23 09:41:38,662 epoch 55 - iter 96/129 - loss 0.91741185
2019-06-23 09:41:42,969 epoch 55 - iter 108/129 - loss 0.92082351
2019-06-23 09:41:47,900 epoch 55 - iter 120/129 - loss 0.90549839
2019-06-23 09:41:50,255 ----------------------------------------------------------------------------------------------------
2019-06-23 09:41:50,256 EPOCH 55 done: loss 0.8991 - lr 0.0008 - bad epochs 0
2019-06-23 09:42:04,044 TEST : loss 1.8240892887115479 - score 0.8077
2019-06-23 09:42:06,771 ----------------------------------------------------------------------------------------------------
2019-06-23 09:42:07,378 epoch 56 - iter 0/129 - loss 0.82888865
2019-06-23 09:42:11,283 epoch 56 - iter 12/129 - loss 0.97321777
2019-06-23 09:42:15,270 epoch 56 - iter 24/129 - loss 0.96468517
2019-06-23 09:42:19,075 epoch 56 - iter 36/129 - loss 0.91777291
2019-06-23 09:42:23,122 epoch 56 - iter 48/129 - loss 0.91647542
2019-06-23 09:42:26,824 epoch 56 - iter 60/129 - loss 0.89669971
2019-06-23 09:42:30,765 epoch 56 - iter 72/129 - loss 0.91357557
2019-06-23 09:42:35,361 epoch 56 - iter 84/129 - loss 0.87974134
2019-06-23 09:42:39,562 epoch 56 - iter 96/129 - loss 0.89423129
2019-06-23 09:42:43,426 epoch 56 - iter 108/129 - loss 0.88897302
2019-06-23 09:42:47,482 epoch 56 - iter 120/129 - loss 0.88222409
2019-06-23 09:42:49,944 ----------------------------------------------------------------------------------------------------
2019-06-23 09:42:49,944 EPOCH 56 done: loss 0.8916 - lr 0.0008 - bad epochs 1
2019-06-23 09:43:03,740 TEST : loss 1.8276772499084473 - score 0.8075
2019-06-23 09:43:06,458 ----------------------------------------------------------------------------------------------------
2019-06-23 09:43:06,902 epoch 57 - iter 0/129 - loss 1.33411872
2019-06-23 09:43:11,129 epoch 57 - iter 12/129 - loss 1.03631280
2019-06-23 09:43:15,098 epoch 57 - iter 24/129 - loss 1.00562073
2019-06-23 09:43:20,034 epoch 57 - iter 36/129 - loss 0.97009124
2019-06-23 09:43:24,016 epoch 57 - iter 48/129 - loss 0.97386065
2019-06-23 09:43:27,960 epoch 57 - iter 60/129 - loss 0.94263879
2019-06-23 09:43:31,922 epoch 57 - iter 72/129 - loss 0.92431516
2019-06-23 09:43:35,633 epoch 57 - iter 84/129 - loss 0.91126606
2019-06-23 09:43:39,152 epoch 57 - iter 96/129 - loss 0.91403059
2019-06-23 09:43:42,962 epoch 57 - iter 108/129 - loss 0.93063505
2019-06-23 09:43:47,834 epoch 57 - iter 120/129 - loss 0.93147664
2019-06-23 09:43:50,159 ----------------------------------------------------------------------------------------------------
2019-06-23 09:43:50,159 EPOCH 57 done: loss 0.9322 - lr 0.0008 - bad epochs 2
2019-06-23 09:44:03,903 TEST : loss 1.823317289352417 - score 0.8077
2019-06-23 09:44:06,635 ----------------------------------------------------------------------------------------------------
2019-06-23 09:44:07,151 epoch 58 - iter 0/129 - loss 1.11833191
2019-06-23 09:44:10,897 epoch 58 - iter 12/129 - loss 0.94407198
2019-06-23 09:44:15,119 epoch 58 - iter 24/129 - loss 0.97357228
2019-06-23 09:44:19,401 epoch 58 - iter 36/129 - loss 0.92924809
2019-06-23 09:44:23,542 epoch 58 - iter 48/129 - loss 0.90451336
2019-06-23 09:44:27,223 epoch 58 - iter 60/129 - loss 0.90553143
2019-06-23 09:44:30,959 epoch 58 - iter 72/129 - loss 0.92162231
2019-06-23 09:44:35,817 epoch 58 - iter 84/129 - loss 0.92650954
2019-06-23 09:44:39,609 epoch 58 - iter 96/129 - loss 0.90170050
2019-06-23 09:44:42,861 epoch 58 - iter 108/129 - loss 0.90137151
2019-06-23 09:44:47,181 epoch 58 - iter 120/129 - loss 0.90890799
2019-06-23 09:44:49,404 ----------------------------------------------------------------------------------------------------
2019-06-23 09:44:49,404 EPOCH 58 done: loss 0.9115 - lr 0.0008 - bad epochs 3
2019-06-23 09:45:03,252 TEST : loss 1.8264491558074951 - score 0.8072
2019-06-23 09:45:06,018 ----------------------------------------------------------------------------------------------------
2019-06-23 09:45:06,475 epoch 59 - iter 0/129 - loss 0.27419591
2019-06-23 09:45:10,220 epoch 59 - iter 12/129 - loss 0.85095700
2019-06-23 09:45:14,106 epoch 59 - iter 24/129 - loss 0.83293660
2019-06-23 09:45:18,007 epoch 59 - iter 36/129 - loss 0.87088541
2019-06-23 09:45:23,098 epoch 59 - iter 48/129 - loss 0.89305137
2019-06-23 09:45:27,438 epoch 59 - iter 60/129 - loss 0.90249560
2019-06-23 09:45:31,240 epoch 59 - iter 72/129 - loss 0.93036084
2019-06-23 09:45:35,685 epoch 59 - iter 84/129 - loss 0.92278788
2019-06-23 09:45:39,670 epoch 59 - iter 96/129 - loss 0.90755034
2019-06-23 09:45:43,254 epoch 59 - iter 108/129 - loss 0.89936562
2019-06-23 09:45:48,044 epoch 59 - iter 120/129 - loss 0.88846873
2019-06-23 09:45:50,497 ----------------------------------------------------------------------------------------------------
2019-06-23 09:45:50,497 EPOCH 59 done: loss 0.8834 - lr 0.0004 - bad epochs 0
2019-06-23 09:46:04,250 TEST : loss 1.8261239528656006 - score 0.8072
2019-06-23 09:46:06,977 ----------------------------------------------------------------------------------------------------
2019-06-23 09:46:07,534 epoch 60 - iter 0/129 - loss 1.03551793
2019-06-23 09:46:12,097 epoch 60 - iter 12/129 - loss 0.81177335
2019-06-23 09:46:15,953 epoch 60 - iter 24/129 - loss 0.86392828
2019-06-23 09:46:19,937 epoch 60 - iter 36/129 - loss 0.91852737
2019-06-23 09:46:24,187 epoch 60 - iter 48/129 - loss 0.94253049
2019-06-23 09:46:28,448 epoch 60 - iter 60/129 - loss 0.97983466
2019-06-23 09:46:33,366 epoch 60 - iter 72/129 - loss 0.96700198
2019-06-23 09:46:37,438 epoch 60 - iter 84/129 - loss 0.97446781
2019-06-23 09:46:41,116 epoch 60 - iter 96/129 - loss 0.97020365
2019-06-23 09:46:44,822 epoch 60 - iter 108/129 - loss 0.96243350
2019-06-23 09:46:48,730 epoch 60 - iter 120/129 - loss 0.94703890
2019-06-23 09:46:51,624 ----------------------------------------------------------------------------------------------------
2019-06-23 09:46:51,624 EPOCH 60 done: loss 0.9448 - lr 0.0004 - bad epochs 1
2019-06-23 09:47:05,547 TEST : loss 1.8320353031158447 - score 0.8065
2019-06-23 09:47:08,259 ----------------------------------------------------------------------------------------------------
2019-06-23 09:47:08,780 epoch 61 - iter 0/129 - loss 1.06619740
2019-06-23 09:47:13,096 epoch 61 - iter 12/129 - loss 1.01273604
2019-06-23 09:47:17,139 epoch 61 - iter 24/129 - loss 0.95497183
2019-06-23 09:47:22,079 epoch 61 - iter 36/129 - loss 0.90416900
2019-06-23 09:47:25,817 epoch 61 - iter 48/129 - loss 0.96224198
2019-06-23 09:47:29,916 epoch 61 - iter 60/129 - loss 0.95567347
2019-06-23 09:47:33,860 epoch 61 - iter 72/129 - loss 0.95949462
2019-06-23 09:47:37,774 epoch 61 - iter 84/129 - loss 0.96029230
2019-06-23 09:47:41,782 epoch 61 - iter 96/129 - loss 0.95938150
2019-06-23 09:47:45,994 epoch 61 - iter 108/129 - loss 0.94872867
2019-06-23 09:47:50,479 epoch 61 - iter 120/129 - loss 0.93990215
2019-06-23 09:47:52,944 ----------------------------------------------------------------------------------------------------
2019-06-23 09:47:52,944 EPOCH 61 done: loss 0.9493 - lr 0.0004 - bad epochs 2
2019-06-23 09:48:06,755 TEST : loss 1.8328367471694946 - score 0.8068
2019-06-23 09:48:09,515 ----------------------------------------------------------------------------------------------------
2019-06-23 09:48:09,986 epoch 62 - iter 0/129 - loss 1.68577814
2019-06-23 09:48:13,946 epoch 62 - iter 12/129 - loss 0.92199451
2019-06-23 09:48:18,132 epoch 62 - iter 24/129 - loss 0.95560080
2019-06-23 09:48:22,738 epoch 62 - iter 36/129 - loss 0.91780929
2019-06-23 09:48:26,650 epoch 62 - iter 48/129 - loss 0.90942743
2019-06-23 09:48:31,178 epoch 62 - iter 60/129 - loss 0.90674200
2019-06-23 09:48:36,253 epoch 62 - iter 72/129 - loss 0.90188803
2019-06-23 09:48:39,785 epoch 62 - iter 84/129 - loss 0.89763922
2019-06-23 09:48:43,725 epoch 62 - iter 96/129 - loss 0.89742982
2019-06-23 09:48:47,629 epoch 62 - iter 108/129 - loss 0.88665310
2019-06-23 09:48:51,679 epoch 62 - iter 120/129 - loss 0.87765449
2019-06-23 09:48:53,978 ----------------------------------------------------------------------------------------------------
2019-06-23 09:48:53,979 EPOCH 62 done: loss 0.8753 - lr 0.0004 - bad epochs 3
2019-06-23 09:49:07,717 TEST : loss 1.831264853477478 - score 0.8071
2019-06-23 09:49:10,460 ----------------------------------------------------------------------------------------------------
2019-06-23 09:49:11,016 epoch 63 - iter 0/129 - loss 0.60236144
2019-06-23 09:49:15,272 epoch 63 - iter 12/129 - loss 0.94704155
2019-06-23 09:49:19,962 epoch 63 - iter 24/129 - loss 0.92243132
2019-06-23 09:49:23,466 epoch 63 - iter 36/129 - loss 0.94108748
2019-06-23 09:49:27,359 epoch 63 - iter 48/129 - loss 0.91826140
2019-06-23 09:49:31,558 epoch 63 - iter 60/129 - loss 0.92666516
2019-06-23 09:49:35,976 epoch 63 - iter 72/129 - loss 0.91303449
2019-06-23 09:49:40,207 epoch 63 - iter 84/129 - loss 0.90143739
2019-06-23 09:49:44,062 epoch 63 - iter 96/129 - loss 0.90574384
2019-06-23 09:49:48,967 epoch 63 - iter 108/129 - loss 0.90106130
2019-06-23 09:49:53,323 epoch 63 - iter 120/129 - loss 0.91402331
2019-06-23 09:49:55,672 ----------------------------------------------------------------------------------------------------
2019-06-23 09:49:55,672 EPOCH 63 done: loss 0.9065 - lr 0.0002 - bad epochs 0
2019-06-23 09:50:09,354 TEST : loss 1.8292056322097778 - score 0.8078
2019-06-23 09:50:12,095 ----------------------------------------------------------------------------------------------------
2019-06-23 09:50:12,583 epoch 64 - iter 0/129 - loss 0.91790009
2019-06-23 09:50:16,715 epoch 64 - iter 12/129 - loss 0.81671613
2019-06-23 09:50:20,840 epoch 64 - iter 24/129 - loss 0.86816986
2019-06-23 09:50:25,058 epoch 64 - iter 36/129 - loss 0.91468701
2019-06-23 09:50:29,075 epoch 64 - iter 48/129 - loss 0.93401258
2019-06-23 09:50:33,901 epoch 64 - iter 60/129 - loss 0.93536364
2019-06-23 09:50:37,731 epoch 64 - iter 72/129 - loss 0.90815036
2019-06-23 09:50:41,663 epoch 64 - iter 84/129 - loss 0.88986434
2019-06-23 09:50:45,397 epoch 64 - iter 96/129 - loss 0.87895929
2019-06-23 09:50:48,991 epoch 64 - iter 108/129 - loss 0.88190139
2019-06-23 09:50:52,986 epoch 64 - iter 120/129 - loss 0.88354635
2019-06-23 09:50:55,655 ----------------------------------------------------------------------------------------------------
2019-06-23 09:50:55,655 EPOCH 64 done: loss 0.8828 - lr 0.0002 - bad epochs 1
2019-06-23 09:51:09,428 TEST : loss 1.8291053771972656 - score 0.8078
2019-06-23 09:51:12,156 ----------------------------------------------------------------------------------------------------
2019-06-23 09:51:12,777 epoch 65 - iter 0/129 - loss 0.48850107
2019-06-23 09:51:17,067 epoch 65 - iter 12/129 - loss 0.95643796
2019-06-23 09:51:21,717 epoch 65 - iter 24/129 - loss 0.86450447
2019-06-23 09:51:25,742 epoch 65 - iter 36/129 - loss 0.88700752
2019-06-23 09:51:29,609 epoch 65 - iter 48/129 - loss 0.91024187
2019-06-23 09:51:33,281 epoch 65 - iter 60/129 - loss 0.89622564
2019-06-23 09:51:36,934 epoch 65 - iter 72/129 - loss 0.90321842
2019-06-23 09:51:40,734 epoch 65 - iter 84/129 - loss 0.91984937
2019-06-23 09:51:44,470 epoch 65 - iter 96/129 - loss 0.91875604
2019-06-23 09:51:49,357 epoch 65 - iter 108/129 - loss 0.90524054
2019-06-23 09:51:53,388 epoch 65 - iter 120/129 - loss 0.91153113
2019-06-23 09:51:56,210 ----------------------------------------------------------------------------------------------------
2019-06-23 09:51:56,211 EPOCH 65 done: loss 0.8995 - lr 0.0002 - bad epochs 2
2019-06-23 09:52:09,985 TEST : loss 1.8271560668945312 - score 0.8076
2019-06-23 09:52:12,691 ----------------------------------------------------------------------------------------------------
2019-06-23 09:52:13,319 epoch 66 - iter 0/129 - loss 0.36375880
2019-06-23 09:52:17,304 epoch 66 - iter 12/129 - loss 0.69999393
2019-06-23 09:52:20,924 epoch 66 - iter 24/129 - loss 0.81059584
2019-06-23 09:52:25,170 epoch 66 - iter 36/129 - loss 0.83356388
2019-06-23 09:52:29,329 epoch 66 - iter 48/129 - loss 0.84280031
2019-06-23 09:52:34,486 epoch 66 - iter 60/129 - loss 0.87768118
2019-06-23 09:52:39,119 epoch 66 - iter 72/129 - loss 0.85072263
2019-06-23 09:52:42,809 epoch 66 - iter 84/129 - loss 0.86131466
2019-06-23 09:52:46,611 epoch 66 - iter 96/129 - loss 0.86658381
2019-06-23 09:52:50,721 epoch 66 - iter 108/129 - loss 0.87086475
2019-06-23 09:52:54,541 epoch 66 - iter 120/129 - loss 0.86654376
2019-06-23 09:52:56,919 ----------------------------------------------------------------------------------------------------
2019-06-23 09:52:56,919 EPOCH 66 done: loss 0.8710 - lr 0.0002 - bad epochs 3
2019-06-23 09:53:10,718 TEST : loss 1.8290172815322876 - score 0.8078
2019-06-23 09:53:13,444 ----------------------------------------------------------------------------------------------------
2019-06-23 09:53:13,444 ----------------------------------------------------------------------------------------------------
2019-06-23 09:53:13,444 learning rate too small - quitting training!
2019-06-23 09:53:13,444 ----------------------------------------------------------------------------------------------------
2019-06-23 09:53:15,889 ----------------------------------------------------------------------------------------------------
2019-06-23 09:53:15,889 Testing using best model ...
2019-06-23 09:53:29,519 0.7892	0.8272	0.8078
2019-06-23 09:53:29,519 
MICRO_AVG: acc 0.6775 - f1-score 0.8078
MACRO_AVG: acc 0.6775 - f1-score 0.8078
ITEM       tp: 2643 - fp: 706 - fn: 552 - tn: 2643 - precision: 0.7892 - recall: 0.8272 - accuracy: 0.6775 - f1-score: 0.8078
2019-06-23 09:53:29,519 ----------------------------------------------------------------------------------------------------
