2019-06-20 21:41:21,273 ----------------------------------------------------------------------------------------------------
2019-06-20 21:41:21,273 Evaluation method: MICRO_F1_SCORE
2019-06-20 21:41:21,370 ----------------------------------------------------------------------------------------------------
2019-06-20 21:41:26,204 epoch 1 - iter 0/143 - loss 0.89602256
2019-06-20 21:42:35,120 epoch 1 - iter 14/143 - loss 0.50504182
2019-06-20 21:43:44,647 epoch 1 - iter 28/143 - loss 0.47848369
2019-06-20 21:44:48,484 epoch 1 - iter 42/143 - loss 0.47718237
2019-06-20 21:45:53,358 epoch 1 - iter 56/143 - loss 0.49876860
2019-06-20 21:47:05,659 epoch 1 - iter 70/143 - loss 0.49895894
2019-06-20 21:48:15,093 epoch 1 - iter 84/143 - loss 0.47475510
2019-06-20 21:49:20,866 epoch 1 - iter 98/143 - loss 0.47245497
2019-06-20 21:50:37,801 epoch 1 - iter 112/143 - loss 0.47247920
2019-06-20 21:51:58,967 epoch 1 - iter 126/143 - loss 0.48060859
2019-06-20 21:53:11,367 epoch 1 - iter 140/143 - loss 0.48078859
2019-06-20 21:53:20,867 ----------------------------------------------------------------------------------------------------
2019-06-20 21:53:20,867 EPOCH 1 done: loss 0.4866 - lr 0.1000 - bad epochs 0
2019-06-20 21:56:46,061 TEST : loss 0.8499265313148499 - score 0.912
2019-06-20 21:56:48,627 ----------------------------------------------------------------------------------------------------
2019-06-20 21:56:55,651 epoch 2 - iter 0/143 - loss 0.34407425
2019-06-20 21:58:03,680 epoch 2 - iter 14/143 - loss 0.55168560
2019-06-20 21:59:12,315 epoch 2 - iter 28/143 - loss 0.51477761
2019-06-20 22:00:30,307 epoch 2 - iter 42/143 - loss 0.47425171
2019-06-20 22:01:35,715 epoch 2 - iter 56/143 - loss 0.47101515
2019-06-20 22:02:50,039 epoch 2 - iter 70/143 - loss 0.48073006
2019-06-20 22:03:59,081 epoch 2 - iter 84/143 - loss 0.47860443
2019-06-20 22:05:13,847 epoch 2 - iter 98/143 - loss 0.47993124
2019-06-20 22:06:19,851 epoch 2 - iter 112/143 - loss 0.49043863
2019-06-20 22:07:31,609 epoch 2 - iter 126/143 - loss 0.48360955
2019-06-20 22:08:44,537 epoch 2 - iter 140/143 - loss 0.48796817
2019-06-20 22:08:53,082 ----------------------------------------------------------------------------------------------------
2019-06-20 22:08:53,082 EPOCH 2 done: loss 0.4879 - lr 0.1000 - bad epochs 0
2019-06-20 22:12:19,365 TEST : loss 0.8818028569221497 - score 0.9141
2019-06-20 22:12:22,771 ----------------------------------------------------------------------------------------------------
2019-06-20 22:12:26,777 epoch 3 - iter 0/143 - loss 0.47804642
2019-06-20 22:13:35,643 epoch 3 - iter 14/143 - loss 0.44169777
2019-06-20 22:14:41,904 epoch 3 - iter 28/143 - loss 0.43985997
2019-06-20 22:15:56,670 epoch 3 - iter 42/143 - loss 0.46247165
2019-06-20 22:17:05,082 epoch 3 - iter 56/143 - loss 0.49207143
2019-06-20 22:18:15,204 epoch 3 - iter 70/143 - loss 0.48781652
2019-06-20 22:19:25,280 epoch 3 - iter 84/143 - loss 0.48690208
2019-06-20 22:20:42,262 epoch 3 - iter 98/143 - loss 0.49530871
2019-06-20 22:21:47,779 epoch 3 - iter 112/143 - loss 0.49128472
2019-06-20 22:22:52,240 epoch 3 - iter 126/143 - loss 0.48606648
2019-06-20 22:24:04,390 epoch 3 - iter 140/143 - loss 0.48638793
2019-06-20 22:24:10,165 ----------------------------------------------------------------------------------------------------
2019-06-20 22:24:10,165 EPOCH 3 done: loss 0.4850 - lr 0.1000 - bad epochs 1
2019-06-20 22:27:38,432 TEST : loss 0.888908326625824 - score 0.9109
2019-06-20 22:27:41,808 ----------------------------------------------------------------------------------------------------
2019-06-20 22:27:46,267 epoch 4 - iter 0/143 - loss 0.38124704
2019-06-20 22:29:05,681 epoch 4 - iter 14/143 - loss 0.49482656
2019-06-20 22:30:18,856 epoch 4 - iter 28/143 - loss 0.44855478
2019-06-20 22:31:28,404 epoch 4 - iter 42/143 - loss 0.44470937
2019-06-20 22:32:38,922 epoch 4 - iter 56/143 - loss 0.45151531
2019-06-20 22:33:44,156 epoch 4 - iter 70/143 - loss 0.45595299
2019-06-20 22:35:01,871 epoch 4 - iter 84/143 - loss 0.46798041
2019-06-20 22:36:14,712 epoch 4 - iter 98/143 - loss 0.47216603
2019-06-20 22:37:19,797 epoch 4 - iter 112/143 - loss 0.46299229
2019-06-20 22:38:26,725 epoch 4 - iter 126/143 - loss 0.45645442
2019-06-20 22:39:38,991 epoch 4 - iter 140/143 - loss 0.46194187
2019-06-20 22:39:46,395 ----------------------------------------------------------------------------------------------------
2019-06-20 22:39:46,395 EPOCH 4 done: loss 0.4586 - lr 0.1000 - bad epochs 0
2019-06-20 22:43:14,581 TEST : loss 0.8661072254180908 - score 0.9091
2019-06-20 22:43:18,022 ----------------------------------------------------------------------------------------------------
2019-06-20 22:43:23,884 epoch 5 - iter 0/143 - loss 0.51761913
2019-06-20 22:44:35,336 epoch 5 - iter 14/143 - loss 0.53853774
2019-06-20 22:45:46,596 epoch 5 - iter 28/143 - loss 0.50471651
2019-06-20 22:46:51,331 epoch 5 - iter 42/143 - loss 0.50118593
2019-06-20 22:48:13,306 epoch 5 - iter 56/143 - loss 0.49586589
2019-06-20 22:49:26,502 epoch 5 - iter 70/143 - loss 0.48924044
2019-06-20 22:50:36,970 epoch 5 - iter 84/143 - loss 0.47348327
2019-06-20 22:51:43,188 epoch 5 - iter 98/143 - loss 0.48696032
2019-06-20 22:52:59,568 epoch 5 - iter 112/143 - loss 0.49028174
2019-06-20 22:54:06,765 epoch 5 - iter 126/143 - loss 0.48565817
2019-06-20 22:55:15,823 epoch 5 - iter 140/143 - loss 0.49305048
2019-06-20 22:55:22,821 ----------------------------------------------------------------------------------------------------
2019-06-20 22:55:22,821 EPOCH 5 done: loss 0.4981 - lr 0.1000 - bad epochs 0
2019-06-20 22:58:50,186 TEST : loss 0.8703469038009644 - score 0.9181
2019-06-20 22:58:53,573 ----------------------------------------------------------------------------------------------------
2019-06-20 22:58:58,639 epoch 6 - iter 0/143 - loss 0.49606180
2019-06-20 23:00:08,741 epoch 6 - iter 14/143 - loss 0.39768880
2019-06-20 23:01:18,061 epoch 6 - iter 28/143 - loss 0.48879963
2019-06-20 23:02:26,432 epoch 6 - iter 42/143 - loss 0.50599067
2019-06-20 23:03:43,241 epoch 6 - iter 56/143 - loss 0.48183784
2019-06-20 23:04:58,708 epoch 6 - iter 70/143 - loss 0.47761132
2019-06-20 23:06:02,590 epoch 6 - iter 84/143 - loss 0.47898830
2019-06-20 23:07:13,093 epoch 6 - iter 98/143 - loss 0.48327961
2019-06-20 23:08:26,822 epoch 6 - iter 112/143 - loss 0.48885993
2019-06-20 23:09:39,926 epoch 6 - iter 126/143 - loss 0.48695230
2019-06-20 23:10:50,388 epoch 6 - iter 140/143 - loss 0.47989230
2019-06-20 23:10:55,419 ----------------------------------------------------------------------------------------------------
2019-06-20 23:10:55,419 EPOCH 6 done: loss 0.4760 - lr 0.1000 - bad epochs 1
2019-06-20 23:14:22,921 TEST : loss 0.8549767136573792 - score 0.9126
2019-06-20 23:14:26,255 ----------------------------------------------------------------------------------------------------
2019-06-20 23:14:31,766 epoch 7 - iter 0/143 - loss 0.83065510
2019-06-20 23:15:47,478 epoch 7 - iter 14/143 - loss 0.46021787
2019-06-20 23:16:57,708 epoch 7 - iter 28/143 - loss 0.49761046
2019-06-20 23:18:07,063 epoch 7 - iter 42/143 - loss 0.49671125
2019-06-20 23:19:16,303 epoch 7 - iter 56/143 - loss 0.48422097
2019-06-20 23:20:33,420 epoch 7 - iter 70/143 - loss 0.49289059
2019-06-20 23:21:37,086 epoch 7 - iter 84/143 - loss 0.49363648
2019-06-20 23:22:46,429 epoch 7 - iter 98/143 - loss 0.48354557
2019-06-20 23:24:01,849 epoch 7 - iter 112/143 - loss 0.50016106
2019-06-20 23:25:18,472 epoch 7 - iter 126/143 - loss 0.50566938
2019-06-20 23:26:30,364 epoch 7 - iter 140/143 - loss 0.49120412
2019-06-20 23:26:35,953 ----------------------------------------------------------------------------------------------------
2019-06-20 23:26:35,954 EPOCH 7 done: loss 0.4900 - lr 0.1000 - bad epochs 2
2019-06-20 23:30:03,881 TEST : loss 0.9482232332229614 - score 0.9054
2019-06-20 23:30:07,215 ----------------------------------------------------------------------------------------------------
2019-06-20 23:30:14,336 epoch 8 - iter 0/143 - loss 0.68530071
2019-06-20 23:31:19,878 epoch 8 - iter 14/143 - loss 0.42001470
2019-06-20 23:32:34,704 epoch 8 - iter 28/143 - loss 0.46369936
2019-06-20 23:33:51,463 epoch 8 - iter 42/143 - loss 0.49433458
2019-06-20 23:34:55,624 epoch 8 - iter 56/143 - loss 0.48221542
2019-06-20 23:36:01,079 epoch 8 - iter 70/143 - loss 0.48329252
2019-06-20 23:37:15,861 epoch 8 - iter 84/143 - loss 0.48179171
2019-06-20 23:38:31,832 epoch 8 - iter 98/143 - loss 0.47642353
2019-06-20 23:39:37,776 epoch 8 - iter 112/143 - loss 0.46533405
2019-06-20 23:40:43,401 epoch 8 - iter 126/143 - loss 0.46722839
2019-06-20 23:41:51,717 epoch 8 - iter 140/143 - loss 0.47192622
2019-06-20 23:41:58,275 ----------------------------------------------------------------------------------------------------
2019-06-20 23:41:58,276 EPOCH 8 done: loss 0.4758 - lr 0.1000 - bad epochs 3
2019-06-20 23:45:24,466 TEST : loss 0.8771135807037354 - score 0.9145
2019-06-20 23:45:27,844 ----------------------------------------------------------------------------------------------------
2019-06-20 23:45:34,562 epoch 9 - iter 0/143 - loss 0.21670914
2019-06-20 23:46:50,981 epoch 9 - iter 14/143 - loss 0.38772790
2019-06-20 23:47:55,561 epoch 9 - iter 28/143 - loss 0.41419460
2019-06-20 23:49:07,687 epoch 9 - iter 42/143 - loss 0.45506973
2019-06-20 23:50:13,288 epoch 9 - iter 56/143 - loss 0.44106533
2019-06-20 23:51:30,942 epoch 9 - iter 70/143 - loss 0.45412272
2019-06-20 23:52:43,106 epoch 9 - iter 84/143 - loss 0.47686948
2019-06-20 23:53:49,535 epoch 9 - iter 98/143 - loss 0.48137000
2019-06-20 23:54:58,882 epoch 9 - iter 112/143 - loss 0.46959070
2019-06-20 23:56:12,174 epoch 9 - iter 126/143 - loss 0.46499288
2019-06-20 23:57:26,010 epoch 9 - iter 140/143 - loss 0.45432956
2019-06-20 23:57:34,453 ----------------------------------------------------------------------------------------------------
2019-06-20 23:57:34,453 EPOCH 9 done: loss 0.4602 - lr 0.0500 - bad epochs 0
2019-06-21 00:01:00,623 TEST : loss 0.8557378649711609 - score 0.916
2019-06-21 00:01:04,036 ----------------------------------------------------------------------------------------------------
2019-06-21 00:01:09,349 epoch 10 - iter 0/143 - loss 0.95892477
2019-06-21 00:02:25,962 epoch 10 - iter 14/143 - loss 0.46687156
2019-06-21 00:03:26,650 epoch 10 - iter 28/143 - loss 0.48535905
2019-06-21 00:04:32,527 epoch 10 - iter 42/143 - loss 0.50823382
2019-06-21 00:05:54,809 epoch 10 - iter 56/143 - loss 0.47479737
2019-06-21 00:07:01,505 epoch 10 - iter 70/143 - loss 0.47735860
2019-06-21 00:08:12,117 epoch 10 - iter 84/143 - loss 0.47818508
2019-06-21 00:09:21,369 epoch 10 - iter 98/143 - loss 0.49939919
2019-06-21 00:10:28,437 epoch 10 - iter 112/143 - loss 0.51167592
2019-06-21 00:11:33,098 epoch 10 - iter 126/143 - loss 0.50686109
2019-06-21 00:12:51,226 epoch 10 - iter 140/143 - loss 0.50780455
2019-06-21 00:12:57,121 ----------------------------------------------------------------------------------------------------
2019-06-21 00:12:57,122 EPOCH 10 done: loss 0.5077 - lr 0.0500 - bad epochs 1
2019-06-21 00:16:22,351 TEST : loss 0.8883274793624878 - score 0.9148
2019-06-21 00:16:25,749 ----------------------------------------------------------------------------------------------------
2019-06-21 00:16:29,234 epoch 11 - iter 0/143 - loss 0.14447308
2019-06-21 00:17:38,665 epoch 11 - iter 14/143 - loss 0.38898005
2019-06-21 00:19:01,644 epoch 11 - iter 28/143 - loss 0.39303955
2019-06-21 00:20:03,321 epoch 11 - iter 42/143 - loss 0.42467076
2019-06-21 00:21:09,027 epoch 11 - iter 56/143 - loss 0.42632167
2019-06-21 00:22:27,713 epoch 11 - iter 70/143 - loss 0.44518940
2019-06-21 00:23:30,599 epoch 11 - iter 84/143 - loss 0.43890744
2019-06-21 00:24:42,191 epoch 11 - iter 98/143 - loss 0.43873484
2019-06-21 00:25:56,052 epoch 11 - iter 112/143 - loss 0.44540116
2019-06-21 00:27:02,088 epoch 11 - iter 126/143 - loss 0.43226327
2019-06-21 00:28:18,257 epoch 11 - iter 140/143 - loss 0.44673736
2019-06-21 00:28:27,463 ----------------------------------------------------------------------------------------------------
2019-06-21 00:28:27,463 EPOCH 11 done: loss 0.4472 - lr 0.0500 - bad epochs 2
2019-06-21 00:31:53,942 TEST : loss 0.8756946921348572 - score 0.9143
2019-06-21 00:31:57,352 ----------------------------------------------------------------------------------------------------
2019-06-21 00:32:01,207 epoch 12 - iter 0/143 - loss 0.51432633
2019-06-21 00:33:13,831 epoch 12 - iter 14/143 - loss 0.52838417
2019-06-21 00:34:23,247 epoch 12 - iter 28/143 - loss 0.49388711
2019-06-21 00:35:27,560 epoch 12 - iter 42/143 - loss 0.45338963
2019-06-21 00:36:42,301 epoch 12 - iter 56/143 - loss 0.46214416
2019-06-21 00:37:53,614 epoch 12 - iter 70/143 - loss 0.45087437
2019-06-21 00:38:59,808 epoch 12 - iter 84/143 - loss 0.44424625
2019-06-21 00:40:11,895 epoch 12 - iter 98/143 - loss 0.43921572
2019-06-21 00:41:30,005 epoch 12 - iter 112/143 - loss 0.45001506
2019-06-21 00:42:41,344 epoch 12 - iter 126/143 - loss 0.45270062
2019-06-21 00:43:55,574 epoch 12 - iter 140/143 - loss 0.45323062
2019-06-21 00:44:03,616 ----------------------------------------------------------------------------------------------------
2019-06-21 00:44:03,617 EPOCH 12 done: loss 0.4515 - lr 0.0500 - bad epochs 0
2019-06-21 00:47:31,150 TEST : loss 0.907670259475708 - score 0.912
2019-06-21 00:47:34,526 ----------------------------------------------------------------------------------------------------
2019-06-21 00:47:43,428 epoch 13 - iter 0/143 - loss 0.39753318
2019-06-21 00:48:48,553 epoch 13 - iter 14/143 - loss 0.39899406
2019-06-21 00:50:00,792 epoch 13 - iter 28/143 - loss 0.40973700
2019-06-21 00:51:08,953 epoch 13 - iter 42/143 - loss 0.39197177
2019-06-21 00:52:07,161 epoch 13 - iter 56/143 - loss 0.39860453
2019-06-21 00:53:16,492 epoch 13 - iter 70/143 - loss 0.42534034
2019-06-21 00:54:24,458 epoch 13 - iter 84/143 - loss 0.42929762
2019-06-21 00:55:40,893 epoch 13 - iter 98/143 - loss 0.45515922
2019-06-21 00:56:52,188 epoch 13 - iter 112/143 - loss 0.46061771
2019-06-21 00:58:09,978 epoch 13 - iter 126/143 - loss 0.47834392
2019-06-21 00:59:19,098 epoch 13 - iter 140/143 - loss 0.46929169
2019-06-21 00:59:25,330 ----------------------------------------------------------------------------------------------------
2019-06-21 00:59:25,331 EPOCH 13 done: loss 0.4685 - lr 0.0500 - bad epochs 1
2019-06-21 01:02:51,888 TEST : loss 0.9053458571434021 - score 0.9116
2019-06-21 01:02:55,218 ----------------------------------------------------------------------------------------------------
2019-06-21 01:02:59,517 epoch 14 - iter 0/143 - loss 0.49210691
2019-06-21 01:04:04,622 epoch 14 - iter 14/143 - loss 0.38967637
2019-06-21 01:05:15,266 epoch 14 - iter 28/143 - loss 0.39671386
2019-06-21 01:06:26,058 epoch 14 - iter 42/143 - loss 0.41482094
2019-06-21 01:07:47,778 epoch 14 - iter 56/143 - loss 0.42484681
2019-06-21 01:09:03,247 epoch 14 - iter 70/143 - loss 0.43503391
2019-06-21 01:10:11,143 epoch 14 - iter 84/143 - loss 0.44834870
2019-06-21 01:11:29,808 epoch 14 - iter 98/143 - loss 0.44629353
2019-06-21 01:12:42,470 epoch 14 - iter 112/143 - loss 0.44028756
2019-06-21 01:13:55,884 epoch 14 - iter 126/143 - loss 0.43776850
2019-06-21 01:14:58,968 epoch 14 - iter 140/143 - loss 0.42741624
2019-06-21 01:15:05,109 ----------------------------------------------------------------------------------------------------
2019-06-21 01:15:05,109 EPOCH 14 done: loss 0.4250 - lr 0.0500 - bad epochs 2
2019-06-21 01:18:32,954 TEST : loss 0.9002143740653992 - score 0.9122
2019-06-21 01:18:36,305 ----------------------------------------------------------------------------------------------------
2019-06-21 01:18:43,761 epoch 15 - iter 0/143 - loss 0.62149072
2019-06-21 01:20:08,677 epoch 15 - iter 14/143 - loss 0.41164386
2019-06-21 01:21:19,427 epoch 15 - iter 28/143 - loss 0.42728061
2019-06-21 01:22:23,134 epoch 15 - iter 42/143 - loss 0.41964890
2019-06-21 01:23:32,892 epoch 15 - iter 56/143 - loss 0.43831634
2019-06-21 01:24:52,801 epoch 15 - iter 70/143 - loss 0.42455561
2019-06-21 01:25:58,025 epoch 15 - iter 84/143 - loss 0.42420870
2019-06-21 01:27:04,499 epoch 15 - iter 98/143 - loss 0.43460871
2019-06-21 01:28:13,798 epoch 15 - iter 112/143 - loss 0.43197699
2019-06-21 01:29:14,930 epoch 15 - iter 126/143 - loss 0.42799660
2019-06-21 01:30:24,309 epoch 15 - iter 140/143 - loss 0.43074150
2019-06-21 01:30:31,793 ----------------------------------------------------------------------------------------------------
2019-06-21 01:30:31,793 EPOCH 15 done: loss 0.4354 - lr 0.0500 - bad epochs 0
2019-06-21 01:33:58,188 TEST : loss 0.8887453675270081 - score 0.9115
2019-06-21 01:34:01,593 ----------------------------------------------------------------------------------------------------
2019-06-21 01:34:05,671 epoch 16 - iter 0/143 - loss 0.34321117
2019-06-21 01:35:22,624 epoch 16 - iter 14/143 - loss 0.41576706
2019-06-21 01:36:23,513 epoch 16 - iter 28/143 - loss 0.43657162
2019-06-21 01:37:33,460 epoch 16 - iter 42/143 - loss 0.41562988
2019-06-21 01:38:42,631 epoch 16 - iter 56/143 - loss 0.41141760
2019-06-21 01:39:53,048 epoch 16 - iter 70/143 - loss 0.43957076
2019-06-21 01:41:08,804 epoch 16 - iter 84/143 - loss 0.44621383
2019-06-21 01:42:12,377 epoch 16 - iter 98/143 - loss 0.44898110
2019-06-21 01:43:21,751 epoch 16 - iter 112/143 - loss 0.44851006
2019-06-21 01:44:38,484 epoch 16 - iter 126/143 - loss 0.44631010
2019-06-21 01:45:49,684 epoch 16 - iter 140/143 - loss 0.44952408
2019-06-21 01:45:56,695 ----------------------------------------------------------------------------------------------------
2019-06-21 01:45:56,695 EPOCH 16 done: loss 0.4519 - lr 0.0500 - bad epochs 1
2019-06-21 01:49:22,487 TEST : loss 0.8938663601875305 - score 0.9113
2019-06-21 01:49:25,880 ----------------------------------------------------------------------------------------------------
2019-06-21 01:49:32,772 epoch 17 - iter 0/143 - loss 0.70044017
2019-06-21 01:50:50,134 epoch 17 - iter 14/143 - loss 0.33341603
2019-06-21 01:51:57,535 epoch 17 - iter 28/143 - loss 0.40425830
2019-06-21 01:53:11,483 epoch 17 - iter 42/143 - loss 0.40336022
2019-06-21 01:54:22,855 epoch 17 - iter 56/143 - loss 0.40031490
2019-06-21 01:55:34,171 epoch 17 - iter 70/143 - loss 0.40838023
2019-06-21 01:56:51,028 epoch 17 - iter 84/143 - loss 0.41218613
2019-06-21 01:57:56,784 epoch 17 - iter 98/143 - loss 0.41871631
2019-06-21 01:59:15,012 epoch 17 - iter 112/143 - loss 0.42395689
2019-06-21 02:00:23,137 epoch 17 - iter 126/143 - loss 0.42440006
2019-06-21 02:01:33,254 epoch 17 - iter 140/143 - loss 0.42447447
2019-06-21 02:01:38,901 ----------------------------------------------------------------------------------------------------
2019-06-21 02:01:38,901 EPOCH 17 done: loss 0.4277 - lr 0.0500 - bad epochs 2
2019-06-21 02:05:07,132 TEST : loss 0.9101533889770508 - score 0.9091
2019-06-21 02:05:10,479 ----------------------------------------------------------------------------------------------------
2019-06-21 02:05:15,039 epoch 18 - iter 0/143 - loss 0.35772061
2019-06-21 02:06:21,112 epoch 18 - iter 14/143 - loss 0.37886924
2019-06-21 02:07:31,791 epoch 18 - iter 28/143 - loss 0.38646695
2019-06-21 02:08:37,818 epoch 18 - iter 42/143 - loss 0.40772096
2019-06-21 02:09:55,008 epoch 18 - iter 56/143 - loss 0.40008202
2019-06-21 02:11:12,552 epoch 18 - iter 70/143 - loss 0.38738905
2019-06-21 02:12:24,002 epoch 18 - iter 84/143 - loss 0.39677318
2019-06-21 02:13:37,865 epoch 18 - iter 98/143 - loss 0.41210908
2019-06-21 02:14:45,953 epoch 18 - iter 112/143 - loss 0.41580656
2019-06-21 02:15:55,196 epoch 18 - iter 126/143 - loss 0.41225370
2019-06-21 02:17:03,218 epoch 18 - iter 140/143 - loss 0.40938067
2019-06-21 02:17:13,998 ----------------------------------------------------------------------------------------------------
2019-06-21 02:17:13,998 EPOCH 18 done: loss 0.4109 - lr 0.0500 - bad epochs 3
2019-06-21 02:20:41,410 TEST : loss 0.8850366473197937 - score 0.9115
2019-06-21 02:20:44,762 ----------------------------------------------------------------------------------------------------
2019-06-21 02:20:49,184 epoch 19 - iter 0/143 - loss 0.40982318
2019-06-21 02:21:59,880 epoch 19 - iter 14/143 - loss 0.43591073
2019-06-21 02:23:08,505 epoch 19 - iter 28/143 - loss 0.44082722
2019-06-21 02:24:20,149 epoch 19 - iter 42/143 - loss 0.44228211
2019-06-21 02:25:26,693 epoch 19 - iter 56/143 - loss 0.42346811
2019-06-21 02:26:38,052 epoch 19 - iter 70/143 - loss 0.42333611
2019-06-21 02:27:46,787 epoch 19 - iter 84/143 - loss 0.44165483
2019-06-21 02:29:02,572 epoch 19 - iter 98/143 - loss 0.44996931
2019-06-21 02:30:22,280 epoch 19 - iter 112/143 - loss 0.44606667
2019-06-21 02:31:27,752 epoch 19 - iter 126/143 - loss 0.43940796
2019-06-21 02:32:28,071 epoch 19 - iter 140/143 - loss 0.43161028
2019-06-21 02:32:34,796 ----------------------------------------------------------------------------------------------------
2019-06-21 02:32:34,797 EPOCH 19 done: loss 0.4313 - lr 0.0500 - bad epochs 0
2019-06-21 02:36:01,785 TEST : loss 0.9157103896141052 - score 0.9122
2019-06-21 02:36:05,152 ----------------------------------------------------------------------------------------------------
2019-06-21 02:36:09,608 epoch 20 - iter 0/143 - loss 0.21452618
2019-06-21 02:37:11,504 epoch 20 - iter 14/143 - loss 0.35857536
2019-06-21 02:38:26,041 epoch 20 - iter 28/143 - loss 0.37087072
2019-06-21 02:39:37,160 epoch 20 - iter 42/143 - loss 0.37957002
2019-06-21 02:40:51,342 epoch 20 - iter 56/143 - loss 0.38520276
2019-06-21 02:42:04,052 epoch 20 - iter 70/143 - loss 0.38988274
2019-06-21 02:43:20,525 epoch 20 - iter 84/143 - loss 0.40357673
2019-06-21 02:44:25,283 epoch 20 - iter 98/143 - loss 0.41649109
2019-06-21 02:45:40,859 epoch 20 - iter 112/143 - loss 0.43204812
2019-06-21 02:46:39,558 epoch 20 - iter 126/143 - loss 0.42241450
2019-06-21 02:47:53,727 epoch 20 - iter 140/143 - loss 0.42203754
2019-06-21 02:48:00,415 ----------------------------------------------------------------------------------------------------
2019-06-21 02:48:00,415 EPOCH 20 done: loss 0.4211 - lr 0.0500 - bad epochs 1
2019-06-21 02:51:29,851 TEST : loss 0.8954789042472839 - score 0.9086
2019-06-21 02:51:33,186 ----------------------------------------------------------------------------------------------------
2019-06-21 02:51:38,799 epoch 21 - iter 0/143 - loss 0.61838984
2019-06-21 02:52:49,195 epoch 21 - iter 14/143 - loss 0.46441124
2019-06-21 02:53:53,389 epoch 21 - iter 28/143 - loss 0.47210839
2019-06-21 02:55:04,683 epoch 21 - iter 42/143 - loss 0.43996073
2019-06-21 02:56:25,360 epoch 21 - iter 56/143 - loss 0.44232071
2019-06-21 02:57:32,401 epoch 21 - iter 70/143 - loss 0.43606111
2019-06-21 02:58:37,041 epoch 21 - iter 84/143 - loss 0.42652600
2019-06-21 02:59:47,872 epoch 21 - iter 98/143 - loss 0.43254258
2019-06-21 03:01:07,629 epoch 21 - iter 112/143 - loss 0.43708372
2019-06-21 03:02:10,466 epoch 21 - iter 126/143 - loss 0.42644188
2019-06-21 03:03:26,398 epoch 21 - iter 140/143 - loss 0.42552933
2019-06-21 03:03:36,734 ----------------------------------------------------------------------------------------------------
2019-06-21 03:03:36,735 EPOCH 21 done: loss 0.4260 - lr 0.0500 - bad epochs 2
2019-06-21 03:07:03,753 TEST : loss 0.9062131643295288 - score 0.9149
2019-06-21 03:07:07,115 ----------------------------------------------------------------------------------------------------
2019-06-21 03:07:11,367 epoch 22 - iter 0/143 - loss 0.59645748
2019-06-21 03:08:13,779 epoch 22 - iter 14/143 - loss 0.49259605
2019-06-21 03:09:29,816 epoch 22 - iter 28/143 - loss 0.45084797
2019-06-21 03:10:42,269 epoch 22 - iter 42/143 - loss 0.45089525
2019-06-21 03:11:50,095 epoch 22 - iter 56/143 - loss 0.44726709
2019-06-21 03:12:59,255 epoch 22 - iter 70/143 - loss 0.44448827
2019-06-21 03:14:19,357 epoch 22 - iter 84/143 - loss 0.45767187
2019-06-21 03:15:28,925 epoch 22 - iter 98/143 - loss 0.44339048
2019-06-21 03:16:37,029 epoch 22 - iter 112/143 - loss 0.43716435
2019-06-21 03:17:56,955 epoch 22 - iter 126/143 - loss 0.43613619
2019-06-21 03:18:55,198 epoch 22 - iter 140/143 - loss 0.42656395
2019-06-21 03:19:02,149 ----------------------------------------------------------------------------------------------------
2019-06-21 03:19:02,149 EPOCH 22 done: loss 0.4395 - lr 0.0500 - bad epochs 3
2019-06-21 03:22:28,548 TEST : loss 0.9186762571334839 - score 0.9139
2019-06-21 03:22:31,939 ----------------------------------------------------------------------------------------------------
2019-06-21 03:22:40,793 epoch 23 - iter 0/143 - loss 0.29476261
2019-06-21 03:23:51,697 epoch 23 - iter 14/143 - loss 0.43885589
2019-06-21 03:25:03,518 epoch 23 - iter 28/143 - loss 0.44783808
2019-06-21 03:26:15,888 epoch 23 - iter 42/143 - loss 0.42362573
2019-06-21 03:27:32,513 epoch 23 - iter 56/143 - loss 0.40601165
2019-06-21 03:28:46,994 epoch 23 - iter 70/143 - loss 0.40117582
2019-06-21 03:29:56,695 epoch 23 - iter 84/143 - loss 0.39785750
2019-06-21 03:31:06,967 epoch 23 - iter 98/143 - loss 0.40195347
2019-06-21 03:32:11,489 epoch 23 - iter 112/143 - loss 0.40974478
2019-06-21 03:33:10,453 epoch 23 - iter 126/143 - loss 0.40157729
2019-06-21 03:34:17,863 epoch 23 - iter 140/143 - loss 0.38677935
2019-06-21 03:34:26,537 ----------------------------------------------------------------------------------------------------
2019-06-21 03:34:26,537 EPOCH 23 done: loss 0.3879 - lr 0.0250 - bad epochs 0
2019-06-21 03:37:52,841 TEST : loss 0.9153792262077332 - score 0.9136
2019-06-21 03:37:56,230 ----------------------------------------------------------------------------------------------------
2019-06-21 03:38:03,690 epoch 24 - iter 0/143 - loss 0.95516992
2019-06-21 03:39:14,032 epoch 24 - iter 14/143 - loss 0.55745428
2019-06-21 03:40:29,901 epoch 24 - iter 28/143 - loss 0.52177625
2019-06-21 03:41:27,245 epoch 24 - iter 42/143 - loss 0.49293799
2019-06-21 03:42:36,136 epoch 24 - iter 56/143 - loss 0.49173067
2019-06-21 03:43:50,988 epoch 24 - iter 70/143 - loss 0.48878931
2019-06-21 03:44:56,960 epoch 24 - iter 84/143 - loss 0.47134097
2019-06-21 03:46:09,586 epoch 24 - iter 98/143 - loss 0.45224091
2019-06-21 03:47:11,503 epoch 24 - iter 112/143 - loss 0.44067825
2019-06-21 03:48:24,618 epoch 24 - iter 126/143 - loss 0.42522911
2019-06-21 03:49:34,360 epoch 24 - iter 140/143 - loss 0.41946567
2019-06-21 03:49:43,118 ----------------------------------------------------------------------------------------------------
2019-06-21 03:49:43,118 EPOCH 24 done: loss 0.4182 - lr 0.0250 - bad epochs 0
2019-06-21 03:53:09,544 TEST : loss 0.918607771396637 - score 0.913
2019-06-21 03:53:12,902 ----------------------------------------------------------------------------------------------------
2019-06-21 03:53:18,624 epoch 25 - iter 0/143 - loss 0.50245762
2019-06-21 03:54:25,791 epoch 25 - iter 14/143 - loss 0.27514563
2019-06-21 03:55:40,282 epoch 25 - iter 28/143 - loss 0.33052790
2019-06-21 03:56:56,292 epoch 25 - iter 42/143 - loss 0.33402094
2019-06-21 03:58:07,868 epoch 25 - iter 56/143 - loss 0.35701589
2019-06-21 03:59:19,392 epoch 25 - iter 70/143 - loss 0.35552191
2019-06-21 04:00:26,301 epoch 25 - iter 84/143 - loss 0.36984008
2019-06-21 04:01:40,110 epoch 25 - iter 98/143 - loss 0.35783892
2019-06-21 04:02:48,537 epoch 25 - iter 112/143 - loss 0.35565599
2019-06-21 04:04:02,899 epoch 25 - iter 126/143 - loss 0.35656250
2019-06-21 04:05:09,557 epoch 25 - iter 140/143 - loss 0.35776113
2019-06-21 04:05:16,306 ----------------------------------------------------------------------------------------------------
2019-06-21 04:05:16,307 EPOCH 25 done: loss 0.3589 - lr 0.0250 - bad epochs 1
2019-06-21 04:08:43,112 TEST : loss 0.9175713062286377 - score 0.9158
2019-06-21 04:08:46,462 ----------------------------------------------------------------------------------------------------
2019-06-21 04:08:50,592 epoch 26 - iter 0/143 - loss 0.24485064
2019-06-21 04:10:17,434 epoch 26 - iter 14/143 - loss 0.33744322
2019-06-21 04:11:31,762 epoch 26 - iter 28/143 - loss 0.35935266
2019-06-21 04:12:34,993 epoch 26 - iter 42/143 - loss 0.37942308
2019-06-21 04:13:43,039 epoch 26 - iter 56/143 - loss 0.40158598
2019-06-21 04:14:48,307 epoch 26 - iter 70/143 - loss 0.41777405
2019-06-21 04:16:00,097 epoch 26 - iter 84/143 - loss 0.39961912
2019-06-21 04:17:13,442 epoch 26 - iter 98/143 - loss 0.40301074
2019-06-21 04:18:21,935 epoch 26 - iter 112/143 - loss 0.40082214
2019-06-21 04:19:36,950 epoch 26 - iter 126/143 - loss 0.39735808
2019-06-21 04:20:39,376 epoch 26 - iter 140/143 - loss 0.40769804
2019-06-21 04:20:45,622 ----------------------------------------------------------------------------------------------------
2019-06-21 04:20:45,622 EPOCH 26 done: loss 0.4116 - lr 0.0250 - bad epochs 0
2019-06-21 04:24:12,529 TEST : loss 0.9257987141609192 - score 0.9128
2019-06-21 04:24:15,898 ----------------------------------------------------------------------------------------------------
2019-06-21 04:24:21,125 epoch 27 - iter 0/143 - loss 0.39512277
2019-06-21 04:25:42,504 epoch 27 - iter 14/143 - loss 0.42343646
2019-06-21 04:26:41,393 epoch 27 - iter 28/143 - loss 0.40816173
2019-06-21 04:27:58,847 epoch 27 - iter 42/143 - loss 0.41031629
2019-06-21 04:29:11,077 epoch 27 - iter 56/143 - loss 0.40497385
2019-06-21 04:30:20,551 epoch 27 - iter 70/143 - loss 0.38820460
2019-06-21 04:31:30,911 epoch 27 - iter 84/143 - loss 0.37954232
2019-06-21 04:32:34,806 epoch 27 - iter 98/143 - loss 0.36637349
2019-06-21 04:33:42,669 epoch 27 - iter 112/143 - loss 0.37925538
2019-06-21 04:34:52,943 epoch 27 - iter 126/143 - loss 0.37396791
2019-06-21 04:36:02,761 epoch 27 - iter 140/143 - loss 0.37269535
2019-06-21 04:36:13,626 ----------------------------------------------------------------------------------------------------
2019-06-21 04:36:13,626 EPOCH 27 done: loss 0.3713 - lr 0.0250 - bad epochs 1
2019-06-21 04:39:40,645 TEST : loss 0.932881772518158 - score 0.9116
2019-06-21 04:39:44,002 ----------------------------------------------------------------------------------------------------
2019-06-21 04:39:48,071 epoch 28 - iter 0/143 - loss 0.31078339
2019-06-21 04:40:59,567 epoch 28 - iter 14/143 - loss 0.41946382
2019-06-21 04:42:25,274 epoch 28 - iter 28/143 - loss 0.37897929
2019-06-21 04:43:41,288 epoch 28 - iter 42/143 - loss 0.39637392
2019-06-21 04:44:55,460 epoch 28 - iter 56/143 - loss 0.38099220
2019-06-21 04:46:05,838 epoch 28 - iter 70/143 - loss 0.37807575
2019-06-21 04:47:10,820 epoch 28 - iter 84/143 - loss 0.37769616
2019-06-21 04:48:16,053 epoch 28 - iter 98/143 - loss 0.36357866
2019-06-21 04:49:31,364 epoch 28 - iter 112/143 - loss 0.38040709
2019-06-21 04:50:34,023 epoch 28 - iter 126/143 - loss 0.39371284
2019-06-21 04:51:37,984 epoch 28 - iter 140/143 - loss 0.39682485
2019-06-21 04:51:43,857 ----------------------------------------------------------------------------------------------------
2019-06-21 04:51:43,857 EPOCH 28 done: loss 0.3950 - lr 0.0250 - bad epochs 2
2019-06-21 04:55:11,975 TEST : loss 0.9394547939300537 - score 0.912
2019-06-21 04:55:15,356 ----------------------------------------------------------------------------------------------------
2019-06-21 04:55:19,235 epoch 29 - iter 0/143 - loss 0.27860641
2019-06-21 04:56:35,820 epoch 29 - iter 14/143 - loss 0.33298140
2019-06-21 04:57:51,565 epoch 29 - iter 28/143 - loss 0.37140768
2019-06-21 04:58:51,908 epoch 29 - iter 42/143 - loss 0.37471266
2019-06-21 05:00:03,704 epoch 29 - iter 56/143 - loss 0.36282431
2019-06-21 05:01:09,550 epoch 29 - iter 70/143 - loss 0.38953036
2019-06-21 05:02:19,356 epoch 29 - iter 84/143 - loss 0.41247901
2019-06-21 05:03:33,393 epoch 29 - iter 98/143 - loss 0.41579199
2019-06-21 05:04:47,487 epoch 29 - iter 112/143 - loss 0.41701427
2019-06-21 05:06:01,143 epoch 29 - iter 126/143 - loss 0.42291884
2019-06-21 05:07:19,901 epoch 29 - iter 140/143 - loss 0.41679865
2019-06-21 05:07:25,874 ----------------------------------------------------------------------------------------------------
2019-06-21 05:07:25,874 EPOCH 29 done: loss 0.4189 - lr 0.0250 - bad epochs 3
2019-06-21 05:10:52,517 TEST : loss 0.9152101278305054 - score 0.9135
2019-06-21 05:10:55,923 ----------------------------------------------------------------------------------------------------
2019-06-21 05:11:04,388 epoch 30 - iter 0/143 - loss 0.13533974
2019-06-21 05:12:14,557 epoch 30 - iter 14/143 - loss 0.39865377
2019-06-21 05:13:18,445 epoch 30 - iter 28/143 - loss 0.38762474
2019-06-21 05:14:33,632 epoch 30 - iter 42/143 - loss 0.38031655
2019-06-21 05:15:39,336 epoch 30 - iter 56/143 - loss 0.38023883
2019-06-21 05:16:51,404 epoch 30 - iter 70/143 - loss 0.40784059
2019-06-21 05:18:06,998 epoch 30 - iter 84/143 - loss 0.40469357
2019-06-21 05:19:11,442 epoch 30 - iter 98/143 - loss 0.38735337
2019-06-21 05:20:28,793 epoch 30 - iter 112/143 - loss 0.38290610
2019-06-21 05:21:39,265 epoch 30 - iter 126/143 - loss 0.38568038
2019-06-21 05:22:50,130 epoch 30 - iter 140/143 - loss 0.38955710
2019-06-21 05:22:58,015 ----------------------------------------------------------------------------------------------------
2019-06-21 05:22:58,015 EPOCH 30 done: loss 0.3923 - lr 0.0125 - bad epochs 0
2019-06-21 05:26:24,637 TEST : loss 0.9202307462692261 - score 0.9123
2019-06-21 05:26:28,028 ----------------------------------------------------------------------------------------------------
2019-06-21 05:26:36,334 epoch 31 - iter 0/143 - loss 0.30551529
2019-06-21 05:27:44,648 epoch 31 - iter 14/143 - loss 0.37943528
2019-06-21 05:28:56,131 epoch 31 - iter 28/143 - loss 0.39676403
2019-06-21 05:30:03,289 epoch 31 - iter 42/143 - loss 0.37445894
2019-06-21 05:31:17,149 epoch 31 - iter 56/143 - loss 0.38984707
2019-06-21 05:32:24,472 epoch 31 - iter 70/143 - loss 0.38035185
2019-06-21 05:33:43,107 epoch 31 - iter 84/143 - loss 0.39165013
2019-06-21 05:34:51,451 epoch 31 - iter 98/143 - loss 0.38225105
2019-06-21 05:36:07,572 epoch 31 - iter 112/143 - loss 0.38409930
2019-06-21 05:37:09,505 epoch 31 - iter 126/143 - loss 0.37780904
2019-06-21 05:38:08,363 epoch 31 - iter 140/143 - loss 0.38660910
2019-06-21 05:38:14,007 ----------------------------------------------------------------------------------------------------
2019-06-21 05:38:14,008 EPOCH 31 done: loss 0.3884 - lr 0.0125 - bad epochs 1
2019-06-21 05:41:39,809 TEST : loss 0.9263471364974976 - score 0.9136
2019-06-21 05:41:43,159 ----------------------------------------------------------------------------------------------------
2019-06-21 05:41:46,865 epoch 32 - iter 0/143 - loss 0.33140206
2019-06-21 05:43:00,837 epoch 32 - iter 14/143 - loss 0.39937021
2019-06-21 05:44:14,296 epoch 32 - iter 28/143 - loss 0.38997556
2019-06-21 05:45:16,401 epoch 32 - iter 42/143 - loss 0.40997740
2019-06-21 05:46:25,203 epoch 32 - iter 56/143 - loss 0.38583829
2019-06-21 05:47:39,028 epoch 32 - iter 70/143 - loss 0.39552690
2019-06-21 05:48:51,773 epoch 32 - iter 84/143 - loss 0.38253845
2019-06-21 05:49:57,957 epoch 32 - iter 98/143 - loss 0.38622174
2019-06-21 05:51:11,349 epoch 32 - iter 112/143 - loss 0.39085413
2019-06-21 05:52:20,688 epoch 32 - iter 126/143 - loss 0.39439020
2019-06-21 05:53:34,844 epoch 32 - iter 140/143 - loss 0.40027657
2019-06-21 05:53:40,476 ----------------------------------------------------------------------------------------------------
2019-06-21 05:53:40,477 EPOCH 32 done: loss 0.4003 - lr 0.0125 - bad epochs 2
2019-06-21 05:57:06,020 TEST : loss 0.9282408356666565 - score 0.9125
2019-06-21 05:57:09,360 ----------------------------------------------------------------------------------------------------
2019-06-21 05:57:14,256 epoch 33 - iter 0/143 - loss 0.33645439
2019-06-21 05:58:28,262 epoch 33 - iter 14/143 - loss 0.35672880
2019-06-21 05:59:35,967 epoch 33 - iter 28/143 - loss 0.33025994
2019-06-21 06:00:45,258 epoch 33 - iter 42/143 - loss 0.39636122
2019-06-21 06:01:56,775 epoch 33 - iter 56/143 - loss 0.40237789
2019-06-21 06:03:05,784 epoch 33 - iter 70/143 - loss 0.40430140
2019-06-21 06:04:05,884 epoch 33 - iter 84/143 - loss 0.39871912
2019-06-21 06:05:22,224 epoch 33 - iter 98/143 - loss 0.39448527
2019-06-21 06:06:42,444 epoch 33 - iter 112/143 - loss 0.39421170
2019-06-21 06:07:52,702 epoch 33 - iter 126/143 - loss 0.38876658
2019-06-21 06:09:05,019 epoch 33 - iter 140/143 - loss 0.37978854
2019-06-21 06:09:12,934 ----------------------------------------------------------------------------------------------------
2019-06-21 06:09:12,935 EPOCH 33 done: loss 0.3827 - lr 0.0125 - bad epochs 3
2019-06-21 06:12:38,902 TEST : loss 0.9244927763938904 - score 0.913
2019-06-21 06:12:42,360 ----------------------------------------------------------------------------------------------------
2019-06-21 06:12:48,298 epoch 34 - iter 0/143 - loss 0.54613423
2019-06-21 06:14:04,715 epoch 34 - iter 14/143 - loss 0.41386504
2019-06-21 06:15:06,126 epoch 34 - iter 28/143 - loss 0.38807961
2019-06-21 06:16:15,807 epoch 34 - iter 42/143 - loss 0.41726086
2019-06-21 06:17:28,423 epoch 34 - iter 56/143 - loss 0.42243108
2019-06-21 06:18:32,469 epoch 34 - iter 70/143 - loss 0.42141800
2019-06-21 06:19:36,456 epoch 34 - iter 84/143 - loss 0.41271635
2019-06-21 06:20:55,457 epoch 34 - iter 98/143 - loss 0.41997471
2019-06-21 06:21:58,886 epoch 34 - iter 112/143 - loss 0.40448366
2019-06-21 06:23:15,493 epoch 34 - iter 126/143 - loss 0.39155812
2019-06-21 06:24:21,832 epoch 34 - iter 140/143 - loss 0.38662938
2019-06-21 06:24:29,688 ----------------------------------------------------------------------------------------------------
2019-06-21 06:24:29,688 EPOCH 34 done: loss 0.3852 - lr 0.0063 - bad epochs 0
2019-06-21 06:27:55,804 TEST : loss 0.925759494304657 - score 0.9131
2019-06-21 06:27:59,157 ----------------------------------------------------------------------------------------------------
2019-06-21 06:28:05,204 epoch 35 - iter 0/143 - loss 0.76061821
2019-06-21 06:29:14,303 epoch 35 - iter 14/143 - loss 0.38605649
2019-06-21 06:30:34,250 epoch 35 - iter 28/143 - loss 0.38206880
2019-06-21 06:31:34,884 epoch 35 - iter 42/143 - loss 0.36406898
2019-06-21 06:32:39,072 epoch 35 - iter 56/143 - loss 0.34759372
2019-06-21 06:33:51,003 epoch 35 - iter 70/143 - loss 0.35618031
2019-06-21 06:35:06,393 epoch 35 - iter 84/143 - loss 0.38330793
2019-06-21 06:36:13,211 epoch 35 - iter 98/143 - loss 0.37693727
2019-06-21 06:37:29,190 epoch 35 - iter 112/143 - loss 0.37954855
2019-06-21 06:38:37,396 epoch 35 - iter 126/143 - loss 0.38949163
2019-06-21 06:39:48,195 epoch 35 - iter 140/143 - loss 0.38360752
2019-06-21 06:39:54,739 ----------------------------------------------------------------------------------------------------
2019-06-21 06:39:54,739 EPOCH 35 done: loss 0.3822 - lr 0.0063 - bad epochs 1
2019-06-21 06:43:20,537 TEST : loss 0.9300835728645325 - score 0.9127
2019-06-21 06:43:23,915 ----------------------------------------------------------------------------------------------------
2019-06-21 06:43:27,927 epoch 36 - iter 0/143 - loss 0.49096417
2019-06-21 06:44:37,113 epoch 36 - iter 14/143 - loss 0.32512116
2019-06-21 06:45:51,095 epoch 36 - iter 28/143 - loss 0.34782031
2019-06-21 06:46:49,537 epoch 36 - iter 42/143 - loss 0.34654247
2019-06-21 06:48:05,604 epoch 36 - iter 56/143 - loss 0.35683749
2019-06-21 06:49:15,865 epoch 36 - iter 70/143 - loss 0.36474500
2019-06-21 06:50:31,773 epoch 36 - iter 84/143 - loss 0.36699370
2019-06-21 06:51:32,736 epoch 36 - iter 98/143 - loss 0.35402096
2019-06-21 06:52:57,179 epoch 36 - iter 112/143 - loss 0.36764856
2019-06-21 06:53:57,898 epoch 36 - iter 126/143 - loss 0.37279135
2019-06-21 06:55:15,667 epoch 36 - iter 140/143 - loss 0.37011821
2019-06-21 06:55:20,829 ----------------------------------------------------------------------------------------------------
2019-06-21 06:55:20,829 EPOCH 36 done: loss 0.3700 - lr 0.0063 - bad epochs 2
2019-06-21 06:58:47,680 TEST : loss 0.9288899302482605 - score 0.9141
2019-06-21 06:58:51,079 ----------------------------------------------------------------------------------------------------
2019-06-21 06:58:55,023 epoch 37 - iter 0/143 - loss 0.45161557
2019-06-21 07:00:08,123 epoch 37 - iter 14/143 - loss 0.39159426
2019-06-21 07:01:18,809 epoch 37 - iter 28/143 - loss 0.42142636
2019-06-21 07:02:18,196 epoch 37 - iter 42/143 - loss 0.39298926
2019-06-21 07:03:25,346 epoch 37 - iter 56/143 - loss 0.40479838
2019-06-21 07:04:40,045 epoch 37 - iter 70/143 - loss 0.39204077
2019-06-21 07:05:48,007 epoch 37 - iter 84/143 - loss 0.39225956
2019-06-21 07:06:55,349 epoch 37 - iter 98/143 - loss 0.39741210
2019-06-21 07:08:00,196 epoch 37 - iter 112/143 - loss 0.39298869
2019-06-21 07:09:24,176 epoch 37 - iter 126/143 - loss 0.38690313
2019-06-21 07:10:37,047 epoch 37 - iter 140/143 - loss 0.39080675
2019-06-21 07:10:42,177 ----------------------------------------------------------------------------------------------------
2019-06-21 07:10:42,177 EPOCH 37 done: loss 0.3928 - lr 0.0063 - bad epochs 3
2019-06-21 07:14:10,790 TEST : loss 0.9307844042778015 - score 0.9135
2019-06-21 07:14:14,193 ----------------------------------------------------------------------------------------------------
2019-06-21 07:14:18,823 epoch 38 - iter 0/143 - loss 0.15594888
2019-06-21 07:15:26,919 epoch 38 - iter 14/143 - loss 0.28194938
2019-06-21 07:16:33,739 epoch 38 - iter 28/143 - loss 0.29926536
2019-06-21 07:17:42,456 epoch 38 - iter 42/143 - loss 0.34839688
2019-06-21 07:18:55,840 epoch 38 - iter 56/143 - loss 0.34363348
2019-06-21 07:20:06,493 epoch 38 - iter 70/143 - loss 0.35781973
2019-06-21 07:21:22,939 epoch 38 - iter 84/143 - loss 0.35361614
2019-06-21 07:22:34,008 epoch 38 - iter 98/143 - loss 0.35407384
2019-06-21 07:23:38,911 epoch 38 - iter 112/143 - loss 0.36491641
2019-06-21 07:24:44,374 epoch 38 - iter 126/143 - loss 0.36254860
2019-06-21 07:25:56,197 epoch 38 - iter 140/143 - loss 0.36196867
2019-06-21 07:26:03,373 ----------------------------------------------------------------------------------------------------
2019-06-21 07:26:03,374 EPOCH 38 done: loss 0.3658 - lr 0.0031 - bad epochs 0
2019-06-21 07:29:32,065 TEST : loss 0.930550217628479 - score 0.9138
2019-06-21 07:29:35,423 ----------------------------------------------------------------------------------------------------
2019-06-21 07:29:38,585 epoch 39 - iter 0/143 - loss 0.12469196
2019-06-21 07:30:53,413 epoch 39 - iter 14/143 - loss 0.36540535
2019-06-21 07:32:00,317 epoch 39 - iter 28/143 - loss 0.39954957
2019-06-21 07:33:11,088 epoch 39 - iter 42/143 - loss 0.36271295
2019-06-21 07:34:26,869 epoch 39 - iter 56/143 - loss 0.37809069
2019-06-21 07:35:35,980 epoch 39 - iter 70/143 - loss 0.37986181
2019-06-21 07:36:46,519 epoch 39 - iter 84/143 - loss 0.36996776
2019-06-21 07:37:53,534 epoch 39 - iter 98/143 - loss 0.37570830
2019-06-21 07:39:07,659 epoch 39 - iter 112/143 - loss 0.38042989
2019-06-21 07:40:16,059 epoch 39 - iter 126/143 - loss 0.38043156
2019-06-21 07:41:27,697 epoch 39 - iter 140/143 - loss 0.37969074
2019-06-21 07:41:35,760 ----------------------------------------------------------------------------------------------------
2019-06-21 07:41:35,760 EPOCH 39 done: loss 0.3807 - lr 0.0031 - bad epochs 1
2019-06-21 07:45:02,531 TEST : loss 0.9307687878608704 - score 0.9138
2019-06-21 07:45:05,884 ----------------------------------------------------------------------------------------------------
2019-06-21 07:45:11,233 epoch 40 - iter 0/143 - loss 0.42846584
2019-06-21 07:46:22,408 epoch 40 - iter 14/143 - loss 0.34821247
2019-06-21 07:47:37,318 epoch 40 - iter 28/143 - loss 0.29965734
2019-06-21 07:48:44,351 epoch 40 - iter 42/143 - loss 0.33372692
2019-06-21 07:49:55,495 epoch 40 - iter 56/143 - loss 0.34085719
2019-06-21 07:51:06,582 epoch 40 - iter 70/143 - loss 0.35318372
2019-06-21 07:52:17,978 epoch 40 - iter 84/143 - loss 0.37083563
2019-06-21 07:53:25,514 epoch 40 - iter 98/143 - loss 0.36273593
2019-06-21 07:54:33,827 epoch 40 - iter 112/143 - loss 0.35099860
2019-06-21 07:55:54,259 epoch 40 - iter 126/143 - loss 0.34625287
2019-06-21 07:56:58,959 epoch 40 - iter 140/143 - loss 0.34311084
2019-06-21 07:57:04,717 ----------------------------------------------------------------------------------------------------
2019-06-21 07:57:04,718 EPOCH 40 done: loss 0.3463 - lr 0.0031 - bad epochs 2
2019-06-21 08:00:32,593 TEST : loss 0.9328977465629578 - score 0.9133
2019-06-21 08:00:35,997 ----------------------------------------------------------------------------------------------------
2019-06-21 08:00:41,717 epoch 41 - iter 0/143 - loss 0.19845176
2019-06-21 08:01:49,449 epoch 41 - iter 14/143 - loss 0.27517979
2019-06-21 08:03:05,389 epoch 41 - iter 28/143 - loss 0.31567659
2019-06-21 08:04:09,039 epoch 41 - iter 42/143 - loss 0.33519337
2019-06-21 08:05:12,704 epoch 41 - iter 56/143 - loss 0.33069777
2019-06-21 08:06:32,076 epoch 41 - iter 70/143 - loss 0.34007189
2019-06-21 08:07:38,422 epoch 41 - iter 84/143 - loss 0.35087109
2019-06-21 08:08:46,949 epoch 41 - iter 98/143 - loss 0.36111684
2019-06-21 08:10:01,019 epoch 41 - iter 112/143 - loss 0.36475459
2019-06-21 08:11:05,790 epoch 41 - iter 126/143 - loss 0.36496350
2019-06-21 08:12:28,821 epoch 41 - iter 140/143 - loss 0.36766590
2019-06-21 08:12:34,024 ----------------------------------------------------------------------------------------------------
2019-06-21 08:12:34,024 EPOCH 41 done: loss 0.3671 - lr 0.0031 - bad epochs 0
2019-06-21 08:16:00,576 TEST : loss 0.9326759576797485 - score 0.9133
2019-06-21 08:16:03,996 ----------------------------------------------------------------------------------------------------
2019-06-21 08:16:10,728 epoch 42 - iter 0/143 - loss 0.36696815
2019-06-21 08:17:25,318 epoch 42 - iter 14/143 - loss 0.40933336
2019-06-21 08:18:30,518 epoch 42 - iter 28/143 - loss 0.39165792
2019-06-21 08:19:37,714 epoch 42 - iter 42/143 - loss 0.41185075
2019-06-21 08:20:43,002 epoch 42 - iter 56/143 - loss 0.39514545
2019-06-21 08:21:57,006 epoch 42 - iter 70/143 - loss 0.41535563
2019-06-21 08:23:11,955 epoch 42 - iter 84/143 - loss 0.40838739
2019-06-21 08:24:26,459 epoch 42 - iter 98/143 - loss 0.40602227
2019-06-21 08:25:37,351 epoch 42 - iter 112/143 - loss 0.40010681
2019-06-21 08:26:41,800 epoch 42 - iter 126/143 - loss 0.40177801
2019-06-21 08:27:54,836 epoch 42 - iter 140/143 - loss 0.40661342
2019-06-21 08:28:04,030 ----------------------------------------------------------------------------------------------------
2019-06-21 08:28:04,030 EPOCH 42 done: loss 0.4030 - lr 0.0031 - bad epochs 1
2019-06-21 08:31:31,065 TEST : loss 0.9354732632637024 - score 0.913
2019-06-21 08:31:34,469 ----------------------------------------------------------------------------------------------------
2019-06-21 08:31:39,806 epoch 43 - iter 0/143 - loss 0.32664680
2019-06-21 08:32:42,878 epoch 43 - iter 14/143 - loss 0.30925620
2019-06-21 08:33:55,940 epoch 43 - iter 28/143 - loss 0.31515457
2019-06-21 08:35:08,718 epoch 43 - iter 42/143 - loss 0.32806200
2019-06-21 08:36:18,670 epoch 43 - iter 56/143 - loss 0.35095974
2019-06-21 08:37:26,980 epoch 43 - iter 70/143 - loss 0.35094983
2019-06-21 08:38:36,190 epoch 43 - iter 84/143 - loss 0.33764667
2019-06-21 08:39:46,406 epoch 43 - iter 98/143 - loss 0.33712324
2019-06-21 08:40:47,859 epoch 43 - iter 112/143 - loss 0.36376466
2019-06-21 08:42:12,916 epoch 43 - iter 126/143 - loss 0.37081202
2019-06-21 08:43:17,928 epoch 43 - iter 140/143 - loss 0.37322864
2019-06-21 08:43:26,224 ----------------------------------------------------------------------------------------------------
2019-06-21 08:43:26,224 EPOCH 43 done: loss 0.3713 - lr 0.0031 - bad epochs 2
2019-06-21 08:46:54,984 TEST : loss 0.9354597926139832 - score 0.9138
2019-06-21 08:46:58,376 ----------------------------------------------------------------------------------------------------
2019-06-21 08:47:04,331 epoch 44 - iter 0/143 - loss 0.44906294
2019-06-21 08:48:09,650 epoch 44 - iter 14/143 - loss 0.29708351
2019-06-21 08:49:18,967 epoch 44 - iter 28/143 - loss 0.32158848
2019-06-21 08:50:37,776 epoch 44 - iter 42/143 - loss 0.32365421
2019-06-21 08:51:58,401 epoch 44 - iter 56/143 - loss 0.34231536
2019-06-21 08:53:08,487 epoch 44 - iter 70/143 - loss 0.33788820
2019-06-21 08:54:15,519 epoch 44 - iter 84/143 - loss 0.35192025
2019-06-21 08:55:20,824 epoch 44 - iter 98/143 - loss 0.35339741
2019-06-21 08:56:28,639 epoch 44 - iter 112/143 - loss 0.33864793
2019-06-21 08:57:36,964 epoch 44 - iter 126/143 - loss 0.32665304
2019-06-21 08:58:44,217 epoch 44 - iter 140/143 - loss 0.32666981
2019-06-21 08:58:52,284 ----------------------------------------------------------------------------------------------------
2019-06-21 08:58:52,284 EPOCH 44 done: loss 0.3289 - lr 0.0031 - bad epochs 3
2019-06-21 09:02:19,585 TEST : loss 0.9346558451652527 - score 0.9135
2019-06-21 09:02:22,964 ----------------------------------------------------------------------------------------------------
2019-06-21 09:02:27,264 epoch 45 - iter 0/143 - loss 0.19735289
2019-06-21 09:03:30,788 epoch 45 - iter 14/143 - loss 0.39071804
2019-06-21 09:04:43,303 epoch 45 - iter 28/143 - loss 0.40857508
2019-06-21 09:05:49,798 epoch 45 - iter 42/143 - loss 0.39926600
2019-06-21 09:07:11,085 epoch 45 - iter 56/143 - loss 0.38123594
2019-06-21 09:08:20,184 epoch 45 - iter 70/143 - loss 0.36980477
2019-06-21 09:09:34,848 epoch 45 - iter 84/143 - loss 0.37512147
2019-06-21 09:10:44,073 epoch 45 - iter 98/143 - loss 0.37729363
2019-06-21 09:11:51,281 epoch 45 - iter 112/143 - loss 0.37530656
2019-06-21 09:13:07,195 epoch 45 - iter 126/143 - loss 0.36852842
2019-06-21 09:14:20,163 epoch 45 - iter 140/143 - loss 0.37596723
2019-06-21 09:14:27,556 ----------------------------------------------------------------------------------------------------
2019-06-21 09:14:27,556 EPOCH 45 done: loss 0.3802 - lr 0.0031 - bad epochs 0
2019-06-21 09:17:55,009 TEST : loss 0.935757040977478 - score 0.9136
2019-06-21 09:17:58,366 ----------------------------------------------------------------------------------------------------
2019-06-21 09:18:01,981 epoch 46 - iter 0/143 - loss 0.08896589
2019-06-21 09:19:09,615 epoch 46 - iter 14/143 - loss 0.42600595
2019-06-21 09:20:30,510 epoch 46 - iter 28/143 - loss 0.34769139
2019-06-21 09:21:40,947 epoch 46 - iter 42/143 - loss 0.34548824
2019-06-21 09:22:47,133 epoch 46 - iter 56/143 - loss 0.36778344
2019-06-21 09:23:53,826 epoch 46 - iter 70/143 - loss 0.38254305
2019-06-21 09:25:07,242 epoch 46 - iter 84/143 - loss 0.39269959
2019-06-21 09:26:17,810 epoch 46 - iter 98/143 - loss 0.39407228
2019-06-21 09:27:21,713 epoch 46 - iter 112/143 - loss 0.38564269
2019-06-21 09:28:28,759 epoch 46 - iter 126/143 - loss 0.37862863
2019-06-21 09:29:46,230 epoch 46 - iter 140/143 - loss 0.38243187
2019-06-21 09:29:55,141 ----------------------------------------------------------------------------------------------------
2019-06-21 09:29:55,142 EPOCH 46 done: loss 0.3826 - lr 0.0031 - bad epochs 1
2019-06-21 09:33:21,913 TEST : loss 0.937932550907135 - score 0.9137
2019-06-21 09:33:25,263 ----------------------------------------------------------------------------------------------------
2019-06-21 09:33:31,179 epoch 47 - iter 0/143 - loss 0.20039177
2019-06-21 09:34:36,643 epoch 47 - iter 14/143 - loss 0.31447899
2019-06-21 09:35:45,216 epoch 47 - iter 28/143 - loss 0.34742909
2019-06-21 09:36:46,097 epoch 47 - iter 42/143 - loss 0.32789353
2019-06-21 09:37:51,141 epoch 47 - iter 56/143 - loss 0.33755954
2019-06-21 09:39:01,568 epoch 47 - iter 70/143 - loss 0.32398861
2019-06-21 09:40:22,002 epoch 47 - iter 84/143 - loss 0.34207114
2019-06-21 09:41:34,034 epoch 47 - iter 98/143 - loss 0.36245111
2019-06-21 09:42:49,073 epoch 47 - iter 112/143 - loss 0.37035398
2019-06-21 09:44:06,253 epoch 47 - iter 126/143 - loss 0.37346051
2019-06-21 09:45:17,120 epoch 47 - iter 140/143 - loss 0.37372659
2019-06-21 09:45:24,359 ----------------------------------------------------------------------------------------------------
2019-06-21 09:45:24,359 EPOCH 47 done: loss 0.3724 - lr 0.0031 - bad epochs 2
2019-06-21 09:48:50,657 TEST : loss 0.9360281229019165 - score 0.9141
2019-06-21 09:48:54,042 ----------------------------------------------------------------------------------------------------
2019-06-21 09:49:00,434 epoch 48 - iter 0/143 - loss 0.05713415
2019-06-21 09:50:15,789 epoch 48 - iter 14/143 - loss 0.35682470
2019-06-21 09:51:21,998 epoch 48 - iter 28/143 - loss 0.34431897
2019-06-21 09:52:36,556 epoch 48 - iter 42/143 - loss 0.37778393
2019-06-21 09:53:49,729 epoch 48 - iter 56/143 - loss 0.34290372
2019-06-21 09:54:59,309 epoch 48 - iter 70/143 - loss 0.35199802
2019-06-21 09:56:13,314 epoch 48 - iter 84/143 - loss 0.35209501
2019-06-21 09:57:31,502 epoch 48 - iter 98/143 - loss 0.34479934
2019-06-21 09:58:37,183 epoch 48 - iter 112/143 - loss 0.34324407
2019-06-21 09:59:42,608 epoch 48 - iter 126/143 - loss 0.33719502
2019-06-21 10:00:43,294 epoch 48 - iter 140/143 - loss 0.34033675
2019-06-21 10:00:51,716 ----------------------------------------------------------------------------------------------------
2019-06-21 10:00:51,716 EPOCH 48 done: loss 0.3433 - lr 0.0031 - bad epochs 3
2019-06-21 10:04:19,861 TEST : loss 0.9356881976127625 - score 0.9135
2019-06-21 10:04:23,268 ----------------------------------------------------------------------------------------------------
2019-06-21 10:04:27,564 epoch 49 - iter 0/143 - loss 0.48565543
2019-06-21 10:05:39,499 epoch 49 - iter 14/143 - loss 0.32909235
2019-06-21 10:06:47,130 epoch 49 - iter 28/143 - loss 0.33383632
2019-06-21 10:07:51,853 epoch 49 - iter 42/143 - loss 0.35488865
2019-06-21 10:09:03,531 epoch 49 - iter 56/143 - loss 0.37085677
2019-06-21 10:10:22,123 epoch 49 - iter 70/143 - loss 0.37820803
2019-06-21 10:11:35,062 epoch 49 - iter 84/143 - loss 0.36947458
2019-06-21 10:12:47,504 epoch 49 - iter 98/143 - loss 0.38546564
2019-06-21 10:13:59,632 epoch 49 - iter 112/143 - loss 0.38353677
2019-06-21 10:15:06,714 epoch 49 - iter 126/143 - loss 0.38036970
2019-06-21 10:16:17,206 epoch 49 - iter 140/143 - loss 0.37218385
2019-06-21 10:16:22,346 ----------------------------------------------------------------------------------------------------
2019-06-21 10:16:22,346 EPOCH 49 done: loss 0.3704 - lr 0.0016 - bad epochs 0
2019-06-21 10:19:51,102 TEST : loss 0.9364908337593079 - score 0.9135
2019-06-21 10:19:54,497 ----------------------------------------------------------------------------------------------------
2019-06-21 10:19:59,409 epoch 50 - iter 0/143 - loss 0.33978820
2019-06-21 10:21:11,297 epoch 50 - iter 14/143 - loss 0.38188603
2019-06-21 10:22:22,751 epoch 50 - iter 28/143 - loss 0.38169387
2019-06-21 10:23:29,013 epoch 50 - iter 42/143 - loss 0.39180986
2019-06-21 10:24:40,660 epoch 50 - iter 56/143 - loss 0.38377909
2019-06-21 10:25:43,780 epoch 50 - iter 70/143 - loss 0.38189646
2019-06-21 10:26:51,801 epoch 50 - iter 84/143 - loss 0.38327363
2019-06-21 10:28:00,424 epoch 50 - iter 98/143 - loss 0.38617790
2019-06-21 10:29:18,935 epoch 50 - iter 112/143 - loss 0.37608528
2019-06-21 10:30:35,829 epoch 50 - iter 126/143 - loss 0.37114256
2019-06-21 10:31:45,076 epoch 50 - iter 140/143 - loss 0.37343318
2019-06-21 10:31:50,631 ----------------------------------------------------------------------------------------------------
2019-06-21 10:31:50,631 EPOCH 50 done: loss 0.3744 - lr 0.0016 - bad epochs 1
2019-06-21 10:35:19,139 TEST : loss 0.9343493580818176 - score 0.9131
2019-06-21 10:35:22,530 ----------------------------------------------------------------------------------------------------
2019-06-21 10:35:27,130 epoch 51 - iter 0/143 - loss 0.84062624
2019-06-21 10:36:34,475 epoch 51 - iter 14/143 - loss 0.37789088
2019-06-21 10:37:50,605 epoch 51 - iter 28/143 - loss 0.37377768
2019-06-21 10:39:00,487 epoch 51 - iter 42/143 - loss 0.36887008
2019-06-21 10:40:20,615 epoch 51 - iter 56/143 - loss 0.36918536
2019-06-21 10:41:22,015 epoch 51 - iter 70/143 - loss 0.36865253
2019-06-21 10:42:32,448 epoch 51 - iter 84/143 - loss 0.35784171
2019-06-21 10:43:43,620 epoch 51 - iter 98/143 - loss 0.35534561
2019-06-21 10:44:57,692 epoch 51 - iter 112/143 - loss 0.36067077
2019-06-21 10:46:12,887 epoch 51 - iter 126/143 - loss 0.35632714
2019-06-21 10:47:19,636 epoch 51 - iter 140/143 - loss 0.35103378
2019-06-21 10:47:27,230 ----------------------------------------------------------------------------------------------------
2019-06-21 10:47:27,230 EPOCH 51 done: loss 0.3485 - lr 0.0016 - bad epochs 2
2019-06-21 10:50:54,257 TEST : loss 0.9347800016403198 - score 0.9131
2019-06-21 10:50:57,635 ----------------------------------------------------------------------------------------------------
2019-06-21 10:51:02,321 epoch 52 - iter 0/143 - loss 0.33380902
2019-06-21 10:52:21,485 epoch 52 - iter 14/143 - loss 0.40494864
2019-06-21 10:53:26,487 epoch 52 - iter 28/143 - loss 0.36347362
2019-06-21 10:54:42,139 epoch 52 - iter 42/143 - loss 0.37235056
2019-06-21 10:55:48,180 epoch 52 - iter 56/143 - loss 0.35695550
2019-06-21 10:56:58,966 epoch 52 - iter 70/143 - loss 0.35510880
2019-06-21 10:58:01,282 epoch 52 - iter 84/143 - loss 0.35289070
2019-06-21 10:59:02,215 epoch 52 - iter 98/143 - loss 0.36413227
2019-06-21 11:00:20,381 epoch 52 - iter 112/143 - loss 0.36645185
2019-06-21 11:01:34,023 epoch 52 - iter 126/143 - loss 0.36826576
2019-06-21 11:02:53,059 epoch 52 - iter 140/143 - loss 0.37656051
2019-06-21 11:03:02,270 ----------------------------------------------------------------------------------------------------
2019-06-21 11:03:02,270 EPOCH 52 done: loss 0.3798 - lr 0.0016 - bad epochs 3
2019-06-21 11:06:29,398 TEST : loss 0.9341172575950623 - score 0.9133
2019-06-21 11:06:32,736 ----------------------------------------------------------------------------------------------------
2019-06-21 11:06:36,548 epoch 53 - iter 0/143 - loss 0.85591507
2019-06-21 11:07:44,421 epoch 53 - iter 14/143 - loss 0.40947503
2019-06-21 11:08:55,157 epoch 53 - iter 28/143 - loss 0.33848306
2019-06-21 11:10:01,497 epoch 53 - iter 42/143 - loss 0.33945019
2019-06-21 11:11:04,759 epoch 53 - iter 56/143 - loss 0.33349096
2019-06-21 11:12:19,569 epoch 53 - iter 70/143 - loss 0.34632994
2019-06-21 11:13:29,191 epoch 53 - iter 84/143 - loss 0.34885089
2019-06-21 11:14:38,980 epoch 53 - iter 98/143 - loss 0.35134439
2019-06-21 11:15:49,108 epoch 53 - iter 112/143 - loss 0.35207947
2019-06-21 11:17:12,968 epoch 53 - iter 126/143 - loss 0.35629172
2019-06-21 11:18:28,709 epoch 53 - iter 140/143 - loss 0.35907923
2019-06-21 11:18:35,694 ----------------------------------------------------------------------------------------------------
2019-06-21 11:18:35,695 EPOCH 53 done: loss 0.3583 - lr 0.0008 - bad epochs 0
2019-06-21 11:22:03,542 TEST : loss 0.9338771104812622 - score 0.9131
2019-06-21 11:22:06,907 ----------------------------------------------------------------------------------------------------
2019-06-21 11:22:12,075 epoch 54 - iter 0/143 - loss 0.59349751
2019-06-21 11:23:16,039 epoch 54 - iter 14/143 - loss 0.43312788
2019-06-21 11:24:28,446 epoch 54 - iter 28/143 - loss 0.38582138
2019-06-21 11:25:35,172 epoch 54 - iter 42/143 - loss 0.35515002
2019-06-21 11:26:46,176 epoch 54 - iter 56/143 - loss 0.34592457
2019-06-21 11:27:53,430 epoch 54 - iter 70/143 - loss 0.36153298
2019-06-21 11:29:03,277 epoch 54 - iter 84/143 - loss 0.36801341
2019-06-21 11:30:14,265 epoch 54 - iter 98/143 - loss 0.37295339
2019-06-21 11:31:25,216 epoch 54 - iter 112/143 - loss 0.37296340
2019-06-21 11:32:43,447 epoch 54 - iter 126/143 - loss 0.37003251
2019-06-21 11:33:59,160 epoch 54 - iter 140/143 - loss 0.36892649
2019-06-21 11:34:05,927 ----------------------------------------------------------------------------------------------------
2019-06-21 11:34:05,927 EPOCH 54 done: loss 0.3689 - lr 0.0008 - bad epochs 1
2019-06-21 11:37:32,893 TEST : loss 0.9335134029388428 - score 0.913
2019-06-21 11:37:36,294 ----------------------------------------------------------------------------------------------------
2019-06-21 11:37:40,945 epoch 55 - iter 0/143 - loss 0.26374364
2019-06-21 11:39:00,260 epoch 55 - iter 14/143 - loss 0.28813597
2019-06-21 11:40:03,353 epoch 55 - iter 28/143 - loss 0.35479171
2019-06-21 11:41:22,991 epoch 55 - iter 42/143 - loss 0.35391002
2019-06-21 11:42:31,679 epoch 55 - iter 56/143 - loss 0.37043084
2019-06-21 11:43:44,098 epoch 55 - iter 70/143 - loss 0.39957028
2019-06-21 11:44:54,560 epoch 55 - iter 84/143 - loss 0.39793746
2019-06-21 11:45:58,944 epoch 55 - iter 98/143 - loss 0.39783588
2019-06-21 11:47:18,300 epoch 55 - iter 112/143 - loss 0.39277601
2019-06-21 11:48:32,309 epoch 55 - iter 126/143 - loss 0.39212945
2019-06-21 11:49:37,871 epoch 55 - iter 140/143 - loss 0.38946459
2019-06-21 11:49:45,819 ----------------------------------------------------------------------------------------------------
2019-06-21 11:49:45,819 EPOCH 55 done: loss 0.3909 - lr 0.0008 - bad epochs 2
2019-06-21 11:53:13,409 TEST : loss 0.9338371753692627 - score 0.9133
2019-06-21 11:53:16,807 ----------------------------------------------------------------------------------------------------
2019-06-21 11:53:21,442 epoch 56 - iter 0/143 - loss 0.19403100
2019-06-21 11:54:21,451 epoch 56 - iter 14/143 - loss 0.36960575
2019-06-21 11:55:28,675 epoch 56 - iter 28/143 - loss 0.35504691
2019-06-21 11:56:30,951 epoch 56 - iter 42/143 - loss 0.34238887
2019-06-21 11:57:57,709 epoch 56 - iter 56/143 - loss 0.34601939
2019-06-21 11:59:13,318 epoch 56 - iter 70/143 - loss 0.34837751
2019-06-21 12:00:26,646 epoch 56 - iter 84/143 - loss 0.35465238
2019-06-21 12:01:38,424 epoch 56 - iter 98/143 - loss 0.36689997
2019-06-21 12:02:44,639 epoch 56 - iter 112/143 - loss 0.38057897
2019-06-21 12:04:06,447 epoch 56 - iter 126/143 - loss 0.37372755
2019-06-21 12:05:09,782 epoch 56 - iter 140/143 - loss 0.37298515
2019-06-21 12:05:17,596 ----------------------------------------------------------------------------------------------------
2019-06-21 12:05:17,596 EPOCH 56 done: loss 0.3724 - lr 0.0008 - bad epochs 3
2019-06-21 12:08:46,454 TEST : loss 0.933527410030365 - score 0.9133
2019-06-21 12:08:50,160 ----------------------------------------------------------------------------------------------------
2019-06-21 12:08:54,748 epoch 57 - iter 0/143 - loss 0.22351456
2019-06-21 12:10:01,131 epoch 57 - iter 14/143 - loss 0.36899939
2019-06-21 12:11:10,266 epoch 57 - iter 28/143 - loss 0.32486711
2019-06-21 12:12:25,377 epoch 57 - iter 42/143 - loss 0.32550675
2019-06-21 12:13:30,607 epoch 57 - iter 56/143 - loss 0.30705427
2019-06-21 12:14:39,108 epoch 57 - iter 70/143 - loss 0.31717787
2019-06-21 12:15:50,384 epoch 57 - iter 84/143 - loss 0.34051751
2019-06-21 12:17:03,784 epoch 57 - iter 98/143 - loss 0.35228390
2019-06-21 12:18:18,555 epoch 57 - iter 112/143 - loss 0.35308767
2019-06-21 12:19:28,099 epoch 57 - iter 126/143 - loss 0.35500630
2019-06-21 12:20:36,538 epoch 57 - iter 140/143 - loss 0.36242930
2019-06-21 12:20:45,725 ----------------------------------------------------------------------------------------------------
2019-06-21 12:20:45,725 EPOCH 57 done: loss 0.3645 - lr 0.0004 - bad epochs 0
2019-06-21 12:24:14,767 TEST : loss 0.9339041113853455 - score 0.9133
2019-06-21 12:24:18,170 ----------------------------------------------------------------------------------------------------
2019-06-21 12:24:25,122 epoch 58 - iter 0/143 - loss 0.32763791
2019-06-21 12:25:38,491 epoch 58 - iter 14/143 - loss 0.51230463
2019-06-21 12:26:40,784 epoch 58 - iter 28/143 - loss 0.41378995
2019-06-21 12:27:56,269 epoch 58 - iter 42/143 - loss 0.40495027
2019-06-21 12:29:04,194 epoch 58 - iter 56/143 - loss 0.38986791
2019-06-21 12:30:13,297 epoch 58 - iter 70/143 - loss 0.38248384
2019-06-21 12:31:15,308 epoch 58 - iter 84/143 - loss 0.37386278
2019-06-21 12:32:17,837 epoch 58 - iter 98/143 - loss 0.36389337
2019-06-21 12:33:24,621 epoch 58 - iter 112/143 - loss 0.37002143
2019-06-21 12:34:46,394 epoch 58 - iter 126/143 - loss 0.37006279
2019-06-21 12:36:06,080 epoch 58 - iter 140/143 - loss 0.37485954
2019-06-21 12:36:17,030 ----------------------------------------------------------------------------------------------------
2019-06-21 12:36:17,030 EPOCH 58 done: loss 0.3792 - lr 0.0004 - bad epochs 1
2019-06-21 12:39:44,546 TEST : loss 0.9344634413719177 - score 0.9131
2019-06-21 12:39:47,900 ----------------------------------------------------------------------------------------------------
2019-06-21 12:39:56,065 epoch 59 - iter 0/143 - loss 0.34651279
2019-06-21 12:41:05,832 epoch 59 - iter 14/143 - loss 0.43305780
2019-06-21 12:42:15,064 epoch 59 - iter 28/143 - loss 0.42728545
2019-06-21 12:43:15,572 epoch 59 - iter 42/143 - loss 0.42028719
2019-06-21 12:44:22,167 epoch 59 - iter 56/143 - loss 0.37725815
2019-06-21 12:45:33,301 epoch 59 - iter 70/143 - loss 0.36463731
2019-06-21 12:46:54,011 epoch 59 - iter 84/143 - loss 0.37419002
2019-06-21 12:48:06,130 epoch 59 - iter 98/143 - loss 0.37180422
2019-06-21 12:49:24,473 epoch 59 - iter 112/143 - loss 0.35999934
2019-06-21 12:50:34,177 epoch 59 - iter 126/143 - loss 0.37151560
2019-06-21 12:51:43,262 epoch 59 - iter 140/143 - loss 0.37937102
2019-06-21 12:51:51,214 ----------------------------------------------------------------------------------------------------
2019-06-21 12:51:51,214 EPOCH 59 done: loss 0.3775 - lr 0.0004 - bad epochs 2
2019-06-21 12:55:18,047 TEST : loss 0.9337325692176819 - score 0.9133
2019-06-21 12:55:21,400 ----------------------------------------------------------------------------------------------------
2019-06-21 12:55:26,332 epoch 60 - iter 0/143 - loss 0.46798086
2019-06-21 12:56:33,954 epoch 60 - iter 14/143 - loss 0.36400137
2019-06-21 12:57:45,903 epoch 60 - iter 28/143 - loss 0.35989349
2019-06-21 12:59:06,071 epoch 60 - iter 42/143 - loss 0.34732285
2019-06-21 13:00:21,175 epoch 60 - iter 56/143 - loss 0.36605240
2019-06-21 13:01:25,974 epoch 60 - iter 70/143 - loss 0.35212893
2019-06-21 13:02:38,886 epoch 60 - iter 84/143 - loss 0.34866589
2019-06-21 13:03:53,248 epoch 60 - iter 98/143 - loss 0.35536147
2019-06-21 13:05:09,472 epoch 60 - iter 112/143 - loss 0.35063563
2019-06-21 13:06:14,751 epoch 60 - iter 126/143 - loss 0.34746654
2019-06-21 13:07:19,307 epoch 60 - iter 140/143 - loss 0.35473142
2019-06-21 13:07:27,209 ----------------------------------------------------------------------------------------------------
2019-06-21 13:07:27,210 EPOCH 60 done: loss 0.3558 - lr 0.0004 - bad epochs 3
2019-06-21 13:10:55,264 TEST : loss 0.9336146712303162 - score 0.9133
2019-06-21 13:10:58,646 ----------------------------------------------------------------------------------------------------
2019-06-21 13:11:02,511 epoch 61 - iter 0/143 - loss 0.05713499
2019-06-21 13:12:11,862 epoch 61 - iter 14/143 - loss 0.33288274
2019-06-21 13:13:22,241 epoch 61 - iter 28/143 - loss 0.38988578
2019-06-21 13:14:31,665 epoch 61 - iter 42/143 - loss 0.37913220
2019-06-21 13:15:38,098 epoch 61 - iter 56/143 - loss 0.37940936
2019-06-21 13:16:44,952 epoch 61 - iter 70/143 - loss 0.36362848
2019-06-21 13:17:57,779 epoch 61 - iter 84/143 - loss 0.37309431
2019-06-21 13:19:14,403 epoch 61 - iter 98/143 - loss 0.36906322
2019-06-21 13:20:23,862 epoch 61 - iter 112/143 - loss 0.36248861
2019-06-21 13:21:41,577 epoch 61 - iter 126/143 - loss 0.35253919
2019-06-21 13:22:43,511 epoch 61 - iter 140/143 - loss 0.34815155
2019-06-21 13:22:49,690 ----------------------------------------------------------------------------------------------------
2019-06-21 13:22:49,691 EPOCH 61 done: loss 0.3514 - lr 0.0002 - bad epochs 0
2019-06-21 13:26:17,219 TEST : loss 0.9335126876831055 - score 0.9133
2019-06-21 13:26:20,609 ----------------------------------------------------------------------------------------------------
2019-06-21 13:26:25,692 epoch 62 - iter 0/143 - loss 0.44312310
2019-06-21 13:27:32,104 epoch 62 - iter 14/143 - loss 0.29041107
2019-06-21 13:28:48,050 epoch 62 - iter 28/143 - loss 0.30768553
2019-06-21 13:29:59,982 epoch 62 - iter 42/143 - loss 0.35425282
2019-06-21 13:31:20,964 epoch 62 - iter 56/143 - loss 0.32615802
2019-06-21 13:32:28,994 epoch 62 - iter 70/143 - loss 0.32206877
2019-06-21 13:33:35,527 epoch 62 - iter 84/143 - loss 0.31570767
2019-06-21 13:34:49,227 epoch 62 - iter 98/143 - loss 0.32716318
2019-06-21 13:35:59,140 epoch 62 - iter 112/143 - loss 0.34173854
2019-06-21 13:37:04,496 epoch 62 - iter 126/143 - loss 0.33392370
2019-06-21 13:38:14,082 epoch 62 - iter 140/143 - loss 0.33678045
2019-06-21 13:38:18,497 ----------------------------------------------------------------------------------------------------
2019-06-21 13:38:18,497 EPOCH 62 done: loss 0.3352 - lr 0.0002 - bad epochs 1
2019-06-21 13:41:45,987 TEST : loss 0.9338276982307434 - score 0.9133
2019-06-21 13:41:49,392 ----------------------------------------------------------------------------------------------------
2019-06-21 13:41:53,235 epoch 63 - iter 0/143 - loss 0.35750198
2019-06-21 13:43:08,051 epoch 63 - iter 14/143 - loss 0.42381397
2019-06-21 13:44:13,823 epoch 63 - iter 28/143 - loss 0.35608576
2019-06-21 13:45:27,905 epoch 63 - iter 42/143 - loss 0.38670535
2019-06-21 13:46:39,949 epoch 63 - iter 56/143 - loss 0.40683473
2019-06-21 13:47:40,721 epoch 63 - iter 70/143 - loss 0.41369195
2019-06-21 13:48:54,326 epoch 63 - iter 84/143 - loss 0.39472861
2019-06-21 13:50:03,390 epoch 63 - iter 98/143 - loss 0.39454970
2019-06-21 13:51:14,718 epoch 63 - iter 112/143 - loss 0.41670273
2019-06-21 13:52:35,460 epoch 63 - iter 126/143 - loss 0.41590037
2019-06-21 13:53:42,801 epoch 63 - iter 140/143 - loss 0.40923870
2019-06-21 13:53:52,879 ----------------------------------------------------------------------------------------------------
2019-06-21 13:53:52,879 EPOCH 63 done: loss 0.4091 - lr 0.0002 - bad epochs 2
2019-06-21 13:57:20,444 TEST : loss 0.9334579706192017 - score 0.9133
2019-06-21 13:57:23,840 ----------------------------------------------------------------------------------------------------
2019-06-21 13:57:29,137 epoch 64 - iter 0/143 - loss 0.66216063
2019-06-21 13:58:52,712 epoch 64 - iter 14/143 - loss 0.45802254
2019-06-21 14:00:00,521 epoch 64 - iter 28/143 - loss 0.38250307
2019-06-21 14:01:02,638 epoch 64 - iter 42/143 - loss 0.37605539
2019-06-21 14:02:09,531 epoch 64 - iter 56/143 - loss 0.35692329
2019-06-21 14:03:18,912 epoch 64 - iter 70/143 - loss 0.35831997
2019-06-21 14:04:25,024 epoch 64 - iter 84/143 - loss 0.35591367
2019-06-21 14:05:35,684 epoch 64 - iter 98/143 - loss 0.37082906
2019-06-21 14:06:52,980 epoch 64 - iter 112/143 - loss 0.36833428
2019-06-21 14:07:56,999 epoch 64 - iter 126/143 - loss 0.36453525
2019-06-21 14:09:11,369 epoch 64 - iter 140/143 - loss 0.35891091
2019-06-21 14:09:19,076 ----------------------------------------------------------------------------------------------------
2019-06-21 14:09:19,076 EPOCH 64 done: loss 0.3576 - lr 0.0002 - bad epochs 3
2019-06-21 14:12:45,575 TEST : loss 0.9336451888084412 - score 0.9133
2019-06-21 14:12:48,975 ----------------------------------------------------------------------------------------------------
2019-06-21 14:12:48,975 ----------------------------------------------------------------------------------------------------
2019-06-21 14:12:48,975 learning rate too small - quitting training!
2019-06-21 14:12:48,975 ----------------------------------------------------------------------------------------------------
2019-06-21 14:12:51,541 ----------------------------------------------------------------------------------------------------
2019-06-21 14:12:51,541 Testing using best model ...
2019-06-21 14:16:17,900 0.9099	0.9167	0.9133
2019-06-21 14:16:17,900 
MICRO_AVG: acc 0.8405 - f1-score 0.9133
MACRO_AVG: acc 0.8405 - f1-score 0.9133
ITEM       tp: 2929 - fp: 290 - fn: 266 - tn: 2929 - precision: 0.9099 - recall: 0.9167 - accuracy: 0.8405 - f1-score: 0.9133
2019-06-21 14:16:17,900 ----------------------------------------------------------------------------------------------------
